<?xml version="1.0" encoding="UTF-8"?>
<testsuite name="ui_tests.AlexMed.RegistrationTests" tests="4" skipped="0" failures="4" errors="0" timestamp="2023-03-21T13:13:14" hostname="LAPTOP-LL83AM04" time="51.525">
  <properties/>
  <testcase name="registrationPositiveTest[0](UserModel(name=Aleksei1, email=aleksey2@mail.com, password=Zxcv1234!, confirmPassword=Zxcv1234!))" classname="ui_tests.AlexMed.RegistrationTests" time="5.457">
    <failure message="java.lang.AssertionError: expected [true] but found [false]" type="java.lang.AssertionError">java.lang.AssertionError: expected [true] but found [false]
	at org.testng.Assert.fail(Assert.java:99)
	at org.testng.Assert.failNotEquals(Assert.java:1037)
	at org.testng.Assert.assertTrue(Assert.java:45)
	at org.testng.Assert.assertTrue(Assert.java:55)
	at ui_tests.AlexMed.RegistrationTests.registrationPositiveTest(RegistrationTests.java:21)
	at sun.reflect.NativeMethodAccessorImpl.invoke0(Native Method)
	at sun.reflect.NativeMethodAccessorImpl.invoke(NativeMethodAccessorImpl.java:62)
	at sun.reflect.DelegatingMethodAccessorImpl.invoke(DelegatingMethodAccessorImpl.java:43)
	at java.lang.reflect.Method.invoke(Method.java:498)
	at org.testng.internal.MethodInvocationHelper.invokeMethod(MethodInvocationHelper.java:133)
	at org.testng.internal.TestInvoker.invokeMethod(TestInvoker.java:598)
	at org.testng.internal.TestInvoker.invokeTestMethod(TestInvoker.java:173)
	at org.testng.internal.MethodRunner.runInSequence(MethodRunner.java:46)
	at org.testng.internal.TestInvoker$MethodInvocationAgent.invoke(TestInvoker.java:824)
	at org.testng.internal.TestInvoker.invokeTestMethods(TestInvoker.java:146)
	at org.testng.internal.TestMethodWorker.invokeTestMethods(TestMethodWorker.java:146)
	at org.testng.internal.TestMethodWorker.run(TestMethodWorker.java:128)
	at java.util.ArrayList.forEach(ArrayList.java:1259)
	at org.testng.TestRunner.privateRun(TestRunner.java:794)
	at org.testng.TestRunner.run(TestRunner.java:596)
	at org.testng.SuiteRunner.runTest(SuiteRunner.java:377)
	at org.testng.SuiteRunner.runSequentially(SuiteRunner.java:371)
	at org.testng.SuiteRunner.privateRun(SuiteRunner.java:332)
	at org.testng.SuiteRunner.run(SuiteRunner.java:276)
	at org.testng.SuiteRunnerWorker.runSuite(SuiteRunnerWorker.java:53)
	at org.testng.SuiteRunnerWorker.run(SuiteRunnerWorker.java:96)
	at org.testng.TestNG.runSuitesSequentially(TestNG.java:1212)
	at org.testng.TestNG.runSuitesLocally(TestNG.java:1134)
	at org.testng.TestNG.runSuites(TestNG.java:1063)
	at org.testng.TestNG.run(TestNG.java:1031)
	at org.gradle.api.internal.tasks.testing.testng.TestNGTestClassProcessor.runTests(TestNGTestClassProcessor.java:141)
	at org.gradle.api.internal.tasks.testing.testng.TestNGTestClassProcessor.stop(TestNGTestClassProcessor.java:90)
	at org.gradle.api.internal.tasks.testing.SuiteTestClassProcessor.stop(SuiteTestClassProcessor.java:61)
	at sun.reflect.NativeMethodAccessorImpl.invoke0(Native Method)
	at sun.reflect.NativeMethodAccessorImpl.invoke(NativeMethodAccessorImpl.java:62)
	at sun.reflect.DelegatingMethodAccessorImpl.invoke(DelegatingMethodAccessorImpl.java:43)
	at java.lang.reflect.Method.invoke(Method.java:498)
	at org.gradle.internal.dispatch.ReflectionDispatch.dispatch(ReflectionDispatch.java:36)
	at org.gradle.internal.dispatch.ReflectionDispatch.dispatch(ReflectionDispatch.java:24)
	at org.gradle.internal.dispatch.ContextClassLoaderDispatch.dispatch(ContextClassLoaderDispatch.java:33)
	at org.gradle.internal.dispatch.ProxyDispatchAdapter$DispatchingInvocationHandler.invoke(ProxyDispatchAdapter.java:94)
	at com.sun.proxy.$Proxy2.stop(Unknown Source)
	at org.gradle.api.internal.tasks.testing.worker.TestWorker$3.run(TestWorker.java:193)
	at org.gradle.api.internal.tasks.testing.worker.TestWorker.executeAndMaintainThreadName(TestWorker.java:129)
	at org.gradle.api.internal.tasks.testing.worker.TestWorker.execute(TestWorker.java:100)
	at org.gradle.api.internal.tasks.testing.worker.TestWorker.execute(TestWorker.java:60)
	at org.gradle.process.internal.worker.child.ActionExecutionWorker.execute(ActionExecutionWorker.java:56)
	at org.gradle.process.internal.worker.child.SystemApplicationClassLoaderWorker.call(SystemApplicationClassLoaderWorker.java:133)
	at org.gradle.process.internal.worker.child.SystemApplicationClassLoaderWorker.call(SystemApplicationClassLoaderWorker.java:71)
	at worker.org.gradle.process.internal.worker.GradleWorkerMain.run(GradleWorkerMain.java:69)
	at worker.org.gradle.process.internal.worker.GradleWorkerMain.main(GradleWorkerMain.java:74)
</failure>
  </testcase>
  <testcase name="registrationPositiveTest[1](UserModel(name=Svetlana1, email=svetlana2@mail.com, password=Asdfg1234_, confirmPassword=Asdfg1234_))" classname="ui_tests.AlexMed.RegistrationTests" time="5.444">
    <failure message="java.lang.AssertionError: expected [true] but found [false]" type="java.lang.AssertionError">java.lang.AssertionError: expected [true] but found [false]
	at org.testng.Assert.fail(Assert.java:99)
	at org.testng.Assert.failNotEquals(Assert.java:1037)
	at org.testng.Assert.assertTrue(Assert.java:45)
	at org.testng.Assert.assertTrue(Assert.java:55)
	at ui_tests.AlexMed.RegistrationTests.registrationPositiveTest(RegistrationTests.java:21)
	at sun.reflect.NativeMethodAccessorImpl.invoke0(Native Method)
	at sun.reflect.NativeMethodAccessorImpl.invoke(NativeMethodAccessorImpl.java:62)
	at sun.reflect.DelegatingMethodAccessorImpl.invoke(DelegatingMethodAccessorImpl.java:43)
	at java.lang.reflect.Method.invoke(Method.java:498)
	at org.testng.internal.MethodInvocationHelper.invokeMethod(MethodInvocationHelper.java:133)
	at org.testng.internal.TestInvoker.invokeMethod(TestInvoker.java:598)
	at org.testng.internal.TestInvoker.invokeTestMethod(TestInvoker.java:173)
	at org.testng.internal.MethodRunner.runInSequence(MethodRunner.java:46)
	at org.testng.internal.TestInvoker$MethodInvocationAgent.invoke(TestInvoker.java:824)
	at org.testng.internal.TestInvoker.invokeTestMethods(TestInvoker.java:146)
	at org.testng.internal.TestMethodWorker.invokeTestMethods(TestMethodWorker.java:146)
	at org.testng.internal.TestMethodWorker.run(TestMethodWorker.java:128)
	at java.util.ArrayList.forEach(ArrayList.java:1259)
	at org.testng.TestRunner.privateRun(TestRunner.java:794)
	at org.testng.TestRunner.run(TestRunner.java:596)
	at org.testng.SuiteRunner.runTest(SuiteRunner.java:377)
	at org.testng.SuiteRunner.runSequentially(SuiteRunner.java:371)
	at org.testng.SuiteRunner.privateRun(SuiteRunner.java:332)
	at org.testng.SuiteRunner.run(SuiteRunner.java:276)
	at org.testng.SuiteRunnerWorker.runSuite(SuiteRunnerWorker.java:53)
	at org.testng.SuiteRunnerWorker.run(SuiteRunnerWorker.java:96)
	at org.testng.TestNG.runSuitesSequentially(TestNG.java:1212)
	at org.testng.TestNG.runSuitesLocally(TestNG.java:1134)
	at org.testng.TestNG.runSuites(TestNG.java:1063)
	at org.testng.TestNG.run(TestNG.java:1031)
	at org.gradle.api.internal.tasks.testing.testng.TestNGTestClassProcessor.runTests(TestNGTestClassProcessor.java:141)
	at org.gradle.api.internal.tasks.testing.testng.TestNGTestClassProcessor.stop(TestNGTestClassProcessor.java:90)
	at org.gradle.api.internal.tasks.testing.SuiteTestClassProcessor.stop(SuiteTestClassProcessor.java:61)
	at sun.reflect.NativeMethodAccessorImpl.invoke0(Native Method)
	at sun.reflect.NativeMethodAccessorImpl.invoke(NativeMethodAccessorImpl.java:62)
	at sun.reflect.DelegatingMethodAccessorImpl.invoke(DelegatingMethodAccessorImpl.java:43)
	at java.lang.reflect.Method.invoke(Method.java:498)
	at org.gradle.internal.dispatch.ReflectionDispatch.dispatch(ReflectionDispatch.java:36)
	at org.gradle.internal.dispatch.ReflectionDispatch.dispatch(ReflectionDispatch.java:24)
	at org.gradle.internal.dispatch.ContextClassLoaderDispatch.dispatch(ContextClassLoaderDispatch.java:33)
	at org.gradle.internal.dispatch.ProxyDispatchAdapter$DispatchingInvocationHandler.invoke(ProxyDispatchAdapter.java:94)
	at com.sun.proxy.$Proxy2.stop(Unknown Source)
	at org.gradle.api.internal.tasks.testing.worker.TestWorker$3.run(TestWorker.java:193)
	at org.gradle.api.internal.tasks.testing.worker.TestWorker.executeAndMaintainThreadName(TestWorker.java:129)
	at org.gradle.api.internal.tasks.testing.worker.TestWorker.execute(TestWorker.java:100)
	at org.gradle.api.internal.tasks.testing.worker.TestWorker.execute(TestWorker.java:60)
	at org.gradle.process.internal.worker.child.ActionExecutionWorker.execute(ActionExecutionWorker.java:56)
	at org.gradle.process.internal.worker.child.SystemApplicationClassLoaderWorker.call(SystemApplicationClassLoaderWorker.java:133)
	at org.gradle.process.internal.worker.child.SystemApplicationClassLoaderWorker.call(SystemApplicationClassLoaderWorker.java:71)
	at worker.org.gradle.process.internal.worker.GradleWorkerMain.run(GradleWorkerMain.java:69)
	at worker.org.gradle.process.internal.worker.GradleWorkerMain.main(GradleWorkerMain.java:74)
</failure>
  </testcase>
  <testcase name="registrationPositiveTest[2](UserModel(name=Fill1, email=fill2@mail.com, password=Pass1111$, confirmPassword=Pass1111$))" classname="ui_tests.AlexMed.RegistrationTests" time="5.421">
    <failure message="java.lang.AssertionError: expected [true] but found [false]" type="java.lang.AssertionError">java.lang.AssertionError: expected [true] but found [false]
	at org.testng.Assert.fail(Assert.java:99)
	at org.testng.Assert.failNotEquals(Assert.java:1037)
	at org.testng.Assert.assertTrue(Assert.java:45)
	at org.testng.Assert.assertTrue(Assert.java:55)
	at ui_tests.AlexMed.RegistrationTests.registrationPositiveTest(RegistrationTests.java:21)
	at sun.reflect.NativeMethodAccessorImpl.invoke0(Native Method)
	at sun.reflect.NativeMethodAccessorImpl.invoke(NativeMethodAccessorImpl.java:62)
	at sun.reflect.DelegatingMethodAccessorImpl.invoke(DelegatingMethodAccessorImpl.java:43)
	at java.lang.reflect.Method.invoke(Method.java:498)
	at org.testng.internal.MethodInvocationHelper.invokeMethod(MethodInvocationHelper.java:133)
	at org.testng.internal.TestInvoker.invokeMethod(TestInvoker.java:598)
	at org.testng.internal.TestInvoker.invokeTestMethod(TestInvoker.java:173)
	at org.testng.internal.MethodRunner.runInSequence(MethodRunner.java:46)
	at org.testng.internal.TestInvoker$MethodInvocationAgent.invoke(TestInvoker.java:824)
	at org.testng.internal.TestInvoker.invokeTestMethods(TestInvoker.java:146)
	at org.testng.internal.TestMethodWorker.invokeTestMethods(TestMethodWorker.java:146)
	at org.testng.internal.TestMethodWorker.run(TestMethodWorker.java:128)
	at java.util.ArrayList.forEach(ArrayList.java:1259)
	at org.testng.TestRunner.privateRun(TestRunner.java:794)
	at org.testng.TestRunner.run(TestRunner.java:596)
	at org.testng.SuiteRunner.runTest(SuiteRunner.java:377)
	at org.testng.SuiteRunner.runSequentially(SuiteRunner.java:371)
	at org.testng.SuiteRunner.privateRun(SuiteRunner.java:332)
	at org.testng.SuiteRunner.run(SuiteRunner.java:276)
	at org.testng.SuiteRunnerWorker.runSuite(SuiteRunnerWorker.java:53)
	at org.testng.SuiteRunnerWorker.run(SuiteRunnerWorker.java:96)
	at org.testng.TestNG.runSuitesSequentially(TestNG.java:1212)
	at org.testng.TestNG.runSuitesLocally(TestNG.java:1134)
	at org.testng.TestNG.runSuites(TestNG.java:1063)
	at org.testng.TestNG.run(TestNG.java:1031)
	at org.gradle.api.internal.tasks.testing.testng.TestNGTestClassProcessor.runTests(TestNGTestClassProcessor.java:141)
	at org.gradle.api.internal.tasks.testing.testng.TestNGTestClassProcessor.stop(TestNGTestClassProcessor.java:90)
	at org.gradle.api.internal.tasks.testing.SuiteTestClassProcessor.stop(SuiteTestClassProcessor.java:61)
	at sun.reflect.NativeMethodAccessorImpl.invoke0(Native Method)
	at sun.reflect.NativeMethodAccessorImpl.invoke(NativeMethodAccessorImpl.java:62)
	at sun.reflect.DelegatingMethodAccessorImpl.invoke(DelegatingMethodAccessorImpl.java:43)
	at java.lang.reflect.Method.invoke(Method.java:498)
	at org.gradle.internal.dispatch.ReflectionDispatch.dispatch(ReflectionDispatch.java:36)
	at org.gradle.internal.dispatch.ReflectionDispatch.dispatch(ReflectionDispatch.java:24)
	at org.gradle.internal.dispatch.ContextClassLoaderDispatch.dispatch(ContextClassLoaderDispatch.java:33)
	at org.gradle.internal.dispatch.ProxyDispatchAdapter$DispatchingInvocationHandler.invoke(ProxyDispatchAdapter.java:94)
	at com.sun.proxy.$Proxy2.stop(Unknown Source)
	at org.gradle.api.internal.tasks.testing.worker.TestWorker$3.run(TestWorker.java:193)
	at org.gradle.api.internal.tasks.testing.worker.TestWorker.executeAndMaintainThreadName(TestWorker.java:129)
	at org.gradle.api.internal.tasks.testing.worker.TestWorker.execute(TestWorker.java:100)
	at org.gradle.api.internal.tasks.testing.worker.TestWorker.execute(TestWorker.java:60)
	at org.gradle.process.internal.worker.child.ActionExecutionWorker.execute(ActionExecutionWorker.java:56)
	at org.gradle.process.internal.worker.child.SystemApplicationClassLoaderWorker.call(SystemApplicationClassLoaderWorker.java:133)
	at org.gradle.process.internal.worker.child.SystemApplicationClassLoaderWorker.call(SystemApplicationClassLoaderWorker.java:71)
	at worker.org.gradle.process.internal.worker.GradleWorkerMain.run(GradleWorkerMain.java:69)
	at worker.org.gradle.process.internal.worker.GradleWorkerMain.main(GradleWorkerMain.java:74)
</failure>
  </testcase>
  <testcase name="registrationPositiveTest[3](UserModel(name=Bob1, email=bob2@mail.com, password=332211Pq!, confirmPassword=332211Pq!))" classname="ui_tests.AlexMed.RegistrationTests" time="5.47">
    <failure message="java.lang.AssertionError: expected [true] but found [false]" type="java.lang.AssertionError">java.lang.AssertionError: expected [true] but found [false]
	at org.testng.Assert.fail(Assert.java:99)
	at org.testng.Assert.failNotEquals(Assert.java:1037)
	at org.testng.Assert.assertTrue(Assert.java:45)
	at org.testng.Assert.assertTrue(Assert.java:55)
	at ui_tests.AlexMed.RegistrationTests.registrationPositiveTest(RegistrationTests.java:21)
	at sun.reflect.NativeMethodAccessorImpl.invoke0(Native Method)
	at sun.reflect.NativeMethodAccessorImpl.invoke(NativeMethodAccessorImpl.java:62)
	at sun.reflect.DelegatingMethodAccessorImpl.invoke(DelegatingMethodAccessorImpl.java:43)
	at java.lang.reflect.Method.invoke(Method.java:498)
	at org.testng.internal.MethodInvocationHelper.invokeMethod(MethodInvocationHelper.java:133)
	at org.testng.internal.TestInvoker.invokeMethod(TestInvoker.java:598)
	at org.testng.internal.TestInvoker.invokeTestMethod(TestInvoker.java:173)
	at org.testng.internal.MethodRunner.runInSequence(MethodRunner.java:46)
	at org.testng.internal.TestInvoker$MethodInvocationAgent.invoke(TestInvoker.java:824)
	at org.testng.internal.TestInvoker.invokeTestMethods(TestInvoker.java:146)
	at org.testng.internal.TestMethodWorker.invokeTestMethods(TestMethodWorker.java:146)
	at org.testng.internal.TestMethodWorker.run(TestMethodWorker.java:128)
	at java.util.ArrayList.forEach(ArrayList.java:1259)
	at org.testng.TestRunner.privateRun(TestRunner.java:794)
	at org.testng.TestRunner.run(TestRunner.java:596)
	at org.testng.SuiteRunner.runTest(SuiteRunner.java:377)
	at org.testng.SuiteRunner.runSequentially(SuiteRunner.java:371)
	at org.testng.SuiteRunner.privateRun(SuiteRunner.java:332)
	at org.testng.SuiteRunner.run(SuiteRunner.java:276)
	at org.testng.SuiteRunnerWorker.runSuite(SuiteRunnerWorker.java:53)
	at org.testng.SuiteRunnerWorker.run(SuiteRunnerWorker.java:96)
	at org.testng.TestNG.runSuitesSequentially(TestNG.java:1212)
	at org.testng.TestNG.runSuitesLocally(TestNG.java:1134)
	at org.testng.TestNG.runSuites(TestNG.java:1063)
	at org.testng.TestNG.run(TestNG.java:1031)
	at org.gradle.api.internal.tasks.testing.testng.TestNGTestClassProcessor.runTests(TestNGTestClassProcessor.java:141)
	at org.gradle.api.internal.tasks.testing.testng.TestNGTestClassProcessor.stop(TestNGTestClassProcessor.java:90)
	at org.gradle.api.internal.tasks.testing.SuiteTestClassProcessor.stop(SuiteTestClassProcessor.java:61)
	at sun.reflect.NativeMethodAccessorImpl.invoke0(Native Method)
	at sun.reflect.NativeMethodAccessorImpl.invoke(NativeMethodAccessorImpl.java:62)
	at sun.reflect.DelegatingMethodAccessorImpl.invoke(DelegatingMethodAccessorImpl.java:43)
	at java.lang.reflect.Method.invoke(Method.java:498)
	at org.gradle.internal.dispatch.ReflectionDispatch.dispatch(ReflectionDispatch.java:36)
	at org.gradle.internal.dispatch.ReflectionDispatch.dispatch(ReflectionDispatch.java:24)
	at org.gradle.internal.dispatch.ContextClassLoaderDispatch.dispatch(ContextClassLoaderDispatch.java:33)
	at org.gradle.internal.dispatch.ProxyDispatchAdapter$DispatchingInvocationHandler.invoke(ProxyDispatchAdapter.java:94)
	at com.sun.proxy.$Proxy2.stop(Unknown Source)
	at org.gradle.api.internal.tasks.testing.worker.TestWorker$3.run(TestWorker.java:193)
	at org.gradle.api.internal.tasks.testing.worker.TestWorker.executeAndMaintainThreadName(TestWorker.java:129)
	at org.gradle.api.internal.tasks.testing.worker.TestWorker.execute(TestWorker.java:100)
	at org.gradle.api.internal.tasks.testing.worker.TestWorker.execute(TestWorker.java:60)
	at org.gradle.process.internal.worker.child.ActionExecutionWorker.execute(ActionExecutionWorker.java:56)
	at org.gradle.process.internal.worker.child.SystemApplicationClassLoaderWorker.call(SystemApplicationClassLoaderWorker.java:133)
	at org.gradle.process.internal.worker.child.SystemApplicationClassLoaderWorker.call(SystemApplicationClassLoaderWorker.java:71)
	at worker.org.gradle.process.internal.worker.GradleWorkerMain.run(GradleWorkerMain.java:69)
	at worker.org.gradle.process.internal.worker.GradleWorkerMain.main(GradleWorkerMain.java:74)
</failure>
  </testcase>
  <system-out><![CDATA[15:13:06.926 [Test worker] DEBUG i.n.u.i.l.InternalLoggerFactory - Using SLF4J as the default logging framework
15:13:06.936 [Test worker] DEBUG io.netty.util.ResourceLeakDetector - -Dio.netty.leakDetection.level: simple
15:13:06.937 [Test worker] DEBUG io.netty.util.ResourceLeakDetector - -Dio.netty.leakDetection.targetRecords: 4
15:13:06.945 [Test worker] DEBUG i.n.util.ResourceLeakDetectorFactory - Loaded default ResourceLeakDetector: io.netty.util.ResourceLeakDetector@34bde49d
15:13:06.982 [Test worker] DEBUG i.n.util.internal.PlatformDependent0 - -Dio.netty.noUnsafe: false
15:13:06.983 [Test worker] DEBUG i.n.util.internal.PlatformDependent0 - Java version: 8
15:13:06.985 [Test worker] DEBUG i.n.util.internal.PlatformDependent0 - sun.misc.Unsafe.theUnsafe: available
15:13:06.987 [Test worker] DEBUG i.n.util.internal.PlatformDependent0 - sun.misc.Unsafe.copyMemory: available
15:13:06.988 [Test worker] DEBUG i.n.util.internal.PlatformDependent0 - sun.misc.Unsafe.storeFence: available
15:13:06.990 [Test worker] DEBUG i.n.util.internal.PlatformDependent0 - java.nio.Buffer.address: available
15:13:06.991 [Test worker] DEBUG i.n.util.internal.PlatformDependent0 - direct buffer constructor: available
15:13:06.993 [Test worker] DEBUG i.n.util.internal.PlatformDependent0 - java.nio.Bits.unaligned: available, true
15:13:06.993 [Test worker] DEBUG i.n.util.internal.PlatformDependent0 - jdk.internal.misc.Unsafe.allocateUninitializedArray(int): unavailable prior to Java9
15:13:06.994 [Test worker] DEBUG i.n.util.internal.PlatformDependent0 - java.nio.DirectByteBuffer.<init>(long, int): available
15:13:06.994 [Test worker] DEBUG i.n.util.internal.PlatformDependent - sun.misc.Unsafe: available
15:13:06.995 [Test worker] DEBUG i.n.util.internal.PlatformDependent - -Dio.netty.tmpdir: C:\Users\User\AppData\Local\Temp (java.io.tmpdir)
15:13:06.996 [Test worker] DEBUG i.n.util.internal.PlatformDependent - -Dio.netty.bitMode: 64 (sun.arch.data.model)
15:13:06.997 [Test worker] DEBUG i.n.util.internal.PlatformDependent - Platform: Windows
15:13:06.999 [Test worker] DEBUG i.n.util.internal.PlatformDependent - -Dio.netty.maxDirectMemory: 477626368 bytes
15:13:06.999 [Test worker] DEBUG i.n.util.internal.PlatformDependent - -Dio.netty.uninitializedArrayAllocationThreshold: -1
15:13:07.002 [Test worker] DEBUG io.netty.util.internal.CleanerJava6 - java.nio.ByteBuffer.cleaner(): available
15:13:07.002 [Test worker] DEBUG i.n.util.internal.PlatformDependent - -Dio.netty.noPreferDirect: false
15:13:07.019 [Test worker] DEBUG i.n.util.internal.PlatformDependent - org.jctools-core.MpscChunkedArrayQueue: available
15:13:07.061 [Test worker] DEBUG i.n.u.i.InternalThreadLocalMap - -Dio.netty.threadLocalMap.stringBuilder.initialSize: 1024
15:13:07.062 [Test worker] DEBUG i.n.u.i.InternalThreadLocalMap - -Dio.netty.threadLocalMap.stringBuilder.maxSize: 4096
15:13:07.602 [Test worker] DEBUG io.netty.handler.ssl.JdkSslContext - Default protocols (JDK): [TLSv1.2] 
15:13:07.602 [Test worker] DEBUG io.netty.handler.ssl.JdkSslContext - Default cipher suites (JDK): [TLS_ECDHE_ECDSA_WITH_AES_256_GCM_SHA384, TLS_ECDHE_ECDSA_WITH_AES_128_GCM_SHA256, TLS_ECDHE_RSA_WITH_AES_128_GCM_SHA256, TLS_ECDHE_RSA_WITH_AES_256_GCM_SHA384, TLS_ECDHE_RSA_WITH_AES_128_CBC_SHA, TLS_ECDHE_RSA_WITH_AES_256_CBC_SHA, TLS_RSA_WITH_AES_128_GCM_SHA256, TLS_RSA_WITH_AES_128_CBC_SHA, TLS_RSA_WITH_AES_256_CBC_SHA, TLS_AES_128_GCM_SHA256, TLS_AES_256_GCM_SHA384]
15:13:07.648 [Test worker] DEBUG i.n.c.MultithreadEventLoopGroup - -Dio.netty.eventLoopThreads: 8
15:13:07.662 [Test worker] DEBUG io.netty.channel.nio.NioEventLoop - -Dio.netty.noKeySetOptimization: false
15:13:07.662 [Test worker] DEBUG io.netty.channel.nio.NioEventLoop - -Dio.netty.selectorAutoRebuildThreshold: 512
15:13:07.714 [Test worker] DEBUG i.n.buffer.PooledByteBufAllocator - -Dio.netty.allocator.numHeapArenas: 8
15:13:07.714 [Test worker] DEBUG i.n.buffer.PooledByteBufAllocator - -Dio.netty.allocator.numDirectArenas: 8
15:13:07.714 [Test worker] DEBUG i.n.buffer.PooledByteBufAllocator - -Dio.netty.allocator.pageSize: 8192
15:13:07.715 [Test worker] DEBUG i.n.buffer.PooledByteBufAllocator - -Dio.netty.allocator.maxOrder: 9
15:13:07.715 [Test worker] DEBUG i.n.buffer.PooledByteBufAllocator - -Dio.netty.allocator.chunkSize: 4194304
15:13:07.715 [Test worker] DEBUG i.n.buffer.PooledByteBufAllocator - -Dio.netty.allocator.smallCacheSize: 256
15:13:07.716 [Test worker] DEBUG i.n.buffer.PooledByteBufAllocator - -Dio.netty.allocator.normalCacheSize: 64
15:13:07.716 [Test worker] DEBUG i.n.buffer.PooledByteBufAllocator - -Dio.netty.allocator.maxCachedBufferCapacity: 32768
15:13:07.716 [Test worker] DEBUG i.n.buffer.PooledByteBufAllocator - -Dio.netty.allocator.cacheTrimInterval: 8192
15:13:07.716 [Test worker] DEBUG i.n.buffer.PooledByteBufAllocator - -Dio.netty.allocator.cacheTrimIntervalMillis: 0
15:13:07.716 [Test worker] DEBUG i.n.buffer.PooledByteBufAllocator - -Dio.netty.allocator.useCacheForAllThreads: false
15:13:07.717 [Test worker] DEBUG i.n.buffer.PooledByteBufAllocator - -Dio.netty.allocator.maxCachedByteBuffersPerChunk: 1023
15:13:07.786 [Test worker] DEBUG io.netty.buffer.ByteBufUtil - -Dio.netty.allocator.type: pooled
15:13:07.787 [Test worker] DEBUG io.netty.buffer.ByteBufUtil - -Dio.netty.threadLocalDirectBufferSize: 0
15:13:07.787 [Test worker] DEBUG io.netty.buffer.ByteBufUtil - -Dio.netty.maxThreadLocalCharBufferSize: 16384
15:13:08.811 [Forwarding newSession on session null to remote] DEBUG io.netty.channel.DefaultChannelId - -Dio.netty.processId: 14732 (auto-detected)
15:13:08.815 [Forwarding newSession on session null to remote] DEBUG io.netty.util.NetUtil - -Djava.net.preferIPv4Stack: false
15:13:08.815 [Forwarding newSession on session null to remote] DEBUG io.netty.util.NetUtil - -Djava.net.preferIPv6Addresses: false
15:13:08.943 [Forwarding newSession on session null to remote] DEBUG io.netty.util.NetUtilInitializations - Loopback interface: lo (Software Loopback Interface 1, 127.0.0.1)
15:13:08.946 [Forwarding newSession on session null to remote] DEBUG io.netty.util.NetUtil - Failed to get SOMAXCONN from sysctl and file \proc\sys\net\core\somaxconn. Default: 200
15:13:09.074 [Forwarding newSession on session null to remote] DEBUG io.netty.channel.DefaultChannelId - -Dio.netty.machineId: 74:4c:a1:ff:fe:66:19:79 (auto-detected)
15:13:09.161 [AsyncHttpClient-1-2] DEBUG io.netty.buffer.AbstractByteBuf - -Dio.netty.buffer.checkAccessible: true
15:13:09.162 [AsyncHttpClient-1-2] DEBUG io.netty.buffer.AbstractByteBuf - -Dio.netty.buffer.checkBounds: true
15:13:09.162 [AsyncHttpClient-1-2] DEBUG i.n.util.ResourceLeakDetectorFactory - Loaded default ResourceLeakDetector: io.netty.util.ResourceLeakDetector@772a7fa0
15:13:09.185 [AsyncHttpClient-1-2] DEBUG o.a.n.channel.NettyConnectListener - Using new Channel '[id: 0x4d628c60, L:/127.0.0.1:52666 - R:localhost/127.0.0.1:60207]' for 'POST' to '/session'
15:13:09.228 [AsyncHttpClient-1-2] DEBUG io.netty.util.Recycler - -Dio.netty.recycler.maxCapacityPerThread: 4096
15:13:09.229 [AsyncHttpClient-1-2] DEBUG io.netty.util.Recycler - -Dio.netty.recycler.ratio: 8
15:13:09.229 [AsyncHttpClient-1-2] DEBUG io.netty.util.Recycler - -Dio.netty.recycler.chunkSize: 32
15:13:09.229 [AsyncHttpClient-1-2] DEBUG io.netty.util.Recycler - -Dio.netty.recycler.blocking: false
15:13:10.319 [AsyncHttpClient-1-2] DEBUG i.n.handler.codec.compression.Brotli - brotli4j not in the classpath; Brotli support will be unavailable.
15:13:10.319 [AsyncHttpClient-1-2] DEBUG o.a.netty.handler.HttpHandler - 

Request DefaultHttpRequest(decodeResult: success, version: HTTP/1.1)
POST /session HTTP/1.1
User-Agent: selenium/4.4.0 (java windows)
Content-Length: 439
Content-Type: application/json; charset=utf-8
host: localhost:60207
accept: */*

Response DefaultHttpResponse(decodeResult: success, version: HTTP/1.1)
HTTP/1.1 200 OK
Content-Type: application/json; charset=utf-8
cache-control: no-cache
content-length: 857

15:13:10.340 [AsyncHttpClient-1-2] DEBUG o.a.netty.channel.ChannelManager - Adding key: http://localhost:60207 for channel [id: 0x4d628c60, L:/127.0.0.1:52666 - R:localhost/127.0.0.1:60207]
15:13:10.649 [AsyncHttpClient-1-3] DEBUG o.a.n.channel.NettyConnectListener - Using new Channel '[id: 0x20848e2a, L:/127.0.0.1:52674 - R:localhost/127.0.0.1:52667]' for 'GET' to '/json/version'
15:13:10.652 [AsyncHttpClient-1-3] DEBUG o.a.netty.handler.HttpHandler - 

Request DefaultFullHttpRequest(decodeResult: success, version: HTTP/1.1, content: EmptyByteBufBE)
GET /json/version HTTP/1.1
User-Agent: selenium/4.4.0 (java windows)
host: localhost:52667
accept: */*

Response DefaultHttpResponse(decodeResult: success, version: HTTP/1.1)
HTTP/1.1 200 OK
Content-Security-Policy: frame-ancestors 'none'
Content-Type: application/json; charset=UTF-8
content-length: 423

15:13:10.654 [AsyncHttpClient-1-3] DEBUG o.a.netty.channel.ChannelManager - Adding key: http://localhost:52667 for channel [id: 0x20848e2a, L:/127.0.0.1:52674 - R:localhost/127.0.0.1:52667]
15:13:10.683 [Test worker] DEBUG i.n.util.internal.ThreadLocalRandom - -Dio.netty.initialSeedUniquifier: 0x6eaa538ea00610de
15:13:10.690 [AsyncHttpClient-1-4] DEBUG o.a.n.channel.NettyConnectListener - Using new Channel '[id: 0x6ff26e17, L:/127.0.0.1:52675 - R:localhost/127.0.0.1:52667]' for 'GET' to '/devtools/browser/d829f541-37e4-4f2d-a45c-0dc7f4c42330'
15:13:10.694 [AsyncHttpClient-1-4] DEBUG o.a.netty.handler.WebSocketHandler - 

Request DefaultFullHttpRequest(decodeResult: success, version: HTTP/1.1, content: EmptyByteBufBE)
GET /devtools/browser/d829f541-37e4-4f2d-a45c-0dc7f4c42330 HTTP/1.1
upgrade: websocket
connection: upgrade
sec-websocket-key: cdLBpM/iUuIB0Tp95DZI6g==
sec-websocket-version: 13
origin: http://localhost:52667
host: localhost:52667
accept: */*
user-agent: AHC/2.1

Response DefaultHttpResponse(decodeResult: success, version: HTTP/1.1)
HTTP/1.1 101 WebSocket Protocol Handshake
Upgrade: WebSocket
Connection: Upgrade
Sec-WebSocket-Accept: bIDwlEdOjhdgK2DahYg7of+Ovhc=

15:13:10.809 [Forwarding maximizeCurrentWindow on session 7417bc71dabc5dd2074a69fb2438d937 to remote] DEBUG o.a.netty.request.NettyRequestSender - Using pooled Channel '[id: 0x4d628c60, L:/127.0.0.1:52666 - R:localhost/127.0.0.1:60207]' for 'POST' to 'http://localhost:60207/session/7417bc71dabc5dd2074a69fb2438d937/window/maximize'
15:13:10.810 [Forwarding maximizeCurrentWindow on session 7417bc71dabc5dd2074a69fb2438d937 to remote] DEBUG o.a.netty.request.NettyRequestSender - Using open Channel [id: 0x4d628c60, L:/127.0.0.1:52666 - R:localhost/127.0.0.1:60207] for POST '/session/7417bc71dabc5dd2074a69fb2438d937/window/maximize'
15:13:10.831 [AsyncHttpClient-1-1] DEBUG o.a.netty.channel.DefaultChannelPool - Entry count for : http://localhost:52667 : 1
15:13:10.989 [AsyncHttpClient-1-2] DEBUG o.a.netty.handler.HttpHandler - 

Request DefaultHttpRequest(decodeResult: success, version: HTTP/1.1)
POST /session/7417bc71dabc5dd2074a69fb2438d937/window/maximize HTTP/1.1
User-Agent: selenium/4.4.0 (java windows)
Content-Length: 3
Content-Type: application/json; charset=utf-8
host: localhost:60207
accept: */*

Response DefaultHttpResponse(decodeResult: success, version: HTTP/1.1)
HTTP/1.1 200 OK
Content-Type: application/json; charset=utf-8
cache-control: no-cache
content-length: 51

15:13:10.991 [AsyncHttpClient-1-2] DEBUG o.a.netty.channel.ChannelManager - Adding key: http://localhost:60207 for channel [id: 0x4d628c60, L:/127.0.0.1:52666 - R:localhost/127.0.0.1:60207]
15:13:10.999 [Forwarding get on session 7417bc71dabc5dd2074a69fb2438d937 to remote] DEBUG o.a.netty.request.NettyRequestSender - Using pooled Channel '[id: 0x4d628c60, L:/127.0.0.1:52666 - R:localhost/127.0.0.1:60207]' for 'POST' to 'http://localhost:60207/session/7417bc71dabc5dd2074a69fb2438d937/url'
15:13:11.000 [Forwarding get on session 7417bc71dabc5dd2074a69fb2438d937 to remote] DEBUG o.a.netty.request.NettyRequestSender - Using open Channel [id: 0x4d628c60, L:/127.0.0.1:52666 - R:localhost/127.0.0.1:60207] for POST '/session/7417bc71dabc5dd2074a69fb2438d937/url'
15:13:11.937 [AsyncHttpClient-1-1] DEBUG o.a.netty.channel.DefaultChannelPool - Entry count for : http://localhost:52667 : 1
15:13:13.028 [AsyncHttpClient-1-1] DEBUG o.a.netty.channel.DefaultChannelPool - Entry count for : http://localhost:52667 : 1
15:13:14.127 [AsyncHttpClient-1-1] DEBUG o.a.netty.channel.DefaultChannelPool - Entry count for : http://localhost:52667 : 1
15:13:14.866 [AsyncHttpClient-1-2] DEBUG o.a.netty.handler.HttpHandler - 

Request DefaultHttpRequest(decodeResult: success, version: HTTP/1.1)
POST /session/7417bc71dabc5dd2074a69fb2438d937/url HTTP/1.1
User-Agent: selenium/4.4.0 (java windows)
Content-Length: 63
Content-Type: application/json; charset=utf-8
host: localhost:60207
accept: */*

Response DefaultHttpResponse(decodeResult: success, version: HTTP/1.1)
HTTP/1.1 200 OK
Content-Type: application/json; charset=utf-8
cache-control: no-cache
content-length: 14

15:13:14.868 [AsyncHttpClient-1-2] DEBUG o.a.netty.channel.ChannelManager - Adding key: http://localhost:60207 for channel [id: 0x4d628c60, L:/127.0.0.1:52666 - R:localhost/127.0.0.1:60207]
15:13:14.874 [Test worker] INFO  ui_tests.TestBase - Start test: registrationPositiveTest
15:13:14.877 [Test worker] INFO  ui_tests.TestBase -  --> With data: [UserModel(name=Aleksei1, email=aleksey2@mail.com, password=Zxcv1234!, confirmPassword=Zxcv1234!)]
15:13:14.936 [Forwarding findElement on session 7417bc71dabc5dd2074a69fb2438d937 to remote] DEBUG o.a.netty.request.NettyRequestSender - Using pooled Channel '[id: 0x4d628c60, L:/127.0.0.1:52666 - R:localhost/127.0.0.1:60207]' for 'POST' to 'http://localhost:60207/session/7417bc71dabc5dd2074a69fb2438d937/element'
15:13:14.937 [Forwarding findElement on session 7417bc71dabc5dd2074a69fb2438d937 to remote] DEBUG o.a.netty.request.NettyRequestSender - Using open Channel [id: 0x4d628c60, L:/127.0.0.1:52666 - R:localhost/127.0.0.1:60207] for POST '/session/7417bc71dabc5dd2074a69fb2438d937/element'
15:13:14.956 [AsyncHttpClient-1-2] DEBUG o.a.netty.handler.HttpHandler - 

Request DefaultHttpRequest(decodeResult: success, version: HTTP/1.1)
POST /session/7417bc71dabc5dd2074a69fb2438d937/element HTTP/1.1
User-Agent: selenium/4.4.0 (java windows)
Content-Length: 70
Content-Type: application/json; charset=utf-8
host: localhost:60207
accept: */*

Response DefaultHttpResponse(decodeResult: success, version: HTTP/1.1)
HTTP/1.1 200 OK
Content-Type: application/json; charset=utf-8
cache-control: no-cache
content-length: 88

15:13:14.957 [AsyncHttpClient-1-2] DEBUG o.a.netty.channel.ChannelManager - Adding key: http://localhost:60207 for channel [id: 0x4d628c60, L:/127.0.0.1:52666 - R:localhost/127.0.0.1:60207]
15:13:14.985 [Forwarding isElementDisplayed on session 7417bc71dabc5dd2074a69fb2438d937 to remote] DEBUG o.a.netty.request.NettyRequestSender - Using pooled Channel '[id: 0x4d628c60, L:/127.0.0.1:52666 - R:localhost/127.0.0.1:60207]' for 'POST' to 'http://localhost:60207/session/7417bc71dabc5dd2074a69fb2438d937/execute/sync'
15:13:14.985 [Forwarding isElementDisplayed on session 7417bc71dabc5dd2074a69fb2438d937 to remote] DEBUG o.a.netty.request.NettyRequestSender - Using open Channel [id: 0x4d628c60, L:/127.0.0.1:52666 - R:localhost/127.0.0.1:60207] for POST '/session/7417bc71dabc5dd2074a69fb2438d937/execute/sync'
15:13:15.008 [AsyncHttpClient-1-2] DEBUG o.a.netty.handler.HttpHandler - 

Request DefaultHttpRequest(decodeResult: success, version: HTTP/1.1)
POST /session/7417bc71dabc5dd2074a69fb2438d937/execute/sync HTTP/1.1
User-Agent: selenium/4.4.0 (java windows)
Content-Length: 48780
Content-Type: application/json; charset=utf-8
host: localhost:60207
accept: */*

Response DefaultHttpResponse(decodeResult: success, version: HTTP/1.1)
HTTP/1.1 200 OK
Content-Type: application/json; charset=utf-8
cache-control: no-cache
content-length: 14

15:13:15.009 [AsyncHttpClient-1-2] DEBUG o.a.netty.channel.ChannelManager - Adding key: http://localhost:60207 for channel [id: 0x4d628c60, L:/127.0.0.1:52666 - R:localhost/127.0.0.1:60207]
15:13:15.012 [Forwarding findElement on session 7417bc71dabc5dd2074a69fb2438d937 to remote] DEBUG o.a.netty.request.NettyRequestSender - Using pooled Channel '[id: 0x4d628c60, L:/127.0.0.1:52666 - R:localhost/127.0.0.1:60207]' for 'POST' to 'http://localhost:60207/session/7417bc71dabc5dd2074a69fb2438d937/element'
15:13:15.014 [Forwarding findElement on session 7417bc71dabc5dd2074a69fb2438d937 to remote] DEBUG o.a.netty.request.NettyRequestSender - Using open Channel [id: 0x4d628c60, L:/127.0.0.1:52666 - R:localhost/127.0.0.1:60207] for POST '/session/7417bc71dabc5dd2074a69fb2438d937/element'
15:13:15.026 [AsyncHttpClient-1-2] DEBUG o.a.netty.handler.HttpHandler - 

Request DefaultHttpRequest(decodeResult: success, version: HTTP/1.1)
POST /session/7417bc71dabc5dd2074a69fb2438d937/element HTTP/1.1
User-Agent: selenium/4.4.0 (java windows)
Content-Length: 70
Content-Type: application/json; charset=utf-8
host: localhost:60207
accept: */*

Response DefaultHttpResponse(decodeResult: success, version: HTTP/1.1)
HTTP/1.1 200 OK
Content-Type: application/json; charset=utf-8
cache-control: no-cache
content-length: 88

15:13:15.027 [AsyncHttpClient-1-2] DEBUG o.a.netty.channel.ChannelManager - Adding key: http://localhost:60207 for channel [id: 0x4d628c60, L:/127.0.0.1:52666 - R:localhost/127.0.0.1:60207]
15:13:15.034 [Forwarding isElementEnabled on session 7417bc71dabc5dd2074a69fb2438d937 to remote] DEBUG o.a.netty.request.NettyRequestSender - Using pooled Channel '[id: 0x4d628c60, L:/127.0.0.1:52666 - R:localhost/127.0.0.1:60207]' for 'GET' to 'http://localhost:60207/session/7417bc71dabc5dd2074a69fb2438d937/element/b249747c-7b7c-4633-8f5f-18f827102e5b/enabled'
15:13:15.034 [Forwarding isElementEnabled on session 7417bc71dabc5dd2074a69fb2438d937 to remote] DEBUG o.a.netty.request.NettyRequestSender - Using open Channel [id: 0x4d628c60, L:/127.0.0.1:52666 - R:localhost/127.0.0.1:60207] for GET '/session/7417bc71dabc5dd2074a69fb2438d937/element/b249747c-7b7c-4633-8f5f-18f827102e5b/enabled'
15:13:15.052 [AsyncHttpClient-1-2] DEBUG o.a.netty.handler.HttpHandler - 

Request DefaultFullHttpRequest(decodeResult: success, version: HTTP/1.1, content: EmptyByteBufBE)
GET /session/7417bc71dabc5dd2074a69fb2438d937/element/b249747c-7b7c-4633-8f5f-18f827102e5b/enabled HTTP/1.1
User-Agent: selenium/4.4.0 (java windows)
Cache-Control: no-cache
Content-Type: application/json; charset=utf-8
host: localhost:60207
accept: */*

Response DefaultHttpResponse(decodeResult: success, version: HTTP/1.1)
HTTP/1.1 200 OK
Content-Type: application/json; charset=utf-8
cache-control: no-cache
content-length: 14

15:13:15.053 [AsyncHttpClient-1-2] DEBUG o.a.netty.channel.ChannelManager - Adding key: http://localhost:60207 for channel [id: 0x4d628c60, L:/127.0.0.1:52666 - R:localhost/127.0.0.1:60207]
15:13:15.058 [Forwarding findElement on session 7417bc71dabc5dd2074a69fb2438d937 to remote] DEBUG o.a.netty.request.NettyRequestSender - Using pooled Channel '[id: 0x4d628c60, L:/127.0.0.1:52666 - R:localhost/127.0.0.1:60207]' for 'POST' to 'http://localhost:60207/session/7417bc71dabc5dd2074a69fb2438d937/element'
15:13:15.059 [Forwarding findElement on session 7417bc71dabc5dd2074a69fb2438d937 to remote] DEBUG o.a.netty.request.NettyRequestSender - Using open Channel [id: 0x4d628c60, L:/127.0.0.1:52666 - R:localhost/127.0.0.1:60207] for POST '/session/7417bc71dabc5dd2074a69fb2438d937/element'
15:13:15.069 [AsyncHttpClient-1-2] DEBUG o.a.netty.handler.HttpHandler - 

Request DefaultHttpRequest(decodeResult: success, version: HTTP/1.1)
POST /session/7417bc71dabc5dd2074a69fb2438d937/element HTTP/1.1
User-Agent: selenium/4.4.0 (java windows)
Content-Length: 70
Content-Type: application/json; charset=utf-8
host: localhost:60207
accept: */*

Response DefaultHttpResponse(decodeResult: success, version: HTTP/1.1)
HTTP/1.1 200 OK
Content-Type: application/json; charset=utf-8
cache-control: no-cache
content-length: 88

15:13:15.070 [AsyncHttpClient-1-2] DEBUG o.a.netty.channel.ChannelManager - Adding key: http://localhost:60207 for channel [id: 0x4d628c60, L:/127.0.0.1:52666 - R:localhost/127.0.0.1:60207]
15:13:15.073 [Forwarding clickElement on session 7417bc71dabc5dd2074a69fb2438d937 to remote] DEBUG o.a.netty.request.NettyRequestSender - Using pooled Channel '[id: 0x4d628c60, L:/127.0.0.1:52666 - R:localhost/127.0.0.1:60207]' for 'POST' to 'http://localhost:60207/session/7417bc71dabc5dd2074a69fb2438d937/element/b249747c-7b7c-4633-8f5f-18f827102e5b/click'
15:13:15.073 [Forwarding clickElement on session 7417bc71dabc5dd2074a69fb2438d937 to remote] DEBUG o.a.netty.request.NettyRequestSender - Using open Channel [id: 0x4d628c60, L:/127.0.0.1:52666 - R:localhost/127.0.0.1:60207] for POST '/session/7417bc71dabc5dd2074a69fb2438d937/element/b249747c-7b7c-4633-8f5f-18f827102e5b/click'
15:13:15.178 [AsyncHttpClient-1-2] DEBUG o.a.netty.handler.HttpHandler - 

Request DefaultHttpRequest(decodeResult: success, version: HTTP/1.1)
POST /session/7417bc71dabc5dd2074a69fb2438d937/element/b249747c-7b7c-4633-8f5f-18f827102e5b/click HTTP/1.1
User-Agent: selenium/4.4.0 (java windows)
Content-Length: 50
Content-Type: application/json; charset=utf-8
host: localhost:60207
accept: */*

Response DefaultHttpResponse(decodeResult: success, version: HTTP/1.1)
HTTP/1.1 200 OK
Content-Type: application/json; charset=utf-8
cache-control: no-cache
content-length: 14

15:13:15.178 [AsyncHttpClient-1-2] DEBUG o.a.netty.channel.ChannelManager - Adding key: http://localhost:60207 for channel [id: 0x4d628c60, L:/127.0.0.1:52666 - R:localhost/127.0.0.1:60207]
15:13:15.197 [Forwarding findElement on session 7417bc71dabc5dd2074a69fb2438d937 to remote] DEBUG o.a.netty.request.NettyRequestSender - Using pooled Channel '[id: 0x4d628c60, L:/127.0.0.1:52666 - R:localhost/127.0.0.1:60207]' for 'POST' to 'http://localhost:60207/session/7417bc71dabc5dd2074a69fb2438d937/element'
15:13:15.197 [Forwarding findElement on session 7417bc71dabc5dd2074a69fb2438d937 to remote] DEBUG o.a.netty.request.NettyRequestSender - Using open Channel [id: 0x4d628c60, L:/127.0.0.1:52666 - R:localhost/127.0.0.1:60207] for POST '/session/7417bc71dabc5dd2074a69fb2438d937/element'
15:13:15.225 [AsyncHttpClient-1-2] DEBUG o.a.netty.handler.HttpHandler - 

Request DefaultHttpRequest(decodeResult: success, version: HTTP/1.1)
POST /session/7417bc71dabc5dd2074a69fb2438d937/element HTTP/1.1
User-Agent: selenium/4.4.0 (java windows)
Content-Length: 78
Content-Type: application/json; charset=utf-8
host: localhost:60207
accept: */*

Response DefaultHttpResponse(decodeResult: success, version: HTTP/1.1)
HTTP/1.1 200 OK
Content-Type: application/json; charset=utf-8
cache-control: no-cache
content-length: 88

15:13:15.226 [AsyncHttpClient-1-2] DEBUG o.a.netty.channel.ChannelManager - Adding key: http://localhost:60207 for channel [id: 0x4d628c60, L:/127.0.0.1:52666 - R:localhost/127.0.0.1:60207]
15:13:15.241 [AsyncHttpClient-1-1] DEBUG o.a.netty.channel.DefaultChannelPool - Entry count for : http://localhost:52667 : 1
15:13:15.242 [AsyncHttpClient-1-1] DEBUG o.a.netty.channel.DefaultChannelPool - Entry count for : http://localhost:60207 : 1
15:13:15.245 [Forwarding isElementDisplayed on session 7417bc71dabc5dd2074a69fb2438d937 to remote] DEBUG o.a.netty.request.NettyRequestSender - Using pooled Channel '[id: 0x4d628c60, L:/127.0.0.1:52666 - R:localhost/127.0.0.1:60207]' for 'POST' to 'http://localhost:60207/session/7417bc71dabc5dd2074a69fb2438d937/execute/sync'
15:13:15.246 [Forwarding isElementDisplayed on session 7417bc71dabc5dd2074a69fb2438d937 to remote] DEBUG o.a.netty.request.NettyRequestSender - Using open Channel [id: 0x4d628c60, L:/127.0.0.1:52666 - R:localhost/127.0.0.1:60207] for POST '/session/7417bc71dabc5dd2074a69fb2438d937/execute/sync'
15:13:15.286 [AsyncHttpClient-1-2] DEBUG o.a.netty.handler.HttpHandler - 

Request DefaultHttpRequest(decodeResult: success, version: HTTP/1.1)
POST /session/7417bc71dabc5dd2074a69fb2438d937/execute/sync HTTP/1.1
User-Agent: selenium/4.4.0 (java windows)
Content-Length: 48780
Content-Type: application/json; charset=utf-8
host: localhost:60207
accept: */*

Response DefaultHttpResponse(decodeResult: success, version: HTTP/1.1)
HTTP/1.1 200 OK
Content-Type: application/json; charset=utf-8
cache-control: no-cache
content-length: 14

15:13:15.287 [AsyncHttpClient-1-2] DEBUG o.a.netty.channel.ChannelManager - Adding key: http://localhost:60207 for channel [id: 0x4d628c60, L:/127.0.0.1:52666 - R:localhost/127.0.0.1:60207]
15:13:15.294 [Forwarding findElement on session 7417bc71dabc5dd2074a69fb2438d937 to remote] DEBUG o.a.netty.request.NettyRequestSender - Using pooled Channel '[id: 0x4d628c60, L:/127.0.0.1:52666 - R:localhost/127.0.0.1:60207]' for 'POST' to 'http://localhost:60207/session/7417bc71dabc5dd2074a69fb2438d937/element'
15:13:15.296 [Forwarding findElement on session 7417bc71dabc5dd2074a69fb2438d937 to remote] DEBUG o.a.netty.request.NettyRequestSender - Using open Channel [id: 0x4d628c60, L:/127.0.0.1:52666 - R:localhost/127.0.0.1:60207] for POST '/session/7417bc71dabc5dd2074a69fb2438d937/element'
15:13:15.318 [AsyncHttpClient-1-2] DEBUG o.a.netty.handler.HttpHandler - 

Request DefaultHttpRequest(decodeResult: success, version: HTTP/1.1)
POST /session/7417bc71dabc5dd2074a69fb2438d937/element HTTP/1.1
User-Agent: selenium/4.4.0 (java windows)
Content-Length: 78
Content-Type: application/json; charset=utf-8
host: localhost:60207
accept: */*

Response DefaultHttpResponse(decodeResult: success, version: HTTP/1.1)
HTTP/1.1 200 OK
Content-Type: application/json; charset=utf-8
cache-control: no-cache
content-length: 88

15:13:15.320 [AsyncHttpClient-1-2] DEBUG o.a.netty.channel.ChannelManager - Adding key: http://localhost:60207 for channel [id: 0x4d628c60, L:/127.0.0.1:52666 - R:localhost/127.0.0.1:60207]
15:13:15.326 [Forwarding isElementEnabled on session 7417bc71dabc5dd2074a69fb2438d937 to remote] DEBUG o.a.netty.request.NettyRequestSender - Using pooled Channel '[id: 0x4d628c60, L:/127.0.0.1:52666 - R:localhost/127.0.0.1:60207]' for 'GET' to 'http://localhost:60207/session/7417bc71dabc5dd2074a69fb2438d937/element/aa80c9aa-d4b9-41dc-a7d2-647fc0f0224c/enabled'
15:13:15.326 [Forwarding isElementEnabled on session 7417bc71dabc5dd2074a69fb2438d937 to remote] DEBUG o.a.netty.request.NettyRequestSender - Using open Channel [id: 0x4d628c60, L:/127.0.0.1:52666 - R:localhost/127.0.0.1:60207] for GET '/session/7417bc71dabc5dd2074a69fb2438d937/element/aa80c9aa-d4b9-41dc-a7d2-647fc0f0224c/enabled'
15:13:15.346 [AsyncHttpClient-1-2] DEBUG o.a.netty.handler.HttpHandler - 

Request DefaultFullHttpRequest(decodeResult: success, version: HTTP/1.1, content: EmptyByteBufBE)
GET /session/7417bc71dabc5dd2074a69fb2438d937/element/aa80c9aa-d4b9-41dc-a7d2-647fc0f0224c/enabled HTTP/1.1
User-Agent: selenium/4.4.0 (java windows)
Cache-Control: no-cache
Content-Type: application/json; charset=utf-8
host: localhost:60207
accept: */*

Response DefaultHttpResponse(decodeResult: success, version: HTTP/1.1)
HTTP/1.1 200 OK
Content-Type: application/json; charset=utf-8
cache-control: no-cache
content-length: 14

15:13:15.348 [AsyncHttpClient-1-2] DEBUG o.a.netty.channel.ChannelManager - Adding key: http://localhost:60207 for channel [id: 0x4d628c60, L:/127.0.0.1:52666 - R:localhost/127.0.0.1:60207]
15:13:15.357 [Forwarding findElement on session 7417bc71dabc5dd2074a69fb2438d937 to remote] DEBUG o.a.netty.request.NettyRequestSender - Using pooled Channel '[id: 0x4d628c60, L:/127.0.0.1:52666 - R:localhost/127.0.0.1:60207]' for 'POST' to 'http://localhost:60207/session/7417bc71dabc5dd2074a69fb2438d937/element'
15:13:15.360 [Forwarding findElement on session 7417bc71dabc5dd2074a69fb2438d937 to remote] DEBUG o.a.netty.request.NettyRequestSender - Using open Channel [id: 0x4d628c60, L:/127.0.0.1:52666 - R:localhost/127.0.0.1:60207] for POST '/session/7417bc71dabc5dd2074a69fb2438d937/element'
15:13:15.391 [AsyncHttpClient-1-2] DEBUG o.a.netty.handler.HttpHandler - 

Request DefaultHttpRequest(decodeResult: success, version: HTTP/1.1)
POST /session/7417bc71dabc5dd2074a69fb2438d937/element HTTP/1.1
User-Agent: selenium/4.4.0 (java windows)
Content-Length: 78
Content-Type: application/json; charset=utf-8
host: localhost:60207
accept: */*

Response DefaultHttpResponse(decodeResult: success, version: HTTP/1.1)
HTTP/1.1 200 OK
Content-Type: application/json; charset=utf-8
cache-control: no-cache
content-length: 88

15:13:15.392 [AsyncHttpClient-1-2] DEBUG o.a.netty.channel.ChannelManager - Adding key: http://localhost:60207 for channel [id: 0x4d628c60, L:/127.0.0.1:52666 - R:localhost/127.0.0.1:60207]
15:13:15.395 [Forwarding clickElement on session 7417bc71dabc5dd2074a69fb2438d937 to remote] DEBUG o.a.netty.request.NettyRequestSender - Using pooled Channel '[id: 0x4d628c60, L:/127.0.0.1:52666 - R:localhost/127.0.0.1:60207]' for 'POST' to 'http://localhost:60207/session/7417bc71dabc5dd2074a69fb2438d937/element/aa80c9aa-d4b9-41dc-a7d2-647fc0f0224c/click'
15:13:15.396 [Forwarding clickElement on session 7417bc71dabc5dd2074a69fb2438d937 to remote] DEBUG o.a.netty.request.NettyRequestSender - Using open Channel [id: 0x4d628c60, L:/127.0.0.1:52666 - R:localhost/127.0.0.1:60207] for POST '/session/7417bc71dabc5dd2074a69fb2438d937/element/aa80c9aa-d4b9-41dc-a7d2-647fc0f0224c/click'
15:13:15.480 [AsyncHttpClient-1-2] DEBUG o.a.netty.handler.HttpHandler - 

Request DefaultHttpRequest(decodeResult: success, version: HTTP/1.1)
POST /session/7417bc71dabc5dd2074a69fb2438d937/element/aa80c9aa-d4b9-41dc-a7d2-647fc0f0224c/click HTTP/1.1
User-Agent: selenium/4.4.0 (java windows)
Content-Length: 50
Content-Type: application/json; charset=utf-8
host: localhost:60207
accept: */*

Response DefaultHttpResponse(decodeResult: success, version: HTTP/1.1)
HTTP/1.1 200 OK
Content-Type: application/json; charset=utf-8
cache-control: no-cache
content-length: 14

15:13:15.481 [AsyncHttpClient-1-2] DEBUG o.a.netty.channel.ChannelManager - Adding key: http://localhost:60207 for channel [id: 0x4d628c60, L:/127.0.0.1:52666 - R:localhost/127.0.0.1:60207]
15:13:15.486 [Forwarding findElement on session 7417bc71dabc5dd2074a69fb2438d937 to remote] DEBUG o.a.netty.request.NettyRequestSender - Using pooled Channel '[id: 0x4d628c60, L:/127.0.0.1:52666 - R:localhost/127.0.0.1:60207]' for 'POST' to 'http://localhost:60207/session/7417bc71dabc5dd2074a69fb2438d937/element'
15:13:15.486 [Forwarding findElement on session 7417bc71dabc5dd2074a69fb2438d937 to remote] DEBUG o.a.netty.request.NettyRequestSender - Using open Channel [id: 0x4d628c60, L:/127.0.0.1:52666 - R:localhost/127.0.0.1:60207] for POST '/session/7417bc71dabc5dd2074a69fb2438d937/element'
15:13:15.503 [AsyncHttpClient-1-2] DEBUG o.a.netty.handler.HttpHandler - 

Request DefaultHttpRequest(decodeResult: success, version: HTTP/1.1)
POST /session/7417bc71dabc5dd2074a69fb2438d937/element HTTP/1.1
User-Agent: selenium/4.4.0 (java windows)
Content-Length: 76
Content-Type: application/json; charset=utf-8
host: localhost:60207
accept: */*

Response DefaultHttpResponse(decodeResult: success, version: HTTP/1.1)
HTTP/1.1 200 OK
Content-Type: application/json; charset=utf-8
cache-control: no-cache
content-length: 88

15:13:15.504 [AsyncHttpClient-1-2] DEBUG o.a.netty.channel.ChannelManager - Adding key: http://localhost:60207 for channel [id: 0x4d628c60, L:/127.0.0.1:52666 - R:localhost/127.0.0.1:60207]
15:13:15.511 [Forwarding isElementDisplayed on session 7417bc71dabc5dd2074a69fb2438d937 to remote] DEBUG o.a.netty.request.NettyRequestSender - Using pooled Channel '[id: 0x4d628c60, L:/127.0.0.1:52666 - R:localhost/127.0.0.1:60207]' for 'POST' to 'http://localhost:60207/session/7417bc71dabc5dd2074a69fb2438d937/execute/sync'
15:13:15.511 [Forwarding isElementDisplayed on session 7417bc71dabc5dd2074a69fb2438d937 to remote] DEBUG o.a.netty.request.NettyRequestSender - Using open Channel [id: 0x4d628c60, L:/127.0.0.1:52666 - R:localhost/127.0.0.1:60207] for POST '/session/7417bc71dabc5dd2074a69fb2438d937/execute/sync'
15:13:15.527 [AsyncHttpClient-1-2] DEBUG o.a.netty.handler.HttpHandler - 

Request DefaultHttpRequest(decodeResult: success, version: HTTP/1.1)
POST /session/7417bc71dabc5dd2074a69fb2438d937/execute/sync HTTP/1.1
User-Agent: selenium/4.4.0 (java windows)
Content-Length: 48780
Content-Type: application/json; charset=utf-8
host: localhost:60207
accept: */*

Response DefaultHttpResponse(decodeResult: success, version: HTTP/1.1)
HTTP/1.1 200 OK
Content-Type: application/json; charset=utf-8
cache-control: no-cache
content-length: 14

15:13:15.527 [AsyncHttpClient-1-2] DEBUG o.a.netty.channel.ChannelManager - Adding key: http://localhost:60207 for channel [id: 0x4d628c60, L:/127.0.0.1:52666 - R:localhost/127.0.0.1:60207]
15:13:15.531 [Forwarding findElement on session 7417bc71dabc5dd2074a69fb2438d937 to remote] DEBUG o.a.netty.request.NettyRequestSender - Using pooled Channel '[id: 0x4d628c60, L:/127.0.0.1:52666 - R:localhost/127.0.0.1:60207]' for 'POST' to 'http://localhost:60207/session/7417bc71dabc5dd2074a69fb2438d937/element'
15:13:15.531 [Forwarding findElement on session 7417bc71dabc5dd2074a69fb2438d937 to remote] DEBUG o.a.netty.request.NettyRequestSender - Using open Channel [id: 0x4d628c60, L:/127.0.0.1:52666 - R:localhost/127.0.0.1:60207] for POST '/session/7417bc71dabc5dd2074a69fb2438d937/element'
15:13:15.541 [AsyncHttpClient-1-2] DEBUG o.a.netty.handler.HttpHandler - 

Request DefaultHttpRequest(decodeResult: success, version: HTTP/1.1)
POST /session/7417bc71dabc5dd2074a69fb2438d937/element HTTP/1.1
User-Agent: selenium/4.4.0 (java windows)
Content-Length: 76
Content-Type: application/json; charset=utf-8
host: localhost:60207
accept: */*

Response DefaultHttpResponse(decodeResult: success, version: HTTP/1.1)
HTTP/1.1 200 OK
Content-Type: application/json; charset=utf-8
cache-control: no-cache
content-length: 88

15:13:15.542 [AsyncHttpClient-1-2] DEBUG o.a.netty.channel.ChannelManager - Adding key: http://localhost:60207 for channel [id: 0x4d628c60, L:/127.0.0.1:52666 - R:localhost/127.0.0.1:60207]
15:13:15.545 [Forwarding isElementEnabled on session 7417bc71dabc5dd2074a69fb2438d937 to remote] DEBUG o.a.netty.request.NettyRequestSender - Using pooled Channel '[id: 0x4d628c60, L:/127.0.0.1:52666 - R:localhost/127.0.0.1:60207]' for 'GET' to 'http://localhost:60207/session/7417bc71dabc5dd2074a69fb2438d937/element/68d3fb91-2e52-4b2c-bf39-1dcf9015b3ed/enabled'
15:13:15.545 [Forwarding isElementEnabled on session 7417bc71dabc5dd2074a69fb2438d937 to remote] DEBUG o.a.netty.request.NettyRequestSender - Using open Channel [id: 0x4d628c60, L:/127.0.0.1:52666 - R:localhost/127.0.0.1:60207] for GET '/session/7417bc71dabc5dd2074a69fb2438d937/element/68d3fb91-2e52-4b2c-bf39-1dcf9015b3ed/enabled'
15:13:15.556 [AsyncHttpClient-1-2] DEBUG o.a.netty.handler.HttpHandler - 

Request DefaultFullHttpRequest(decodeResult: success, version: HTTP/1.1, content: EmptyByteBufBE)
GET /session/7417bc71dabc5dd2074a69fb2438d937/element/68d3fb91-2e52-4b2c-bf39-1dcf9015b3ed/enabled HTTP/1.1
User-Agent: selenium/4.4.0 (java windows)
Cache-Control: no-cache
Content-Type: application/json; charset=utf-8
host: localhost:60207
accept: */*

Response DefaultHttpResponse(decodeResult: success, version: HTTP/1.1)
HTTP/1.1 200 OK
Content-Type: application/json; charset=utf-8
cache-control: no-cache
content-length: 14

15:13:15.556 [AsyncHttpClient-1-2] DEBUG o.a.netty.channel.ChannelManager - Adding key: http://localhost:60207 for channel [id: 0x4d628c60, L:/127.0.0.1:52666 - R:localhost/127.0.0.1:60207]
15:13:15.559 [Forwarding findElement on session 7417bc71dabc5dd2074a69fb2438d937 to remote] DEBUG o.a.netty.request.NettyRequestSender - Using pooled Channel '[id: 0x4d628c60, L:/127.0.0.1:52666 - R:localhost/127.0.0.1:60207]' for 'POST' to 'http://localhost:60207/session/7417bc71dabc5dd2074a69fb2438d937/element'
15:13:15.559 [Forwarding findElement on session 7417bc71dabc5dd2074a69fb2438d937 to remote] DEBUG o.a.netty.request.NettyRequestSender - Using open Channel [id: 0x4d628c60, L:/127.0.0.1:52666 - R:localhost/127.0.0.1:60207] for POST '/session/7417bc71dabc5dd2074a69fb2438d937/element'
15:13:15.568 [AsyncHttpClient-1-2] DEBUG o.a.netty.handler.HttpHandler - 

Request DefaultHttpRequest(decodeResult: success, version: HTTP/1.1)
POST /session/7417bc71dabc5dd2074a69fb2438d937/element HTTP/1.1
User-Agent: selenium/4.4.0 (java windows)
Content-Length: 76
Content-Type: application/json; charset=utf-8
host: localhost:60207
accept: */*

Response DefaultHttpResponse(decodeResult: success, version: HTTP/1.1)
HTTP/1.1 200 OK
Content-Type: application/json; charset=utf-8
cache-control: no-cache
content-length: 88

15:13:15.569 [AsyncHttpClient-1-2] DEBUG o.a.netty.channel.ChannelManager - Adding key: http://localhost:60207 for channel [id: 0x4d628c60, L:/127.0.0.1:52666 - R:localhost/127.0.0.1:60207]
15:13:15.572 [Forwarding clickElement on session 7417bc71dabc5dd2074a69fb2438d937 to remote] DEBUG o.a.netty.request.NettyRequestSender - Using pooled Channel '[id: 0x4d628c60, L:/127.0.0.1:52666 - R:localhost/127.0.0.1:60207]' for 'POST' to 'http://localhost:60207/session/7417bc71dabc5dd2074a69fb2438d937/element/68d3fb91-2e52-4b2c-bf39-1dcf9015b3ed/click'
15:13:15.572 [Forwarding clickElement on session 7417bc71dabc5dd2074a69fb2438d937 to remote] DEBUG o.a.netty.request.NettyRequestSender - Using open Channel [id: 0x4d628c60, L:/127.0.0.1:52666 - R:localhost/127.0.0.1:60207] for POST '/session/7417bc71dabc5dd2074a69fb2438d937/element/68d3fb91-2e52-4b2c-bf39-1dcf9015b3ed/click'
15:13:15.628 [AsyncHttpClient-1-2] DEBUG o.a.netty.handler.HttpHandler - 

Request DefaultHttpRequest(decodeResult: success, version: HTTP/1.1)
POST /session/7417bc71dabc5dd2074a69fb2438d937/element/68d3fb91-2e52-4b2c-bf39-1dcf9015b3ed/click HTTP/1.1
User-Agent: selenium/4.4.0 (java windows)
Content-Length: 50
Content-Type: application/json; charset=utf-8
host: localhost:60207
accept: */*

Response DefaultHttpResponse(decodeResult: success, version: HTTP/1.1)
HTTP/1.1 200 OK
Content-Type: application/json; charset=utf-8
cache-control: no-cache
content-length: 14

15:13:15.632 [AsyncHttpClient-1-2] DEBUG o.a.netty.channel.ChannelManager - Adding key: http://localhost:60207 for channel [id: 0x4d628c60, L:/127.0.0.1:52666 - R:localhost/127.0.0.1:60207]
15:13:15.642 [Forwarding findElement on session 7417bc71dabc5dd2074a69fb2438d937 to remote] DEBUG o.a.netty.request.NettyRequestSender - Using pooled Channel '[id: 0x4d628c60, L:/127.0.0.1:52666 - R:localhost/127.0.0.1:60207]' for 'POST' to 'http://localhost:60207/session/7417bc71dabc5dd2074a69fb2438d937/element'
15:13:15.643 [Forwarding findElement on session 7417bc71dabc5dd2074a69fb2438d937 to remote] DEBUG o.a.netty.request.NettyRequestSender - Using open Channel [id: 0x4d628c60, L:/127.0.0.1:52666 - R:localhost/127.0.0.1:60207] for POST '/session/7417bc71dabc5dd2074a69fb2438d937/element'
15:13:15.663 [AsyncHttpClient-1-2] DEBUG o.a.netty.handler.HttpHandler - 

Request DefaultHttpRequest(decodeResult: success, version: HTTP/1.1)
POST /session/7417bc71dabc5dd2074a69fb2438d937/element HTTP/1.1
User-Agent: selenium/4.4.0 (java windows)
Content-Length: 76
Content-Type: application/json; charset=utf-8
host: localhost:60207
accept: */*

Response DefaultHttpResponse(decodeResult: success, version: HTTP/1.1)
HTTP/1.1 200 OK
Content-Type: application/json; charset=utf-8
cache-control: no-cache
content-length: 88

15:13:15.664 [AsyncHttpClient-1-2] DEBUG o.a.netty.channel.ChannelManager - Adding key: http://localhost:60207 for channel [id: 0x4d628c60, L:/127.0.0.1:52666 - R:localhost/127.0.0.1:60207]
15:13:15.670 [Forwarding clearElement on session 7417bc71dabc5dd2074a69fb2438d937 to remote] DEBUG o.a.netty.request.NettyRequestSender - Using pooled Channel '[id: 0x4d628c60, L:/127.0.0.1:52666 - R:localhost/127.0.0.1:60207]' for 'POST' to 'http://localhost:60207/session/7417bc71dabc5dd2074a69fb2438d937/element/68d3fb91-2e52-4b2c-bf39-1dcf9015b3ed/clear'
15:13:15.671 [Forwarding clearElement on session 7417bc71dabc5dd2074a69fb2438d937 to remote] DEBUG o.a.netty.request.NettyRequestSender - Using open Channel [id: 0x4d628c60, L:/127.0.0.1:52666 - R:localhost/127.0.0.1:60207] for POST '/session/7417bc71dabc5dd2074a69fb2438d937/element/68d3fb91-2e52-4b2c-bf39-1dcf9015b3ed/clear'
15:13:15.729 [AsyncHttpClient-1-2] DEBUG o.a.netty.handler.HttpHandler - 

Request DefaultHttpRequest(decodeResult: success, version: HTTP/1.1)
POST /session/7417bc71dabc5dd2074a69fb2438d937/element/68d3fb91-2e52-4b2c-bf39-1dcf9015b3ed/clear HTTP/1.1
User-Agent: selenium/4.4.0 (java windows)
Content-Length: 50
Content-Type: application/json; charset=utf-8
host: localhost:60207
accept: */*

Response DefaultHttpResponse(decodeResult: success, version: HTTP/1.1)
HTTP/1.1 200 OK
Content-Type: application/json; charset=utf-8
cache-control: no-cache
content-length: 14

15:13:15.730 [AsyncHttpClient-1-2] DEBUG o.a.netty.channel.ChannelManager - Adding key: http://localhost:60207 for channel [id: 0x4d628c60, L:/127.0.0.1:52666 - R:localhost/127.0.0.1:60207]
15:13:15.733 [Forwarding findElement on session 7417bc71dabc5dd2074a69fb2438d937 to remote] DEBUG o.a.netty.request.NettyRequestSender - Using pooled Channel '[id: 0x4d628c60, L:/127.0.0.1:52666 - R:localhost/127.0.0.1:60207]' for 'POST' to 'http://localhost:60207/session/7417bc71dabc5dd2074a69fb2438d937/element'
15:13:15.734 [Forwarding findElement on session 7417bc71dabc5dd2074a69fb2438d937 to remote] DEBUG o.a.netty.request.NettyRequestSender - Using open Channel [id: 0x4d628c60, L:/127.0.0.1:52666 - R:localhost/127.0.0.1:60207] for POST '/session/7417bc71dabc5dd2074a69fb2438d937/element'
15:13:15.744 [AsyncHttpClient-1-2] DEBUG o.a.netty.handler.HttpHandler - 

Request DefaultHttpRequest(decodeResult: success, version: HTTP/1.1)
POST /session/7417bc71dabc5dd2074a69fb2438d937/element HTTP/1.1
User-Agent: selenium/4.4.0 (java windows)
Content-Length: 76
Content-Type: application/json; charset=utf-8
host: localhost:60207
accept: */*

Response DefaultHttpResponse(decodeResult: success, version: HTTP/1.1)
HTTP/1.1 200 OK
Content-Type: application/json; charset=utf-8
cache-control: no-cache
content-length: 88

15:13:15.744 [AsyncHttpClient-1-2] DEBUG o.a.netty.channel.ChannelManager - Adding key: http://localhost:60207 for channel [id: 0x4d628c60, L:/127.0.0.1:52666 - R:localhost/127.0.0.1:60207]
15:13:15.751 [Forwarding sendKeysToElement on session 7417bc71dabc5dd2074a69fb2438d937 to remote] DEBUG o.a.netty.request.NettyRequestSender - Using pooled Channel '[id: 0x4d628c60, L:/127.0.0.1:52666 - R:localhost/127.0.0.1:60207]' for 'POST' to 'http://localhost:60207/session/7417bc71dabc5dd2074a69fb2438d937/element/68d3fb91-2e52-4b2c-bf39-1dcf9015b3ed/value'
15:13:15.751 [Forwarding sendKeysToElement on session 7417bc71dabc5dd2074a69fb2438d937 to remote] DEBUG o.a.netty.request.NettyRequestSender - Using open Channel [id: 0x4d628c60, L:/127.0.0.1:52666 - R:localhost/127.0.0.1:60207] for POST '/session/7417bc71dabc5dd2074a69fb2438d937/element/68d3fb91-2e52-4b2c-bf39-1dcf9015b3ed/value'
15:13:15.848 [AsyncHttpClient-1-2] DEBUG o.a.netty.handler.HttpHandler - 

Request DefaultHttpRequest(decodeResult: success, version: HTTP/1.1)
POST /session/7417bc71dabc5dd2074a69fb2438d937/element/68d3fb91-2e52-4b2c-bf39-1dcf9015b3ed/value HTTP/1.1
User-Agent: selenium/4.4.0 (java windows)
Content-Length: 161
Content-Type: application/json; charset=utf-8
host: localhost:60207
accept: */*

Response DefaultHttpResponse(decodeResult: success, version: HTTP/1.1)
HTTP/1.1 200 OK
Content-Type: application/json; charset=utf-8
cache-control: no-cache
content-length: 14

15:13:15.850 [AsyncHttpClient-1-2] DEBUG o.a.netty.channel.ChannelManager - Adding key: http://localhost:60207 for channel [id: 0x4d628c60, L:/127.0.0.1:52666 - R:localhost/127.0.0.1:60207]
15:13:15.854 [Forwarding findElement on session 7417bc71dabc5dd2074a69fb2438d937 to remote] DEBUG o.a.netty.request.NettyRequestSender - Using pooled Channel '[id: 0x4d628c60, L:/127.0.0.1:52666 - R:localhost/127.0.0.1:60207]' for 'POST' to 'http://localhost:60207/session/7417bc71dabc5dd2074a69fb2438d937/element'
15:13:15.855 [Forwarding findElement on session 7417bc71dabc5dd2074a69fb2438d937 to remote] DEBUG o.a.netty.request.NettyRequestSender - Using open Channel [id: 0x4d628c60, L:/127.0.0.1:52666 - R:localhost/127.0.0.1:60207] for POST '/session/7417bc71dabc5dd2074a69fb2438d937/element'
15:13:15.879 [AsyncHttpClient-1-2] DEBUG o.a.netty.handler.HttpHandler - 

Request DefaultHttpRequest(decodeResult: success, version: HTTP/1.1)
POST /session/7417bc71dabc5dd2074a69fb2438d937/element HTTP/1.1
User-Agent: selenium/4.4.0 (java windows)
Content-Length: 86
Content-Type: application/json; charset=utf-8
host: localhost:60207
accept: */*

Response DefaultHttpResponse(decodeResult: success, version: HTTP/1.1)
HTTP/1.1 200 OK
Content-Type: application/json; charset=utf-8
cache-control: no-cache
content-length: 88

15:13:15.880 [AsyncHttpClient-1-2] DEBUG o.a.netty.channel.ChannelManager - Adding key: http://localhost:60207 for channel [id: 0x4d628c60, L:/127.0.0.1:52666 - R:localhost/127.0.0.1:60207]
15:13:15.889 [Forwarding isElementDisplayed on session 7417bc71dabc5dd2074a69fb2438d937 to remote] DEBUG o.a.netty.request.NettyRequestSender - Using pooled Channel '[id: 0x4d628c60, L:/127.0.0.1:52666 - R:localhost/127.0.0.1:60207]' for 'POST' to 'http://localhost:60207/session/7417bc71dabc5dd2074a69fb2438d937/execute/sync'
15:13:15.889 [Forwarding isElementDisplayed on session 7417bc71dabc5dd2074a69fb2438d937 to remote] DEBUG o.a.netty.request.NettyRequestSender - Using open Channel [id: 0x4d628c60, L:/127.0.0.1:52666 - R:localhost/127.0.0.1:60207] for POST '/session/7417bc71dabc5dd2074a69fb2438d937/execute/sync'
15:13:15.904 [AsyncHttpClient-1-2] DEBUG o.a.netty.handler.HttpHandler - 

Request DefaultHttpRequest(decodeResult: success, version: HTTP/1.1)
POST /session/7417bc71dabc5dd2074a69fb2438d937/execute/sync HTTP/1.1
User-Agent: selenium/4.4.0 (java windows)
Content-Length: 48780
Content-Type: application/json; charset=utf-8
host: localhost:60207
accept: */*

Response DefaultHttpResponse(decodeResult: success, version: HTTP/1.1)
HTTP/1.1 200 OK
Content-Type: application/json; charset=utf-8
cache-control: no-cache
content-length: 14

15:13:15.905 [AsyncHttpClient-1-2] DEBUG o.a.netty.channel.ChannelManager - Adding key: http://localhost:60207 for channel [id: 0x4d628c60, L:/127.0.0.1:52666 - R:localhost/127.0.0.1:60207]
15:13:15.908 [Forwarding findElement on session 7417bc71dabc5dd2074a69fb2438d937 to remote] DEBUG o.a.netty.request.NettyRequestSender - Using pooled Channel '[id: 0x4d628c60, L:/127.0.0.1:52666 - R:localhost/127.0.0.1:60207]' for 'POST' to 'http://localhost:60207/session/7417bc71dabc5dd2074a69fb2438d937/element'
15:13:15.908 [Forwarding findElement on session 7417bc71dabc5dd2074a69fb2438d937 to remote] DEBUG o.a.netty.request.NettyRequestSender - Using open Channel [id: 0x4d628c60, L:/127.0.0.1:52666 - R:localhost/127.0.0.1:60207] for POST '/session/7417bc71dabc5dd2074a69fb2438d937/element'
15:13:15.920 [AsyncHttpClient-1-2] DEBUG o.a.netty.handler.HttpHandler - 

Request DefaultHttpRequest(decodeResult: success, version: HTTP/1.1)
POST /session/7417bc71dabc5dd2074a69fb2438d937/element HTTP/1.1
User-Agent: selenium/4.4.0 (java windows)
Content-Length: 86
Content-Type: application/json; charset=utf-8
host: localhost:60207
accept: */*

Response DefaultHttpResponse(decodeResult: success, version: HTTP/1.1)
HTTP/1.1 200 OK
Content-Type: application/json; charset=utf-8
cache-control: no-cache
content-length: 88

15:13:15.921 [AsyncHttpClient-1-2] DEBUG o.a.netty.channel.ChannelManager - Adding key: http://localhost:60207 for channel [id: 0x4d628c60, L:/127.0.0.1:52666 - R:localhost/127.0.0.1:60207]
15:13:15.923 [Forwarding isElementEnabled on session 7417bc71dabc5dd2074a69fb2438d937 to remote] DEBUG o.a.netty.request.NettyRequestSender - Using pooled Channel '[id: 0x4d628c60, L:/127.0.0.1:52666 - R:localhost/127.0.0.1:60207]' for 'GET' to 'http://localhost:60207/session/7417bc71dabc5dd2074a69fb2438d937/element/ecc2e9ee-a702-474f-823b-4df839a03323/enabled'
15:13:15.924 [Forwarding isElementEnabled on session 7417bc71dabc5dd2074a69fb2438d937 to remote] DEBUG o.a.netty.request.NettyRequestSender - Using open Channel [id: 0x4d628c60, L:/127.0.0.1:52666 - R:localhost/127.0.0.1:60207] for GET '/session/7417bc71dabc5dd2074a69fb2438d937/element/ecc2e9ee-a702-474f-823b-4df839a03323/enabled'
15:13:15.938 [AsyncHttpClient-1-2] DEBUG o.a.netty.handler.HttpHandler - 

Request DefaultFullHttpRequest(decodeResult: success, version: HTTP/1.1, content: EmptyByteBufBE)
GET /session/7417bc71dabc5dd2074a69fb2438d937/element/ecc2e9ee-a702-474f-823b-4df839a03323/enabled HTTP/1.1
User-Agent: selenium/4.4.0 (java windows)
Cache-Control: no-cache
Content-Type: application/json; charset=utf-8
host: localhost:60207
accept: */*

Response DefaultHttpResponse(decodeResult: success, version: HTTP/1.1)
HTTP/1.1 200 OK
Content-Type: application/json; charset=utf-8
cache-control: no-cache
content-length: 14

15:13:15.938 [AsyncHttpClient-1-2] DEBUG o.a.netty.channel.ChannelManager - Adding key: http://localhost:60207 for channel [id: 0x4d628c60, L:/127.0.0.1:52666 - R:localhost/127.0.0.1:60207]
15:13:15.941 [Forwarding findElement on session 7417bc71dabc5dd2074a69fb2438d937 to remote] DEBUG o.a.netty.request.NettyRequestSender - Using pooled Channel '[id: 0x4d628c60, L:/127.0.0.1:52666 - R:localhost/127.0.0.1:60207]' for 'POST' to 'http://localhost:60207/session/7417bc71dabc5dd2074a69fb2438d937/element'
15:13:15.941 [Forwarding findElement on session 7417bc71dabc5dd2074a69fb2438d937 to remote] DEBUG o.a.netty.request.NettyRequestSender - Using open Channel [id: 0x4d628c60, L:/127.0.0.1:52666 - R:localhost/127.0.0.1:60207] for POST '/session/7417bc71dabc5dd2074a69fb2438d937/element'
15:13:15.952 [AsyncHttpClient-1-2] DEBUG o.a.netty.handler.HttpHandler - 

Request DefaultHttpRequest(decodeResult: success, version: HTTP/1.1)
POST /session/7417bc71dabc5dd2074a69fb2438d937/element HTTP/1.1
User-Agent: selenium/4.4.0 (java windows)
Content-Length: 86
Content-Type: application/json; charset=utf-8
host: localhost:60207
accept: */*

Response DefaultHttpResponse(decodeResult: success, version: HTTP/1.1)
HTTP/1.1 200 OK
Content-Type: application/json; charset=utf-8
cache-control: no-cache
content-length: 88

15:13:15.953 [AsyncHttpClient-1-2] DEBUG o.a.netty.channel.ChannelManager - Adding key: http://localhost:60207 for channel [id: 0x4d628c60, L:/127.0.0.1:52666 - R:localhost/127.0.0.1:60207]
15:13:15.956 [Forwarding clickElement on session 7417bc71dabc5dd2074a69fb2438d937 to remote] DEBUG o.a.netty.request.NettyRequestSender - Using pooled Channel '[id: 0x4d628c60, L:/127.0.0.1:52666 - R:localhost/127.0.0.1:60207]' for 'POST' to 'http://localhost:60207/session/7417bc71dabc5dd2074a69fb2438d937/element/ecc2e9ee-a702-474f-823b-4df839a03323/click'
15:13:15.956 [Forwarding clickElement on session 7417bc71dabc5dd2074a69fb2438d937 to remote] DEBUG o.a.netty.request.NettyRequestSender - Using open Channel [id: 0x4d628c60, L:/127.0.0.1:52666 - R:localhost/127.0.0.1:60207] for POST '/session/7417bc71dabc5dd2074a69fb2438d937/element/ecc2e9ee-a702-474f-823b-4df839a03323/click'
15:13:16.021 [AsyncHttpClient-1-2] DEBUG o.a.netty.handler.HttpHandler - 

Request DefaultHttpRequest(decodeResult: success, version: HTTP/1.1)
POST /session/7417bc71dabc5dd2074a69fb2438d937/element/ecc2e9ee-a702-474f-823b-4df839a03323/click HTTP/1.1
User-Agent: selenium/4.4.0 (java windows)
Content-Length: 50
Content-Type: application/json; charset=utf-8
host: localhost:60207
accept: */*

Response DefaultHttpResponse(decodeResult: success, version: HTTP/1.1)
HTTP/1.1 200 OK
Content-Type: application/json; charset=utf-8
cache-control: no-cache
content-length: 14

15:13:16.022 [AsyncHttpClient-1-2] DEBUG o.a.netty.channel.ChannelManager - Adding key: http://localhost:60207 for channel [id: 0x4d628c60, L:/127.0.0.1:52666 - R:localhost/127.0.0.1:60207]
15:13:16.027 [Forwarding findElement on session 7417bc71dabc5dd2074a69fb2438d937 to remote] DEBUG o.a.netty.request.NettyRequestSender - Using pooled Channel '[id: 0x4d628c60, L:/127.0.0.1:52666 - R:localhost/127.0.0.1:60207]' for 'POST' to 'http://localhost:60207/session/7417bc71dabc5dd2074a69fb2438d937/element'
15:13:16.027 [Forwarding findElement on session 7417bc71dabc5dd2074a69fb2438d937 to remote] DEBUG o.a.netty.request.NettyRequestSender - Using open Channel [id: 0x4d628c60, L:/127.0.0.1:52666 - R:localhost/127.0.0.1:60207] for POST '/session/7417bc71dabc5dd2074a69fb2438d937/element'
15:13:16.046 [AsyncHttpClient-1-2] DEBUG o.a.netty.handler.HttpHandler - 

Request DefaultHttpRequest(decodeResult: success, version: HTTP/1.1)
POST /session/7417bc71dabc5dd2074a69fb2438d937/element HTTP/1.1
User-Agent: selenium/4.4.0 (java windows)
Content-Length: 86
Content-Type: application/json; charset=utf-8
host: localhost:60207
accept: */*

Response DefaultHttpResponse(decodeResult: success, version: HTTP/1.1)
HTTP/1.1 200 OK
Content-Type: application/json; charset=utf-8
cache-control: no-cache
content-length: 88

15:13:16.046 [AsyncHttpClient-1-2] DEBUG o.a.netty.channel.ChannelManager - Adding key: http://localhost:60207 for channel [id: 0x4d628c60, L:/127.0.0.1:52666 - R:localhost/127.0.0.1:60207]
15:13:16.052 [Forwarding clearElement on session 7417bc71dabc5dd2074a69fb2438d937 to remote] DEBUG o.a.netty.request.NettyRequestSender - Using pooled Channel '[id: 0x4d628c60, L:/127.0.0.1:52666 - R:localhost/127.0.0.1:60207]' for 'POST' to 'http://localhost:60207/session/7417bc71dabc5dd2074a69fb2438d937/element/ecc2e9ee-a702-474f-823b-4df839a03323/clear'
15:13:16.053 [Forwarding clearElement on session 7417bc71dabc5dd2074a69fb2438d937 to remote] DEBUG o.a.netty.request.NettyRequestSender - Using open Channel [id: 0x4d628c60, L:/127.0.0.1:52666 - R:localhost/127.0.0.1:60207] for POST '/session/7417bc71dabc5dd2074a69fb2438d937/element/ecc2e9ee-a702-474f-823b-4df839a03323/clear'
15:13:16.088 [AsyncHttpClient-1-2] DEBUG o.a.netty.handler.HttpHandler - 

Request DefaultHttpRequest(decodeResult: success, version: HTTP/1.1)
POST /session/7417bc71dabc5dd2074a69fb2438d937/element/ecc2e9ee-a702-474f-823b-4df839a03323/clear HTTP/1.1
User-Agent: selenium/4.4.0 (java windows)
Content-Length: 50
Content-Type: application/json; charset=utf-8
host: localhost:60207
accept: */*

Response DefaultHttpResponse(decodeResult: success, version: HTTP/1.1)
HTTP/1.1 200 OK
Content-Type: application/json; charset=utf-8
cache-control: no-cache
content-length: 14

15:13:16.089 [AsyncHttpClient-1-2] DEBUG o.a.netty.channel.ChannelManager - Adding key: http://localhost:60207 for channel [id: 0x4d628c60, L:/127.0.0.1:52666 - R:localhost/127.0.0.1:60207]
15:13:16.091 [Forwarding findElement on session 7417bc71dabc5dd2074a69fb2438d937 to remote] DEBUG o.a.netty.request.NettyRequestSender - Using pooled Channel '[id: 0x4d628c60, L:/127.0.0.1:52666 - R:localhost/127.0.0.1:60207]' for 'POST' to 'http://localhost:60207/session/7417bc71dabc5dd2074a69fb2438d937/element'
15:13:16.091 [Forwarding findElement on session 7417bc71dabc5dd2074a69fb2438d937 to remote] DEBUG o.a.netty.request.NettyRequestSender - Using open Channel [id: 0x4d628c60, L:/127.0.0.1:52666 - R:localhost/127.0.0.1:60207] for POST '/session/7417bc71dabc5dd2074a69fb2438d937/element'
15:13:16.100 [AsyncHttpClient-1-2] DEBUG o.a.netty.handler.HttpHandler - 

Request DefaultHttpRequest(decodeResult: success, version: HTTP/1.1)
POST /session/7417bc71dabc5dd2074a69fb2438d937/element HTTP/1.1
User-Agent: selenium/4.4.0 (java windows)
Content-Length: 86
Content-Type: application/json; charset=utf-8
host: localhost:60207
accept: */*

Response DefaultHttpResponse(decodeResult: success, version: HTTP/1.1)
HTTP/1.1 200 OK
Content-Type: application/json; charset=utf-8
cache-control: no-cache
content-length: 88

15:13:16.100 [AsyncHttpClient-1-2] DEBUG o.a.netty.channel.ChannelManager - Adding key: http://localhost:60207 for channel [id: 0x4d628c60, L:/127.0.0.1:52666 - R:localhost/127.0.0.1:60207]
15:13:16.104 [Forwarding sendKeysToElement on session 7417bc71dabc5dd2074a69fb2438d937 to remote] DEBUG o.a.netty.request.NettyRequestSender - Using pooled Channel '[id: 0x4d628c60, L:/127.0.0.1:52666 - R:localhost/127.0.0.1:60207]' for 'POST' to 'http://localhost:60207/session/7417bc71dabc5dd2074a69fb2438d937/element/ecc2e9ee-a702-474f-823b-4df839a03323/value'
15:13:16.104 [Forwarding sendKeysToElement on session 7417bc71dabc5dd2074a69fb2438d937 to remote] DEBUG o.a.netty.request.NettyRequestSender - Using open Channel [id: 0x4d628c60, L:/127.0.0.1:52666 - R:localhost/127.0.0.1:60207] for POST '/session/7417bc71dabc5dd2074a69fb2438d937/element/ecc2e9ee-a702-474f-823b-4df839a03323/value'
15:13:16.272 [AsyncHttpClient-1-2] DEBUG o.a.netty.handler.HttpHandler - 

Request DefaultHttpRequest(decodeResult: success, version: HTTP/1.1)
POST /session/7417bc71dabc5dd2074a69fb2438d937/element/ecc2e9ee-a702-474f-823b-4df839a03323/value HTTP/1.1
User-Agent: selenium/4.4.0 (java windows)
Content-Length: 251
Content-Type: application/json; charset=utf-8
host: localhost:60207
accept: */*

Response DefaultHttpResponse(decodeResult: success, version: HTTP/1.1)
HTTP/1.1 200 OK
Content-Type: application/json; charset=utf-8
cache-control: no-cache
content-length: 14

15:13:16.273 [AsyncHttpClient-1-2] DEBUG o.a.netty.channel.ChannelManager - Adding key: http://localhost:60207 for channel [id: 0x4d628c60, L:/127.0.0.1:52666 - R:localhost/127.0.0.1:60207]
15:13:16.281 [Forwarding findElement on session 7417bc71dabc5dd2074a69fb2438d937 to remote] DEBUG o.a.netty.request.NettyRequestSender - Using pooled Channel '[id: 0x4d628c60, L:/127.0.0.1:52666 - R:localhost/127.0.0.1:60207]' for 'POST' to 'http://localhost:60207/session/7417bc71dabc5dd2074a69fb2438d937/element'
15:13:16.281 [Forwarding findElement on session 7417bc71dabc5dd2074a69fb2438d937 to remote] DEBUG o.a.netty.request.NettyRequestSender - Using open Channel [id: 0x4d628c60, L:/127.0.0.1:52666 - R:localhost/127.0.0.1:60207] for POST '/session/7417bc71dabc5dd2074a69fb2438d937/element'
15:13:16.304 [AsyncHttpClient-1-2] DEBUG o.a.netty.handler.HttpHandler - 

Request DefaultHttpRequest(decodeResult: success, version: HTTP/1.1)
POST /session/7417bc71dabc5dd2074a69fb2438d937/element HTTP/1.1
User-Agent: selenium/4.4.0 (java windows)
Content-Length: 101
Content-Type: application/json; charset=utf-8
host: localhost:60207
accept: */*

Response DefaultHttpResponse(decodeResult: success, version: HTTP/1.1)
HTTP/1.1 200 OK
Content-Type: application/json; charset=utf-8
cache-control: no-cache
content-length: 88

15:13:16.305 [AsyncHttpClient-1-2] DEBUG o.a.netty.channel.ChannelManager - Adding key: http://localhost:60207 for channel [id: 0x4d628c60, L:/127.0.0.1:52666 - R:localhost/127.0.0.1:60207]
15:13:16.312 [Forwarding isElementDisplayed on session 7417bc71dabc5dd2074a69fb2438d937 to remote] DEBUG o.a.netty.request.NettyRequestSender - Using pooled Channel '[id: 0x4d628c60, L:/127.0.0.1:52666 - R:localhost/127.0.0.1:60207]' for 'POST' to 'http://localhost:60207/session/7417bc71dabc5dd2074a69fb2438d937/execute/sync'
15:13:16.312 [Forwarding isElementDisplayed on session 7417bc71dabc5dd2074a69fb2438d937 to remote] DEBUG o.a.netty.request.NettyRequestSender - Using open Channel [id: 0x4d628c60, L:/127.0.0.1:52666 - R:localhost/127.0.0.1:60207] for POST '/session/7417bc71dabc5dd2074a69fb2438d937/execute/sync'
15:13:16.326 [AsyncHttpClient-1-2] DEBUG o.a.netty.handler.HttpHandler - 

Request DefaultHttpRequest(decodeResult: success, version: HTTP/1.1)
POST /session/7417bc71dabc5dd2074a69fb2438d937/execute/sync HTTP/1.1
User-Agent: selenium/4.4.0 (java windows)
Content-Length: 48780
Content-Type: application/json; charset=utf-8
host: localhost:60207
accept: */*

Response DefaultHttpResponse(decodeResult: success, version: HTTP/1.1)
HTTP/1.1 200 OK
Content-Type: application/json; charset=utf-8
cache-control: no-cache
content-length: 14

15:13:16.327 [AsyncHttpClient-1-2] DEBUG o.a.netty.channel.ChannelManager - Adding key: http://localhost:60207 for channel [id: 0x4d628c60, L:/127.0.0.1:52666 - R:localhost/127.0.0.1:60207]
15:13:16.330 [Forwarding findElement on session 7417bc71dabc5dd2074a69fb2438d937 to remote] DEBUG o.a.netty.request.NettyRequestSender - Using pooled Channel '[id: 0x4d628c60, L:/127.0.0.1:52666 - R:localhost/127.0.0.1:60207]' for 'POST' to 'http://localhost:60207/session/7417bc71dabc5dd2074a69fb2438d937/element'
15:13:16.330 [Forwarding findElement on session 7417bc71dabc5dd2074a69fb2438d937 to remote] DEBUG o.a.netty.request.NettyRequestSender - Using open Channel [id: 0x4d628c60, L:/127.0.0.1:52666 - R:localhost/127.0.0.1:60207] for POST '/session/7417bc71dabc5dd2074a69fb2438d937/element'
15:13:16.327 [AsyncHttpClient-1-1] DEBUG o.a.netty.channel.DefaultChannelPool - Entry count for : http://localhost:52667 : 1
15:13:16.341 [AsyncHttpClient-1-2] DEBUG o.a.netty.handler.HttpHandler - 

Request DefaultHttpRequest(decodeResult: success, version: HTTP/1.1)
POST /session/7417bc71dabc5dd2074a69fb2438d937/element HTTP/1.1
User-Agent: selenium/4.4.0 (java windows)
Content-Length: 101
Content-Type: application/json; charset=utf-8
host: localhost:60207
accept: */*

Response DefaultHttpResponse(decodeResult: success, version: HTTP/1.1)
HTTP/1.1 200 OK
Content-Type: application/json; charset=utf-8
cache-control: no-cache
content-length: 88

15:13:16.342 [AsyncHttpClient-1-2] DEBUG o.a.netty.channel.ChannelManager - Adding key: http://localhost:60207 for channel [id: 0x4d628c60, L:/127.0.0.1:52666 - R:localhost/127.0.0.1:60207]
15:13:16.344 [Forwarding isElementEnabled on session 7417bc71dabc5dd2074a69fb2438d937 to remote] DEBUG o.a.netty.request.NettyRequestSender - Using pooled Channel '[id: 0x4d628c60, L:/127.0.0.1:52666 - R:localhost/127.0.0.1:60207]' for 'GET' to 'http://localhost:60207/session/7417bc71dabc5dd2074a69fb2438d937/element/876bf60f-9939-44fe-8ee1-8ecfada3353e/enabled'
15:13:16.345 [Forwarding isElementEnabled on session 7417bc71dabc5dd2074a69fb2438d937 to remote] DEBUG o.a.netty.request.NettyRequestSender - Using open Channel [id: 0x4d628c60, L:/127.0.0.1:52666 - R:localhost/127.0.0.1:60207] for GET '/session/7417bc71dabc5dd2074a69fb2438d937/element/876bf60f-9939-44fe-8ee1-8ecfada3353e/enabled'
15:13:16.356 [AsyncHttpClient-1-2] DEBUG o.a.netty.handler.HttpHandler - 

Request DefaultFullHttpRequest(decodeResult: success, version: HTTP/1.1, content: EmptyByteBufBE)
GET /session/7417bc71dabc5dd2074a69fb2438d937/element/876bf60f-9939-44fe-8ee1-8ecfada3353e/enabled HTTP/1.1
User-Agent: selenium/4.4.0 (java windows)
Cache-Control: no-cache
Content-Type: application/json; charset=utf-8
host: localhost:60207
accept: */*

Response DefaultHttpResponse(decodeResult: success, version: HTTP/1.1)
HTTP/1.1 200 OK
Content-Type: application/json; charset=utf-8
cache-control: no-cache
content-length: 14

15:13:16.357 [AsyncHttpClient-1-2] DEBUG o.a.netty.channel.ChannelManager - Adding key: http://localhost:60207 for channel [id: 0x4d628c60, L:/127.0.0.1:52666 - R:localhost/127.0.0.1:60207]
15:13:16.359 [Forwarding findElement on session 7417bc71dabc5dd2074a69fb2438d937 to remote] DEBUG o.a.netty.request.NettyRequestSender - Using pooled Channel '[id: 0x4d628c60, L:/127.0.0.1:52666 - R:localhost/127.0.0.1:60207]' for 'POST' to 'http://localhost:60207/session/7417bc71dabc5dd2074a69fb2438d937/element'
15:13:16.360 [Forwarding findElement on session 7417bc71dabc5dd2074a69fb2438d937 to remote] DEBUG o.a.netty.request.NettyRequestSender - Using open Channel [id: 0x4d628c60, L:/127.0.0.1:52666 - R:localhost/127.0.0.1:60207] for POST '/session/7417bc71dabc5dd2074a69fb2438d937/element'
15:13:16.369 [AsyncHttpClient-1-2] DEBUG o.a.netty.handler.HttpHandler - 

Request DefaultHttpRequest(decodeResult: success, version: HTTP/1.1)
POST /session/7417bc71dabc5dd2074a69fb2438d937/element HTTP/1.1
User-Agent: selenium/4.4.0 (java windows)
Content-Length: 101
Content-Type: application/json; charset=utf-8
host: localhost:60207
accept: */*

Response DefaultHttpResponse(decodeResult: success, version: HTTP/1.1)
HTTP/1.1 200 OK
Content-Type: application/json; charset=utf-8
cache-control: no-cache
content-length: 88

15:13:16.370 [AsyncHttpClient-1-2] DEBUG o.a.netty.channel.ChannelManager - Adding key: http://localhost:60207 for channel [id: 0x4d628c60, L:/127.0.0.1:52666 - R:localhost/127.0.0.1:60207]
15:13:16.374 [Forwarding clickElement on session 7417bc71dabc5dd2074a69fb2438d937 to remote] DEBUG o.a.netty.request.NettyRequestSender - Using pooled Channel '[id: 0x4d628c60, L:/127.0.0.1:52666 - R:localhost/127.0.0.1:60207]' for 'POST' to 'http://localhost:60207/session/7417bc71dabc5dd2074a69fb2438d937/element/876bf60f-9939-44fe-8ee1-8ecfada3353e/click'
15:13:16.374 [Forwarding clickElement on session 7417bc71dabc5dd2074a69fb2438d937 to remote] DEBUG o.a.netty.request.NettyRequestSender - Using open Channel [id: 0x4d628c60, L:/127.0.0.1:52666 - R:localhost/127.0.0.1:60207] for POST '/session/7417bc71dabc5dd2074a69fb2438d937/element/876bf60f-9939-44fe-8ee1-8ecfada3353e/click'
15:13:16.435 [AsyncHttpClient-1-2] DEBUG o.a.netty.handler.HttpHandler - 

Request DefaultHttpRequest(decodeResult: success, version: HTTP/1.1)
POST /session/7417bc71dabc5dd2074a69fb2438d937/element/876bf60f-9939-44fe-8ee1-8ecfada3353e/click HTTP/1.1
User-Agent: selenium/4.4.0 (java windows)
Content-Length: 50
Content-Type: application/json; charset=utf-8
host: localhost:60207
accept: */*

Response DefaultHttpResponse(decodeResult: success, version: HTTP/1.1)
HTTP/1.1 200 OK
Content-Type: application/json; charset=utf-8
cache-control: no-cache
content-length: 14

15:13:16.437 [AsyncHttpClient-1-2] DEBUG o.a.netty.channel.ChannelManager - Adding key: http://localhost:60207 for channel [id: 0x4d628c60, L:/127.0.0.1:52666 - R:localhost/127.0.0.1:60207]
15:13:16.447 [Forwarding findElement on session 7417bc71dabc5dd2074a69fb2438d937 to remote] DEBUG o.a.netty.request.NettyRequestSender - Using pooled Channel '[id: 0x4d628c60, L:/127.0.0.1:52666 - R:localhost/127.0.0.1:60207]' for 'POST' to 'http://localhost:60207/session/7417bc71dabc5dd2074a69fb2438d937/element'
15:13:16.448 [Forwarding findElement on session 7417bc71dabc5dd2074a69fb2438d937 to remote] DEBUG o.a.netty.request.NettyRequestSender - Using open Channel [id: 0x4d628c60, L:/127.0.0.1:52666 - R:localhost/127.0.0.1:60207] for POST '/session/7417bc71dabc5dd2074a69fb2438d937/element'
15:13:16.461 [AsyncHttpClient-1-2] DEBUG o.a.netty.handler.HttpHandler - 

Request DefaultHttpRequest(decodeResult: success, version: HTTP/1.1)
POST /session/7417bc71dabc5dd2074a69fb2438d937/element HTTP/1.1
User-Agent: selenium/4.4.0 (java windows)
Content-Length: 101
Content-Type: application/json; charset=utf-8
host: localhost:60207
accept: */*

Response DefaultHttpResponse(decodeResult: success, version: HTTP/1.1)
HTTP/1.1 200 OK
Content-Type: application/json; charset=utf-8
cache-control: no-cache
content-length: 88

15:13:16.461 [AsyncHttpClient-1-2] DEBUG o.a.netty.channel.ChannelManager - Adding key: http://localhost:60207 for channel [id: 0x4d628c60, L:/127.0.0.1:52666 - R:localhost/127.0.0.1:60207]
15:13:16.464 [Forwarding clearElement on session 7417bc71dabc5dd2074a69fb2438d937 to remote] DEBUG o.a.netty.request.NettyRequestSender - Using pooled Channel '[id: 0x4d628c60, L:/127.0.0.1:52666 - R:localhost/127.0.0.1:60207]' for 'POST' to 'http://localhost:60207/session/7417bc71dabc5dd2074a69fb2438d937/element/876bf60f-9939-44fe-8ee1-8ecfada3353e/clear'
15:13:16.465 [Forwarding clearElement on session 7417bc71dabc5dd2074a69fb2438d937 to remote] DEBUG o.a.netty.request.NettyRequestSender - Using open Channel [id: 0x4d628c60, L:/127.0.0.1:52666 - R:localhost/127.0.0.1:60207] for POST '/session/7417bc71dabc5dd2074a69fb2438d937/element/876bf60f-9939-44fe-8ee1-8ecfada3353e/clear'
15:13:16.504 [AsyncHttpClient-1-2] DEBUG o.a.netty.handler.HttpHandler - 

Request DefaultHttpRequest(decodeResult: success, version: HTTP/1.1)
POST /session/7417bc71dabc5dd2074a69fb2438d937/element/876bf60f-9939-44fe-8ee1-8ecfada3353e/clear HTTP/1.1
User-Agent: selenium/4.4.0 (java windows)
Content-Length: 50
Content-Type: application/json; charset=utf-8
host: localhost:60207
accept: */*

Response DefaultHttpResponse(decodeResult: success, version: HTTP/1.1)
HTTP/1.1 200 OK
Content-Type: application/json; charset=utf-8
cache-control: no-cache
content-length: 14

15:13:16.505 [AsyncHttpClient-1-2] DEBUG o.a.netty.channel.ChannelManager - Adding key: http://localhost:60207 for channel [id: 0x4d628c60, L:/127.0.0.1:52666 - R:localhost/127.0.0.1:60207]
15:13:16.507 [Forwarding findElement on session 7417bc71dabc5dd2074a69fb2438d937 to remote] DEBUG o.a.netty.request.NettyRequestSender - Using pooled Channel '[id: 0x4d628c60, L:/127.0.0.1:52666 - R:localhost/127.0.0.1:60207]' for 'POST' to 'http://localhost:60207/session/7417bc71dabc5dd2074a69fb2438d937/element'
15:13:16.507 [Forwarding findElement on session 7417bc71dabc5dd2074a69fb2438d937 to remote] DEBUG o.a.netty.request.NettyRequestSender - Using open Channel [id: 0x4d628c60, L:/127.0.0.1:52666 - R:localhost/127.0.0.1:60207] for POST '/session/7417bc71dabc5dd2074a69fb2438d937/element'
15:13:16.517 [AsyncHttpClient-1-2] DEBUG o.a.netty.handler.HttpHandler - 

Request DefaultHttpRequest(decodeResult: success, version: HTTP/1.1)
POST /session/7417bc71dabc5dd2074a69fb2438d937/element HTTP/1.1
User-Agent: selenium/4.4.0 (java windows)
Content-Length: 101
Content-Type: application/json; charset=utf-8
host: localhost:60207
accept: */*

Response DefaultHttpResponse(decodeResult: success, version: HTTP/1.1)
HTTP/1.1 200 OK
Content-Type: application/json; charset=utf-8
cache-control: no-cache
content-length: 88

15:13:16.518 [AsyncHttpClient-1-2] DEBUG o.a.netty.channel.ChannelManager - Adding key: http://localhost:60207 for channel [id: 0x4d628c60, L:/127.0.0.1:52666 - R:localhost/127.0.0.1:60207]
15:13:16.521 [Forwarding sendKeysToElement on session 7417bc71dabc5dd2074a69fb2438d937 to remote] DEBUG o.a.netty.request.NettyRequestSender - Using pooled Channel '[id: 0x4d628c60, L:/127.0.0.1:52666 - R:localhost/127.0.0.1:60207]' for 'POST' to 'http://localhost:60207/session/7417bc71dabc5dd2074a69fb2438d937/element/876bf60f-9939-44fe-8ee1-8ecfada3353e/value'
15:13:16.521 [Forwarding sendKeysToElement on session 7417bc71dabc5dd2074a69fb2438d937 to remote] DEBUG o.a.netty.request.NettyRequestSender - Using open Channel [id: 0x4d628c60, L:/127.0.0.1:52666 - R:localhost/127.0.0.1:60207] for POST '/session/7417bc71dabc5dd2074a69fb2438d937/element/876bf60f-9939-44fe-8ee1-8ecfada3353e/value'
15:13:16.609 [AsyncHttpClient-1-2] DEBUG o.a.netty.handler.HttpHandler - 

Request DefaultHttpRequest(decodeResult: success, version: HTTP/1.1)
POST /session/7417bc71dabc5dd2074a69fb2438d937/element/876bf60f-9939-44fe-8ee1-8ecfada3353e/value HTTP/1.1
User-Agent: selenium/4.4.0 (java windows)
Content-Length: 171
Content-Type: application/json; charset=utf-8
host: localhost:60207
accept: */*

Response DefaultHttpResponse(decodeResult: success, version: HTTP/1.1)
HTTP/1.1 200 OK
Content-Type: application/json; charset=utf-8
cache-control: no-cache
content-length: 14

15:13:16.610 [AsyncHttpClient-1-2] DEBUG o.a.netty.channel.ChannelManager - Adding key: http://localhost:60207 for channel [id: 0x4d628c60, L:/127.0.0.1:52666 - R:localhost/127.0.0.1:60207]
15:13:16.614 [Forwarding findElement on session 7417bc71dabc5dd2074a69fb2438d937 to remote] DEBUG o.a.netty.request.NettyRequestSender - Using pooled Channel '[id: 0x4d628c60, L:/127.0.0.1:52666 - R:localhost/127.0.0.1:60207]' for 'POST' to 'http://localhost:60207/session/7417bc71dabc5dd2074a69fb2438d937/element'
15:13:16.614 [Forwarding findElement on session 7417bc71dabc5dd2074a69fb2438d937 to remote] DEBUG o.a.netty.request.NettyRequestSender - Using open Channel [id: 0x4d628c60, L:/127.0.0.1:52666 - R:localhost/127.0.0.1:60207] for POST '/session/7417bc71dabc5dd2074a69fb2438d937/element'
15:13:16.631 [AsyncHttpClient-1-2] DEBUG o.a.netty.handler.HttpHandler - 

Request DefaultHttpRequest(decodeResult: success, version: HTTP/1.1)
POST /session/7417bc71dabc5dd2074a69fb2438d937/element HTTP/1.1
User-Agent: selenium/4.4.0 (java windows)
Content-Length: 101
Content-Type: application/json; charset=utf-8
host: localhost:60207
accept: */*

Response DefaultHttpResponse(decodeResult: success, version: HTTP/1.1)
HTTP/1.1 200 OK
Content-Type: application/json; charset=utf-8
cache-control: no-cache
content-length: 88

15:13:16.632 [AsyncHttpClient-1-2] DEBUG o.a.netty.channel.ChannelManager - Adding key: http://localhost:60207 for channel [id: 0x4d628c60, L:/127.0.0.1:52666 - R:localhost/127.0.0.1:60207]
15:13:16.640 [Forwarding isElementDisplayed on session 7417bc71dabc5dd2074a69fb2438d937 to remote] DEBUG o.a.netty.request.NettyRequestSender - Using pooled Channel '[id: 0x4d628c60, L:/127.0.0.1:52666 - R:localhost/127.0.0.1:60207]' for 'POST' to 'http://localhost:60207/session/7417bc71dabc5dd2074a69fb2438d937/execute/sync'
15:13:16.641 [Forwarding isElementDisplayed on session 7417bc71dabc5dd2074a69fb2438d937 to remote] DEBUG o.a.netty.request.NettyRequestSender - Using open Channel [id: 0x4d628c60, L:/127.0.0.1:52666 - R:localhost/127.0.0.1:60207] for POST '/session/7417bc71dabc5dd2074a69fb2438d937/execute/sync'
15:13:16.653 [AsyncHttpClient-1-2] DEBUG o.a.netty.handler.HttpHandler - 

Request DefaultHttpRequest(decodeResult: success, version: HTTP/1.1)
POST /session/7417bc71dabc5dd2074a69fb2438d937/execute/sync HTTP/1.1
User-Agent: selenium/4.4.0 (java windows)
Content-Length: 48780
Content-Type: application/json; charset=utf-8
host: localhost:60207
accept: */*

Response DefaultHttpResponse(decodeResult: success, version: HTTP/1.1)
HTTP/1.1 200 OK
Content-Type: application/json; charset=utf-8
cache-control: no-cache
content-length: 14

15:13:16.654 [AsyncHttpClient-1-2] DEBUG o.a.netty.channel.ChannelManager - Adding key: http://localhost:60207 for channel [id: 0x4d628c60, L:/127.0.0.1:52666 - R:localhost/127.0.0.1:60207]
15:13:16.656 [Forwarding findElement on session 7417bc71dabc5dd2074a69fb2438d937 to remote] DEBUG o.a.netty.request.NettyRequestSender - Using pooled Channel '[id: 0x4d628c60, L:/127.0.0.1:52666 - R:localhost/127.0.0.1:60207]' for 'POST' to 'http://localhost:60207/session/7417bc71dabc5dd2074a69fb2438d937/element'
15:13:16.656 [Forwarding findElement on session 7417bc71dabc5dd2074a69fb2438d937 to remote] DEBUG o.a.netty.request.NettyRequestSender - Using open Channel [id: 0x4d628c60, L:/127.0.0.1:52666 - R:localhost/127.0.0.1:60207] for POST '/session/7417bc71dabc5dd2074a69fb2438d937/element'
15:13:16.666 [AsyncHttpClient-1-2] DEBUG o.a.netty.handler.HttpHandler - 

Request DefaultHttpRequest(decodeResult: success, version: HTTP/1.1)
POST /session/7417bc71dabc5dd2074a69fb2438d937/element HTTP/1.1
User-Agent: selenium/4.4.0 (java windows)
Content-Length: 101
Content-Type: application/json; charset=utf-8
host: localhost:60207
accept: */*

Response DefaultHttpResponse(decodeResult: success, version: HTTP/1.1)
HTTP/1.1 200 OK
Content-Type: application/json; charset=utf-8
cache-control: no-cache
content-length: 88

15:13:16.666 [AsyncHttpClient-1-2] DEBUG o.a.netty.channel.ChannelManager - Adding key: http://localhost:60207 for channel [id: 0x4d628c60, L:/127.0.0.1:52666 - R:localhost/127.0.0.1:60207]
15:13:16.668 [Forwarding isElementEnabled on session 7417bc71dabc5dd2074a69fb2438d937 to remote] DEBUG o.a.netty.request.NettyRequestSender - Using pooled Channel '[id: 0x4d628c60, L:/127.0.0.1:52666 - R:localhost/127.0.0.1:60207]' for 'GET' to 'http://localhost:60207/session/7417bc71dabc5dd2074a69fb2438d937/element/b18c06d3-ebdb-404e-832c-3c46f92e7d31/enabled'
15:13:16.668 [Forwarding isElementEnabled on session 7417bc71dabc5dd2074a69fb2438d937 to remote] DEBUG o.a.netty.request.NettyRequestSender - Using open Channel [id: 0x4d628c60, L:/127.0.0.1:52666 - R:localhost/127.0.0.1:60207] for GET '/session/7417bc71dabc5dd2074a69fb2438d937/element/b18c06d3-ebdb-404e-832c-3c46f92e7d31/enabled'
15:13:16.679 [AsyncHttpClient-1-2] DEBUG o.a.netty.handler.HttpHandler - 

Request DefaultFullHttpRequest(decodeResult: success, version: HTTP/1.1, content: EmptyByteBufBE)
GET /session/7417bc71dabc5dd2074a69fb2438d937/element/b18c06d3-ebdb-404e-832c-3c46f92e7d31/enabled HTTP/1.1
User-Agent: selenium/4.4.0 (java windows)
Cache-Control: no-cache
Content-Type: application/json; charset=utf-8
host: localhost:60207
accept: */*

Response DefaultHttpResponse(decodeResult: success, version: HTTP/1.1)
HTTP/1.1 200 OK
Content-Type: application/json; charset=utf-8
cache-control: no-cache
content-length: 14

15:13:16.680 [AsyncHttpClient-1-2] DEBUG o.a.netty.channel.ChannelManager - Adding key: http://localhost:60207 for channel [id: 0x4d628c60, L:/127.0.0.1:52666 - R:localhost/127.0.0.1:60207]
15:13:16.683 [Forwarding findElement on session 7417bc71dabc5dd2074a69fb2438d937 to remote] DEBUG o.a.netty.request.NettyRequestSender - Using pooled Channel '[id: 0x4d628c60, L:/127.0.0.1:52666 - R:localhost/127.0.0.1:60207]' for 'POST' to 'http://localhost:60207/session/7417bc71dabc5dd2074a69fb2438d937/element'
15:13:16.683 [Forwarding findElement on session 7417bc71dabc5dd2074a69fb2438d937 to remote] DEBUG o.a.netty.request.NettyRequestSender - Using open Channel [id: 0x4d628c60, L:/127.0.0.1:52666 - R:localhost/127.0.0.1:60207] for POST '/session/7417bc71dabc5dd2074a69fb2438d937/element'
15:13:16.692 [AsyncHttpClient-1-2] DEBUG o.a.netty.handler.HttpHandler - 

Request DefaultHttpRequest(decodeResult: success, version: HTTP/1.1)
POST /session/7417bc71dabc5dd2074a69fb2438d937/element HTTP/1.1
User-Agent: selenium/4.4.0 (java windows)
Content-Length: 101
Content-Type: application/json; charset=utf-8
host: localhost:60207
accept: */*

Response DefaultHttpResponse(decodeResult: success, version: HTTP/1.1)
HTTP/1.1 200 OK
Content-Type: application/json; charset=utf-8
cache-control: no-cache
content-length: 88

15:13:16.693 [AsyncHttpClient-1-2] DEBUG o.a.netty.channel.ChannelManager - Adding key: http://localhost:60207 for channel [id: 0x4d628c60, L:/127.0.0.1:52666 - R:localhost/127.0.0.1:60207]
15:13:16.699 [Forwarding clickElement on session 7417bc71dabc5dd2074a69fb2438d937 to remote] DEBUG o.a.netty.request.NettyRequestSender - Using pooled Channel '[id: 0x4d628c60, L:/127.0.0.1:52666 - R:localhost/127.0.0.1:60207]' for 'POST' to 'http://localhost:60207/session/7417bc71dabc5dd2074a69fb2438d937/element/b18c06d3-ebdb-404e-832c-3c46f92e7d31/click'
15:13:16.699 [Forwarding clickElement on session 7417bc71dabc5dd2074a69fb2438d937 to remote] DEBUG o.a.netty.request.NettyRequestSender - Using open Channel [id: 0x4d628c60, L:/127.0.0.1:52666 - R:localhost/127.0.0.1:60207] for POST '/session/7417bc71dabc5dd2074a69fb2438d937/element/b18c06d3-ebdb-404e-832c-3c46f92e7d31/click'
15:13:16.759 [AsyncHttpClient-1-2] DEBUG o.a.netty.handler.HttpHandler - 

Request DefaultHttpRequest(decodeResult: success, version: HTTP/1.1)
POST /session/7417bc71dabc5dd2074a69fb2438d937/element/b18c06d3-ebdb-404e-832c-3c46f92e7d31/click HTTP/1.1
User-Agent: selenium/4.4.0 (java windows)
Content-Length: 50
Content-Type: application/json; charset=utf-8
host: localhost:60207
accept: */*

Response DefaultHttpResponse(decodeResult: success, version: HTTP/1.1)
HTTP/1.1 200 OK
Content-Type: application/json; charset=utf-8
cache-control: no-cache
content-length: 14

15:13:16.759 [AsyncHttpClient-1-2] DEBUG o.a.netty.channel.ChannelManager - Adding key: http://localhost:60207 for channel [id: 0x4d628c60, L:/127.0.0.1:52666 - R:localhost/127.0.0.1:60207]
15:13:16.765 [Forwarding findElement on session 7417bc71dabc5dd2074a69fb2438d937 to remote] DEBUG o.a.netty.request.NettyRequestSender - Using pooled Channel '[id: 0x4d628c60, L:/127.0.0.1:52666 - R:localhost/127.0.0.1:60207]' for 'POST' to 'http://localhost:60207/session/7417bc71dabc5dd2074a69fb2438d937/element'
15:13:16.766 [Forwarding findElement on session 7417bc71dabc5dd2074a69fb2438d937 to remote] DEBUG o.a.netty.request.NettyRequestSender - Using open Channel [id: 0x4d628c60, L:/127.0.0.1:52666 - R:localhost/127.0.0.1:60207] for POST '/session/7417bc71dabc5dd2074a69fb2438d937/element'
15:13:16.786 [AsyncHttpClient-1-2] DEBUG o.a.netty.handler.HttpHandler - 

Request DefaultHttpRequest(decodeResult: success, version: HTTP/1.1)
POST /session/7417bc71dabc5dd2074a69fb2438d937/element HTTP/1.1
User-Agent: selenium/4.4.0 (java windows)
Content-Length: 101
Content-Type: application/json; charset=utf-8
host: localhost:60207
accept: */*

Response DefaultHttpResponse(decodeResult: success, version: HTTP/1.1)
HTTP/1.1 200 OK
Content-Type: application/json; charset=utf-8
cache-control: no-cache
content-length: 88

15:13:16.787 [AsyncHttpClient-1-2] DEBUG o.a.netty.channel.ChannelManager - Adding key: http://localhost:60207 for channel [id: 0x4d628c60, L:/127.0.0.1:52666 - R:localhost/127.0.0.1:60207]
15:13:16.789 [Forwarding clearElement on session 7417bc71dabc5dd2074a69fb2438d937 to remote] DEBUG o.a.netty.request.NettyRequestSender - Using pooled Channel '[id: 0x4d628c60, L:/127.0.0.1:52666 - R:localhost/127.0.0.1:60207]' for 'POST' to 'http://localhost:60207/session/7417bc71dabc5dd2074a69fb2438d937/element/b18c06d3-ebdb-404e-832c-3c46f92e7d31/clear'
15:13:16.790 [Forwarding clearElement on session 7417bc71dabc5dd2074a69fb2438d937 to remote] DEBUG o.a.netty.request.NettyRequestSender - Using open Channel [id: 0x4d628c60, L:/127.0.0.1:52666 - R:localhost/127.0.0.1:60207] for POST '/session/7417bc71dabc5dd2074a69fb2438d937/element/b18c06d3-ebdb-404e-832c-3c46f92e7d31/clear'
15:13:16.826 [AsyncHttpClient-1-2] DEBUG o.a.netty.handler.HttpHandler - 

Request DefaultHttpRequest(decodeResult: success, version: HTTP/1.1)
POST /session/7417bc71dabc5dd2074a69fb2438d937/element/b18c06d3-ebdb-404e-832c-3c46f92e7d31/clear HTTP/1.1
User-Agent: selenium/4.4.0 (java windows)
Content-Length: 50
Content-Type: application/json; charset=utf-8
host: localhost:60207
accept: */*

Response DefaultHttpResponse(decodeResult: success, version: HTTP/1.1)
HTTP/1.1 200 OK
Content-Type: application/json; charset=utf-8
cache-control: no-cache
content-length: 14

15:13:16.827 [AsyncHttpClient-1-2] DEBUG o.a.netty.channel.ChannelManager - Adding key: http://localhost:60207 for channel [id: 0x4d628c60, L:/127.0.0.1:52666 - R:localhost/127.0.0.1:60207]
15:13:16.829 [Forwarding findElement on session 7417bc71dabc5dd2074a69fb2438d937 to remote] DEBUG o.a.netty.request.NettyRequestSender - Using pooled Channel '[id: 0x4d628c60, L:/127.0.0.1:52666 - R:localhost/127.0.0.1:60207]' for 'POST' to 'http://localhost:60207/session/7417bc71dabc5dd2074a69fb2438d937/element'
15:13:16.829 [Forwarding findElement on session 7417bc71dabc5dd2074a69fb2438d937 to remote] DEBUG o.a.netty.request.NettyRequestSender - Using open Channel [id: 0x4d628c60, L:/127.0.0.1:52666 - R:localhost/127.0.0.1:60207] for POST '/session/7417bc71dabc5dd2074a69fb2438d937/element'
15:13:16.839 [AsyncHttpClient-1-2] DEBUG o.a.netty.handler.HttpHandler - 

Request DefaultHttpRequest(decodeResult: success, version: HTTP/1.1)
POST /session/7417bc71dabc5dd2074a69fb2438d937/element HTTP/1.1
User-Agent: selenium/4.4.0 (java windows)
Content-Length: 101
Content-Type: application/json; charset=utf-8
host: localhost:60207
accept: */*

Response DefaultHttpResponse(decodeResult: success, version: HTTP/1.1)
HTTP/1.1 200 OK
Content-Type: application/json; charset=utf-8
cache-control: no-cache
content-length: 88

15:13:16.840 [AsyncHttpClient-1-2] DEBUG o.a.netty.channel.ChannelManager - Adding key: http://localhost:60207 for channel [id: 0x4d628c60, L:/127.0.0.1:52666 - R:localhost/127.0.0.1:60207]
15:13:16.842 [Forwarding sendKeysToElement on session 7417bc71dabc5dd2074a69fb2438d937 to remote] DEBUG o.a.netty.request.NettyRequestSender - Using pooled Channel '[id: 0x4d628c60, L:/127.0.0.1:52666 - R:localhost/127.0.0.1:60207]' for 'POST' to 'http://localhost:60207/session/7417bc71dabc5dd2074a69fb2438d937/element/b18c06d3-ebdb-404e-832c-3c46f92e7d31/value'
15:13:16.843 [Forwarding sendKeysToElement on session 7417bc71dabc5dd2074a69fb2438d937 to remote] DEBUG o.a.netty.request.NettyRequestSender - Using open Channel [id: 0x4d628c60, L:/127.0.0.1:52666 - R:localhost/127.0.0.1:60207] for POST '/session/7417bc71dabc5dd2074a69fb2438d937/element/b18c06d3-ebdb-404e-832c-3c46f92e7d31/value'
15:13:16.924 [AsyncHttpClient-1-2] DEBUG o.a.netty.handler.HttpHandler - 

Request DefaultHttpRequest(decodeResult: success, version: HTTP/1.1)
POST /session/7417bc71dabc5dd2074a69fb2438d937/element/b18c06d3-ebdb-404e-832c-3c46f92e7d31/value HTTP/1.1
User-Agent: selenium/4.4.0 (java windows)
Content-Length: 171
Content-Type: application/json; charset=utf-8
host: localhost:60207
accept: */*

Response DefaultHttpResponse(decodeResult: success, version: HTTP/1.1)
HTTP/1.1 200 OK
Content-Type: application/json; charset=utf-8
cache-control: no-cache
content-length: 14

15:13:16.925 [AsyncHttpClient-1-2] DEBUG o.a.netty.channel.ChannelManager - Adding key: http://localhost:60207 for channel [id: 0x4d628c60, L:/127.0.0.1:52666 - R:localhost/127.0.0.1:60207]
15:13:16.928 [Forwarding findElement on session 7417bc71dabc5dd2074a69fb2438d937 to remote] DEBUG o.a.netty.request.NettyRequestSender - Using pooled Channel '[id: 0x4d628c60, L:/127.0.0.1:52666 - R:localhost/127.0.0.1:60207]' for 'POST' to 'http://localhost:60207/session/7417bc71dabc5dd2074a69fb2438d937/element'
15:13:16.929 [Forwarding findElement on session 7417bc71dabc5dd2074a69fb2438d937 to remote] DEBUG o.a.netty.request.NettyRequestSender - Using open Channel [id: 0x4d628c60, L:/127.0.0.1:52666 - R:localhost/127.0.0.1:60207] for POST '/session/7417bc71dabc5dd2074a69fb2438d937/element'
15:13:16.945 [AsyncHttpClient-1-2] DEBUG o.a.netty.handler.HttpHandler - 

Request DefaultHttpRequest(decodeResult: success, version: HTTP/1.1)
POST /session/7417bc71dabc5dd2074a69fb2438d937/element HTTP/1.1
User-Agent: selenium/4.4.0 (java windows)
Content-Length: 69
Content-Type: application/json; charset=utf-8
host: localhost:60207
accept: */*

Response DefaultHttpResponse(decodeResult: success, version: HTTP/1.1)
HTTP/1.1 200 OK
Content-Type: application/json; charset=utf-8
cache-control: no-cache
content-length: 88

15:13:16.946 [AsyncHttpClient-1-2] DEBUG o.a.netty.channel.ChannelManager - Adding key: http://localhost:60207 for channel [id: 0x4d628c60, L:/127.0.0.1:52666 - R:localhost/127.0.0.1:60207]
15:13:16.953 [Forwarding isElementDisplayed on session 7417bc71dabc5dd2074a69fb2438d937 to remote] DEBUG o.a.netty.request.NettyRequestSender - Using pooled Channel '[id: 0x4d628c60, L:/127.0.0.1:52666 - R:localhost/127.0.0.1:60207]' for 'POST' to 'http://localhost:60207/session/7417bc71dabc5dd2074a69fb2438d937/execute/sync'
15:13:16.953 [Forwarding isElementDisplayed on session 7417bc71dabc5dd2074a69fb2438d937 to remote] DEBUG o.a.netty.request.NettyRequestSender - Using open Channel [id: 0x4d628c60, L:/127.0.0.1:52666 - R:localhost/127.0.0.1:60207] for POST '/session/7417bc71dabc5dd2074a69fb2438d937/execute/sync'
15:13:16.965 [AsyncHttpClient-1-2] DEBUG o.a.netty.handler.HttpHandler - 

Request DefaultHttpRequest(decodeResult: success, version: HTTP/1.1)
POST /session/7417bc71dabc5dd2074a69fb2438d937/execute/sync HTTP/1.1
User-Agent: selenium/4.4.0 (java windows)
Content-Length: 48780
Content-Type: application/json; charset=utf-8
host: localhost:60207
accept: */*

Response DefaultHttpResponse(decodeResult: success, version: HTTP/1.1)
HTTP/1.1 200 OK
Content-Type: application/json; charset=utf-8
cache-control: no-cache
content-length: 14

15:13:16.966 [AsyncHttpClient-1-2] DEBUG o.a.netty.channel.ChannelManager - Adding key: http://localhost:60207 for channel [id: 0x4d628c60, L:/127.0.0.1:52666 - R:localhost/127.0.0.1:60207]
15:13:16.969 [Forwarding findElement on session 7417bc71dabc5dd2074a69fb2438d937 to remote] DEBUG o.a.netty.request.NettyRequestSender - Using pooled Channel '[id: 0x4d628c60, L:/127.0.0.1:52666 - R:localhost/127.0.0.1:60207]' for 'POST' to 'http://localhost:60207/session/7417bc71dabc5dd2074a69fb2438d937/element'
15:13:16.969 [Forwarding findElement on session 7417bc71dabc5dd2074a69fb2438d937 to remote] DEBUG o.a.netty.request.NettyRequestSender - Using open Channel [id: 0x4d628c60, L:/127.0.0.1:52666 - R:localhost/127.0.0.1:60207] for POST '/session/7417bc71dabc5dd2074a69fb2438d937/element'
15:13:16.978 [AsyncHttpClient-1-2] DEBUG o.a.netty.handler.HttpHandler - 

Request DefaultHttpRequest(decodeResult: success, version: HTTP/1.1)
POST /session/7417bc71dabc5dd2074a69fb2438d937/element HTTP/1.1
User-Agent: selenium/4.4.0 (java windows)
Content-Length: 69
Content-Type: application/json; charset=utf-8
host: localhost:60207
accept: */*

Response DefaultHttpResponse(decodeResult: success, version: HTTP/1.1)
HTTP/1.1 200 OK
Content-Type: application/json; charset=utf-8
cache-control: no-cache
content-length: 88

15:13:16.979 [AsyncHttpClient-1-2] DEBUG o.a.netty.channel.ChannelManager - Adding key: http://localhost:60207 for channel [id: 0x4d628c60, L:/127.0.0.1:52666 - R:localhost/127.0.0.1:60207]
15:13:16.981 [Forwarding isElementEnabled on session 7417bc71dabc5dd2074a69fb2438d937 to remote] DEBUG o.a.netty.request.NettyRequestSender - Using pooled Channel '[id: 0x4d628c60, L:/127.0.0.1:52666 - R:localhost/127.0.0.1:60207]' for 'GET' to 'http://localhost:60207/session/7417bc71dabc5dd2074a69fb2438d937/element/cac0143a-2775-4e9e-b813-e4d8076d3cf6/enabled'
15:13:16.981 [Forwarding isElementEnabled on session 7417bc71dabc5dd2074a69fb2438d937 to remote] DEBUG o.a.netty.request.NettyRequestSender - Using open Channel [id: 0x4d628c60, L:/127.0.0.1:52666 - R:localhost/127.0.0.1:60207] for GET '/session/7417bc71dabc5dd2074a69fb2438d937/element/cac0143a-2775-4e9e-b813-e4d8076d3cf6/enabled'
15:13:16.993 [AsyncHttpClient-1-2] DEBUG o.a.netty.handler.HttpHandler - 

Request DefaultFullHttpRequest(decodeResult: success, version: HTTP/1.1, content: EmptyByteBufBE)
GET /session/7417bc71dabc5dd2074a69fb2438d937/element/cac0143a-2775-4e9e-b813-e4d8076d3cf6/enabled HTTP/1.1
User-Agent: selenium/4.4.0 (java windows)
Cache-Control: no-cache
Content-Type: application/json; charset=utf-8
host: localhost:60207
accept: */*

Response DefaultHttpResponse(decodeResult: success, version: HTTP/1.1)
HTTP/1.1 200 OK
Content-Type: application/json; charset=utf-8
cache-control: no-cache
content-length: 14

15:13:16.994 [AsyncHttpClient-1-2] DEBUG o.a.netty.channel.ChannelManager - Adding key: http://localhost:60207 for channel [id: 0x4d628c60, L:/127.0.0.1:52666 - R:localhost/127.0.0.1:60207]
15:13:16.996 [Forwarding findElement on session 7417bc71dabc5dd2074a69fb2438d937 to remote] DEBUG o.a.netty.request.NettyRequestSender - Using pooled Channel '[id: 0x4d628c60, L:/127.0.0.1:52666 - R:localhost/127.0.0.1:60207]' for 'POST' to 'http://localhost:60207/session/7417bc71dabc5dd2074a69fb2438d937/element'
15:13:16.997 [Forwarding findElement on session 7417bc71dabc5dd2074a69fb2438d937 to remote] DEBUG o.a.netty.request.NettyRequestSender - Using open Channel [id: 0x4d628c60, L:/127.0.0.1:52666 - R:localhost/127.0.0.1:60207] for POST '/session/7417bc71dabc5dd2074a69fb2438d937/element'
15:13:17.008 [AsyncHttpClient-1-2] DEBUG o.a.netty.handler.HttpHandler - 

Request DefaultHttpRequest(decodeResult: success, version: HTTP/1.1)
POST /session/7417bc71dabc5dd2074a69fb2438d937/element HTTP/1.1
User-Agent: selenium/4.4.0 (java windows)
Content-Length: 69
Content-Type: application/json; charset=utf-8
host: localhost:60207
accept: */*

Response DefaultHttpResponse(decodeResult: success, version: HTTP/1.1)
HTTP/1.1 200 OK
Content-Type: application/json; charset=utf-8
cache-control: no-cache
content-length: 88

15:13:17.009 [AsyncHttpClient-1-2] DEBUG o.a.netty.channel.ChannelManager - Adding key: http://localhost:60207 for channel [id: 0x4d628c60, L:/127.0.0.1:52666 - R:localhost/127.0.0.1:60207]
15:13:17.012 [Forwarding clickElement on session 7417bc71dabc5dd2074a69fb2438d937 to remote] DEBUG o.a.netty.request.NettyRequestSender - Using pooled Channel '[id: 0x4d628c60, L:/127.0.0.1:52666 - R:localhost/127.0.0.1:60207]' for 'POST' to 'http://localhost:60207/session/7417bc71dabc5dd2074a69fb2438d937/element/cac0143a-2775-4e9e-b813-e4d8076d3cf6/click'
15:13:17.012 [Forwarding clickElement on session 7417bc71dabc5dd2074a69fb2438d937 to remote] DEBUG o.a.netty.request.NettyRequestSender - Using open Channel [id: 0x4d628c60, L:/127.0.0.1:52666 - R:localhost/127.0.0.1:60207] for POST '/session/7417bc71dabc5dd2074a69fb2438d937/element/cac0143a-2775-4e9e-b813-e4d8076d3cf6/click'
15:13:17.078 [AsyncHttpClient-1-2] DEBUG o.a.netty.handler.HttpHandler - 

Request DefaultHttpRequest(decodeResult: success, version: HTTP/1.1)
POST /session/7417bc71dabc5dd2074a69fb2438d937/element/cac0143a-2775-4e9e-b813-e4d8076d3cf6/click HTTP/1.1
User-Agent: selenium/4.4.0 (java windows)
Content-Length: 50
Content-Type: application/json; charset=utf-8
host: localhost:60207
accept: */*

Response DefaultHttpResponse(decodeResult: success, version: HTTP/1.1)
HTTP/1.1 200 OK
Content-Type: application/json; charset=utf-8
cache-control: no-cache
content-length: 14

15:13:17.079 [AsyncHttpClient-1-2] DEBUG o.a.netty.channel.ChannelManager - Adding key: http://localhost:60207 for channel [id: 0x4d628c60, L:/127.0.0.1:52666 - R:localhost/127.0.0.1:60207]
15:13:17.096 [Forwarding findElement on session 7417bc71dabc5dd2074a69fb2438d937 to remote] DEBUG o.a.netty.request.NettyRequestSender - Using pooled Channel '[id: 0x4d628c60, L:/127.0.0.1:52666 - R:localhost/127.0.0.1:60207]' for 'POST' to 'http://localhost:60207/session/7417bc71dabc5dd2074a69fb2438d937/element'
15:13:17.096 [Forwarding findElement on session 7417bc71dabc5dd2074a69fb2438d937 to remote] DEBUG o.a.netty.request.NettyRequestSender - Using open Channel [id: 0x4d628c60, L:/127.0.0.1:52666 - R:localhost/127.0.0.1:60207] for POST '/session/7417bc71dabc5dd2074a69fb2438d937/element'
15:13:17.115 [AsyncHttpClient-1-2] DEBUG o.a.netty.handler.HttpHandler - 

Request DefaultHttpRequest(decodeResult: success, version: HTTP/1.1)
POST /session/7417bc71dabc5dd2074a69fb2438d937/element HTTP/1.1
User-Agent: selenium/4.4.0 (java windows)
Content-Length: 79
Content-Type: application/json; charset=utf-8
host: localhost:60207
accept: */*

Response DefaultHttpResponse(decodeResult: success, version: HTTP/1.1)
HTTP/1.1 404 Not Found
Content-Type: application/json; charset=utf-8
cache-control: no-cache
content-length: 967

15:13:17.116 [AsyncHttpClient-1-2] DEBUG o.a.netty.channel.ChannelManager - Adding key: http://localhost:60207 for channel [id: 0x4d628c60, L:/127.0.0.1:52666 - R:localhost/127.0.0.1:60207]
15:13:17.428 [AsyncHttpClient-1-1] DEBUG o.a.netty.channel.DefaultChannelPool - Entry count for : http://localhost:52667 : 1
15:13:17.428 [AsyncHttpClient-1-1] DEBUG o.a.netty.channel.DefaultChannelPool - Entry count for : http://localhost:60207 : 1
15:13:17.643 [Forwarding findElement on session 7417bc71dabc5dd2074a69fb2438d937 to remote] DEBUG o.a.netty.request.NettyRequestSender - Using pooled Channel '[id: 0x4d628c60, L:/127.0.0.1:52666 - R:localhost/127.0.0.1:60207]' for 'POST' to 'http://localhost:60207/session/7417bc71dabc5dd2074a69fb2438d937/element'
15:13:17.643 [Forwarding findElement on session 7417bc71dabc5dd2074a69fb2438d937 to remote] DEBUG o.a.netty.request.NettyRequestSender - Using open Channel [id: 0x4d628c60, L:/127.0.0.1:52666 - R:localhost/127.0.0.1:60207] for POST '/session/7417bc71dabc5dd2074a69fb2438d937/element'
15:13:17.671 [AsyncHttpClient-1-2] DEBUG o.a.netty.handler.HttpHandler - 

Request DefaultHttpRequest(decodeResult: success, version: HTTP/1.1)
POST /session/7417bc71dabc5dd2074a69fb2438d937/element HTTP/1.1
User-Agent: selenium/4.4.0 (java windows)
Content-Length: 79
Content-Type: application/json; charset=utf-8
host: localhost:60207
accept: */*

Response DefaultHttpResponse(decodeResult: success, version: HTTP/1.1)
HTTP/1.1 404 Not Found
Content-Type: application/json; charset=utf-8
cache-control: no-cache
content-length: 967

15:13:17.674 [AsyncHttpClient-1-2] DEBUG o.a.netty.channel.ChannelManager - Adding key: http://localhost:60207 for channel [id: 0x4d628c60, L:/127.0.0.1:52666 - R:localhost/127.0.0.1:60207]
15:13:18.187 [Forwarding findElement on session 7417bc71dabc5dd2074a69fb2438d937 to remote] DEBUG o.a.netty.request.NettyRequestSender - Using pooled Channel '[id: 0x4d628c60, L:/127.0.0.1:52666 - R:localhost/127.0.0.1:60207]' for 'POST' to 'http://localhost:60207/session/7417bc71dabc5dd2074a69fb2438d937/element'
15:13:18.187 [Forwarding findElement on session 7417bc71dabc5dd2074a69fb2438d937 to remote] DEBUG o.a.netty.request.NettyRequestSender - Using open Channel [id: 0x4d628c60, L:/127.0.0.1:52666 - R:localhost/127.0.0.1:60207] for POST '/session/7417bc71dabc5dd2074a69fb2438d937/element'
15:13:18.198 [AsyncHttpClient-1-2] DEBUG o.a.netty.handler.HttpHandler - 

Request DefaultHttpRequest(decodeResult: success, version: HTTP/1.1)
POST /session/7417bc71dabc5dd2074a69fb2438d937/element HTTP/1.1
User-Agent: selenium/4.4.0 (java windows)
Content-Length: 79
Content-Type: application/json; charset=utf-8
host: localhost:60207
accept: */*

Response DefaultHttpResponse(decodeResult: success, version: HTTP/1.1)
HTTP/1.1 404 Not Found
Content-Type: application/json; charset=utf-8
cache-control: no-cache
content-length: 967

15:13:18.199 [AsyncHttpClient-1-2] DEBUG o.a.netty.channel.ChannelManager - Adding key: http://localhost:60207 for channel [id: 0x4d628c60, L:/127.0.0.1:52666 - R:localhost/127.0.0.1:60207]
15:13:18.527 [AsyncHttpClient-1-1] DEBUG o.a.netty.channel.DefaultChannelPool - Entry count for : http://localhost:52667 : 1
15:13:18.528 [AsyncHttpClient-1-1] DEBUG o.a.netty.channel.DefaultChannelPool - Entry count for : http://localhost:60207 : 1
15:13:18.715 [Forwarding findElement on session 7417bc71dabc5dd2074a69fb2438d937 to remote] DEBUG o.a.netty.request.NettyRequestSender - Using pooled Channel '[id: 0x4d628c60, L:/127.0.0.1:52666 - R:localhost/127.0.0.1:60207]' for 'POST' to 'http://localhost:60207/session/7417bc71dabc5dd2074a69fb2438d937/element'
15:13:18.715 [Forwarding findElement on session 7417bc71dabc5dd2074a69fb2438d937 to remote] DEBUG o.a.netty.request.NettyRequestSender - Using open Channel [id: 0x4d628c60, L:/127.0.0.1:52666 - R:localhost/127.0.0.1:60207] for POST '/session/7417bc71dabc5dd2074a69fb2438d937/element'
15:13:18.727 [AsyncHttpClient-1-2] DEBUG o.a.netty.handler.HttpHandler - 

Request DefaultHttpRequest(decodeResult: success, version: HTTP/1.1)
POST /session/7417bc71dabc5dd2074a69fb2438d937/element HTTP/1.1
User-Agent: selenium/4.4.0 (java windows)
Content-Length: 79
Content-Type: application/json; charset=utf-8
host: localhost:60207
accept: */*

Response DefaultHttpResponse(decodeResult: success, version: HTTP/1.1)
HTTP/1.1 404 Not Found
Content-Type: application/json; charset=utf-8
cache-control: no-cache
content-length: 967

15:13:18.727 [AsyncHttpClient-1-2] DEBUG o.a.netty.channel.ChannelManager - Adding key: http://localhost:60207 for channel [id: 0x4d628c60, L:/127.0.0.1:52666 - R:localhost/127.0.0.1:60207]
15:13:19.246 [Forwarding findElement on session 7417bc71dabc5dd2074a69fb2438d937 to remote] DEBUG o.a.netty.request.NettyRequestSender - Using pooled Channel '[id: 0x4d628c60, L:/127.0.0.1:52666 - R:localhost/127.0.0.1:60207]' for 'POST' to 'http://localhost:60207/session/7417bc71dabc5dd2074a69fb2438d937/element'
15:13:19.247 [Forwarding findElement on session 7417bc71dabc5dd2074a69fb2438d937 to remote] DEBUG o.a.netty.request.NettyRequestSender - Using open Channel [id: 0x4d628c60, L:/127.0.0.1:52666 - R:localhost/127.0.0.1:60207] for POST '/session/7417bc71dabc5dd2074a69fb2438d937/element'
15:13:19.259 [AsyncHttpClient-1-2] DEBUG o.a.netty.handler.HttpHandler - 

Request DefaultHttpRequest(decodeResult: success, version: HTTP/1.1)
POST /session/7417bc71dabc5dd2074a69fb2438d937/element HTTP/1.1
User-Agent: selenium/4.4.0 (java windows)
Content-Length: 79
Content-Type: application/json; charset=utf-8
host: localhost:60207
accept: */*

Response DefaultHttpResponse(decodeResult: success, version: HTTP/1.1)
HTTP/1.1 404 Not Found
Content-Type: application/json; charset=utf-8
cache-control: no-cache
content-length: 967

15:13:19.260 [AsyncHttpClient-1-2] DEBUG o.a.netty.channel.ChannelManager - Adding key: http://localhost:60207 for channel [id: 0x4d628c60, L:/127.0.0.1:52666 - R:localhost/127.0.0.1:60207]
15:13:19.634 [AsyncHttpClient-1-1] DEBUG o.a.netty.channel.DefaultChannelPool - Entry count for : http://localhost:52667 : 1
15:13:19.634 [AsyncHttpClient-1-1] DEBUG o.a.netty.channel.DefaultChannelPool - Entry count for : http://localhost:60207 : 1
15:13:19.772 [Forwarding findElement on session 7417bc71dabc5dd2074a69fb2438d937 to remote] DEBUG o.a.netty.request.NettyRequestSender - Using pooled Channel '[id: 0x4d628c60, L:/127.0.0.1:52666 - R:localhost/127.0.0.1:60207]' for 'POST' to 'http://localhost:60207/session/7417bc71dabc5dd2074a69fb2438d937/element'
15:13:19.772 [Forwarding findElement on session 7417bc71dabc5dd2074a69fb2438d937 to remote] DEBUG o.a.netty.request.NettyRequestSender - Using open Channel [id: 0x4d628c60, L:/127.0.0.1:52666 - R:localhost/127.0.0.1:60207] for POST '/session/7417bc71dabc5dd2074a69fb2438d937/element'
15:13:19.783 [AsyncHttpClient-1-2] DEBUG o.a.netty.handler.HttpHandler - 

Request DefaultHttpRequest(decodeResult: success, version: HTTP/1.1)
POST /session/7417bc71dabc5dd2074a69fb2438d937/element HTTP/1.1
User-Agent: selenium/4.4.0 (java windows)
Content-Length: 79
Content-Type: application/json; charset=utf-8
host: localhost:60207
accept: */*

Response DefaultHttpResponse(decodeResult: success, version: HTTP/1.1)
HTTP/1.1 404 Not Found
Content-Type: application/json; charset=utf-8
cache-control: no-cache
content-length: 967

15:13:19.783 [AsyncHttpClient-1-2] DEBUG o.a.netty.channel.ChannelManager - Adding key: http://localhost:60207 for channel [id: 0x4d628c60, L:/127.0.0.1:52666 - R:localhost/127.0.0.1:60207]
15:13:20.295 [Forwarding findElement on session 7417bc71dabc5dd2074a69fb2438d937 to remote] DEBUG o.a.netty.request.NettyRequestSender - Using pooled Channel '[id: 0x4d628c60, L:/127.0.0.1:52666 - R:localhost/127.0.0.1:60207]' for 'POST' to 'http://localhost:60207/session/7417bc71dabc5dd2074a69fb2438d937/element'
15:13:20.296 [Forwarding findElement on session 7417bc71dabc5dd2074a69fb2438d937 to remote] DEBUG o.a.netty.request.NettyRequestSender - Using open Channel [id: 0x4d628c60, L:/127.0.0.1:52666 - R:localhost/127.0.0.1:60207] for POST '/session/7417bc71dabc5dd2074a69fb2438d937/element'
15:13:20.307 [AsyncHttpClient-1-2] DEBUG o.a.netty.handler.HttpHandler - 

Request DefaultHttpRequest(decodeResult: success, version: HTTP/1.1)
POST /session/7417bc71dabc5dd2074a69fb2438d937/element HTTP/1.1
User-Agent: selenium/4.4.0 (java windows)
Content-Length: 79
Content-Type: application/json; charset=utf-8
host: localhost:60207
accept: */*

Response DefaultHttpResponse(decodeResult: success, version: HTTP/1.1)
HTTP/1.1 404 Not Found
Content-Type: application/json; charset=utf-8
cache-control: no-cache
content-length: 967

15:13:20.308 [AsyncHttpClient-1-2] DEBUG o.a.netty.channel.ChannelManager - Adding key: http://localhost:60207 for channel [id: 0x4d628c60, L:/127.0.0.1:52666 - R:localhost/127.0.0.1:60207]
15:13:20.311 [Forwarding findElement on session 7417bc71dabc5dd2074a69fb2438d937 to remote] DEBUG o.a.netty.request.NettyRequestSender - Using pooled Channel '[id: 0x4d628c60, L:/127.0.0.1:52666 - R:localhost/127.0.0.1:60207]' for 'POST' to 'http://localhost:60207/session/7417bc71dabc5dd2074a69fb2438d937/element'
15:13:20.311 [Forwarding findElement on session 7417bc71dabc5dd2074a69fb2438d937 to remote] DEBUG o.a.netty.request.NettyRequestSender - Using open Channel [id: 0x4d628c60, L:/127.0.0.1:52666 - R:localhost/127.0.0.1:60207] for POST '/session/7417bc71dabc5dd2074a69fb2438d937/element'
15:13:20.322 [AsyncHttpClient-1-2] DEBUG o.a.netty.handler.HttpHandler - 

Request DefaultHttpRequest(decodeResult: success, version: HTTP/1.1)
POST /session/7417bc71dabc5dd2074a69fb2438d937/element HTTP/1.1
User-Agent: selenium/4.4.0 (java windows)
Content-Length: 79
Content-Type: application/json; charset=utf-8
host: localhost:60207
accept: */*

Response DefaultHttpResponse(decodeResult: success, version: HTTP/1.1)
HTTP/1.1 404 Not Found
Content-Type: application/json; charset=utf-8
cache-control: no-cache
content-length: 967

15:13:20.322 [AsyncHttpClient-1-2] DEBUG o.a.netty.channel.ChannelManager - Adding key: http://localhost:60207 for channel [id: 0x4d628c60, L:/127.0.0.1:52666 - R:localhost/127.0.0.1:60207]
15:13:20.343 [Forwarding findElement on session 7417bc71dabc5dd2074a69fb2438d937 to remote] DEBUG o.a.netty.request.NettyRequestSender - Using pooled Channel '[id: 0x4d628c60, L:/127.0.0.1:52666 - R:localhost/127.0.0.1:60207]' for 'POST' to 'http://localhost:60207/session/7417bc71dabc5dd2074a69fb2438d937/element'
15:13:20.344 [Forwarding findElement on session 7417bc71dabc5dd2074a69fb2438d937 to remote] DEBUG o.a.netty.request.NettyRequestSender - Using open Channel [id: 0x4d628c60, L:/127.0.0.1:52666 - R:localhost/127.0.0.1:60207] for POST '/session/7417bc71dabc5dd2074a69fb2438d937/element'
15:13:20.366 [AsyncHttpClient-1-2] DEBUG o.a.netty.handler.HttpHandler - 

Request DefaultHttpRequest(decodeResult: success, version: HTTP/1.1)
POST /session/7417bc71dabc5dd2074a69fb2438d937/element HTTP/1.1
User-Agent: selenium/4.4.0 (java windows)
Content-Length: 79
Content-Type: application/json; charset=utf-8
host: localhost:60207
accept: */*

Response DefaultHttpResponse(decodeResult: success, version: HTTP/1.1)
HTTP/1.1 404 Not Found
Content-Type: application/json; charset=utf-8
cache-control: no-cache
content-length: 967

15:13:20.367 [AsyncHttpClient-1-2] DEBUG o.a.netty.channel.ChannelManager - Adding key: http://localhost:60207 for channel [id: 0x4d628c60, L:/127.0.0.1:52666 - R:localhost/127.0.0.1:60207]
15:13:20.737 [AsyncHttpClient-1-1] DEBUG o.a.netty.channel.DefaultChannelPool - Entry count for : http://localhost:52667 : 1
15:13:20.738 [AsyncHttpClient-1-1] DEBUG o.a.netty.channel.DefaultChannelPool - Entry count for : http://localhost:60207 : 1
15:13:20.881 [Forwarding findElement on session 7417bc71dabc5dd2074a69fb2438d937 to remote] DEBUG o.a.netty.request.NettyRequestSender - Using pooled Channel '[id: 0x4d628c60, L:/127.0.0.1:52666 - R:localhost/127.0.0.1:60207]' for 'POST' to 'http://localhost:60207/session/7417bc71dabc5dd2074a69fb2438d937/element'
15:13:20.882 [Forwarding findElement on session 7417bc71dabc5dd2074a69fb2438d937 to remote] DEBUG o.a.netty.request.NettyRequestSender - Using open Channel [id: 0x4d628c60, L:/127.0.0.1:52666 - R:localhost/127.0.0.1:60207] for POST '/session/7417bc71dabc5dd2074a69fb2438d937/element'
15:13:20.891 [AsyncHttpClient-1-2] DEBUG o.a.netty.handler.HttpHandler - 

Request DefaultHttpRequest(decodeResult: success, version: HTTP/1.1)
POST /session/7417bc71dabc5dd2074a69fb2438d937/element HTTP/1.1
User-Agent: selenium/4.4.0 (java windows)
Content-Length: 79
Content-Type: application/json; charset=utf-8
host: localhost:60207
accept: */*

Response DefaultHttpResponse(decodeResult: success, version: HTTP/1.1)
HTTP/1.1 404 Not Found
Content-Type: application/json; charset=utf-8
cache-control: no-cache
content-length: 967

15:13:20.892 [AsyncHttpClient-1-2] DEBUG o.a.netty.channel.ChannelManager - Adding key: http://localhost:60207 for channel [id: 0x4d628c60, L:/127.0.0.1:52666 - R:localhost/127.0.0.1:60207]
15:13:21.404 [Forwarding findElement on session 7417bc71dabc5dd2074a69fb2438d937 to remote] DEBUG o.a.netty.request.NettyRequestSender - Using pooled Channel '[id: 0x4d628c60, L:/127.0.0.1:52666 - R:localhost/127.0.0.1:60207]' for 'POST' to 'http://localhost:60207/session/7417bc71dabc5dd2074a69fb2438d937/element'
15:13:21.404 [Forwarding findElement on session 7417bc71dabc5dd2074a69fb2438d937 to remote] DEBUG o.a.netty.request.NettyRequestSender - Using open Channel [id: 0x4d628c60, L:/127.0.0.1:52666 - R:localhost/127.0.0.1:60207] for POST '/session/7417bc71dabc5dd2074a69fb2438d937/element'
15:13:21.415 [AsyncHttpClient-1-2] DEBUG o.a.netty.handler.HttpHandler - 

Request DefaultHttpRequest(decodeResult: success, version: HTTP/1.1)
POST /session/7417bc71dabc5dd2074a69fb2438d937/element HTTP/1.1
User-Agent: selenium/4.4.0 (java windows)
Content-Length: 79
Content-Type: application/json; charset=utf-8
host: localhost:60207
accept: */*

Response DefaultHttpResponse(decodeResult: success, version: HTTP/1.1)
HTTP/1.1 404 Not Found
Content-Type: application/json; charset=utf-8
cache-control: no-cache
content-length: 967

15:13:21.416 [AsyncHttpClient-1-2] DEBUG o.a.netty.channel.ChannelManager - Adding key: http://localhost:60207 for channel [id: 0x4d628c60, L:/127.0.0.1:52666 - R:localhost/127.0.0.1:60207]
15:13:21.828 [AsyncHttpClient-1-1] DEBUG o.a.netty.channel.DefaultChannelPool - Entry count for : http://localhost:52667 : 1
15:13:21.828 [AsyncHttpClient-1-1] DEBUG o.a.netty.channel.DefaultChannelPool - Entry count for : http://localhost:60207 : 1
15:13:21.921 [Forwarding findElement on session 7417bc71dabc5dd2074a69fb2438d937 to remote] DEBUG o.a.netty.request.NettyRequestSender - Using pooled Channel '[id: 0x4d628c60, L:/127.0.0.1:52666 - R:localhost/127.0.0.1:60207]' for 'POST' to 'http://localhost:60207/session/7417bc71dabc5dd2074a69fb2438d937/element'
15:13:21.921 [Forwarding findElement on session 7417bc71dabc5dd2074a69fb2438d937 to remote] DEBUG o.a.netty.request.NettyRequestSender - Using open Channel [id: 0x4d628c60, L:/127.0.0.1:52666 - R:localhost/127.0.0.1:60207] for POST '/session/7417bc71dabc5dd2074a69fb2438d937/element'
15:13:21.933 [AsyncHttpClient-1-2] DEBUG o.a.netty.handler.HttpHandler - 

Request DefaultHttpRequest(decodeResult: success, version: HTTP/1.1)
POST /session/7417bc71dabc5dd2074a69fb2438d937/element HTTP/1.1
User-Agent: selenium/4.4.0 (java windows)
Content-Length: 79
Content-Type: application/json; charset=utf-8
host: localhost:60207
accept: */*

Response DefaultHttpResponse(decodeResult: success, version: HTTP/1.1)
HTTP/1.1 404 Not Found
Content-Type: application/json; charset=utf-8
cache-control: no-cache
content-length: 967

15:13:21.933 [AsyncHttpClient-1-2] DEBUG o.a.netty.channel.ChannelManager - Adding key: http://localhost:60207 for channel [id: 0x4d628c60, L:/127.0.0.1:52666 - R:localhost/127.0.0.1:60207]
15:13:22.442 [Forwarding findElement on session 7417bc71dabc5dd2074a69fb2438d937 to remote] DEBUG o.a.netty.request.NettyRequestSender - Using pooled Channel '[id: 0x4d628c60, L:/127.0.0.1:52666 - R:localhost/127.0.0.1:60207]' for 'POST' to 'http://localhost:60207/session/7417bc71dabc5dd2074a69fb2438d937/element'
15:13:22.442 [Forwarding findElement on session 7417bc71dabc5dd2074a69fb2438d937 to remote] DEBUG o.a.netty.request.NettyRequestSender - Using open Channel [id: 0x4d628c60, L:/127.0.0.1:52666 - R:localhost/127.0.0.1:60207] for POST '/session/7417bc71dabc5dd2074a69fb2438d937/element'
15:13:22.452 [AsyncHttpClient-1-2] DEBUG o.a.netty.handler.HttpHandler - 

Request DefaultHttpRequest(decodeResult: success, version: HTTP/1.1)
POST /session/7417bc71dabc5dd2074a69fb2438d937/element HTTP/1.1
User-Agent: selenium/4.4.0 (java windows)
Content-Length: 79
Content-Type: application/json; charset=utf-8
host: localhost:60207
accept: */*

Response DefaultHttpResponse(decodeResult: success, version: HTTP/1.1)
HTTP/1.1 404 Not Found
Content-Type: application/json; charset=utf-8
cache-control: no-cache
content-length: 967

15:13:22.452 [AsyncHttpClient-1-2] DEBUG o.a.netty.channel.ChannelManager - Adding key: http://localhost:60207 for channel [id: 0x4d628c60, L:/127.0.0.1:52666 - R:localhost/127.0.0.1:60207]
15:13:22.937 [AsyncHttpClient-1-1] DEBUG o.a.netty.channel.DefaultChannelPool - Entry count for : http://localhost:52667 : 1
15:13:22.937 [AsyncHttpClient-1-1] DEBUG o.a.netty.channel.DefaultChannelPool - Entry count for : http://localhost:60207 : 1
15:13:22.970 [Forwarding findElement on session 7417bc71dabc5dd2074a69fb2438d937 to remote] DEBUG o.a.netty.request.NettyRequestSender - Using pooled Channel '[id: 0x4d628c60, L:/127.0.0.1:52666 - R:localhost/127.0.0.1:60207]' for 'POST' to 'http://localhost:60207/session/7417bc71dabc5dd2074a69fb2438d937/element'
15:13:22.970 [Forwarding findElement on session 7417bc71dabc5dd2074a69fb2438d937 to remote] DEBUG o.a.netty.request.NettyRequestSender - Using open Channel [id: 0x4d628c60, L:/127.0.0.1:52666 - R:localhost/127.0.0.1:60207] for POST '/session/7417bc71dabc5dd2074a69fb2438d937/element'
15:13:22.983 [AsyncHttpClient-1-2] DEBUG o.a.netty.handler.HttpHandler - 

Request DefaultHttpRequest(decodeResult: success, version: HTTP/1.1)
POST /session/7417bc71dabc5dd2074a69fb2438d937/element HTTP/1.1
User-Agent: selenium/4.4.0 (java windows)
Content-Length: 79
Content-Type: application/json; charset=utf-8
host: localhost:60207
accept: */*

Response DefaultHttpResponse(decodeResult: success, version: HTTP/1.1)
HTTP/1.1 404 Not Found
Content-Type: application/json; charset=utf-8
cache-control: no-cache
content-length: 967

15:13:22.984 [AsyncHttpClient-1-2] DEBUG o.a.netty.channel.ChannelManager - Adding key: http://localhost:60207 for channel [id: 0x4d628c60, L:/127.0.0.1:52666 - R:localhost/127.0.0.1:60207]
15:13:23.502 [Forwarding findElement on session 7417bc71dabc5dd2074a69fb2438d937 to remote] DEBUG o.a.netty.request.NettyRequestSender - Using pooled Channel '[id: 0x4d628c60, L:/127.0.0.1:52666 - R:localhost/127.0.0.1:60207]' for 'POST' to 'http://localhost:60207/session/7417bc71dabc5dd2074a69fb2438d937/element'
15:13:23.502 [Forwarding findElement on session 7417bc71dabc5dd2074a69fb2438d937 to remote] DEBUG o.a.netty.request.NettyRequestSender - Using open Channel [id: 0x4d628c60, L:/127.0.0.1:52666 - R:localhost/127.0.0.1:60207] for POST '/session/7417bc71dabc5dd2074a69fb2438d937/element'
15:13:23.513 [AsyncHttpClient-1-2] DEBUG o.a.netty.handler.HttpHandler - 

Request DefaultHttpRequest(decodeResult: success, version: HTTP/1.1)
POST /session/7417bc71dabc5dd2074a69fb2438d937/element HTTP/1.1
User-Agent: selenium/4.4.0 (java windows)
Content-Length: 79
Content-Type: application/json; charset=utf-8
host: localhost:60207
accept: */*

Response DefaultHttpResponse(decodeResult: success, version: HTTP/1.1)
HTTP/1.1 404 Not Found
Content-Type: application/json; charset=utf-8
cache-control: no-cache
content-length: 967

15:13:23.514 [AsyncHttpClient-1-2] DEBUG o.a.netty.channel.ChannelManager - Adding key: http://localhost:60207 for channel [id: 0x4d628c60, L:/127.0.0.1:52666 - R:localhost/127.0.0.1:60207]
15:13:23.517 [Forwarding findElement on session 7417bc71dabc5dd2074a69fb2438d937 to remote] DEBUG o.a.netty.request.NettyRequestSender - Using pooled Channel '[id: 0x4d628c60, L:/127.0.0.1:52666 - R:localhost/127.0.0.1:60207]' for 'POST' to 'http://localhost:60207/session/7417bc71dabc5dd2074a69fb2438d937/element'
15:13:23.517 [Forwarding findElement on session 7417bc71dabc5dd2074a69fb2438d937 to remote] DEBUG o.a.netty.request.NettyRequestSender - Using open Channel [id: 0x4d628c60, L:/127.0.0.1:52666 - R:localhost/127.0.0.1:60207] for POST '/session/7417bc71dabc5dd2074a69fb2438d937/element'
15:13:23.527 [AsyncHttpClient-1-2] DEBUG o.a.netty.handler.HttpHandler - 

Request DefaultHttpRequest(decodeResult: success, version: HTTP/1.1)
POST /session/7417bc71dabc5dd2074a69fb2438d937/element HTTP/1.1
User-Agent: selenium/4.4.0 (java windows)
Content-Length: 79
Content-Type: application/json; charset=utf-8
host: localhost:60207
accept: */*

Response DefaultHttpResponse(decodeResult: success, version: HTTP/1.1)
HTTP/1.1 404 Not Found
Content-Type: application/json; charset=utf-8
cache-control: no-cache
content-length: 967

15:13:23.528 [AsyncHttpClient-1-2] DEBUG o.a.netty.channel.ChannelManager - Adding key: http://localhost:60207 for channel [id: 0x4d628c60, L:/127.0.0.1:52666 - R:localhost/127.0.0.1:60207]
15:13:23.532 [Forwarding findElement on session 7417bc71dabc5dd2074a69fb2438d937 to remote] DEBUG o.a.netty.request.NettyRequestSender - Using pooled Channel '[id: 0x4d628c60, L:/127.0.0.1:52666 - R:localhost/127.0.0.1:60207]' for 'POST' to 'http://localhost:60207/session/7417bc71dabc5dd2074a69fb2438d937/element'
15:13:23.533 [Forwarding findElement on session 7417bc71dabc5dd2074a69fb2438d937 to remote] DEBUG o.a.netty.request.NettyRequestSender - Using open Channel [id: 0x4d628c60, L:/127.0.0.1:52666 - R:localhost/127.0.0.1:60207] for POST '/session/7417bc71dabc5dd2074a69fb2438d937/element'
15:13:23.550 [AsyncHttpClient-1-2] DEBUG o.a.netty.handler.HttpHandler - 

Request DefaultHttpRequest(decodeResult: success, version: HTTP/1.1)
POST /session/7417bc71dabc5dd2074a69fb2438d937/element HTTP/1.1
User-Agent: selenium/4.4.0 (java windows)
Content-Length: 69
Content-Type: application/json; charset=utf-8
host: localhost:60207
accept: */*

Response DefaultHttpResponse(decodeResult: success, version: HTTP/1.1)
HTTP/1.1 200 OK
Content-Type: application/json; charset=utf-8
cache-control: no-cache
content-length: 88

15:13:23.551 [AsyncHttpClient-1-2] DEBUG o.a.netty.channel.ChannelManager - Adding key: http://localhost:60207 for channel [id: 0x4d628c60, L:/127.0.0.1:52666 - R:localhost/127.0.0.1:60207]
15:13:23.553 [Forwarding clickElement on session 7417bc71dabc5dd2074a69fb2438d937 to remote] DEBUG o.a.netty.request.NettyRequestSender - Using pooled Channel '[id: 0x4d628c60, L:/127.0.0.1:52666 - R:localhost/127.0.0.1:60207]' for 'POST' to 'http://localhost:60207/session/7417bc71dabc5dd2074a69fb2438d937/element/f1357c87-4537-4982-8175-d5faa6879165/click'
15:13:23.553 [Forwarding clickElement on session 7417bc71dabc5dd2074a69fb2438d937 to remote] DEBUG o.a.netty.request.NettyRequestSender - Using open Channel [id: 0x4d628c60, L:/127.0.0.1:52666 - R:localhost/127.0.0.1:60207] for POST '/session/7417bc71dabc5dd2074a69fb2438d937/element/f1357c87-4537-4982-8175-d5faa6879165/click'
15:13:23.610 [AsyncHttpClient-1-2] DEBUG o.a.netty.handler.HttpHandler - 

Request DefaultHttpRequest(decodeResult: success, version: HTTP/1.1)
POST /session/7417bc71dabc5dd2074a69fb2438d937/element/f1357c87-4537-4982-8175-d5faa6879165/click HTTP/1.1
User-Agent: selenium/4.4.0 (java windows)
Content-Length: 50
Content-Type: application/json; charset=utf-8
host: localhost:60207
accept: */*

Response DefaultHttpResponse(decodeResult: success, version: HTTP/1.1)
HTTP/1.1 200 OK
Content-Type: application/json; charset=utf-8
cache-control: no-cache
content-length: 14

15:13:23.611 [AsyncHttpClient-1-2] DEBUG o.a.netty.channel.ChannelManager - Adding key: http://localhost:60207 for channel [id: 0x4d628c60, L:/127.0.0.1:52666 - R:localhost/127.0.0.1:60207]
15:13:23.613 [Test worker] ERROR ui_tests.TestBase - Test result: FAILED
15:13:23.626 [Driver Command Executor] DEBUG o.a.netty.request.NettyRequestSender - Using pooled Channel '[id: 0x4d628c60, L:/127.0.0.1:52666 - R:localhost/127.0.0.1:60207]' for 'DELETE' to 'http://localhost:60207/session/7417bc71dabc5dd2074a69fb2438d937'
15:13:23.627 [AsyncHttpClient-1-4] DEBUG o.a.netty.handler.WebSocketHandler - Channel Closed: [id: 0x6ff26e17, L:/127.0.0.1:52675 ! R:localhost/127.0.0.1:52667] with attribute NettyResponseFuture{currentRetry=0,
	isDone=1,
	isCancelled=0,
	asyncHandler=org.asynchttpclient.ws.WebSocketUpgradeHandler@3b629721,
	nettyRequest=org.asynchttpclient.netty.request.NettyRequest@aaca7d4,
	future=java.util.concurrent.CompletableFuture@2e157975[Completed normally],
	uri=ws://localhost:52667/devtools/browser/d829f541-37e4-4f2d-a45c-0dc7f4c42330,
	keepAlive=true,
	redirectCount=0,
	timeoutsHolder=null,
	inAuth=0,
	touch=1679404390721}
15:13:23.627 [Driver Command Executor] DEBUG o.a.netty.request.NettyRequestSender - Using open Channel [id: 0x4d628c60, L:/127.0.0.1:52666 - R:localhost/127.0.0.1:60207] for DELETE '/session/7417bc71dabc5dd2074a69fb2438d937'
15:13:23.628 [AsyncHttpClient-1-4] DEBUG o.a.netty.channel.ChannelManager - Closing Channel [id: 0x6ff26e17, L:/127.0.0.1:52675 ! R:localhost/127.0.0.1:52667] 
15:13:23.835 [AsyncHttpClient-1-3] DEBUG o.a.netty.handler.HttpHandler - Unexpected I/O exception on channel [id: 0x20848e2a, L:/127.0.0.1:52674 - R:localhost/127.0.0.1:52667]
java.io.IOException: ????????? ???? ????????????? ???????? ???????????? ???????????
	at sun.nio.ch.SocketDispatcher.read0(Native Method)
	at sun.nio.ch.SocketDispatcher.read(SocketDispatcher.java:43)
	at sun.nio.ch.IOUtil.readIntoNativeBuffer(IOUtil.java:223)
	at sun.nio.ch.IOUtil.read(IOUtil.java:192)
	at sun.nio.ch.SocketChannelImpl.read(SocketChannelImpl.java:378)
	at io.netty.buffer.PooledByteBuf.setBytes(PooledByteBuf.java:258)
	at io.netty.buffer.AbstractByteBuf.writeBytes(AbstractByteBuf.java:1132)
	at io.netty.channel.socket.nio.NioSocketChannel.doReadBytes(NioSocketChannel.java:357)
	at io.netty.channel.nio.AbstractNioByteChannel$NioByteUnsafe.read(AbstractNioByteChannel.java:151)
	at io.netty.channel.nio.NioEventLoop.processSelectedKey(NioEventLoop.java:722)
	at io.netty.channel.nio.NioEventLoop.processSelectedKeysOptimized(NioEventLoop.java:658)
	at io.netty.channel.nio.NioEventLoop.processSelectedKeys(NioEventLoop.java:584)
	at io.netty.channel.nio.NioEventLoop.run(NioEventLoop.java:496)
	at io.netty.util.concurrent.SingleThreadEventExecutor$4.run(SingleThreadEventExecutor.java:997)
	at io.netty.util.internal.ThreadExecutorMap$2.run(ThreadExecutorMap.java:74)
	at io.netty.util.concurrent.FastThreadLocalRunnable.run(FastThreadLocalRunnable.java:30)
	at java.lang.Thread.run(Thread.java:750)
15:13:23.836 [AsyncHttpClient-1-3] DEBUG o.a.netty.channel.ChannelManager - Closing Channel [id: 0x20848e2a, L:/127.0.0.1:52674 - R:localhost/127.0.0.1:52667] 
15:13:23.841 [AsyncHttpClient-1-3] DEBUG o.a.netty.handler.HttpHandler - Channel Closed: [id: 0x20848e2a, L:/127.0.0.1:52674 ! R:localhost/127.0.0.1:52667] with attribute DISCARD
15:13:23.875 [AsyncHttpClient-1-2] DEBUG o.a.netty.handler.HttpHandler - 

Request DefaultFullHttpRequest(decodeResult: success, version: HTTP/1.1, content: EmptyByteBufBE)
DELETE /session/7417bc71dabc5dd2074a69fb2438d937 HTTP/1.1
User-Agent: selenium/4.4.0 (java windows)
Content-Type: application/json; charset=utf-8
host: localhost:60207
accept: */*

Response DefaultHttpResponse(decodeResult: success, version: HTTP/1.1)
HTTP/1.1 200 OK
Content-Type: application/json; charset=utf-8
cache-control: no-cache
content-length: 14

15:13:23.875 [AsyncHttpClient-1-2] DEBUG o.a.netty.channel.ChannelManager - Adding key: http://localhost:60207 for channel [id: 0x4d628c60, L:/127.0.0.1:52666 - R:localhost/127.0.0.1:60207]
15:13:24.034 [AsyncHttpClient-1-1] DEBUG o.a.netty.channel.DefaultChannelPool - Entry count for : http://localhost:52667 : 1
15:13:24.034 [AsyncHttpClient-1-1] DEBUG o.a.netty.channel.DefaultChannelPool - Entry count for : http://localhost:60207 : 1
15:13:24.035 [AsyncHttpClient-1-1] DEBUG o.a.netty.channel.DefaultChannelPool - Adding Candidate expired Channel [id: 0x20848e2a, L:/127.0.0.1:52674 ! R:localhost/127.0.0.1:52667] isIdleTimeoutExpired=false isRemotelyClosed=true isTtlExpired=false
15:13:24.035 [AsyncHttpClient-1-1] DEBUG o.a.netty.channel.DefaultChannelPool - Closing Idle Channel [id: 0x20848e2a, L:/127.0.0.1:52674 ! R:localhost/127.0.0.1:52667]
15:13:24.050 [AsyncHttpClient-1-1] DEBUG o.a.netty.channel.DefaultChannelPool - Closed 1 connections out of 2 in 16 ms
15:13:24.104 [AsyncHttpClient-1-2] DEBUG o.a.netty.handler.HttpHandler - Channel Closed: [id: 0x4d628c60, L:/127.0.0.1:52666 ! R:localhost/127.0.0.1:60207] with attribute DISCARD
15:13:24.653 [Test worker] INFO  ui_tests.TestBase - Stop test: registrationPositiveTest
15:13:24.654 [Test worker] INFO  ui_tests.TestBase - ======================================================
15:13:25.141 [AsyncHttpClient-1-1] DEBUG o.a.netty.channel.DefaultChannelPool - Entry count for : http://localhost:60207 : 1
15:13:25.156 [AsyncHttpClient-1-1] DEBUG o.a.netty.channel.DefaultChannelPool - Adding Candidate expired Channel [id: 0x4d628c60, L:/127.0.0.1:52666 ! R:localhost/127.0.0.1:60207] isIdleTimeoutExpired=false isRemotelyClosed=true isTtlExpired=false
15:13:25.156 [AsyncHttpClient-1-1] DEBUG o.a.netty.channel.DefaultChannelPool - Closing Idle Channel [id: 0x4d628c60, L:/127.0.0.1:52666 ! R:localhost/127.0.0.1:60207]
15:13:25.157 [AsyncHttpClient-1-1] DEBUG o.a.netty.channel.DefaultChannelPool - Closed 1 connections out of 1 in 1 ms
15:13:25.524 [AsyncHttpClient-1-5] DEBUG o.a.n.channel.NettyConnectListener - Using new Channel '[id: 0xc8adf26a, L:/127.0.0.1:52694 - R:localhost/127.0.0.1:50062]' for 'POST' to '/session'
15:13:26.691 [AsyncHttpClient-1-5] DEBUG o.a.netty.handler.HttpHandler - 

Request DefaultHttpRequest(decodeResult: success, version: HTTP/1.1)
POST /session HTTP/1.1
User-Agent: selenium/4.4.0 (java windows)
Content-Length: 439
Content-Type: application/json; charset=utf-8
host: localhost:50062
accept: */*

Response DefaultHttpResponse(decodeResult: success, version: HTTP/1.1)
HTTP/1.1 200 OK
Content-Type: application/json; charset=utf-8
cache-control: no-cache
content-length: 857

15:13:26.691 [AsyncHttpClient-1-5] DEBUG o.a.netty.channel.ChannelManager - Adding key: http://localhost:50062 for channel [id: 0xc8adf26a, L:/127.0.0.1:52694 - R:localhost/127.0.0.1:50062]
15:13:26.739 [AsyncHttpClient-1-6] DEBUG o.a.n.channel.NettyConnectListener - Using new Channel '[id: 0xa24f7c7d, L:/127.0.0.1:52700 - R:localhost/127.0.0.1:52695]' for 'GET' to '/json/version'
15:13:26.741 [AsyncHttpClient-1-6] DEBUG o.a.netty.handler.HttpHandler - 

Request DefaultFullHttpRequest(decodeResult: success, version: HTTP/1.1, content: EmptyByteBufBE)
GET /json/version HTTP/1.1
User-Agent: selenium/4.4.0 (java windows)
host: localhost:52695
accept: */*

Response DefaultHttpResponse(decodeResult: success, version: HTTP/1.1)
HTTP/1.1 200 OK
Content-Security-Policy: frame-ancestors 'none'
Content-Type: application/json; charset=UTF-8
content-length: 423

15:13:26.742 [AsyncHttpClient-1-6] DEBUG o.a.netty.channel.ChannelManager - Adding key: http://localhost:52695 for channel [id: 0xa24f7c7d, L:/127.0.0.1:52700 - R:localhost/127.0.0.1:52695]
15:13:26.756 [AsyncHttpClient-1-7] DEBUG o.a.n.channel.NettyConnectListener - Using new Channel '[id: 0xea2f6b40, L:/127.0.0.1:52701 - R:localhost/127.0.0.1:52695]' for 'GET' to '/devtools/browser/402ae1d9-4d72-43a1-99dd-0d7d09823794'
15:13:26.759 [AsyncHttpClient-1-7] DEBUG o.a.netty.handler.WebSocketHandler - 

Request DefaultFullHttpRequest(decodeResult: success, version: HTTP/1.1, content: EmptyByteBufBE)
GET /devtools/browser/402ae1d9-4d72-43a1-99dd-0d7d09823794 HTTP/1.1
upgrade: websocket
connection: upgrade
sec-websocket-key: WHoU9yJyF8VQ5VtKljph9g==
sec-websocket-version: 13
origin: http://localhost:52695
host: localhost:52695
accept: */*
user-agent: AHC/2.1

Response DefaultHttpResponse(decodeResult: success, version: HTTP/1.1)
HTTP/1.1 101 WebSocket Protocol Handshake
Upgrade: WebSocket
Connection: Upgrade
Sec-WebSocket-Accept: 6BApN1FvJ8/i9+pErFy/nLv991Q=

15:13:26.771 [Forwarding maximizeCurrentWindow on session a37d38d2ba003a3fa871ef753762b18f to remote] DEBUG o.a.netty.request.NettyRequestSender - Using pooled Channel '[id: 0xc8adf26a, L:/127.0.0.1:52694 - R:localhost/127.0.0.1:50062]' for 'POST' to 'http://localhost:50062/session/a37d38d2ba003a3fa871ef753762b18f/window/maximize'
15:13:26.771 [Forwarding maximizeCurrentWindow on session a37d38d2ba003a3fa871ef753762b18f to remote] DEBUG o.a.netty.request.NettyRequestSender - Using open Channel [id: 0xc8adf26a, L:/127.0.0.1:52694 - R:localhost/127.0.0.1:50062] for POST '/session/a37d38d2ba003a3fa871ef753762b18f/window/maximize'
15:13:27.061 [AsyncHttpClient-1-5] DEBUG o.a.netty.handler.HttpHandler - 

Request DefaultHttpRequest(decodeResult: success, version: HTTP/1.1)
POST /session/a37d38d2ba003a3fa871ef753762b18f/window/maximize HTTP/1.1
User-Agent: selenium/4.4.0 (java windows)
Content-Length: 3
Content-Type: application/json; charset=utf-8
host: localhost:50062
accept: */*

Response DefaultHttpResponse(decodeResult: success, version: HTTP/1.1)
HTTP/1.1 200 OK
Content-Type: application/json; charset=utf-8
cache-control: no-cache
content-length: 51

15:13:27.062 [AsyncHttpClient-1-5] DEBUG o.a.netty.channel.ChannelManager - Adding key: http://localhost:50062 for channel [id: 0xc8adf26a, L:/127.0.0.1:52694 - R:localhost/127.0.0.1:50062]
15:13:27.065 [Forwarding get on session a37d38d2ba003a3fa871ef753762b18f to remote] DEBUG o.a.netty.request.NettyRequestSender - Using pooled Channel '[id: 0xc8adf26a, L:/127.0.0.1:52694 - R:localhost/127.0.0.1:50062]' for 'POST' to 'http://localhost:50062/session/a37d38d2ba003a3fa871ef753762b18f/url'
15:13:27.065 [Forwarding get on session a37d38d2ba003a3fa871ef753762b18f to remote] DEBUG o.a.netty.request.NettyRequestSender - Using open Channel [id: 0xc8adf26a, L:/127.0.0.1:52694 - R:localhost/127.0.0.1:50062] for POST '/session/a37d38d2ba003a3fa871ef753762b18f/url'
15:13:27.343 [AsyncHttpClient-1-1] DEBUG o.a.netty.channel.DefaultChannelPool - Entry count for : http://localhost:52695 : 1
15:13:28.429 [AsyncHttpClient-1-1] DEBUG o.a.netty.channel.DefaultChannelPool - Entry count for : http://localhost:52695 : 1
15:13:29.532 [AsyncHttpClient-1-1] DEBUG o.a.netty.channel.DefaultChannelPool - Entry count for : http://localhost:52695 : 1
15:13:30.537 [AsyncHttpClient-1-5] DEBUG o.a.netty.handler.HttpHandler - 

Request DefaultHttpRequest(decodeResult: success, version: HTTP/1.1)
POST /session/a37d38d2ba003a3fa871ef753762b18f/url HTTP/1.1
User-Agent: selenium/4.4.0 (java windows)
Content-Length: 63
Content-Type: application/json; charset=utf-8
host: localhost:50062
accept: */*

Response DefaultHttpResponse(decodeResult: success, version: HTTP/1.1)
HTTP/1.1 200 OK
Content-Type: application/json; charset=utf-8
cache-control: no-cache
content-length: 14

15:13:30.538 [AsyncHttpClient-1-5] DEBUG o.a.netty.channel.ChannelManager - Adding key: http://localhost:50062 for channel [id: 0xc8adf26a, L:/127.0.0.1:52694 - R:localhost/127.0.0.1:50062]
15:13:30.539 [Test worker] INFO  ui_tests.TestBase - Start test: registrationPositiveTest
15:13:30.540 [Test worker] INFO  ui_tests.TestBase -  --> With data: [UserModel(name=Svetlana1, email=svetlana2@mail.com, password=Asdfg1234_, confirmPassword=Asdfg1234_)]
15:13:30.542 [Forwarding findElement on session a37d38d2ba003a3fa871ef753762b18f to remote] DEBUG o.a.netty.request.NettyRequestSender - Using pooled Channel '[id: 0xc8adf26a, L:/127.0.0.1:52694 - R:localhost/127.0.0.1:50062]' for 'POST' to 'http://localhost:50062/session/a37d38d2ba003a3fa871ef753762b18f/element'
15:13:30.542 [Forwarding findElement on session a37d38d2ba003a3fa871ef753762b18f to remote] DEBUG o.a.netty.request.NettyRequestSender - Using open Channel [id: 0xc8adf26a, L:/127.0.0.1:52694 - R:localhost/127.0.0.1:50062] for POST '/session/a37d38d2ba003a3fa871ef753762b18f/element'
15:13:30.561 [AsyncHttpClient-1-5] DEBUG o.a.netty.handler.HttpHandler - 

Request DefaultHttpRequest(decodeResult: success, version: HTTP/1.1)
POST /session/a37d38d2ba003a3fa871ef753762b18f/element HTTP/1.1
User-Agent: selenium/4.4.0 (java windows)
Content-Length: 70
Content-Type: application/json; charset=utf-8
host: localhost:50062
accept: */*

Response DefaultHttpResponse(decodeResult: success, version: HTTP/1.1)
HTTP/1.1 200 OK
Content-Type: application/json; charset=utf-8
cache-control: no-cache
content-length: 88

15:13:30.561 [AsyncHttpClient-1-5] DEBUG o.a.netty.channel.ChannelManager - Adding key: http://localhost:50062 for channel [id: 0xc8adf26a, L:/127.0.0.1:52694 - R:localhost/127.0.0.1:50062]
15:13:30.569 [Forwarding isElementDisplayed on session a37d38d2ba003a3fa871ef753762b18f to remote] DEBUG o.a.netty.request.NettyRequestSender - Using pooled Channel '[id: 0xc8adf26a, L:/127.0.0.1:52694 - R:localhost/127.0.0.1:50062]' for 'POST' to 'http://localhost:50062/session/a37d38d2ba003a3fa871ef753762b18f/execute/sync'
15:13:30.569 [Forwarding isElementDisplayed on session a37d38d2ba003a3fa871ef753762b18f to remote] DEBUG o.a.netty.request.NettyRequestSender - Using open Channel [id: 0xc8adf26a, L:/127.0.0.1:52694 - R:localhost/127.0.0.1:50062] for POST '/session/a37d38d2ba003a3fa871ef753762b18f/execute/sync'
15:13:30.588 [AsyncHttpClient-1-5] DEBUG o.a.netty.handler.HttpHandler - 

Request DefaultHttpRequest(decodeResult: success, version: HTTP/1.1)
POST /session/a37d38d2ba003a3fa871ef753762b18f/execute/sync HTTP/1.1
User-Agent: selenium/4.4.0 (java windows)
Content-Length: 48780
Content-Type: application/json; charset=utf-8
host: localhost:50062
accept: */*

Response DefaultHttpResponse(decodeResult: success, version: HTTP/1.1)
HTTP/1.1 200 OK
Content-Type: application/json; charset=utf-8
cache-control: no-cache
content-length: 14

15:13:30.588 [AsyncHttpClient-1-5] DEBUG o.a.netty.channel.ChannelManager - Adding key: http://localhost:50062 for channel [id: 0xc8adf26a, L:/127.0.0.1:52694 - R:localhost/127.0.0.1:50062]
15:13:30.590 [Forwarding findElement on session a37d38d2ba003a3fa871ef753762b18f to remote] DEBUG o.a.netty.request.NettyRequestSender - Using pooled Channel '[id: 0xc8adf26a, L:/127.0.0.1:52694 - R:localhost/127.0.0.1:50062]' for 'POST' to 'http://localhost:50062/session/a37d38d2ba003a3fa871ef753762b18f/element'
15:13:30.591 [Forwarding findElement on session a37d38d2ba003a3fa871ef753762b18f to remote] DEBUG o.a.netty.request.NettyRequestSender - Using open Channel [id: 0xc8adf26a, L:/127.0.0.1:52694 - R:localhost/127.0.0.1:50062] for POST '/session/a37d38d2ba003a3fa871ef753762b18f/element'
15:13:30.600 [AsyncHttpClient-1-5] DEBUG o.a.netty.handler.HttpHandler - 

Request DefaultHttpRequest(decodeResult: success, version: HTTP/1.1)
POST /session/a37d38d2ba003a3fa871ef753762b18f/element HTTP/1.1
User-Agent: selenium/4.4.0 (java windows)
Content-Length: 70
Content-Type: application/json; charset=utf-8
host: localhost:50062
accept: */*

Response DefaultHttpResponse(decodeResult: success, version: HTTP/1.1)
HTTP/1.1 200 OK
Content-Type: application/json; charset=utf-8
cache-control: no-cache
content-length: 88

15:13:30.600 [AsyncHttpClient-1-5] DEBUG o.a.netty.channel.ChannelManager - Adding key: http://localhost:50062 for channel [id: 0xc8adf26a, L:/127.0.0.1:52694 - R:localhost/127.0.0.1:50062]
15:13:30.601 [Forwarding isElementEnabled on session a37d38d2ba003a3fa871ef753762b18f to remote] DEBUG o.a.netty.request.NettyRequestSender - Using pooled Channel '[id: 0xc8adf26a, L:/127.0.0.1:52694 - R:localhost/127.0.0.1:50062]' for 'GET' to 'http://localhost:50062/session/a37d38d2ba003a3fa871ef753762b18f/element/1564c51e-c36a-4df5-81d8-68b4eb554fb4/enabled'
15:13:30.602 [Forwarding isElementEnabled on session a37d38d2ba003a3fa871ef753762b18f to remote] DEBUG o.a.netty.request.NettyRequestSender - Using open Channel [id: 0xc8adf26a, L:/127.0.0.1:52694 - R:localhost/127.0.0.1:50062] for GET '/session/a37d38d2ba003a3fa871ef753762b18f/element/1564c51e-c36a-4df5-81d8-68b4eb554fb4/enabled'
15:13:30.614 [AsyncHttpClient-1-5] DEBUG o.a.netty.handler.HttpHandler - 

Request DefaultFullHttpRequest(decodeResult: success, version: HTTP/1.1, content: EmptyByteBufBE)
GET /session/a37d38d2ba003a3fa871ef753762b18f/element/1564c51e-c36a-4df5-81d8-68b4eb554fb4/enabled HTTP/1.1
User-Agent: selenium/4.4.0 (java windows)
Cache-Control: no-cache
Content-Type: application/json; charset=utf-8
host: localhost:50062
accept: */*

Response DefaultHttpResponse(decodeResult: success, version: HTTP/1.1)
HTTP/1.1 200 OK
Content-Type: application/json; charset=utf-8
cache-control: no-cache
content-length: 14

15:13:30.614 [AsyncHttpClient-1-5] DEBUG o.a.netty.channel.ChannelManager - Adding key: http://localhost:50062 for channel [id: 0xc8adf26a, L:/127.0.0.1:52694 - R:localhost/127.0.0.1:50062]
15:13:30.617 [Forwarding findElement on session a37d38d2ba003a3fa871ef753762b18f to remote] DEBUG o.a.netty.request.NettyRequestSender - Using pooled Channel '[id: 0xc8adf26a, L:/127.0.0.1:52694 - R:localhost/127.0.0.1:50062]' for 'POST' to 'http://localhost:50062/session/a37d38d2ba003a3fa871ef753762b18f/element'
15:13:30.617 [Forwarding findElement on session a37d38d2ba003a3fa871ef753762b18f to remote] DEBUG o.a.netty.request.NettyRequestSender - Using open Channel [id: 0xc8adf26a, L:/127.0.0.1:52694 - R:localhost/127.0.0.1:50062] for POST '/session/a37d38d2ba003a3fa871ef753762b18f/element'
15:13:30.627 [AsyncHttpClient-1-5] DEBUG o.a.netty.handler.HttpHandler - 

Request DefaultHttpRequest(decodeResult: success, version: HTTP/1.1)
POST /session/a37d38d2ba003a3fa871ef753762b18f/element HTTP/1.1
User-Agent: selenium/4.4.0 (java windows)
Content-Length: 70
Content-Type: application/json; charset=utf-8
host: localhost:50062
accept: */*

Response DefaultHttpResponse(decodeResult: success, version: HTTP/1.1)
HTTP/1.1 200 OK
Content-Type: application/json; charset=utf-8
cache-control: no-cache
content-length: 88

15:13:30.628 [AsyncHttpClient-1-5] DEBUG o.a.netty.channel.ChannelManager - Adding key: http://localhost:50062 for channel [id: 0xc8adf26a, L:/127.0.0.1:52694 - R:localhost/127.0.0.1:50062]
15:13:30.630 [Forwarding clickElement on session a37d38d2ba003a3fa871ef753762b18f to remote] DEBUG o.a.netty.request.NettyRequestSender - Using pooled Channel '[id: 0xc8adf26a, L:/127.0.0.1:52694 - R:localhost/127.0.0.1:50062]' for 'POST' to 'http://localhost:50062/session/a37d38d2ba003a3fa871ef753762b18f/element/1564c51e-c36a-4df5-81d8-68b4eb554fb4/click'
15:13:30.631 [Forwarding clickElement on session a37d38d2ba003a3fa871ef753762b18f to remote] DEBUG o.a.netty.request.NettyRequestSender - Using open Channel [id: 0xc8adf26a, L:/127.0.0.1:52694 - R:localhost/127.0.0.1:50062] for POST '/session/a37d38d2ba003a3fa871ef753762b18f/element/1564c51e-c36a-4df5-81d8-68b4eb554fb4/click'
15:13:30.636 [AsyncHttpClient-1-1] DEBUG o.a.netty.channel.DefaultChannelPool - Entry count for : http://localhost:52695 : 1
15:13:30.749 [AsyncHttpClient-1-5] DEBUG o.a.netty.handler.HttpHandler - 

Request DefaultHttpRequest(decodeResult: success, version: HTTP/1.1)
POST /session/a37d38d2ba003a3fa871ef753762b18f/element/1564c51e-c36a-4df5-81d8-68b4eb554fb4/click HTTP/1.1
User-Agent: selenium/4.4.0 (java windows)
Content-Length: 50
Content-Type: application/json; charset=utf-8
host: localhost:50062
accept: */*

Response DefaultHttpResponse(decodeResult: success, version: HTTP/1.1)
HTTP/1.1 200 OK
Content-Type: application/json; charset=utf-8
cache-control: no-cache
content-length: 14

15:13:30.750 [AsyncHttpClient-1-5] DEBUG o.a.netty.channel.ChannelManager - Adding key: http://localhost:50062 for channel [id: 0xc8adf26a, L:/127.0.0.1:52694 - R:localhost/127.0.0.1:50062]
15:13:30.754 [Forwarding findElement on session a37d38d2ba003a3fa871ef753762b18f to remote] DEBUG o.a.netty.request.NettyRequestSender - Using pooled Channel '[id: 0xc8adf26a, L:/127.0.0.1:52694 - R:localhost/127.0.0.1:50062]' for 'POST' to 'http://localhost:50062/session/a37d38d2ba003a3fa871ef753762b18f/element'
15:13:30.755 [Forwarding findElement on session a37d38d2ba003a3fa871ef753762b18f to remote] DEBUG o.a.netty.request.NettyRequestSender - Using open Channel [id: 0xc8adf26a, L:/127.0.0.1:52694 - R:localhost/127.0.0.1:50062] for POST '/session/a37d38d2ba003a3fa871ef753762b18f/element'
15:13:30.778 [AsyncHttpClient-1-5] DEBUG o.a.netty.handler.HttpHandler - 

Request DefaultHttpRequest(decodeResult: success, version: HTTP/1.1)
POST /session/a37d38d2ba003a3fa871ef753762b18f/element HTTP/1.1
User-Agent: selenium/4.4.0 (java windows)
Content-Length: 78
Content-Type: application/json; charset=utf-8
host: localhost:50062
accept: */*

Response DefaultHttpResponse(decodeResult: success, version: HTTP/1.1)
HTTP/1.1 200 OK
Content-Type: application/json; charset=utf-8
cache-control: no-cache
content-length: 88

15:13:30.779 [AsyncHttpClient-1-5] DEBUG o.a.netty.channel.ChannelManager - Adding key: http://localhost:50062 for channel [id: 0xc8adf26a, L:/127.0.0.1:52694 - R:localhost/127.0.0.1:50062]
15:13:30.787 [Forwarding isElementDisplayed on session a37d38d2ba003a3fa871ef753762b18f to remote] DEBUG o.a.netty.request.NettyRequestSender - Using pooled Channel '[id: 0xc8adf26a, L:/127.0.0.1:52694 - R:localhost/127.0.0.1:50062]' for 'POST' to 'http://localhost:50062/session/a37d38d2ba003a3fa871ef753762b18f/execute/sync'
15:13:30.788 [Forwarding isElementDisplayed on session a37d38d2ba003a3fa871ef753762b18f to remote] DEBUG o.a.netty.request.NettyRequestSender - Using open Channel [id: 0xc8adf26a, L:/127.0.0.1:52694 - R:localhost/127.0.0.1:50062] for POST '/session/a37d38d2ba003a3fa871ef753762b18f/execute/sync'
15:13:30.812 [AsyncHttpClient-1-5] DEBUG o.a.netty.handler.HttpHandler - 

Request DefaultHttpRequest(decodeResult: success, version: HTTP/1.1)
POST /session/a37d38d2ba003a3fa871ef753762b18f/execute/sync HTTP/1.1
User-Agent: selenium/4.4.0 (java windows)
Content-Length: 48780
Content-Type: application/json; charset=utf-8
host: localhost:50062
accept: */*

Response DefaultHttpResponse(decodeResult: success, version: HTTP/1.1)
HTTP/1.1 200 OK
Content-Type: application/json; charset=utf-8
cache-control: no-cache
content-length: 14

15:13:30.813 [AsyncHttpClient-1-5] DEBUG o.a.netty.channel.ChannelManager - Adding key: http://localhost:50062 for channel [id: 0xc8adf26a, L:/127.0.0.1:52694 - R:localhost/127.0.0.1:50062]
15:13:30.815 [Forwarding findElement on session a37d38d2ba003a3fa871ef753762b18f to remote] DEBUG o.a.netty.request.NettyRequestSender - Using pooled Channel '[id: 0xc8adf26a, L:/127.0.0.1:52694 - R:localhost/127.0.0.1:50062]' for 'POST' to 'http://localhost:50062/session/a37d38d2ba003a3fa871ef753762b18f/element'
15:13:30.815 [Forwarding findElement on session a37d38d2ba003a3fa871ef753762b18f to remote] DEBUG o.a.netty.request.NettyRequestSender - Using open Channel [id: 0xc8adf26a, L:/127.0.0.1:52694 - R:localhost/127.0.0.1:50062] for POST '/session/a37d38d2ba003a3fa871ef753762b18f/element'
15:13:30.832 [AsyncHttpClient-1-5] DEBUG o.a.netty.handler.HttpHandler - 

Request DefaultHttpRequest(decodeResult: success, version: HTTP/1.1)
POST /session/a37d38d2ba003a3fa871ef753762b18f/element HTTP/1.1
User-Agent: selenium/4.4.0 (java windows)
Content-Length: 78
Content-Type: application/json; charset=utf-8
host: localhost:50062
accept: */*

Response DefaultHttpResponse(decodeResult: success, version: HTTP/1.1)
HTTP/1.1 200 OK
Content-Type: application/json; charset=utf-8
cache-control: no-cache
content-length: 88

15:13:30.833 [AsyncHttpClient-1-5] DEBUG o.a.netty.channel.ChannelManager - Adding key: http://localhost:50062 for channel [id: 0xc8adf26a, L:/127.0.0.1:52694 - R:localhost/127.0.0.1:50062]
15:13:30.837 [Forwarding isElementEnabled on session a37d38d2ba003a3fa871ef753762b18f to remote] DEBUG o.a.netty.request.NettyRequestSender - Using pooled Channel '[id: 0xc8adf26a, L:/127.0.0.1:52694 - R:localhost/127.0.0.1:50062]' for 'GET' to 'http://localhost:50062/session/a37d38d2ba003a3fa871ef753762b18f/element/9d760b1a-a65f-4234-b105-d9cdff6727fa/enabled'
15:13:30.837 [Forwarding isElementEnabled on session a37d38d2ba003a3fa871ef753762b18f to remote] DEBUG o.a.netty.request.NettyRequestSender - Using open Channel [id: 0xc8adf26a, L:/127.0.0.1:52694 - R:localhost/127.0.0.1:50062] for GET '/session/a37d38d2ba003a3fa871ef753762b18f/element/9d760b1a-a65f-4234-b105-d9cdff6727fa/enabled'
15:13:30.853 [AsyncHttpClient-1-5] DEBUG o.a.netty.handler.HttpHandler - 

Request DefaultFullHttpRequest(decodeResult: success, version: HTTP/1.1, content: EmptyByteBufBE)
GET /session/a37d38d2ba003a3fa871ef753762b18f/element/9d760b1a-a65f-4234-b105-d9cdff6727fa/enabled HTTP/1.1
User-Agent: selenium/4.4.0 (java windows)
Cache-Control: no-cache
Content-Type: application/json; charset=utf-8
host: localhost:50062
accept: */*

Response DefaultHttpResponse(decodeResult: success, version: HTTP/1.1)
HTTP/1.1 200 OK
Content-Type: application/json; charset=utf-8
cache-control: no-cache
content-length: 14

15:13:30.854 [AsyncHttpClient-1-5] DEBUG o.a.netty.channel.ChannelManager - Adding key: http://localhost:50062 for channel [id: 0xc8adf26a, L:/127.0.0.1:52694 - R:localhost/127.0.0.1:50062]
15:13:30.858 [Forwarding findElement on session a37d38d2ba003a3fa871ef753762b18f to remote] DEBUG o.a.netty.request.NettyRequestSender - Using pooled Channel '[id: 0xc8adf26a, L:/127.0.0.1:52694 - R:localhost/127.0.0.1:50062]' for 'POST' to 'http://localhost:50062/session/a37d38d2ba003a3fa871ef753762b18f/element'
15:13:30.859 [Forwarding findElement on session a37d38d2ba003a3fa871ef753762b18f to remote] DEBUG o.a.netty.request.NettyRequestSender - Using open Channel [id: 0xc8adf26a, L:/127.0.0.1:52694 - R:localhost/127.0.0.1:50062] for POST '/session/a37d38d2ba003a3fa871ef753762b18f/element'
15:13:30.888 [AsyncHttpClient-1-5] DEBUG o.a.netty.handler.HttpHandler - 

Request DefaultHttpRequest(decodeResult: success, version: HTTP/1.1)
POST /session/a37d38d2ba003a3fa871ef753762b18f/element HTTP/1.1
User-Agent: selenium/4.4.0 (java windows)
Content-Length: 78
Content-Type: application/json; charset=utf-8
host: localhost:50062
accept: */*

Response DefaultHttpResponse(decodeResult: success, version: HTTP/1.1)
HTTP/1.1 200 OK
Content-Type: application/json; charset=utf-8
cache-control: no-cache
content-length: 88

15:13:30.888 [AsyncHttpClient-1-5] DEBUG o.a.netty.channel.ChannelManager - Adding key: http://localhost:50062 for channel [id: 0xc8adf26a, L:/127.0.0.1:52694 - R:localhost/127.0.0.1:50062]
15:13:30.892 [Forwarding clickElement on session a37d38d2ba003a3fa871ef753762b18f to remote] DEBUG o.a.netty.request.NettyRequestSender - Using pooled Channel '[id: 0xc8adf26a, L:/127.0.0.1:52694 - R:localhost/127.0.0.1:50062]' for 'POST' to 'http://localhost:50062/session/a37d38d2ba003a3fa871ef753762b18f/element/9d760b1a-a65f-4234-b105-d9cdff6727fa/click'
15:13:30.893 [Forwarding clickElement on session a37d38d2ba003a3fa871ef753762b18f to remote] DEBUG o.a.netty.request.NettyRequestSender - Using open Channel [id: 0xc8adf26a, L:/127.0.0.1:52694 - R:localhost/127.0.0.1:50062] for POST '/session/a37d38d2ba003a3fa871ef753762b18f/element/9d760b1a-a65f-4234-b105-d9cdff6727fa/click'
15:13:30.978 [AsyncHttpClient-1-5] DEBUG o.a.netty.handler.HttpHandler - 

Request DefaultHttpRequest(decodeResult: success, version: HTTP/1.1)
POST /session/a37d38d2ba003a3fa871ef753762b18f/element/9d760b1a-a65f-4234-b105-d9cdff6727fa/click HTTP/1.1
User-Agent: selenium/4.4.0 (java windows)
Content-Length: 50
Content-Type: application/json; charset=utf-8
host: localhost:50062
accept: */*

Response DefaultHttpResponse(decodeResult: success, version: HTTP/1.1)
HTTP/1.1 200 OK
Content-Type: application/json; charset=utf-8
cache-control: no-cache
content-length: 14

15:13:30.979 [AsyncHttpClient-1-5] DEBUG o.a.netty.channel.ChannelManager - Adding key: http://localhost:50062 for channel [id: 0xc8adf26a, L:/127.0.0.1:52694 - R:localhost/127.0.0.1:50062]
15:13:30.982 [Forwarding findElement on session a37d38d2ba003a3fa871ef753762b18f to remote] DEBUG o.a.netty.request.NettyRequestSender - Using pooled Channel '[id: 0xc8adf26a, L:/127.0.0.1:52694 - R:localhost/127.0.0.1:50062]' for 'POST' to 'http://localhost:50062/session/a37d38d2ba003a3fa871ef753762b18f/element'
15:13:30.982 [Forwarding findElement on session a37d38d2ba003a3fa871ef753762b18f to remote] DEBUG o.a.netty.request.NettyRequestSender - Using open Channel [id: 0xc8adf26a, L:/127.0.0.1:52694 - R:localhost/127.0.0.1:50062] for POST '/session/a37d38d2ba003a3fa871ef753762b18f/element'
15:13:31.010 [AsyncHttpClient-1-5] DEBUG o.a.netty.handler.HttpHandler - 

Request DefaultHttpRequest(decodeResult: success, version: HTTP/1.1)
POST /session/a37d38d2ba003a3fa871ef753762b18f/element HTTP/1.1
User-Agent: selenium/4.4.0 (java windows)
Content-Length: 76
Content-Type: application/json; charset=utf-8
host: localhost:50062
accept: */*

Response DefaultHttpResponse(decodeResult: success, version: HTTP/1.1)
HTTP/1.1 200 OK
Content-Type: application/json; charset=utf-8
cache-control: no-cache
content-length: 88

15:13:31.011 [AsyncHttpClient-1-5] DEBUG o.a.netty.channel.ChannelManager - Adding key: http://localhost:50062 for channel [id: 0xc8adf26a, L:/127.0.0.1:52694 - R:localhost/127.0.0.1:50062]
15:13:31.020 [Forwarding isElementDisplayed on session a37d38d2ba003a3fa871ef753762b18f to remote] DEBUG o.a.netty.request.NettyRequestSender - Using pooled Channel '[id: 0xc8adf26a, L:/127.0.0.1:52694 - R:localhost/127.0.0.1:50062]' for 'POST' to 'http://localhost:50062/session/a37d38d2ba003a3fa871ef753762b18f/execute/sync'
15:13:31.020 [Forwarding isElementDisplayed on session a37d38d2ba003a3fa871ef753762b18f to remote] DEBUG o.a.netty.request.NettyRequestSender - Using open Channel [id: 0xc8adf26a, L:/127.0.0.1:52694 - R:localhost/127.0.0.1:50062] for POST '/session/a37d38d2ba003a3fa871ef753762b18f/execute/sync'
15:13:31.050 [AsyncHttpClient-1-5] DEBUG o.a.netty.handler.HttpHandler - 

Request DefaultHttpRequest(decodeResult: success, version: HTTP/1.1)
POST /session/a37d38d2ba003a3fa871ef753762b18f/execute/sync HTTP/1.1
User-Agent: selenium/4.4.0 (java windows)
Content-Length: 48780
Content-Type: application/json; charset=utf-8
host: localhost:50062
accept: */*

Response DefaultHttpResponse(decodeResult: success, version: HTTP/1.1)
HTTP/1.1 200 OK
Content-Type: application/json; charset=utf-8
cache-control: no-cache
content-length: 14

15:13:31.050 [AsyncHttpClient-1-5] DEBUG o.a.netty.channel.ChannelManager - Adding key: http://localhost:50062 for channel [id: 0xc8adf26a, L:/127.0.0.1:52694 - R:localhost/127.0.0.1:50062]
15:13:31.054 [Forwarding findElement on session a37d38d2ba003a3fa871ef753762b18f to remote] DEBUG o.a.netty.request.NettyRequestSender - Using pooled Channel '[id: 0xc8adf26a, L:/127.0.0.1:52694 - R:localhost/127.0.0.1:50062]' for 'POST' to 'http://localhost:50062/session/a37d38d2ba003a3fa871ef753762b18f/element'
15:13:31.055 [Forwarding findElement on session a37d38d2ba003a3fa871ef753762b18f to remote] DEBUG o.a.netty.request.NettyRequestSender - Using open Channel [id: 0xc8adf26a, L:/127.0.0.1:52694 - R:localhost/127.0.0.1:50062] for POST '/session/a37d38d2ba003a3fa871ef753762b18f/element'
15:13:31.067 [AsyncHttpClient-1-5] DEBUG o.a.netty.handler.HttpHandler - 

Request DefaultHttpRequest(decodeResult: success, version: HTTP/1.1)
POST /session/a37d38d2ba003a3fa871ef753762b18f/element HTTP/1.1
User-Agent: selenium/4.4.0 (java windows)
Content-Length: 76
Content-Type: application/json; charset=utf-8
host: localhost:50062
accept: */*

Response DefaultHttpResponse(decodeResult: success, version: HTTP/1.1)
HTTP/1.1 200 OK
Content-Type: application/json; charset=utf-8
cache-control: no-cache
content-length: 88

15:13:31.068 [AsyncHttpClient-1-5] DEBUG o.a.netty.channel.ChannelManager - Adding key: http://localhost:50062 for channel [id: 0xc8adf26a, L:/127.0.0.1:52694 - R:localhost/127.0.0.1:50062]
15:13:31.070 [Forwarding isElementEnabled on session a37d38d2ba003a3fa871ef753762b18f to remote] DEBUG o.a.netty.request.NettyRequestSender - Using pooled Channel '[id: 0xc8adf26a, L:/127.0.0.1:52694 - R:localhost/127.0.0.1:50062]' for 'GET' to 'http://localhost:50062/session/a37d38d2ba003a3fa871ef753762b18f/element/88ab2b1a-db42-4db3-bbf9-ab8460491453/enabled'
15:13:31.070 [Forwarding isElementEnabled on session a37d38d2ba003a3fa871ef753762b18f to remote] DEBUG o.a.netty.request.NettyRequestSender - Using open Channel [id: 0xc8adf26a, L:/127.0.0.1:52694 - R:localhost/127.0.0.1:50062] for GET '/session/a37d38d2ba003a3fa871ef753762b18f/element/88ab2b1a-db42-4db3-bbf9-ab8460491453/enabled'
15:13:31.089 [AsyncHttpClient-1-5] DEBUG o.a.netty.handler.HttpHandler - 

Request DefaultFullHttpRequest(decodeResult: success, version: HTTP/1.1, content: EmptyByteBufBE)
GET /session/a37d38d2ba003a3fa871ef753762b18f/element/88ab2b1a-db42-4db3-bbf9-ab8460491453/enabled HTTP/1.1
User-Agent: selenium/4.4.0 (java windows)
Cache-Control: no-cache
Content-Type: application/json; charset=utf-8
host: localhost:50062
accept: */*

Response DefaultHttpResponse(decodeResult: success, version: HTTP/1.1)
HTTP/1.1 200 OK
Content-Type: application/json; charset=utf-8
cache-control: no-cache
content-length: 14

15:13:31.090 [AsyncHttpClient-1-5] DEBUG o.a.netty.channel.ChannelManager - Adding key: http://localhost:50062 for channel [id: 0xc8adf26a, L:/127.0.0.1:52694 - R:localhost/127.0.0.1:50062]
15:13:31.092 [Forwarding findElement on session a37d38d2ba003a3fa871ef753762b18f to remote] DEBUG o.a.netty.request.NettyRequestSender - Using pooled Channel '[id: 0xc8adf26a, L:/127.0.0.1:52694 - R:localhost/127.0.0.1:50062]' for 'POST' to 'http://localhost:50062/session/a37d38d2ba003a3fa871ef753762b18f/element'
15:13:31.092 [Forwarding findElement on session a37d38d2ba003a3fa871ef753762b18f to remote] DEBUG o.a.netty.request.NettyRequestSender - Using open Channel [id: 0xc8adf26a, L:/127.0.0.1:52694 - R:localhost/127.0.0.1:50062] for POST '/session/a37d38d2ba003a3fa871ef753762b18f/element'
15:13:31.108 [AsyncHttpClient-1-5] DEBUG o.a.netty.handler.HttpHandler - 

Request DefaultHttpRequest(decodeResult: success, version: HTTP/1.1)
POST /session/a37d38d2ba003a3fa871ef753762b18f/element HTTP/1.1
User-Agent: selenium/4.4.0 (java windows)
Content-Length: 76
Content-Type: application/json; charset=utf-8
host: localhost:50062
accept: */*

Response DefaultHttpResponse(decodeResult: success, version: HTTP/1.1)
HTTP/1.1 200 OK
Content-Type: application/json; charset=utf-8
cache-control: no-cache
content-length: 88

15:13:31.110 [AsyncHttpClient-1-5] DEBUG o.a.netty.channel.ChannelManager - Adding key: http://localhost:50062 for channel [id: 0xc8adf26a, L:/127.0.0.1:52694 - R:localhost/127.0.0.1:50062]
15:13:31.114 [Forwarding clickElement on session a37d38d2ba003a3fa871ef753762b18f to remote] DEBUG o.a.netty.request.NettyRequestSender - Using pooled Channel '[id: 0xc8adf26a, L:/127.0.0.1:52694 - R:localhost/127.0.0.1:50062]' for 'POST' to 'http://localhost:50062/session/a37d38d2ba003a3fa871ef753762b18f/element/88ab2b1a-db42-4db3-bbf9-ab8460491453/click'
15:13:31.115 [Forwarding clickElement on session a37d38d2ba003a3fa871ef753762b18f to remote] DEBUG o.a.netty.request.NettyRequestSender - Using open Channel [id: 0xc8adf26a, L:/127.0.0.1:52694 - R:localhost/127.0.0.1:50062] for POST '/session/a37d38d2ba003a3fa871ef753762b18f/element/88ab2b1a-db42-4db3-bbf9-ab8460491453/click'
15:13:31.206 [AsyncHttpClient-1-5] DEBUG o.a.netty.handler.HttpHandler - 

Request DefaultHttpRequest(decodeResult: success, version: HTTP/1.1)
POST /session/a37d38d2ba003a3fa871ef753762b18f/element/88ab2b1a-db42-4db3-bbf9-ab8460491453/click HTTP/1.1
User-Agent: selenium/4.4.0 (java windows)
Content-Length: 50
Content-Type: application/json; charset=utf-8
host: localhost:50062
accept: */*

Response DefaultHttpResponse(decodeResult: success, version: HTTP/1.1)
HTTP/1.1 200 OK
Content-Type: application/json; charset=utf-8
cache-control: no-cache
content-length: 14

15:13:31.207 [AsyncHttpClient-1-5] DEBUG o.a.netty.channel.ChannelManager - Adding key: http://localhost:50062 for channel [id: 0xc8adf26a, L:/127.0.0.1:52694 - R:localhost/127.0.0.1:50062]
15:13:31.214 [Forwarding findElement on session a37d38d2ba003a3fa871ef753762b18f to remote] DEBUG o.a.netty.request.NettyRequestSender - Using pooled Channel '[id: 0xc8adf26a, L:/127.0.0.1:52694 - R:localhost/127.0.0.1:50062]' for 'POST' to 'http://localhost:50062/session/a37d38d2ba003a3fa871ef753762b18f/element'
15:13:31.214 [Forwarding findElement on session a37d38d2ba003a3fa871ef753762b18f to remote] DEBUG o.a.netty.request.NettyRequestSender - Using open Channel [id: 0xc8adf26a, L:/127.0.0.1:52694 - R:localhost/127.0.0.1:50062] for POST '/session/a37d38d2ba003a3fa871ef753762b18f/element'
15:13:31.230 [AsyncHttpClient-1-5] DEBUG o.a.netty.handler.HttpHandler - 

Request DefaultHttpRequest(decodeResult: success, version: HTTP/1.1)
POST /session/a37d38d2ba003a3fa871ef753762b18f/element HTTP/1.1
User-Agent: selenium/4.4.0 (java windows)
Content-Length: 76
Content-Type: application/json; charset=utf-8
host: localhost:50062
accept: */*

Response DefaultHttpResponse(decodeResult: success, version: HTTP/1.1)
HTTP/1.1 200 OK
Content-Type: application/json; charset=utf-8
cache-control: no-cache
content-length: 88

15:13:31.231 [AsyncHttpClient-1-5] DEBUG o.a.netty.channel.ChannelManager - Adding key: http://localhost:50062 for channel [id: 0xc8adf26a, L:/127.0.0.1:52694 - R:localhost/127.0.0.1:50062]
15:13:31.235 [Forwarding clearElement on session a37d38d2ba003a3fa871ef753762b18f to remote] DEBUG o.a.netty.request.NettyRequestSender - Using pooled Channel '[id: 0xc8adf26a, L:/127.0.0.1:52694 - R:localhost/127.0.0.1:50062]' for 'POST' to 'http://localhost:50062/session/a37d38d2ba003a3fa871ef753762b18f/element/88ab2b1a-db42-4db3-bbf9-ab8460491453/clear'
15:13:31.235 [Forwarding clearElement on session a37d38d2ba003a3fa871ef753762b18f to remote] DEBUG o.a.netty.request.NettyRequestSender - Using open Channel [id: 0xc8adf26a, L:/127.0.0.1:52694 - R:localhost/127.0.0.1:50062] for POST '/session/a37d38d2ba003a3fa871ef753762b18f/element/88ab2b1a-db42-4db3-bbf9-ab8460491453/clear'
15:13:31.274 [AsyncHttpClient-1-5] DEBUG o.a.netty.handler.HttpHandler - 

Request DefaultHttpRequest(decodeResult: success, version: HTTP/1.1)
POST /session/a37d38d2ba003a3fa871ef753762b18f/element/88ab2b1a-db42-4db3-bbf9-ab8460491453/clear HTTP/1.1
User-Agent: selenium/4.4.0 (java windows)
Content-Length: 50
Content-Type: application/json; charset=utf-8
host: localhost:50062
accept: */*

Response DefaultHttpResponse(decodeResult: success, version: HTTP/1.1)
HTTP/1.1 200 OK
Content-Type: application/json; charset=utf-8
cache-control: no-cache
content-length: 14

15:13:31.274 [AsyncHttpClient-1-5] DEBUG o.a.netty.channel.ChannelManager - Adding key: http://localhost:50062 for channel [id: 0xc8adf26a, L:/127.0.0.1:52694 - R:localhost/127.0.0.1:50062]
15:13:31.277 [Forwarding findElement on session a37d38d2ba003a3fa871ef753762b18f to remote] DEBUG o.a.netty.request.NettyRequestSender - Using pooled Channel '[id: 0xc8adf26a, L:/127.0.0.1:52694 - R:localhost/127.0.0.1:50062]' for 'POST' to 'http://localhost:50062/session/a37d38d2ba003a3fa871ef753762b18f/element'
15:13:31.277 [Forwarding findElement on session a37d38d2ba003a3fa871ef753762b18f to remote] DEBUG o.a.netty.request.NettyRequestSender - Using open Channel [id: 0xc8adf26a, L:/127.0.0.1:52694 - R:localhost/127.0.0.1:50062] for POST '/session/a37d38d2ba003a3fa871ef753762b18f/element'
15:13:31.289 [AsyncHttpClient-1-5] DEBUG o.a.netty.handler.HttpHandler - 

Request DefaultHttpRequest(decodeResult: success, version: HTTP/1.1)
POST /session/a37d38d2ba003a3fa871ef753762b18f/element HTTP/1.1
User-Agent: selenium/4.4.0 (java windows)
Content-Length: 76
Content-Type: application/json; charset=utf-8
host: localhost:50062
accept: */*

Response DefaultHttpResponse(decodeResult: success, version: HTTP/1.1)
HTTP/1.1 200 OK
Content-Type: application/json; charset=utf-8
cache-control: no-cache
content-length: 88

15:13:31.289 [AsyncHttpClient-1-5] DEBUG o.a.netty.channel.ChannelManager - Adding key: http://localhost:50062 for channel [id: 0xc8adf26a, L:/127.0.0.1:52694 - R:localhost/127.0.0.1:50062]
15:13:31.293 [Forwarding sendKeysToElement on session a37d38d2ba003a3fa871ef753762b18f to remote] DEBUG o.a.netty.request.NettyRequestSender - Using pooled Channel '[id: 0xc8adf26a, L:/127.0.0.1:52694 - R:localhost/127.0.0.1:50062]' for 'POST' to 'http://localhost:50062/session/a37d38d2ba003a3fa871ef753762b18f/element/88ab2b1a-db42-4db3-bbf9-ab8460491453/value'
15:13:31.293 [Forwarding sendKeysToElement on session a37d38d2ba003a3fa871ef753762b18f to remote] DEBUG o.a.netty.request.NettyRequestSender - Using open Channel [id: 0xc8adf26a, L:/127.0.0.1:52694 - R:localhost/127.0.0.1:50062] for POST '/session/a37d38d2ba003a3fa871ef753762b18f/element/88ab2b1a-db42-4db3-bbf9-ab8460491453/value'
15:13:31.407 [AsyncHttpClient-1-5] DEBUG o.a.netty.handler.HttpHandler - 

Request DefaultHttpRequest(decodeResult: success, version: HTTP/1.1)
POST /session/a37d38d2ba003a3fa871ef753762b18f/element/88ab2b1a-db42-4db3-bbf9-ab8460491453/value HTTP/1.1
User-Agent: selenium/4.4.0 (java windows)
Content-Length: 171
Content-Type: application/json; charset=utf-8
host: localhost:50062
accept: */*

Response DefaultHttpResponse(decodeResult: success, version: HTTP/1.1)
HTTP/1.1 200 OK
Content-Type: application/json; charset=utf-8
cache-control: no-cache
content-length: 14

15:13:31.408 [AsyncHttpClient-1-5] DEBUG o.a.netty.channel.ChannelManager - Adding key: http://localhost:50062 for channel [id: 0xc8adf26a, L:/127.0.0.1:52694 - R:localhost/127.0.0.1:50062]
15:13:31.414 [Forwarding findElement on session a37d38d2ba003a3fa871ef753762b18f to remote] DEBUG o.a.netty.request.NettyRequestSender - Using pooled Channel '[id: 0xc8adf26a, L:/127.0.0.1:52694 - R:localhost/127.0.0.1:50062]' for 'POST' to 'http://localhost:50062/session/a37d38d2ba003a3fa871ef753762b18f/element'
15:13:31.415 [Forwarding findElement on session a37d38d2ba003a3fa871ef753762b18f to remote] DEBUG o.a.netty.request.NettyRequestSender - Using open Channel [id: 0xc8adf26a, L:/127.0.0.1:52694 - R:localhost/127.0.0.1:50062] for POST '/session/a37d38d2ba003a3fa871ef753762b18f/element'
15:13:31.439 [AsyncHttpClient-1-5] DEBUG o.a.netty.handler.HttpHandler - 

Request DefaultHttpRequest(decodeResult: success, version: HTTP/1.1)
POST /session/a37d38d2ba003a3fa871ef753762b18f/element HTTP/1.1
User-Agent: selenium/4.4.0 (java windows)
Content-Length: 86
Content-Type: application/json; charset=utf-8
host: localhost:50062
accept: */*

Response DefaultHttpResponse(decodeResult: success, version: HTTP/1.1)
HTTP/1.1 200 OK
Content-Type: application/json; charset=utf-8
cache-control: no-cache
content-length: 88

15:13:31.439 [AsyncHttpClient-1-5] DEBUG o.a.netty.channel.ChannelManager - Adding key: http://localhost:50062 for channel [id: 0xc8adf26a, L:/127.0.0.1:52694 - R:localhost/127.0.0.1:50062]
15:13:31.445 [Forwarding isElementDisplayed on session a37d38d2ba003a3fa871ef753762b18f to remote] DEBUG o.a.netty.request.NettyRequestSender - Using pooled Channel '[id: 0xc8adf26a, L:/127.0.0.1:52694 - R:localhost/127.0.0.1:50062]' for 'POST' to 'http://localhost:50062/session/a37d38d2ba003a3fa871ef753762b18f/execute/sync'
15:13:31.445 [Forwarding isElementDisplayed on session a37d38d2ba003a3fa871ef753762b18f to remote] DEBUG o.a.netty.request.NettyRequestSender - Using open Channel [id: 0xc8adf26a, L:/127.0.0.1:52694 - R:localhost/127.0.0.1:50062] for POST '/session/a37d38d2ba003a3fa871ef753762b18f/execute/sync'
15:13:31.459 [AsyncHttpClient-1-5] DEBUG o.a.netty.handler.HttpHandler - 

Request DefaultHttpRequest(decodeResult: success, version: HTTP/1.1)
POST /session/a37d38d2ba003a3fa871ef753762b18f/execute/sync HTTP/1.1
User-Agent: selenium/4.4.0 (java windows)
Content-Length: 48780
Content-Type: application/json; charset=utf-8
host: localhost:50062
accept: */*

Response DefaultHttpResponse(decodeResult: success, version: HTTP/1.1)
HTTP/1.1 200 OK
Content-Type: application/json; charset=utf-8
cache-control: no-cache
content-length: 14

15:13:31.460 [AsyncHttpClient-1-5] DEBUG o.a.netty.channel.ChannelManager - Adding key: http://localhost:50062 for channel [id: 0xc8adf26a, L:/127.0.0.1:52694 - R:localhost/127.0.0.1:50062]
15:13:31.462 [Forwarding findElement on session a37d38d2ba003a3fa871ef753762b18f to remote] DEBUG o.a.netty.request.NettyRequestSender - Using pooled Channel '[id: 0xc8adf26a, L:/127.0.0.1:52694 - R:localhost/127.0.0.1:50062]' for 'POST' to 'http://localhost:50062/session/a37d38d2ba003a3fa871ef753762b18f/element'
15:13:31.462 [Forwarding findElement on session a37d38d2ba003a3fa871ef753762b18f to remote] DEBUG o.a.netty.request.NettyRequestSender - Using open Channel [id: 0xc8adf26a, L:/127.0.0.1:52694 - R:localhost/127.0.0.1:50062] for POST '/session/a37d38d2ba003a3fa871ef753762b18f/element'
15:13:31.473 [AsyncHttpClient-1-5] DEBUG o.a.netty.handler.HttpHandler - 

Request DefaultHttpRequest(decodeResult: success, version: HTTP/1.1)
POST /session/a37d38d2ba003a3fa871ef753762b18f/element HTTP/1.1
User-Agent: selenium/4.4.0 (java windows)
Content-Length: 86
Content-Type: application/json; charset=utf-8
host: localhost:50062
accept: */*

Response DefaultHttpResponse(decodeResult: success, version: HTTP/1.1)
HTTP/1.1 200 OK
Content-Type: application/json; charset=utf-8
cache-control: no-cache
content-length: 88

15:13:31.473 [AsyncHttpClient-1-5] DEBUG o.a.netty.channel.ChannelManager - Adding key: http://localhost:50062 for channel [id: 0xc8adf26a, L:/127.0.0.1:52694 - R:localhost/127.0.0.1:50062]
15:13:31.475 [Forwarding isElementEnabled on session a37d38d2ba003a3fa871ef753762b18f to remote] DEBUG o.a.netty.request.NettyRequestSender - Using pooled Channel '[id: 0xc8adf26a, L:/127.0.0.1:52694 - R:localhost/127.0.0.1:50062]' for 'GET' to 'http://localhost:50062/session/a37d38d2ba003a3fa871ef753762b18f/element/f6dbb686-8075-40af-b926-898505f7753f/enabled'
15:13:31.475 [Forwarding isElementEnabled on session a37d38d2ba003a3fa871ef753762b18f to remote] DEBUG o.a.netty.request.NettyRequestSender - Using open Channel [id: 0xc8adf26a, L:/127.0.0.1:52694 - R:localhost/127.0.0.1:50062] for GET '/session/a37d38d2ba003a3fa871ef753762b18f/element/f6dbb686-8075-40af-b926-898505f7753f/enabled'
15:13:31.488 [AsyncHttpClient-1-5] DEBUG o.a.netty.handler.HttpHandler - 

Request DefaultFullHttpRequest(decodeResult: success, version: HTTP/1.1, content: EmptyByteBufBE)
GET /session/a37d38d2ba003a3fa871ef753762b18f/element/f6dbb686-8075-40af-b926-898505f7753f/enabled HTTP/1.1
User-Agent: selenium/4.4.0 (java windows)
Cache-Control: no-cache
Content-Type: application/json; charset=utf-8
host: localhost:50062
accept: */*

Response DefaultHttpResponse(decodeResult: success, version: HTTP/1.1)
HTTP/1.1 200 OK
Content-Type: application/json; charset=utf-8
cache-control: no-cache
content-length: 14

15:13:31.488 [AsyncHttpClient-1-5] DEBUG o.a.netty.channel.ChannelManager - Adding key: http://localhost:50062 for channel [id: 0xc8adf26a, L:/127.0.0.1:52694 - R:localhost/127.0.0.1:50062]
15:13:31.490 [Forwarding findElement on session a37d38d2ba003a3fa871ef753762b18f to remote] DEBUG o.a.netty.request.NettyRequestSender - Using pooled Channel '[id: 0xc8adf26a, L:/127.0.0.1:52694 - R:localhost/127.0.0.1:50062]' for 'POST' to 'http://localhost:50062/session/a37d38d2ba003a3fa871ef753762b18f/element'
15:13:31.490 [Forwarding findElement on session a37d38d2ba003a3fa871ef753762b18f to remote] DEBUG o.a.netty.request.NettyRequestSender - Using open Channel [id: 0xc8adf26a, L:/127.0.0.1:52694 - R:localhost/127.0.0.1:50062] for POST '/session/a37d38d2ba003a3fa871ef753762b18f/element'
15:13:31.499 [AsyncHttpClient-1-5] DEBUG o.a.netty.handler.HttpHandler - 

Request DefaultHttpRequest(decodeResult: success, version: HTTP/1.1)
POST /session/a37d38d2ba003a3fa871ef753762b18f/element HTTP/1.1
User-Agent: selenium/4.4.0 (java windows)
Content-Length: 86
Content-Type: application/json; charset=utf-8
host: localhost:50062
accept: */*

Response DefaultHttpResponse(decodeResult: success, version: HTTP/1.1)
HTTP/1.1 200 OK
Content-Type: application/json; charset=utf-8
cache-control: no-cache
content-length: 88

15:13:31.500 [AsyncHttpClient-1-5] DEBUG o.a.netty.channel.ChannelManager - Adding key: http://localhost:50062 for channel [id: 0xc8adf26a, L:/127.0.0.1:52694 - R:localhost/127.0.0.1:50062]
15:13:31.503 [Forwarding clickElement on session a37d38d2ba003a3fa871ef753762b18f to remote] DEBUG o.a.netty.request.NettyRequestSender - Using pooled Channel '[id: 0xc8adf26a, L:/127.0.0.1:52694 - R:localhost/127.0.0.1:50062]' for 'POST' to 'http://localhost:50062/session/a37d38d2ba003a3fa871ef753762b18f/element/f6dbb686-8075-40af-b926-898505f7753f/click'
15:13:31.503 [Forwarding clickElement on session a37d38d2ba003a3fa871ef753762b18f to remote] DEBUG o.a.netty.request.NettyRequestSender - Using open Channel [id: 0xc8adf26a, L:/127.0.0.1:52694 - R:localhost/127.0.0.1:50062] for POST '/session/a37d38d2ba003a3fa871ef753762b18f/element/f6dbb686-8075-40af-b926-898505f7753f/click'
15:13:31.566 [AsyncHttpClient-1-5] DEBUG o.a.netty.handler.HttpHandler - 

Request DefaultHttpRequest(decodeResult: success, version: HTTP/1.1)
POST /session/a37d38d2ba003a3fa871ef753762b18f/element/f6dbb686-8075-40af-b926-898505f7753f/click HTTP/1.1
User-Agent: selenium/4.4.0 (java windows)
Content-Length: 50
Content-Type: application/json; charset=utf-8
host: localhost:50062
accept: */*

Response DefaultHttpResponse(decodeResult: success, version: HTTP/1.1)
HTTP/1.1 200 OK
Content-Type: application/json; charset=utf-8
cache-control: no-cache
content-length: 14

15:13:31.566 [AsyncHttpClient-1-5] DEBUG o.a.netty.channel.ChannelManager - Adding key: http://localhost:50062 for channel [id: 0xc8adf26a, L:/127.0.0.1:52694 - R:localhost/127.0.0.1:50062]
15:13:31.576 [Forwarding findElement on session a37d38d2ba003a3fa871ef753762b18f to remote] DEBUG o.a.netty.request.NettyRequestSender - Using pooled Channel '[id: 0xc8adf26a, L:/127.0.0.1:52694 - R:localhost/127.0.0.1:50062]' for 'POST' to 'http://localhost:50062/session/a37d38d2ba003a3fa871ef753762b18f/element'
15:13:31.576 [Forwarding findElement on session a37d38d2ba003a3fa871ef753762b18f to remote] DEBUG o.a.netty.request.NettyRequestSender - Using open Channel [id: 0xc8adf26a, L:/127.0.0.1:52694 - R:localhost/127.0.0.1:50062] for POST '/session/a37d38d2ba003a3fa871ef753762b18f/element'
15:13:31.594 [AsyncHttpClient-1-5] DEBUG o.a.netty.handler.HttpHandler - 

Request DefaultHttpRequest(decodeResult: success, version: HTTP/1.1)
POST /session/a37d38d2ba003a3fa871ef753762b18f/element HTTP/1.1
User-Agent: selenium/4.4.0 (java windows)
Content-Length: 86
Content-Type: application/json; charset=utf-8
host: localhost:50062
accept: */*

Response DefaultHttpResponse(decodeResult: success, version: HTTP/1.1)
HTTP/1.1 200 OK
Content-Type: application/json; charset=utf-8
cache-control: no-cache
content-length: 88

15:13:31.594 [AsyncHttpClient-1-5] DEBUG o.a.netty.channel.ChannelManager - Adding key: http://localhost:50062 for channel [id: 0xc8adf26a, L:/127.0.0.1:52694 - R:localhost/127.0.0.1:50062]
15:13:31.597 [Forwarding clearElement on session a37d38d2ba003a3fa871ef753762b18f to remote] DEBUG o.a.netty.request.NettyRequestSender - Using pooled Channel '[id: 0xc8adf26a, L:/127.0.0.1:52694 - R:localhost/127.0.0.1:50062]' for 'POST' to 'http://localhost:50062/session/a37d38d2ba003a3fa871ef753762b18f/element/f6dbb686-8075-40af-b926-898505f7753f/clear'
15:13:31.597 [Forwarding clearElement on session a37d38d2ba003a3fa871ef753762b18f to remote] DEBUG o.a.netty.request.NettyRequestSender - Using open Channel [id: 0xc8adf26a, L:/127.0.0.1:52694 - R:localhost/127.0.0.1:50062] for POST '/session/a37d38d2ba003a3fa871ef753762b18f/element/f6dbb686-8075-40af-b926-898505f7753f/clear'
15:13:31.639 [AsyncHttpClient-1-5] DEBUG o.a.netty.handler.HttpHandler - 

Request DefaultHttpRequest(decodeResult: success, version: HTTP/1.1)
POST /session/a37d38d2ba003a3fa871ef753762b18f/element/f6dbb686-8075-40af-b926-898505f7753f/clear HTTP/1.1
User-Agent: selenium/4.4.0 (java windows)
Content-Length: 50
Content-Type: application/json; charset=utf-8
host: localhost:50062
accept: */*

Response DefaultHttpResponse(decodeResult: success, version: HTTP/1.1)
HTTP/1.1 200 OK
Content-Type: application/json; charset=utf-8
cache-control: no-cache
content-length: 14

15:13:31.640 [AsyncHttpClient-1-5] DEBUG o.a.netty.channel.ChannelManager - Adding key: http://localhost:50062 for channel [id: 0xc8adf26a, L:/127.0.0.1:52694 - R:localhost/127.0.0.1:50062]
15:13:31.642 [Forwarding findElement on session a37d38d2ba003a3fa871ef753762b18f to remote] DEBUG o.a.netty.request.NettyRequestSender - Using pooled Channel '[id: 0xc8adf26a, L:/127.0.0.1:52694 - R:localhost/127.0.0.1:50062]' for 'POST' to 'http://localhost:50062/session/a37d38d2ba003a3fa871ef753762b18f/element'
15:13:31.642 [Forwarding findElement on session a37d38d2ba003a3fa871ef753762b18f to remote] DEBUG o.a.netty.request.NettyRequestSender - Using open Channel [id: 0xc8adf26a, L:/127.0.0.1:52694 - R:localhost/127.0.0.1:50062] for POST '/session/a37d38d2ba003a3fa871ef753762b18f/element'
15:13:31.653 [AsyncHttpClient-1-5] DEBUG o.a.netty.handler.HttpHandler - 

Request DefaultHttpRequest(decodeResult: success, version: HTTP/1.1)
POST /session/a37d38d2ba003a3fa871ef753762b18f/element HTTP/1.1
User-Agent: selenium/4.4.0 (java windows)
Content-Length: 86
Content-Type: application/json; charset=utf-8
host: localhost:50062
accept: */*

Response DefaultHttpResponse(decodeResult: success, version: HTTP/1.1)
HTTP/1.1 200 OK
Content-Type: application/json; charset=utf-8
cache-control: no-cache
content-length: 88

15:13:31.654 [AsyncHttpClient-1-5] DEBUG o.a.netty.channel.ChannelManager - Adding key: http://localhost:50062 for channel [id: 0xc8adf26a, L:/127.0.0.1:52694 - R:localhost/127.0.0.1:50062]
15:13:31.657 [Forwarding sendKeysToElement on session a37d38d2ba003a3fa871ef753762b18f to remote] DEBUG o.a.netty.request.NettyRequestSender - Using pooled Channel '[id: 0xc8adf26a, L:/127.0.0.1:52694 - R:localhost/127.0.0.1:50062]' for 'POST' to 'http://localhost:50062/session/a37d38d2ba003a3fa871ef753762b18f/element/f6dbb686-8075-40af-b926-898505f7753f/value'
15:13:31.658 [Forwarding sendKeysToElement on session a37d38d2ba003a3fa871ef753762b18f to remote] DEBUG o.a.netty.request.NettyRequestSender - Using open Channel [id: 0xc8adf26a, L:/127.0.0.1:52694 - R:localhost/127.0.0.1:50062] for POST '/session/a37d38d2ba003a3fa871ef753762b18f/element/f6dbb686-8075-40af-b926-898505f7753f/value'
15:13:31.728 [AsyncHttpClient-1-1] DEBUG o.a.netty.channel.DefaultChannelPool - Entry count for : http://localhost:52695 : 1
15:13:31.843 [AsyncHttpClient-1-5] DEBUG o.a.netty.handler.HttpHandler - 

Request DefaultHttpRequest(decodeResult: success, version: HTTP/1.1)
POST /session/a37d38d2ba003a3fa871ef753762b18f/element/f6dbb686-8075-40af-b926-898505f7753f/value HTTP/1.1
User-Agent: selenium/4.4.0 (java windows)
Content-Length: 261
Content-Type: application/json; charset=utf-8
host: localhost:50062
accept: */*

Response DefaultHttpResponse(decodeResult: success, version: HTTP/1.1)
HTTP/1.1 200 OK
Content-Type: application/json; charset=utf-8
cache-control: no-cache
content-length: 14

15:13:31.844 [AsyncHttpClient-1-5] DEBUG o.a.netty.channel.ChannelManager - Adding key: http://localhost:50062 for channel [id: 0xc8adf26a, L:/127.0.0.1:52694 - R:localhost/127.0.0.1:50062]
15:13:31.848 [Forwarding findElement on session a37d38d2ba003a3fa871ef753762b18f to remote] DEBUG o.a.netty.request.NettyRequestSender - Using pooled Channel '[id: 0xc8adf26a, L:/127.0.0.1:52694 - R:localhost/127.0.0.1:50062]' for 'POST' to 'http://localhost:50062/session/a37d38d2ba003a3fa871ef753762b18f/element'
15:13:31.849 [Forwarding findElement on session a37d38d2ba003a3fa871ef753762b18f to remote] DEBUG o.a.netty.request.NettyRequestSender - Using open Channel [id: 0xc8adf26a, L:/127.0.0.1:52694 - R:localhost/127.0.0.1:50062] for POST '/session/a37d38d2ba003a3fa871ef753762b18f/element'
15:13:31.912 [AsyncHttpClient-1-5] DEBUG o.a.netty.handler.HttpHandler - 

Request DefaultHttpRequest(decodeResult: success, version: HTTP/1.1)
POST /session/a37d38d2ba003a3fa871ef753762b18f/element HTTP/1.1
User-Agent: selenium/4.4.0 (java windows)
Content-Length: 101
Content-Type: application/json; charset=utf-8
host: localhost:50062
accept: */*

Response DefaultHttpResponse(decodeResult: success, version: HTTP/1.1)
HTTP/1.1 200 OK
Content-Type: application/json; charset=utf-8
cache-control: no-cache
content-length: 88

15:13:31.913 [AsyncHttpClient-1-5] DEBUG o.a.netty.channel.ChannelManager - Adding key: http://localhost:50062 for channel [id: 0xc8adf26a, L:/127.0.0.1:52694 - R:localhost/127.0.0.1:50062]
15:13:31.919 [Forwarding isElementDisplayed on session a37d38d2ba003a3fa871ef753762b18f to remote] DEBUG o.a.netty.request.NettyRequestSender - Using pooled Channel '[id: 0xc8adf26a, L:/127.0.0.1:52694 - R:localhost/127.0.0.1:50062]' for 'POST' to 'http://localhost:50062/session/a37d38d2ba003a3fa871ef753762b18f/execute/sync'
15:13:31.919 [Forwarding isElementDisplayed on session a37d38d2ba003a3fa871ef753762b18f to remote] DEBUG o.a.netty.request.NettyRequestSender - Using open Channel [id: 0xc8adf26a, L:/127.0.0.1:52694 - R:localhost/127.0.0.1:50062] for POST '/session/a37d38d2ba003a3fa871ef753762b18f/execute/sync'
15:13:31.933 [AsyncHttpClient-1-5] DEBUG o.a.netty.handler.HttpHandler - 

Request DefaultHttpRequest(decodeResult: success, version: HTTP/1.1)
POST /session/a37d38d2ba003a3fa871ef753762b18f/execute/sync HTTP/1.1
User-Agent: selenium/4.4.0 (java windows)
Content-Length: 48780
Content-Type: application/json; charset=utf-8
host: localhost:50062
accept: */*

Response DefaultHttpResponse(decodeResult: success, version: HTTP/1.1)
HTTP/1.1 200 OK
Content-Type: application/json; charset=utf-8
cache-control: no-cache
content-length: 14

15:13:31.934 [AsyncHttpClient-1-5] DEBUG o.a.netty.channel.ChannelManager - Adding key: http://localhost:50062 for channel [id: 0xc8adf26a, L:/127.0.0.1:52694 - R:localhost/127.0.0.1:50062]
15:13:31.937 [Forwarding findElement on session a37d38d2ba003a3fa871ef753762b18f to remote] DEBUG o.a.netty.request.NettyRequestSender - Using pooled Channel '[id: 0xc8adf26a, L:/127.0.0.1:52694 - R:localhost/127.0.0.1:50062]' for 'POST' to 'http://localhost:50062/session/a37d38d2ba003a3fa871ef753762b18f/element'
15:13:31.937 [Forwarding findElement on session a37d38d2ba003a3fa871ef753762b18f to remote] DEBUG o.a.netty.request.NettyRequestSender - Using open Channel [id: 0xc8adf26a, L:/127.0.0.1:52694 - R:localhost/127.0.0.1:50062] for POST '/session/a37d38d2ba003a3fa871ef753762b18f/element'
15:13:31.948 [AsyncHttpClient-1-5] DEBUG o.a.netty.handler.HttpHandler - 

Request DefaultHttpRequest(decodeResult: success, version: HTTP/1.1)
POST /session/a37d38d2ba003a3fa871ef753762b18f/element HTTP/1.1
User-Agent: selenium/4.4.0 (java windows)
Content-Length: 101
Content-Type: application/json; charset=utf-8
host: localhost:50062
accept: */*

Response DefaultHttpResponse(decodeResult: success, version: HTTP/1.1)
HTTP/1.1 200 OK
Content-Type: application/json; charset=utf-8
cache-control: no-cache
content-length: 88

15:13:31.948 [AsyncHttpClient-1-5] DEBUG o.a.netty.channel.ChannelManager - Adding key: http://localhost:50062 for channel [id: 0xc8adf26a, L:/127.0.0.1:52694 - R:localhost/127.0.0.1:50062]
15:13:31.951 [Forwarding isElementEnabled on session a37d38d2ba003a3fa871ef753762b18f to remote] DEBUG o.a.netty.request.NettyRequestSender - Using pooled Channel '[id: 0xc8adf26a, L:/127.0.0.1:52694 - R:localhost/127.0.0.1:50062]' for 'GET' to 'http://localhost:50062/session/a37d38d2ba003a3fa871ef753762b18f/element/d0036edf-6d1e-4039-a238-5c7bfc90d224/enabled'
15:13:31.951 [Forwarding isElementEnabled on session a37d38d2ba003a3fa871ef753762b18f to remote] DEBUG o.a.netty.request.NettyRequestSender - Using open Channel [id: 0xc8adf26a, L:/127.0.0.1:52694 - R:localhost/127.0.0.1:50062] for GET '/session/a37d38d2ba003a3fa871ef753762b18f/element/d0036edf-6d1e-4039-a238-5c7bfc90d224/enabled'
15:13:31.964 [AsyncHttpClient-1-5] DEBUG o.a.netty.handler.HttpHandler - 

Request DefaultFullHttpRequest(decodeResult: success, version: HTTP/1.1, content: EmptyByteBufBE)
GET /session/a37d38d2ba003a3fa871ef753762b18f/element/d0036edf-6d1e-4039-a238-5c7bfc90d224/enabled HTTP/1.1
User-Agent: selenium/4.4.0 (java windows)
Cache-Control: no-cache
Content-Type: application/json; charset=utf-8
host: localhost:50062
accept: */*

Response DefaultHttpResponse(decodeResult: success, version: HTTP/1.1)
HTTP/1.1 200 OK
Content-Type: application/json; charset=utf-8
cache-control: no-cache
content-length: 14

15:13:31.964 [AsyncHttpClient-1-5] DEBUG o.a.netty.channel.ChannelManager - Adding key: http://localhost:50062 for channel [id: 0xc8adf26a, L:/127.0.0.1:52694 - R:localhost/127.0.0.1:50062]
15:13:31.966 [Forwarding findElement on session a37d38d2ba003a3fa871ef753762b18f to remote] DEBUG o.a.netty.request.NettyRequestSender - Using pooled Channel '[id: 0xc8adf26a, L:/127.0.0.1:52694 - R:localhost/127.0.0.1:50062]' for 'POST' to 'http://localhost:50062/session/a37d38d2ba003a3fa871ef753762b18f/element'
15:13:31.967 [Forwarding findElement on session a37d38d2ba003a3fa871ef753762b18f to remote] DEBUG o.a.netty.request.NettyRequestSender - Using open Channel [id: 0xc8adf26a, L:/127.0.0.1:52694 - R:localhost/127.0.0.1:50062] for POST '/session/a37d38d2ba003a3fa871ef753762b18f/element'
15:13:31.980 [AsyncHttpClient-1-5] DEBUG o.a.netty.handler.HttpHandler - 

Request DefaultHttpRequest(decodeResult: success, version: HTTP/1.1)
POST /session/a37d38d2ba003a3fa871ef753762b18f/element HTTP/1.1
User-Agent: selenium/4.4.0 (java windows)
Content-Length: 101
Content-Type: application/json; charset=utf-8
host: localhost:50062
accept: */*

Response DefaultHttpResponse(decodeResult: success, version: HTTP/1.1)
HTTP/1.1 200 OK
Content-Type: application/json; charset=utf-8
cache-control: no-cache
content-length: 88

15:13:31.980 [AsyncHttpClient-1-5] DEBUG o.a.netty.channel.ChannelManager - Adding key: http://localhost:50062 for channel [id: 0xc8adf26a, L:/127.0.0.1:52694 - R:localhost/127.0.0.1:50062]
15:13:31.985 [Forwarding clickElement on session a37d38d2ba003a3fa871ef753762b18f to remote] DEBUG o.a.netty.request.NettyRequestSender - Using pooled Channel '[id: 0xc8adf26a, L:/127.0.0.1:52694 - R:localhost/127.0.0.1:50062]' for 'POST' to 'http://localhost:50062/session/a37d38d2ba003a3fa871ef753762b18f/element/d0036edf-6d1e-4039-a238-5c7bfc90d224/click'
15:13:31.986 [Forwarding clickElement on session a37d38d2ba003a3fa871ef753762b18f to remote] DEBUG o.a.netty.request.NettyRequestSender - Using open Channel [id: 0xc8adf26a, L:/127.0.0.1:52694 - R:localhost/127.0.0.1:50062] for POST '/session/a37d38d2ba003a3fa871ef753762b18f/element/d0036edf-6d1e-4039-a238-5c7bfc90d224/click'
15:13:32.060 [AsyncHttpClient-1-5] DEBUG o.a.netty.handler.HttpHandler - 

Request DefaultHttpRequest(decodeResult: success, version: HTTP/1.1)
POST /session/a37d38d2ba003a3fa871ef753762b18f/element/d0036edf-6d1e-4039-a238-5c7bfc90d224/click HTTP/1.1
User-Agent: selenium/4.4.0 (java windows)
Content-Length: 50
Content-Type: application/json; charset=utf-8
host: localhost:50062
accept: */*

Response DefaultHttpResponse(decodeResult: success, version: HTTP/1.1)
HTTP/1.1 200 OK
Content-Type: application/json; charset=utf-8
cache-control: no-cache
content-length: 14

15:13:32.061 [AsyncHttpClient-1-5] DEBUG o.a.netty.channel.ChannelManager - Adding key: http://localhost:50062 for channel [id: 0xc8adf26a, L:/127.0.0.1:52694 - R:localhost/127.0.0.1:50062]
15:13:32.070 [Forwarding findElement on session a37d38d2ba003a3fa871ef753762b18f to remote] DEBUG o.a.netty.request.NettyRequestSender - Using pooled Channel '[id: 0xc8adf26a, L:/127.0.0.1:52694 - R:localhost/127.0.0.1:50062]' for 'POST' to 'http://localhost:50062/session/a37d38d2ba003a3fa871ef753762b18f/element'
15:13:32.070 [Forwarding findElement on session a37d38d2ba003a3fa871ef753762b18f to remote] DEBUG o.a.netty.request.NettyRequestSender - Using open Channel [id: 0xc8adf26a, L:/127.0.0.1:52694 - R:localhost/127.0.0.1:50062] for POST '/session/a37d38d2ba003a3fa871ef753762b18f/element'
15:13:32.106 [AsyncHttpClient-1-5] DEBUG o.a.netty.handler.HttpHandler - 

Request DefaultHttpRequest(decodeResult: success, version: HTTP/1.1)
POST /session/a37d38d2ba003a3fa871ef753762b18f/element HTTP/1.1
User-Agent: selenium/4.4.0 (java windows)
Content-Length: 101
Content-Type: application/json; charset=utf-8
host: localhost:50062
accept: */*

Response DefaultHttpResponse(decodeResult: success, version: HTTP/1.1)
HTTP/1.1 200 OK
Content-Type: application/json; charset=utf-8
cache-control: no-cache
content-length: 88

15:13:32.106 [AsyncHttpClient-1-5] DEBUG o.a.netty.channel.ChannelManager - Adding key: http://localhost:50062 for channel [id: 0xc8adf26a, L:/127.0.0.1:52694 - R:localhost/127.0.0.1:50062]
15:13:32.109 [Forwarding clearElement on session a37d38d2ba003a3fa871ef753762b18f to remote] DEBUG o.a.netty.request.NettyRequestSender - Using pooled Channel '[id: 0xc8adf26a, L:/127.0.0.1:52694 - R:localhost/127.0.0.1:50062]' for 'POST' to 'http://localhost:50062/session/a37d38d2ba003a3fa871ef753762b18f/element/d0036edf-6d1e-4039-a238-5c7bfc90d224/clear'
15:13:32.109 [Forwarding clearElement on session a37d38d2ba003a3fa871ef753762b18f to remote] DEBUG o.a.netty.request.NettyRequestSender - Using open Channel [id: 0xc8adf26a, L:/127.0.0.1:52694 - R:localhost/127.0.0.1:50062] for POST '/session/a37d38d2ba003a3fa871ef753762b18f/element/d0036edf-6d1e-4039-a238-5c7bfc90d224/clear'
15:13:32.146 [AsyncHttpClient-1-5] DEBUG o.a.netty.handler.HttpHandler - 

Request DefaultHttpRequest(decodeResult: success, version: HTTP/1.1)
POST /session/a37d38d2ba003a3fa871ef753762b18f/element/d0036edf-6d1e-4039-a238-5c7bfc90d224/clear HTTP/1.1
User-Agent: selenium/4.4.0 (java windows)
Content-Length: 50
Content-Type: application/json; charset=utf-8
host: localhost:50062
accept: */*

Response DefaultHttpResponse(decodeResult: success, version: HTTP/1.1)
HTTP/1.1 200 OK
Content-Type: application/json; charset=utf-8
cache-control: no-cache
content-length: 14

15:13:32.147 [AsyncHttpClient-1-5] DEBUG o.a.netty.channel.ChannelManager - Adding key: http://localhost:50062 for channel [id: 0xc8adf26a, L:/127.0.0.1:52694 - R:localhost/127.0.0.1:50062]
15:13:32.149 [Forwarding findElement on session a37d38d2ba003a3fa871ef753762b18f to remote] DEBUG o.a.netty.request.NettyRequestSender - Using pooled Channel '[id: 0xc8adf26a, L:/127.0.0.1:52694 - R:localhost/127.0.0.1:50062]' for 'POST' to 'http://localhost:50062/session/a37d38d2ba003a3fa871ef753762b18f/element'
15:13:32.149 [Forwarding findElement on session a37d38d2ba003a3fa871ef753762b18f to remote] DEBUG o.a.netty.request.NettyRequestSender - Using open Channel [id: 0xc8adf26a, L:/127.0.0.1:52694 - R:localhost/127.0.0.1:50062] for POST '/session/a37d38d2ba003a3fa871ef753762b18f/element'
15:13:32.159 [AsyncHttpClient-1-5] DEBUG o.a.netty.handler.HttpHandler - 

Request DefaultHttpRequest(decodeResult: success, version: HTTP/1.1)
POST /session/a37d38d2ba003a3fa871ef753762b18f/element HTTP/1.1
User-Agent: selenium/4.4.0 (java windows)
Content-Length: 101
Content-Type: application/json; charset=utf-8
host: localhost:50062
accept: */*

Response DefaultHttpResponse(decodeResult: success, version: HTTP/1.1)
HTTP/1.1 200 OK
Content-Type: application/json; charset=utf-8
cache-control: no-cache
content-length: 88

15:13:32.160 [AsyncHttpClient-1-5] DEBUG o.a.netty.channel.ChannelManager - Adding key: http://localhost:50062 for channel [id: 0xc8adf26a, L:/127.0.0.1:52694 - R:localhost/127.0.0.1:50062]
15:13:32.163 [Forwarding sendKeysToElement on session a37d38d2ba003a3fa871ef753762b18f to remote] DEBUG o.a.netty.request.NettyRequestSender - Using pooled Channel '[id: 0xc8adf26a, L:/127.0.0.1:52694 - R:localhost/127.0.0.1:50062]' for 'POST' to 'http://localhost:50062/session/a37d38d2ba003a3fa871ef753762b18f/element/d0036edf-6d1e-4039-a238-5c7bfc90d224/value'
15:13:32.163 [Forwarding sendKeysToElement on session a37d38d2ba003a3fa871ef753762b18f to remote] DEBUG o.a.netty.request.NettyRequestSender - Using open Channel [id: 0xc8adf26a, L:/127.0.0.1:52694 - R:localhost/127.0.0.1:50062] for POST '/session/a37d38d2ba003a3fa871ef753762b18f/element/d0036edf-6d1e-4039-a238-5c7bfc90d224/value'
15:13:32.269 [AsyncHttpClient-1-5] DEBUG o.a.netty.handler.HttpHandler - 

Request DefaultHttpRequest(decodeResult: success, version: HTTP/1.1)
POST /session/a37d38d2ba003a3fa871ef753762b18f/element/d0036edf-6d1e-4039-a238-5c7bfc90d224/value HTTP/1.1
User-Agent: selenium/4.4.0 (java windows)
Content-Length: 181
Content-Type: application/json; charset=utf-8
host: localhost:50062
accept: */*

Response DefaultHttpResponse(decodeResult: success, version: HTTP/1.1)
HTTP/1.1 200 OK
Content-Type: application/json; charset=utf-8
cache-control: no-cache
content-length: 14

15:13:32.270 [AsyncHttpClient-1-5] DEBUG o.a.netty.channel.ChannelManager - Adding key: http://localhost:50062 for channel [id: 0xc8adf26a, L:/127.0.0.1:52694 - R:localhost/127.0.0.1:50062]
15:13:32.273 [Forwarding findElement on session a37d38d2ba003a3fa871ef753762b18f to remote] DEBUG o.a.netty.request.NettyRequestSender - Using pooled Channel '[id: 0xc8adf26a, L:/127.0.0.1:52694 - R:localhost/127.0.0.1:50062]' for 'POST' to 'http://localhost:50062/session/a37d38d2ba003a3fa871ef753762b18f/element'
15:13:32.273 [Forwarding findElement on session a37d38d2ba003a3fa871ef753762b18f to remote] DEBUG o.a.netty.request.NettyRequestSender - Using open Channel [id: 0xc8adf26a, L:/127.0.0.1:52694 - R:localhost/127.0.0.1:50062] for POST '/session/a37d38d2ba003a3fa871ef753762b18f/element'
15:13:32.290 [AsyncHttpClient-1-5] DEBUG o.a.netty.handler.HttpHandler - 

Request DefaultHttpRequest(decodeResult: success, version: HTTP/1.1)
POST /session/a37d38d2ba003a3fa871ef753762b18f/element HTTP/1.1
User-Agent: selenium/4.4.0 (java windows)
Content-Length: 101
Content-Type: application/json; charset=utf-8
host: localhost:50062
accept: */*

Response DefaultHttpResponse(decodeResult: success, version: HTTP/1.1)
HTTP/1.1 200 OK
Content-Type: application/json; charset=utf-8
cache-control: no-cache
content-length: 88

15:13:32.291 [AsyncHttpClient-1-5] DEBUG o.a.netty.channel.ChannelManager - Adding key: http://localhost:50062 for channel [id: 0xc8adf26a, L:/127.0.0.1:52694 - R:localhost/127.0.0.1:50062]
15:13:32.298 [Forwarding isElementDisplayed on session a37d38d2ba003a3fa871ef753762b18f to remote] DEBUG o.a.netty.request.NettyRequestSender - Using pooled Channel '[id: 0xc8adf26a, L:/127.0.0.1:52694 - R:localhost/127.0.0.1:50062]' for 'POST' to 'http://localhost:50062/session/a37d38d2ba003a3fa871ef753762b18f/execute/sync'
15:13:32.298 [Forwarding isElementDisplayed on session a37d38d2ba003a3fa871ef753762b18f to remote] DEBUG o.a.netty.request.NettyRequestSender - Using open Channel [id: 0xc8adf26a, L:/127.0.0.1:52694 - R:localhost/127.0.0.1:50062] for POST '/session/a37d38d2ba003a3fa871ef753762b18f/execute/sync'
15:13:32.312 [AsyncHttpClient-1-5] DEBUG o.a.netty.handler.HttpHandler - 

Request DefaultHttpRequest(decodeResult: success, version: HTTP/1.1)
POST /session/a37d38d2ba003a3fa871ef753762b18f/execute/sync HTTP/1.1
User-Agent: selenium/4.4.0 (java windows)
Content-Length: 48780
Content-Type: application/json; charset=utf-8
host: localhost:50062
accept: */*

Response DefaultHttpResponse(decodeResult: success, version: HTTP/1.1)
HTTP/1.1 200 OK
Content-Type: application/json; charset=utf-8
cache-control: no-cache
content-length: 14

15:13:32.312 [AsyncHttpClient-1-5] DEBUG o.a.netty.channel.ChannelManager - Adding key: http://localhost:50062 for channel [id: 0xc8adf26a, L:/127.0.0.1:52694 - R:localhost/127.0.0.1:50062]
15:13:32.316 [Forwarding findElement on session a37d38d2ba003a3fa871ef753762b18f to remote] DEBUG o.a.netty.request.NettyRequestSender - Using pooled Channel '[id: 0xc8adf26a, L:/127.0.0.1:52694 - R:localhost/127.0.0.1:50062]' for 'POST' to 'http://localhost:50062/session/a37d38d2ba003a3fa871ef753762b18f/element'
15:13:32.316 [Forwarding findElement on session a37d38d2ba003a3fa871ef753762b18f to remote] DEBUG o.a.netty.request.NettyRequestSender - Using open Channel [id: 0xc8adf26a, L:/127.0.0.1:52694 - R:localhost/127.0.0.1:50062] for POST '/session/a37d38d2ba003a3fa871ef753762b18f/element'
15:13:32.326 [AsyncHttpClient-1-5] DEBUG o.a.netty.handler.HttpHandler - 

Request DefaultHttpRequest(decodeResult: success, version: HTTP/1.1)
POST /session/a37d38d2ba003a3fa871ef753762b18f/element HTTP/1.1
User-Agent: selenium/4.4.0 (java windows)
Content-Length: 101
Content-Type: application/json; charset=utf-8
host: localhost:50062
accept: */*

Response DefaultHttpResponse(decodeResult: success, version: HTTP/1.1)
HTTP/1.1 200 OK
Content-Type: application/json; charset=utf-8
cache-control: no-cache
content-length: 88

15:13:32.326 [AsyncHttpClient-1-5] DEBUG o.a.netty.channel.ChannelManager - Adding key: http://localhost:50062 for channel [id: 0xc8adf26a, L:/127.0.0.1:52694 - R:localhost/127.0.0.1:50062]
15:13:32.328 [Forwarding isElementEnabled on session a37d38d2ba003a3fa871ef753762b18f to remote] DEBUG o.a.netty.request.NettyRequestSender - Using pooled Channel '[id: 0xc8adf26a, L:/127.0.0.1:52694 - R:localhost/127.0.0.1:50062]' for 'GET' to 'http://localhost:50062/session/a37d38d2ba003a3fa871ef753762b18f/element/88d5d617-1146-44be-a745-50ee410966bb/enabled'
15:13:32.328 [Forwarding isElementEnabled on session a37d38d2ba003a3fa871ef753762b18f to remote] DEBUG o.a.netty.request.NettyRequestSender - Using open Channel [id: 0xc8adf26a, L:/127.0.0.1:52694 - R:localhost/127.0.0.1:50062] for GET '/session/a37d38d2ba003a3fa871ef753762b18f/element/88d5d617-1146-44be-a745-50ee410966bb/enabled'
15:13:32.341 [AsyncHttpClient-1-5] DEBUG o.a.netty.handler.HttpHandler - 

Request DefaultFullHttpRequest(decodeResult: success, version: HTTP/1.1, content: EmptyByteBufBE)
GET /session/a37d38d2ba003a3fa871ef753762b18f/element/88d5d617-1146-44be-a745-50ee410966bb/enabled HTTP/1.1
User-Agent: selenium/4.4.0 (java windows)
Cache-Control: no-cache
Content-Type: application/json; charset=utf-8
host: localhost:50062
accept: */*

Response DefaultHttpResponse(decodeResult: success, version: HTTP/1.1)
HTTP/1.1 200 OK
Content-Type: application/json; charset=utf-8
cache-control: no-cache
content-length: 14

15:13:32.341 [AsyncHttpClient-1-5] DEBUG o.a.netty.channel.ChannelManager - Adding key: http://localhost:50062 for channel [id: 0xc8adf26a, L:/127.0.0.1:52694 - R:localhost/127.0.0.1:50062]
15:13:32.343 [Forwarding findElement on session a37d38d2ba003a3fa871ef753762b18f to remote] DEBUG o.a.netty.request.NettyRequestSender - Using pooled Channel '[id: 0xc8adf26a, L:/127.0.0.1:52694 - R:localhost/127.0.0.1:50062]' for 'POST' to 'http://localhost:50062/session/a37d38d2ba003a3fa871ef753762b18f/element'
15:13:32.344 [Forwarding findElement on session a37d38d2ba003a3fa871ef753762b18f to remote] DEBUG o.a.netty.request.NettyRequestSender - Using open Channel [id: 0xc8adf26a, L:/127.0.0.1:52694 - R:localhost/127.0.0.1:50062] for POST '/session/a37d38d2ba003a3fa871ef753762b18f/element'
15:13:32.355 [AsyncHttpClient-1-5] DEBUG o.a.netty.handler.HttpHandler - 

Request DefaultHttpRequest(decodeResult: success, version: HTTP/1.1)
POST /session/a37d38d2ba003a3fa871ef753762b18f/element HTTP/1.1
User-Agent: selenium/4.4.0 (java windows)
Content-Length: 101
Content-Type: application/json; charset=utf-8
host: localhost:50062
accept: */*

Response DefaultHttpResponse(decodeResult: success, version: HTTP/1.1)
HTTP/1.1 200 OK
Content-Type: application/json; charset=utf-8
cache-control: no-cache
content-length: 88

15:13:32.355 [AsyncHttpClient-1-5] DEBUG o.a.netty.channel.ChannelManager - Adding key: http://localhost:50062 for channel [id: 0xc8adf26a, L:/127.0.0.1:52694 - R:localhost/127.0.0.1:50062]
15:13:32.357 [Forwarding clickElement on session a37d38d2ba003a3fa871ef753762b18f to remote] DEBUG o.a.netty.request.NettyRequestSender - Using pooled Channel '[id: 0xc8adf26a, L:/127.0.0.1:52694 - R:localhost/127.0.0.1:50062]' for 'POST' to 'http://localhost:50062/session/a37d38d2ba003a3fa871ef753762b18f/element/88d5d617-1146-44be-a745-50ee410966bb/click'
15:13:32.358 [Forwarding clickElement on session a37d38d2ba003a3fa871ef753762b18f to remote] DEBUG o.a.netty.request.NettyRequestSender - Using open Channel [id: 0xc8adf26a, L:/127.0.0.1:52694 - R:localhost/127.0.0.1:50062] for POST '/session/a37d38d2ba003a3fa871ef753762b18f/element/88d5d617-1146-44be-a745-50ee410966bb/click'
15:13:32.423 [AsyncHttpClient-1-5] DEBUG o.a.netty.handler.HttpHandler - 

Request DefaultHttpRequest(decodeResult: success, version: HTTP/1.1)
POST /session/a37d38d2ba003a3fa871ef753762b18f/element/88d5d617-1146-44be-a745-50ee410966bb/click HTTP/1.1
User-Agent: selenium/4.4.0 (java windows)
Content-Length: 50
Content-Type: application/json; charset=utf-8
host: localhost:50062
accept: */*

Response DefaultHttpResponse(decodeResult: success, version: HTTP/1.1)
HTTP/1.1 200 OK
Content-Type: application/json; charset=utf-8
cache-control: no-cache
content-length: 14

15:13:32.424 [AsyncHttpClient-1-5] DEBUG o.a.netty.channel.ChannelManager - Adding key: http://localhost:50062 for channel [id: 0xc8adf26a, L:/127.0.0.1:52694 - R:localhost/127.0.0.1:50062]
15:13:32.438 [Forwarding findElement on session a37d38d2ba003a3fa871ef753762b18f to remote] DEBUG o.a.netty.request.NettyRequestSender - Using pooled Channel '[id: 0xc8adf26a, L:/127.0.0.1:52694 - R:localhost/127.0.0.1:50062]' for 'POST' to 'http://localhost:50062/session/a37d38d2ba003a3fa871ef753762b18f/element'
15:13:32.439 [Forwarding findElement on session a37d38d2ba003a3fa871ef753762b18f to remote] DEBUG o.a.netty.request.NettyRequestSender - Using open Channel [id: 0xc8adf26a, L:/127.0.0.1:52694 - R:localhost/127.0.0.1:50062] for POST '/session/a37d38d2ba003a3fa871ef753762b18f/element'
15:13:32.450 [AsyncHttpClient-1-5] DEBUG o.a.netty.handler.HttpHandler - 

Request DefaultHttpRequest(decodeResult: success, version: HTTP/1.1)
POST /session/a37d38d2ba003a3fa871ef753762b18f/element HTTP/1.1
User-Agent: selenium/4.4.0 (java windows)
Content-Length: 101
Content-Type: application/json; charset=utf-8
host: localhost:50062
accept: */*

Response DefaultHttpResponse(decodeResult: success, version: HTTP/1.1)
HTTP/1.1 200 OK
Content-Type: application/json; charset=utf-8
cache-control: no-cache
content-length: 88

15:13:32.451 [AsyncHttpClient-1-5] DEBUG o.a.netty.channel.ChannelManager - Adding key: http://localhost:50062 for channel [id: 0xc8adf26a, L:/127.0.0.1:52694 - R:localhost/127.0.0.1:50062]
15:13:32.455 [Forwarding clearElement on session a37d38d2ba003a3fa871ef753762b18f to remote] DEBUG o.a.netty.request.NettyRequestSender - Using pooled Channel '[id: 0xc8adf26a, L:/127.0.0.1:52694 - R:localhost/127.0.0.1:50062]' for 'POST' to 'http://localhost:50062/session/a37d38d2ba003a3fa871ef753762b18f/element/88d5d617-1146-44be-a745-50ee410966bb/clear'
15:13:32.456 [Forwarding clearElement on session a37d38d2ba003a3fa871ef753762b18f to remote] DEBUG o.a.netty.request.NettyRequestSender - Using open Channel [id: 0xc8adf26a, L:/127.0.0.1:52694 - R:localhost/127.0.0.1:50062] for POST '/session/a37d38d2ba003a3fa871ef753762b18f/element/88d5d617-1146-44be-a745-50ee410966bb/clear'
15:13:32.488 [AsyncHttpClient-1-5] DEBUG o.a.netty.handler.HttpHandler - 

Request DefaultHttpRequest(decodeResult: success, version: HTTP/1.1)
POST /session/a37d38d2ba003a3fa871ef753762b18f/element/88d5d617-1146-44be-a745-50ee410966bb/clear HTTP/1.1
User-Agent: selenium/4.4.0 (java windows)
Content-Length: 50
Content-Type: application/json; charset=utf-8
host: localhost:50062
accept: */*

Response DefaultHttpResponse(decodeResult: success, version: HTTP/1.1)
HTTP/1.1 200 OK
Content-Type: application/json; charset=utf-8
cache-control: no-cache
content-length: 14

15:13:32.488 [AsyncHttpClient-1-5] DEBUG o.a.netty.channel.ChannelManager - Adding key: http://localhost:50062 for channel [id: 0xc8adf26a, L:/127.0.0.1:52694 - R:localhost/127.0.0.1:50062]
15:13:32.490 [Forwarding findElement on session a37d38d2ba003a3fa871ef753762b18f to remote] DEBUG o.a.netty.request.NettyRequestSender - Using pooled Channel '[id: 0xc8adf26a, L:/127.0.0.1:52694 - R:localhost/127.0.0.1:50062]' for 'POST' to 'http://localhost:50062/session/a37d38d2ba003a3fa871ef753762b18f/element'
15:13:32.491 [Forwarding findElement on session a37d38d2ba003a3fa871ef753762b18f to remote] DEBUG o.a.netty.request.NettyRequestSender - Using open Channel [id: 0xc8adf26a, L:/127.0.0.1:52694 - R:localhost/127.0.0.1:50062] for POST '/session/a37d38d2ba003a3fa871ef753762b18f/element'
15:13:32.499 [AsyncHttpClient-1-5] DEBUG o.a.netty.handler.HttpHandler - 

Request DefaultHttpRequest(decodeResult: success, version: HTTP/1.1)
POST /session/a37d38d2ba003a3fa871ef753762b18f/element HTTP/1.1
User-Agent: selenium/4.4.0 (java windows)
Content-Length: 101
Content-Type: application/json; charset=utf-8
host: localhost:50062
accept: */*

Response DefaultHttpResponse(decodeResult: success, version: HTTP/1.1)
HTTP/1.1 200 OK
Content-Type: application/json; charset=utf-8
cache-control: no-cache
content-length: 88

15:13:32.499 [AsyncHttpClient-1-5] DEBUG o.a.netty.channel.ChannelManager - Adding key: http://localhost:50062 for channel [id: 0xc8adf26a, L:/127.0.0.1:52694 - R:localhost/127.0.0.1:50062]
15:13:32.502 [Forwarding sendKeysToElement on session a37d38d2ba003a3fa871ef753762b18f to remote] DEBUG o.a.netty.request.NettyRequestSender - Using pooled Channel '[id: 0xc8adf26a, L:/127.0.0.1:52694 - R:localhost/127.0.0.1:50062]' for 'POST' to 'http://localhost:50062/session/a37d38d2ba003a3fa871ef753762b18f/element/88d5d617-1146-44be-a745-50ee410966bb/value'
15:13:32.502 [Forwarding sendKeysToElement on session a37d38d2ba003a3fa871ef753762b18f to remote] DEBUG o.a.netty.request.NettyRequestSender - Using open Channel [id: 0xc8adf26a, L:/127.0.0.1:52694 - R:localhost/127.0.0.1:50062] for POST '/session/a37d38d2ba003a3fa871ef753762b18f/element/88d5d617-1146-44be-a745-50ee410966bb/value'
15:13:32.609 [AsyncHttpClient-1-5] DEBUG o.a.netty.handler.HttpHandler - 

Request DefaultHttpRequest(decodeResult: success, version: HTTP/1.1)
POST /session/a37d38d2ba003a3fa871ef753762b18f/element/88d5d617-1146-44be-a745-50ee410966bb/value HTTP/1.1
User-Agent: selenium/4.4.0 (java windows)
Content-Length: 181
Content-Type: application/json; charset=utf-8
host: localhost:50062
accept: */*

Response DefaultHttpResponse(decodeResult: success, version: HTTP/1.1)
HTTP/1.1 200 OK
Content-Type: application/json; charset=utf-8
cache-control: no-cache
content-length: 14

15:13:32.609 [AsyncHttpClient-1-5] DEBUG o.a.netty.channel.ChannelManager - Adding key: http://localhost:50062 for channel [id: 0xc8adf26a, L:/127.0.0.1:52694 - R:localhost/127.0.0.1:50062]
15:13:32.614 [Forwarding findElement on session a37d38d2ba003a3fa871ef753762b18f to remote] DEBUG o.a.netty.request.NettyRequestSender - Using pooled Channel '[id: 0xc8adf26a, L:/127.0.0.1:52694 - R:localhost/127.0.0.1:50062]' for 'POST' to 'http://localhost:50062/session/a37d38d2ba003a3fa871ef753762b18f/element'
15:13:32.614 [Forwarding findElement on session a37d38d2ba003a3fa871ef753762b18f to remote] DEBUG o.a.netty.request.NettyRequestSender - Using open Channel [id: 0xc8adf26a, L:/127.0.0.1:52694 - R:localhost/127.0.0.1:50062] for POST '/session/a37d38d2ba003a3fa871ef753762b18f/element'
15:13:32.645 [AsyncHttpClient-1-5] DEBUG o.a.netty.handler.HttpHandler - 

Request DefaultHttpRequest(decodeResult: success, version: HTTP/1.1)
POST /session/a37d38d2ba003a3fa871ef753762b18f/element HTTP/1.1
User-Agent: selenium/4.4.0 (java windows)
Content-Length: 69
Content-Type: application/json; charset=utf-8
host: localhost:50062
accept: */*

Response DefaultHttpResponse(decodeResult: success, version: HTTP/1.1)
HTTP/1.1 200 OK
Content-Type: application/json; charset=utf-8
cache-control: no-cache
content-length: 88

15:13:32.646 [AsyncHttpClient-1-5] DEBUG o.a.netty.channel.ChannelManager - Adding key: http://localhost:50062 for channel [id: 0xc8adf26a, L:/127.0.0.1:52694 - R:localhost/127.0.0.1:50062]
15:13:32.654 [Forwarding isElementDisplayed on session a37d38d2ba003a3fa871ef753762b18f to remote] DEBUG o.a.netty.request.NettyRequestSender - Using pooled Channel '[id: 0xc8adf26a, L:/127.0.0.1:52694 - R:localhost/127.0.0.1:50062]' for 'POST' to 'http://localhost:50062/session/a37d38d2ba003a3fa871ef753762b18f/execute/sync'
15:13:32.654 [Forwarding isElementDisplayed on session a37d38d2ba003a3fa871ef753762b18f to remote] DEBUG o.a.netty.request.NettyRequestSender - Using open Channel [id: 0xc8adf26a, L:/127.0.0.1:52694 - R:localhost/127.0.0.1:50062] for POST '/session/a37d38d2ba003a3fa871ef753762b18f/execute/sync'
15:13:32.676 [AsyncHttpClient-1-5] DEBUG o.a.netty.handler.HttpHandler - 

Request DefaultHttpRequest(decodeResult: success, version: HTTP/1.1)
POST /session/a37d38d2ba003a3fa871ef753762b18f/execute/sync HTTP/1.1
User-Agent: selenium/4.4.0 (java windows)
Content-Length: 48780
Content-Type: application/json; charset=utf-8
host: localhost:50062
accept: */*

Response DefaultHttpResponse(decodeResult: success, version: HTTP/1.1)
HTTP/1.1 200 OK
Content-Type: application/json; charset=utf-8
cache-control: no-cache
content-length: 14

15:13:32.677 [AsyncHttpClient-1-5] DEBUG o.a.netty.channel.ChannelManager - Adding key: http://localhost:50062 for channel [id: 0xc8adf26a, L:/127.0.0.1:52694 - R:localhost/127.0.0.1:50062]
15:13:32.679 [Forwarding findElement on session a37d38d2ba003a3fa871ef753762b18f to remote] DEBUG o.a.netty.request.NettyRequestSender - Using pooled Channel '[id: 0xc8adf26a, L:/127.0.0.1:52694 - R:localhost/127.0.0.1:50062]' for 'POST' to 'http://localhost:50062/session/a37d38d2ba003a3fa871ef753762b18f/element'
15:13:32.679 [Forwarding findElement on session a37d38d2ba003a3fa871ef753762b18f to remote] DEBUG o.a.netty.request.NettyRequestSender - Using open Channel [id: 0xc8adf26a, L:/127.0.0.1:52694 - R:localhost/127.0.0.1:50062] for POST '/session/a37d38d2ba003a3fa871ef753762b18f/element'
15:13:32.690 [AsyncHttpClient-1-5] DEBUG o.a.netty.handler.HttpHandler - 

Request DefaultHttpRequest(decodeResult: success, version: HTTP/1.1)
POST /session/a37d38d2ba003a3fa871ef753762b18f/element HTTP/1.1
User-Agent: selenium/4.4.0 (java windows)
Content-Length: 69
Content-Type: application/json; charset=utf-8
host: localhost:50062
accept: */*

Response DefaultHttpResponse(decodeResult: success, version: HTTP/1.1)
HTTP/1.1 200 OK
Content-Type: application/json; charset=utf-8
cache-control: no-cache
content-length: 88

15:13:32.691 [AsyncHttpClient-1-5] DEBUG o.a.netty.channel.ChannelManager - Adding key: http://localhost:50062 for channel [id: 0xc8adf26a, L:/127.0.0.1:52694 - R:localhost/127.0.0.1:50062]
15:13:32.693 [Forwarding isElementEnabled on session a37d38d2ba003a3fa871ef753762b18f to remote] DEBUG o.a.netty.request.NettyRequestSender - Using pooled Channel '[id: 0xc8adf26a, L:/127.0.0.1:52694 - R:localhost/127.0.0.1:50062]' for 'GET' to 'http://localhost:50062/session/a37d38d2ba003a3fa871ef753762b18f/element/ef169da1-4809-4e63-93cf-9458c8414c8c/enabled'
15:13:32.694 [Forwarding isElementEnabled on session a37d38d2ba003a3fa871ef753762b18f to remote] DEBUG o.a.netty.request.NettyRequestSender - Using open Channel [id: 0xc8adf26a, L:/127.0.0.1:52694 - R:localhost/127.0.0.1:50062] for GET '/session/a37d38d2ba003a3fa871ef753762b18f/element/ef169da1-4809-4e63-93cf-9458c8414c8c/enabled'
15:13:32.706 [AsyncHttpClient-1-5] DEBUG o.a.netty.handler.HttpHandler - 

Request DefaultFullHttpRequest(decodeResult: success, version: HTTP/1.1, content: EmptyByteBufBE)
GET /session/a37d38d2ba003a3fa871ef753762b18f/element/ef169da1-4809-4e63-93cf-9458c8414c8c/enabled HTTP/1.1
User-Agent: selenium/4.4.0 (java windows)
Cache-Control: no-cache
Content-Type: application/json; charset=utf-8
host: localhost:50062
accept: */*

Response DefaultHttpResponse(decodeResult: success, version: HTTP/1.1)
HTTP/1.1 200 OK
Content-Type: application/json; charset=utf-8
cache-control: no-cache
content-length: 14

15:13:32.706 [AsyncHttpClient-1-5] DEBUG o.a.netty.channel.ChannelManager - Adding key: http://localhost:50062 for channel [id: 0xc8adf26a, L:/127.0.0.1:52694 - R:localhost/127.0.0.1:50062]
15:13:32.708 [Forwarding findElement on session a37d38d2ba003a3fa871ef753762b18f to remote] DEBUG o.a.netty.request.NettyRequestSender - Using pooled Channel '[id: 0xc8adf26a, L:/127.0.0.1:52694 - R:localhost/127.0.0.1:50062]' for 'POST' to 'http://localhost:50062/session/a37d38d2ba003a3fa871ef753762b18f/element'
15:13:32.708 [Forwarding findElement on session a37d38d2ba003a3fa871ef753762b18f to remote] DEBUG o.a.netty.request.NettyRequestSender - Using open Channel [id: 0xc8adf26a, L:/127.0.0.1:52694 - R:localhost/127.0.0.1:50062] for POST '/session/a37d38d2ba003a3fa871ef753762b18f/element'
15:13:32.717 [AsyncHttpClient-1-5] DEBUG o.a.netty.handler.HttpHandler - 

Request DefaultHttpRequest(decodeResult: success, version: HTTP/1.1)
POST /session/a37d38d2ba003a3fa871ef753762b18f/element HTTP/1.1
User-Agent: selenium/4.4.0 (java windows)
Content-Length: 69
Content-Type: application/json; charset=utf-8
host: localhost:50062
accept: */*

Response DefaultHttpResponse(decodeResult: success, version: HTTP/1.1)
HTTP/1.1 200 OK
Content-Type: application/json; charset=utf-8
cache-control: no-cache
content-length: 88

15:13:32.717 [AsyncHttpClient-1-5] DEBUG o.a.netty.channel.ChannelManager - Adding key: http://localhost:50062 for channel [id: 0xc8adf26a, L:/127.0.0.1:52694 - R:localhost/127.0.0.1:50062]
15:13:32.721 [Forwarding clickElement on session a37d38d2ba003a3fa871ef753762b18f to remote] DEBUG o.a.netty.request.NettyRequestSender - Using pooled Channel '[id: 0xc8adf26a, L:/127.0.0.1:52694 - R:localhost/127.0.0.1:50062]' for 'POST' to 'http://localhost:50062/session/a37d38d2ba003a3fa871ef753762b18f/element/ef169da1-4809-4e63-93cf-9458c8414c8c/click'
15:13:32.721 [Forwarding clickElement on session a37d38d2ba003a3fa871ef753762b18f to remote] DEBUG o.a.netty.request.NettyRequestSender - Using open Channel [id: 0xc8adf26a, L:/127.0.0.1:52694 - R:localhost/127.0.0.1:50062] for POST '/session/a37d38d2ba003a3fa871ef753762b18f/element/ef169da1-4809-4e63-93cf-9458c8414c8c/click'
15:13:32.770 [AsyncHttpClient-1-5] DEBUG o.a.netty.handler.HttpHandler - 

Request DefaultHttpRequest(decodeResult: success, version: HTTP/1.1)
POST /session/a37d38d2ba003a3fa871ef753762b18f/element/ef169da1-4809-4e63-93cf-9458c8414c8c/click HTTP/1.1
User-Agent: selenium/4.4.0 (java windows)
Content-Length: 50
Content-Type: application/json; charset=utf-8
host: localhost:50062
accept: */*

Response DefaultHttpResponse(decodeResult: success, version: HTTP/1.1)
HTTP/1.1 200 OK
Content-Type: application/json; charset=utf-8
cache-control: no-cache
content-length: 14

15:13:32.771 [AsyncHttpClient-1-5] DEBUG o.a.netty.channel.ChannelManager - Adding key: http://localhost:50062 for channel [id: 0xc8adf26a, L:/127.0.0.1:52694 - R:localhost/127.0.0.1:50062]
15:13:32.775 [Forwarding findElement on session a37d38d2ba003a3fa871ef753762b18f to remote] DEBUG o.a.netty.request.NettyRequestSender - Using pooled Channel '[id: 0xc8adf26a, L:/127.0.0.1:52694 - R:localhost/127.0.0.1:50062]' for 'POST' to 'http://localhost:50062/session/a37d38d2ba003a3fa871ef753762b18f/element'
15:13:32.775 [Forwarding findElement on session a37d38d2ba003a3fa871ef753762b18f to remote] DEBUG o.a.netty.request.NettyRequestSender - Using open Channel [id: 0xc8adf26a, L:/127.0.0.1:52694 - R:localhost/127.0.0.1:50062] for POST '/session/a37d38d2ba003a3fa871ef753762b18f/element'
15:13:32.794 [AsyncHttpClient-1-5] DEBUG o.a.netty.handler.HttpHandler - 

Request DefaultHttpRequest(decodeResult: success, version: HTTP/1.1)
POST /session/a37d38d2ba003a3fa871ef753762b18f/element HTTP/1.1
User-Agent: selenium/4.4.0 (java windows)
Content-Length: 79
Content-Type: application/json; charset=utf-8
host: localhost:50062
accept: */*

Response DefaultHttpResponse(decodeResult: success, version: HTTP/1.1)
HTTP/1.1 404 Not Found
Content-Type: application/json; charset=utf-8
cache-control: no-cache
content-length: 967

15:13:32.795 [AsyncHttpClient-1-5] DEBUG o.a.netty.channel.ChannelManager - Adding key: http://localhost:50062 for channel [id: 0xc8adf26a, L:/127.0.0.1:52694 - R:localhost/127.0.0.1:50062]
15:13:32.828 [AsyncHttpClient-1-1] DEBUG o.a.netty.channel.DefaultChannelPool - Entry count for : http://localhost:50062 : 1
15:13:32.828 [AsyncHttpClient-1-1] DEBUG o.a.netty.channel.DefaultChannelPool - Entry count for : http://localhost:52695 : 1
15:13:33.310 [Forwarding findElement on session a37d38d2ba003a3fa871ef753762b18f to remote] DEBUG o.a.netty.request.NettyRequestSender - Using pooled Channel '[id: 0xc8adf26a, L:/127.0.0.1:52694 - R:localhost/127.0.0.1:50062]' for 'POST' to 'http://localhost:50062/session/a37d38d2ba003a3fa871ef753762b18f/element'
15:13:33.310 [Forwarding findElement on session a37d38d2ba003a3fa871ef753762b18f to remote] DEBUG o.a.netty.request.NettyRequestSender - Using open Channel [id: 0xc8adf26a, L:/127.0.0.1:52694 - R:localhost/127.0.0.1:50062] for POST '/session/a37d38d2ba003a3fa871ef753762b18f/element'
15:13:33.342 [AsyncHttpClient-1-5] DEBUG o.a.netty.handler.HttpHandler - 

Request DefaultHttpRequest(decodeResult: success, version: HTTP/1.1)
POST /session/a37d38d2ba003a3fa871ef753762b18f/element HTTP/1.1
User-Agent: selenium/4.4.0 (java windows)
Content-Length: 79
Content-Type: application/json; charset=utf-8
host: localhost:50062
accept: */*

Response DefaultHttpResponse(decodeResult: success, version: HTTP/1.1)
HTTP/1.1 404 Not Found
Content-Type: application/json; charset=utf-8
cache-control: no-cache
content-length: 967

15:13:33.344 [AsyncHttpClient-1-5] DEBUG o.a.netty.channel.ChannelManager - Adding key: http://localhost:50062 for channel [id: 0xc8adf26a, L:/127.0.0.1:52694 - R:localhost/127.0.0.1:50062]
15:13:33.868 [Forwarding findElement on session a37d38d2ba003a3fa871ef753762b18f to remote] DEBUG o.a.netty.request.NettyRequestSender - Using pooled Channel '[id: 0xc8adf26a, L:/127.0.0.1:52694 - R:localhost/127.0.0.1:50062]' for 'POST' to 'http://localhost:50062/session/a37d38d2ba003a3fa871ef753762b18f/element'
15:13:33.868 [Forwarding findElement on session a37d38d2ba003a3fa871ef753762b18f to remote] DEBUG o.a.netty.request.NettyRequestSender - Using open Channel [id: 0xc8adf26a, L:/127.0.0.1:52694 - R:localhost/127.0.0.1:50062] for POST '/session/a37d38d2ba003a3fa871ef753762b18f/element'
15:13:33.895 [AsyncHttpClient-1-5] DEBUG o.a.netty.handler.HttpHandler - 

Request DefaultHttpRequest(decodeResult: success, version: HTTP/1.1)
POST /session/a37d38d2ba003a3fa871ef753762b18f/element HTTP/1.1
User-Agent: selenium/4.4.0 (java windows)
Content-Length: 79
Content-Type: application/json; charset=utf-8
host: localhost:50062
accept: */*

Response DefaultHttpResponse(decodeResult: success, version: HTTP/1.1)
HTTP/1.1 404 Not Found
Content-Type: application/json; charset=utf-8
cache-control: no-cache
content-length: 967

15:13:33.896 [AsyncHttpClient-1-5] DEBUG o.a.netty.channel.ChannelManager - Adding key: http://localhost:50062 for channel [id: 0xc8adf26a, L:/127.0.0.1:52694 - R:localhost/127.0.0.1:50062]
15:13:33.928 [AsyncHttpClient-1-1] DEBUG o.a.netty.channel.DefaultChannelPool - Entry count for : http://localhost:50062 : 1
15:13:33.928 [AsyncHttpClient-1-1] DEBUG o.a.netty.channel.DefaultChannelPool - Entry count for : http://localhost:52695 : 1
15:13:34.407 [Forwarding findElement on session a37d38d2ba003a3fa871ef753762b18f to remote] DEBUG o.a.netty.request.NettyRequestSender - Using pooled Channel '[id: 0xc8adf26a, L:/127.0.0.1:52694 - R:localhost/127.0.0.1:50062]' for 'POST' to 'http://localhost:50062/session/a37d38d2ba003a3fa871ef753762b18f/element'
15:13:34.407 [Forwarding findElement on session a37d38d2ba003a3fa871ef753762b18f to remote] DEBUG o.a.netty.request.NettyRequestSender - Using open Channel [id: 0xc8adf26a, L:/127.0.0.1:52694 - R:localhost/127.0.0.1:50062] for POST '/session/a37d38d2ba003a3fa871ef753762b18f/element'
15:13:34.417 [AsyncHttpClient-1-5] DEBUG o.a.netty.handler.HttpHandler - 

Request DefaultHttpRequest(decodeResult: success, version: HTTP/1.1)
POST /session/a37d38d2ba003a3fa871ef753762b18f/element HTTP/1.1
User-Agent: selenium/4.4.0 (java windows)
Content-Length: 79
Content-Type: application/json; charset=utf-8
host: localhost:50062
accept: */*

Response DefaultHttpResponse(decodeResult: success, version: HTTP/1.1)
HTTP/1.1 404 Not Found
Content-Type: application/json; charset=utf-8
cache-control: no-cache
content-length: 967

15:13:34.418 [AsyncHttpClient-1-5] DEBUG o.a.netty.channel.ChannelManager - Adding key: http://localhost:50062 for channel [id: 0xc8adf26a, L:/127.0.0.1:52694 - R:localhost/127.0.0.1:50062]
15:13:34.921 [Forwarding findElement on session a37d38d2ba003a3fa871ef753762b18f to remote] DEBUG o.a.netty.request.NettyRequestSender - Using pooled Channel '[id: 0xc8adf26a, L:/127.0.0.1:52694 - R:localhost/127.0.0.1:50062]' for 'POST' to 'http://localhost:50062/session/a37d38d2ba003a3fa871ef753762b18f/element'
15:13:34.921 [Forwarding findElement on session a37d38d2ba003a3fa871ef753762b18f to remote] DEBUG o.a.netty.request.NettyRequestSender - Using open Channel [id: 0xc8adf26a, L:/127.0.0.1:52694 - R:localhost/127.0.0.1:50062] for POST '/session/a37d38d2ba003a3fa871ef753762b18f/element'
15:13:34.932 [AsyncHttpClient-1-5] DEBUG o.a.netty.handler.HttpHandler - 

Request DefaultHttpRequest(decodeResult: success, version: HTTP/1.1)
POST /session/a37d38d2ba003a3fa871ef753762b18f/element HTTP/1.1
User-Agent: selenium/4.4.0 (java windows)
Content-Length: 79
Content-Type: application/json; charset=utf-8
host: localhost:50062
accept: */*

Response DefaultHttpResponse(decodeResult: success, version: HTTP/1.1)
HTTP/1.1 404 Not Found
Content-Type: application/json; charset=utf-8
cache-control: no-cache
content-length: 967

15:13:34.932 [AsyncHttpClient-1-5] DEBUG o.a.netty.channel.ChannelManager - Adding key: http://localhost:50062 for channel [id: 0xc8adf26a, L:/127.0.0.1:52694 - R:localhost/127.0.0.1:50062]
15:13:35.032 [AsyncHttpClient-1-1] DEBUG o.a.netty.channel.DefaultChannelPool - Entry count for : http://localhost:50062 : 1
15:13:35.032 [AsyncHttpClient-1-1] DEBUG o.a.netty.channel.DefaultChannelPool - Entry count for : http://localhost:52695 : 1
15:13:35.441 [Forwarding findElement on session a37d38d2ba003a3fa871ef753762b18f to remote] DEBUG o.a.netty.request.NettyRequestSender - Using pooled Channel '[id: 0xc8adf26a, L:/127.0.0.1:52694 - R:localhost/127.0.0.1:50062]' for 'POST' to 'http://localhost:50062/session/a37d38d2ba003a3fa871ef753762b18f/element'
15:13:35.441 [Forwarding findElement on session a37d38d2ba003a3fa871ef753762b18f to remote] DEBUG o.a.netty.request.NettyRequestSender - Using open Channel [id: 0xc8adf26a, L:/127.0.0.1:52694 - R:localhost/127.0.0.1:50062] for POST '/session/a37d38d2ba003a3fa871ef753762b18f/element'
15:13:35.451 [AsyncHttpClient-1-5] DEBUG o.a.netty.handler.HttpHandler - 

Request DefaultHttpRequest(decodeResult: success, version: HTTP/1.1)
POST /session/a37d38d2ba003a3fa871ef753762b18f/element HTTP/1.1
User-Agent: selenium/4.4.0 (java windows)
Content-Length: 79
Content-Type: application/json; charset=utf-8
host: localhost:50062
accept: */*

Response DefaultHttpResponse(decodeResult: success, version: HTTP/1.1)
HTTP/1.1 404 Not Found
Content-Type: application/json; charset=utf-8
cache-control: no-cache
content-length: 967

15:13:35.452 [AsyncHttpClient-1-5] DEBUG o.a.netty.channel.ChannelManager - Adding key: http://localhost:50062 for channel [id: 0xc8adf26a, L:/127.0.0.1:52694 - R:localhost/127.0.0.1:50062]
15:13:35.957 [Forwarding findElement on session a37d38d2ba003a3fa871ef753762b18f to remote] DEBUG o.a.netty.request.NettyRequestSender - Using pooled Channel '[id: 0xc8adf26a, L:/127.0.0.1:52694 - R:localhost/127.0.0.1:50062]' for 'POST' to 'http://localhost:50062/session/a37d38d2ba003a3fa871ef753762b18f/element'
15:13:35.957 [Forwarding findElement on session a37d38d2ba003a3fa871ef753762b18f to remote] DEBUG o.a.netty.request.NettyRequestSender - Using open Channel [id: 0xc8adf26a, L:/127.0.0.1:52694 - R:localhost/127.0.0.1:50062] for POST '/session/a37d38d2ba003a3fa871ef753762b18f/element'
15:13:35.968 [AsyncHttpClient-1-5] DEBUG o.a.netty.handler.HttpHandler - 

Request DefaultHttpRequest(decodeResult: success, version: HTTP/1.1)
POST /session/a37d38d2ba003a3fa871ef753762b18f/element HTTP/1.1
User-Agent: selenium/4.4.0 (java windows)
Content-Length: 79
Content-Type: application/json; charset=utf-8
host: localhost:50062
accept: */*

Response DefaultHttpResponse(decodeResult: success, version: HTTP/1.1)
HTTP/1.1 404 Not Found
Content-Type: application/json; charset=utf-8
cache-control: no-cache
content-length: 967

15:13:35.968 [AsyncHttpClient-1-5] DEBUG o.a.netty.channel.ChannelManager - Adding key: http://localhost:50062 for channel [id: 0xc8adf26a, L:/127.0.0.1:52694 - R:localhost/127.0.0.1:50062]
15:13:35.971 [Forwarding findElement on session a37d38d2ba003a3fa871ef753762b18f to remote] DEBUG o.a.netty.request.NettyRequestSender - Using pooled Channel '[id: 0xc8adf26a, L:/127.0.0.1:52694 - R:localhost/127.0.0.1:50062]' for 'POST' to 'http://localhost:50062/session/a37d38d2ba003a3fa871ef753762b18f/element'
15:13:35.971 [Forwarding findElement on session a37d38d2ba003a3fa871ef753762b18f to remote] DEBUG o.a.netty.request.NettyRequestSender - Using open Channel [id: 0xc8adf26a, L:/127.0.0.1:52694 - R:localhost/127.0.0.1:50062] for POST '/session/a37d38d2ba003a3fa871ef753762b18f/element'
15:13:35.982 [AsyncHttpClient-1-5] DEBUG o.a.netty.handler.HttpHandler - 

Request DefaultHttpRequest(decodeResult: success, version: HTTP/1.1)
POST /session/a37d38d2ba003a3fa871ef753762b18f/element HTTP/1.1
User-Agent: selenium/4.4.0 (java windows)
Content-Length: 79
Content-Type: application/json; charset=utf-8
host: localhost:50062
accept: */*

Response DefaultHttpResponse(decodeResult: success, version: HTTP/1.1)
HTTP/1.1 404 Not Found
Content-Type: application/json; charset=utf-8
cache-control: no-cache
content-length: 967

15:13:35.982 [AsyncHttpClient-1-5] DEBUG o.a.netty.channel.ChannelManager - Adding key: http://localhost:50062 for channel [id: 0xc8adf26a, L:/127.0.0.1:52694 - R:localhost/127.0.0.1:50062]
15:13:35.987 [Forwarding findElement on session a37d38d2ba003a3fa871ef753762b18f to remote] DEBUG o.a.netty.request.NettyRequestSender - Using pooled Channel '[id: 0xc8adf26a, L:/127.0.0.1:52694 - R:localhost/127.0.0.1:50062]' for 'POST' to 'http://localhost:50062/session/a37d38d2ba003a3fa871ef753762b18f/element'
15:13:35.987 [Forwarding findElement on session a37d38d2ba003a3fa871ef753762b18f to remote] DEBUG o.a.netty.request.NettyRequestSender - Using open Channel [id: 0xc8adf26a, L:/127.0.0.1:52694 - R:localhost/127.0.0.1:50062] for POST '/session/a37d38d2ba003a3fa871ef753762b18f/element'
15:13:36.005 [AsyncHttpClient-1-5] DEBUG o.a.netty.handler.HttpHandler - 

Request DefaultHttpRequest(decodeResult: success, version: HTTP/1.1)
POST /session/a37d38d2ba003a3fa871ef753762b18f/element HTTP/1.1
User-Agent: selenium/4.4.0 (java windows)
Content-Length: 79
Content-Type: application/json; charset=utf-8
host: localhost:50062
accept: */*

Response DefaultHttpResponse(decodeResult: success, version: HTTP/1.1)
HTTP/1.1 404 Not Found
Content-Type: application/json; charset=utf-8
cache-control: no-cache
content-length: 967

15:13:36.005 [AsyncHttpClient-1-5] DEBUG o.a.netty.channel.ChannelManager - Adding key: http://localhost:50062 for channel [id: 0xc8adf26a, L:/127.0.0.1:52694 - R:localhost/127.0.0.1:50062]
15:13:36.127 [AsyncHttpClient-1-1] DEBUG o.a.netty.channel.DefaultChannelPool - Entry count for : http://localhost:50062 : 1
15:13:36.127 [AsyncHttpClient-1-1] DEBUG o.a.netty.channel.DefaultChannelPool - Entry count for : http://localhost:52695 : 1
15:13:36.517 [Forwarding findElement on session a37d38d2ba003a3fa871ef753762b18f to remote] DEBUG o.a.netty.request.NettyRequestSender - Using pooled Channel '[id: 0xc8adf26a, L:/127.0.0.1:52694 - R:localhost/127.0.0.1:50062]' for 'POST' to 'http://localhost:50062/session/a37d38d2ba003a3fa871ef753762b18f/element'
15:13:36.517 [Forwarding findElement on session a37d38d2ba003a3fa871ef753762b18f to remote] DEBUG o.a.netty.request.NettyRequestSender - Using open Channel [id: 0xc8adf26a, L:/127.0.0.1:52694 - R:localhost/127.0.0.1:50062] for POST '/session/a37d38d2ba003a3fa871ef753762b18f/element'
15:13:36.528 [AsyncHttpClient-1-5] DEBUG o.a.netty.handler.HttpHandler - 

Request DefaultHttpRequest(decodeResult: success, version: HTTP/1.1)
POST /session/a37d38d2ba003a3fa871ef753762b18f/element HTTP/1.1
User-Agent: selenium/4.4.0 (java windows)
Content-Length: 79
Content-Type: application/json; charset=utf-8
host: localhost:50062
accept: */*

Response DefaultHttpResponse(decodeResult: success, version: HTTP/1.1)
HTTP/1.1 404 Not Found
Content-Type: application/json; charset=utf-8
cache-control: no-cache
content-length: 967

15:13:36.529 [AsyncHttpClient-1-5] DEBUG o.a.netty.channel.ChannelManager - Adding key: http://localhost:50062 for channel [id: 0xc8adf26a, L:/127.0.0.1:52694 - R:localhost/127.0.0.1:50062]
15:13:37.038 [Forwarding findElement on session a37d38d2ba003a3fa871ef753762b18f to remote] DEBUG o.a.netty.request.NettyRequestSender - Using pooled Channel '[id: 0xc8adf26a, L:/127.0.0.1:52694 - R:localhost/127.0.0.1:50062]' for 'POST' to 'http://localhost:50062/session/a37d38d2ba003a3fa871ef753762b18f/element'
15:13:37.038 [Forwarding findElement on session a37d38d2ba003a3fa871ef753762b18f to remote] DEBUG o.a.netty.request.NettyRequestSender - Using open Channel [id: 0xc8adf26a, L:/127.0.0.1:52694 - R:localhost/127.0.0.1:50062] for POST '/session/a37d38d2ba003a3fa871ef753762b18f/element'
15:13:37.053 [AsyncHttpClient-1-5] DEBUG o.a.netty.handler.HttpHandler - 

Request DefaultHttpRequest(decodeResult: success, version: HTTP/1.1)
POST /session/a37d38d2ba003a3fa871ef753762b18f/element HTTP/1.1
User-Agent: selenium/4.4.0 (java windows)
Content-Length: 79
Content-Type: application/json; charset=utf-8
host: localhost:50062
accept: */*

Response DefaultHttpResponse(decodeResult: success, version: HTTP/1.1)
HTTP/1.1 404 Not Found
Content-Type: application/json; charset=utf-8
cache-control: no-cache
content-length: 967

15:13:37.053 [AsyncHttpClient-1-5] DEBUG o.a.netty.channel.ChannelManager - Adding key: http://localhost:50062 for channel [id: 0xc8adf26a, L:/127.0.0.1:52694 - R:localhost/127.0.0.1:50062]
15:13:37.228 [AsyncHttpClient-1-1] DEBUG o.a.netty.channel.DefaultChannelPool - Entry count for : http://localhost:50062 : 1
15:13:37.228 [AsyncHttpClient-1-1] DEBUG o.a.netty.channel.DefaultChannelPool - Entry count for : http://localhost:52695 : 1
15:13:37.557 [Forwarding findElement on session a37d38d2ba003a3fa871ef753762b18f to remote] DEBUG o.a.netty.request.NettyRequestSender - Using pooled Channel '[id: 0xc8adf26a, L:/127.0.0.1:52694 - R:localhost/127.0.0.1:50062]' for 'POST' to 'http://localhost:50062/session/a37d38d2ba003a3fa871ef753762b18f/element'
15:13:37.557 [Forwarding findElement on session a37d38d2ba003a3fa871ef753762b18f to remote] DEBUG o.a.netty.request.NettyRequestSender - Using open Channel [id: 0xc8adf26a, L:/127.0.0.1:52694 - R:localhost/127.0.0.1:50062] for POST '/session/a37d38d2ba003a3fa871ef753762b18f/element'
15:13:37.570 [AsyncHttpClient-1-5] DEBUG o.a.netty.handler.HttpHandler - 

Request DefaultHttpRequest(decodeResult: success, version: HTTP/1.1)
POST /session/a37d38d2ba003a3fa871ef753762b18f/element HTTP/1.1
User-Agent: selenium/4.4.0 (java windows)
Content-Length: 79
Content-Type: application/json; charset=utf-8
host: localhost:50062
accept: */*

Response DefaultHttpResponse(decodeResult: success, version: HTTP/1.1)
HTTP/1.1 404 Not Found
Content-Type: application/json; charset=utf-8
cache-control: no-cache
content-length: 967

15:13:37.570 [AsyncHttpClient-1-5] DEBUG o.a.netty.channel.ChannelManager - Adding key: http://localhost:50062 for channel [id: 0xc8adf26a, L:/127.0.0.1:52694 - R:localhost/127.0.0.1:50062]
15:13:38.075 [Forwarding findElement on session a37d38d2ba003a3fa871ef753762b18f to remote] DEBUG o.a.netty.request.NettyRequestSender - Using pooled Channel '[id: 0xc8adf26a, L:/127.0.0.1:52694 - R:localhost/127.0.0.1:50062]' for 'POST' to 'http://localhost:50062/session/a37d38d2ba003a3fa871ef753762b18f/element'
15:13:38.075 [Forwarding findElement on session a37d38d2ba003a3fa871ef753762b18f to remote] DEBUG o.a.netty.request.NettyRequestSender - Using open Channel [id: 0xc8adf26a, L:/127.0.0.1:52694 - R:localhost/127.0.0.1:50062] for POST '/session/a37d38d2ba003a3fa871ef753762b18f/element'
15:13:38.085 [AsyncHttpClient-1-5] DEBUG o.a.netty.handler.HttpHandler - 

Request DefaultHttpRequest(decodeResult: success, version: HTTP/1.1)
POST /session/a37d38d2ba003a3fa871ef753762b18f/element HTTP/1.1
User-Agent: selenium/4.4.0 (java windows)
Content-Length: 79
Content-Type: application/json; charset=utf-8
host: localhost:50062
accept: */*

Response DefaultHttpResponse(decodeResult: success, version: HTTP/1.1)
HTTP/1.1 404 Not Found
Content-Type: application/json; charset=utf-8
cache-control: no-cache
content-length: 967

15:13:38.085 [AsyncHttpClient-1-5] DEBUG o.a.netty.channel.ChannelManager - Adding key: http://localhost:50062 for channel [id: 0xc8adf26a, L:/127.0.0.1:52694 - R:localhost/127.0.0.1:50062]
15:13:38.328 [AsyncHttpClient-1-1] DEBUG o.a.netty.channel.DefaultChannelPool - Entry count for : http://localhost:50062 : 1
15:13:38.328 [AsyncHttpClient-1-1] DEBUG o.a.netty.channel.DefaultChannelPool - Entry count for : http://localhost:52695 : 1
15:13:38.594 [Forwarding findElement on session a37d38d2ba003a3fa871ef753762b18f to remote] DEBUG o.a.netty.request.NettyRequestSender - Using pooled Channel '[id: 0xc8adf26a, L:/127.0.0.1:52694 - R:localhost/127.0.0.1:50062]' for 'POST' to 'http://localhost:50062/session/a37d38d2ba003a3fa871ef753762b18f/element'
15:13:38.594 [Forwarding findElement on session a37d38d2ba003a3fa871ef753762b18f to remote] DEBUG o.a.netty.request.NettyRequestSender - Using open Channel [id: 0xc8adf26a, L:/127.0.0.1:52694 - R:localhost/127.0.0.1:50062] for POST '/session/a37d38d2ba003a3fa871ef753762b18f/element'
15:13:38.604 [AsyncHttpClient-1-5] DEBUG o.a.netty.handler.HttpHandler - 

Request DefaultHttpRequest(decodeResult: success, version: HTTP/1.1)
POST /session/a37d38d2ba003a3fa871ef753762b18f/element HTTP/1.1
User-Agent: selenium/4.4.0 (java windows)
Content-Length: 79
Content-Type: application/json; charset=utf-8
host: localhost:50062
accept: */*

Response DefaultHttpResponse(decodeResult: success, version: HTTP/1.1)
HTTP/1.1 404 Not Found
Content-Type: application/json; charset=utf-8
cache-control: no-cache
content-length: 967

15:13:38.604 [AsyncHttpClient-1-5] DEBUG o.a.netty.channel.ChannelManager - Adding key: http://localhost:50062 for channel [id: 0xc8adf26a, L:/127.0.0.1:52694 - R:localhost/127.0.0.1:50062]
15:13:39.123 [Forwarding findElement on session a37d38d2ba003a3fa871ef753762b18f to remote] DEBUG o.a.netty.request.NettyRequestSender - Using pooled Channel '[id: 0xc8adf26a, L:/127.0.0.1:52694 - R:localhost/127.0.0.1:50062]' for 'POST' to 'http://localhost:50062/session/a37d38d2ba003a3fa871ef753762b18f/element'
15:13:39.123 [Forwarding findElement on session a37d38d2ba003a3fa871ef753762b18f to remote] DEBUG o.a.netty.request.NettyRequestSender - Using open Channel [id: 0xc8adf26a, L:/127.0.0.1:52694 - R:localhost/127.0.0.1:50062] for POST '/session/a37d38d2ba003a3fa871ef753762b18f/element'
15:13:39.149 [AsyncHttpClient-1-5] DEBUG o.a.netty.handler.HttpHandler - 

Request DefaultHttpRequest(decodeResult: success, version: HTTP/1.1)
POST /session/a37d38d2ba003a3fa871ef753762b18f/element HTTP/1.1
User-Agent: selenium/4.4.0 (java windows)
Content-Length: 79
Content-Type: application/json; charset=utf-8
host: localhost:50062
accept: */*

Response DefaultHttpResponse(decodeResult: success, version: HTTP/1.1)
HTTP/1.1 404 Not Found
Content-Type: application/json; charset=utf-8
cache-control: no-cache
content-length: 967

15:13:39.150 [AsyncHttpClient-1-5] DEBUG o.a.netty.channel.ChannelManager - Adding key: http://localhost:50062 for channel [id: 0xc8adf26a, L:/127.0.0.1:52694 - R:localhost/127.0.0.1:50062]
15:13:39.155 [Forwarding findElement on session a37d38d2ba003a3fa871ef753762b18f to remote] DEBUG o.a.netty.request.NettyRequestSender - Using pooled Channel '[id: 0xc8adf26a, L:/127.0.0.1:52694 - R:localhost/127.0.0.1:50062]' for 'POST' to 'http://localhost:50062/session/a37d38d2ba003a3fa871ef753762b18f/element'
15:13:39.156 [Forwarding findElement on session a37d38d2ba003a3fa871ef753762b18f to remote] DEBUG o.a.netty.request.NettyRequestSender - Using open Channel [id: 0xc8adf26a, L:/127.0.0.1:52694 - R:localhost/127.0.0.1:50062] for POST '/session/a37d38d2ba003a3fa871ef753762b18f/element'
15:13:39.180 [AsyncHttpClient-1-5] DEBUG o.a.netty.handler.HttpHandler - 

Request DefaultHttpRequest(decodeResult: success, version: HTTP/1.1)
POST /session/a37d38d2ba003a3fa871ef753762b18f/element HTTP/1.1
User-Agent: selenium/4.4.0 (java windows)
Content-Length: 79
Content-Type: application/json; charset=utf-8
host: localhost:50062
accept: */*

Response DefaultHttpResponse(decodeResult: success, version: HTTP/1.1)
HTTP/1.1 404 Not Found
Content-Type: application/json; charset=utf-8
cache-control: no-cache
content-length: 967

15:13:39.181 [AsyncHttpClient-1-5] DEBUG o.a.netty.channel.ChannelManager - Adding key: http://localhost:50062 for channel [id: 0xc8adf26a, L:/127.0.0.1:52694 - R:localhost/127.0.0.1:50062]
15:13:39.190 [Forwarding findElement on session a37d38d2ba003a3fa871ef753762b18f to remote] DEBUG o.a.netty.request.NettyRequestSender - Using pooled Channel '[id: 0xc8adf26a, L:/127.0.0.1:52694 - R:localhost/127.0.0.1:50062]' for 'POST' to 'http://localhost:50062/session/a37d38d2ba003a3fa871ef753762b18f/element'
15:13:39.190 [Forwarding findElement on session a37d38d2ba003a3fa871ef753762b18f to remote] DEBUG o.a.netty.request.NettyRequestSender - Using open Channel [id: 0xc8adf26a, L:/127.0.0.1:52694 - R:localhost/127.0.0.1:50062] for POST '/session/a37d38d2ba003a3fa871ef753762b18f/element'
15:13:39.207 [AsyncHttpClient-1-5] DEBUG o.a.netty.handler.HttpHandler - 

Request DefaultHttpRequest(decodeResult: success, version: HTTP/1.1)
POST /session/a37d38d2ba003a3fa871ef753762b18f/element HTTP/1.1
User-Agent: selenium/4.4.0 (java windows)
Content-Length: 69
Content-Type: application/json; charset=utf-8
host: localhost:50062
accept: */*

Response DefaultHttpResponse(decodeResult: success, version: HTTP/1.1)
HTTP/1.1 200 OK
Content-Type: application/json; charset=utf-8
cache-control: no-cache
content-length: 88

15:13:39.208 [AsyncHttpClient-1-5] DEBUG o.a.netty.channel.ChannelManager - Adding key: http://localhost:50062 for channel [id: 0xc8adf26a, L:/127.0.0.1:52694 - R:localhost/127.0.0.1:50062]
15:13:39.210 [Forwarding clickElement on session a37d38d2ba003a3fa871ef753762b18f to remote] DEBUG o.a.netty.request.NettyRequestSender - Using pooled Channel '[id: 0xc8adf26a, L:/127.0.0.1:52694 - R:localhost/127.0.0.1:50062]' for 'POST' to 'http://localhost:50062/session/a37d38d2ba003a3fa871ef753762b18f/element/7c1e33a1-35a1-4bb5-9259-61bfb85f3610/click'
15:13:39.210 [Forwarding clickElement on session a37d38d2ba003a3fa871ef753762b18f to remote] DEBUG o.a.netty.request.NettyRequestSender - Using open Channel [id: 0xc8adf26a, L:/127.0.0.1:52694 - R:localhost/127.0.0.1:50062] for POST '/session/a37d38d2ba003a3fa871ef753762b18f/element/7c1e33a1-35a1-4bb5-9259-61bfb85f3610/click'
15:13:39.262 [AsyncHttpClient-1-5] DEBUG o.a.netty.handler.HttpHandler - 

Request DefaultHttpRequest(decodeResult: success, version: HTTP/1.1)
POST /session/a37d38d2ba003a3fa871ef753762b18f/element/7c1e33a1-35a1-4bb5-9259-61bfb85f3610/click HTTP/1.1
User-Agent: selenium/4.4.0 (java windows)
Content-Length: 50
Content-Type: application/json; charset=utf-8
host: localhost:50062
accept: */*

Response DefaultHttpResponse(decodeResult: success, version: HTTP/1.1)
HTTP/1.1 200 OK
Content-Type: application/json; charset=utf-8
cache-control: no-cache
content-length: 14

15:13:39.263 [AsyncHttpClient-1-5] DEBUG o.a.netty.channel.ChannelManager - Adding key: http://localhost:50062 for channel [id: 0xc8adf26a, L:/127.0.0.1:52694 - R:localhost/127.0.0.1:50062]
15:13:39.266 [Test worker] ERROR ui_tests.TestBase - Test result: FAILED
15:13:39.267 [AsyncHttpClient-1-7] DEBUG o.a.netty.handler.WebSocketHandler - Channel Closed: [id: 0xea2f6b40, L:/127.0.0.1:52701 ! R:localhost/127.0.0.1:52695] with attribute NettyResponseFuture{currentRetry=0,
	isDone=1,
	isCancelled=0,
	asyncHandler=org.asynchttpclient.ws.WebSocketUpgradeHandler@5c5cf416,
	nettyRequest=org.asynchttpclient.netty.request.NettyRequest@195e61f9,
	future=java.util.concurrent.CompletableFuture@6b73821b[Completed normally],
	uri=ws://localhost:52695/devtools/browser/402ae1d9-4d72-43a1-99dd-0d7d09823794,
	keepAlive=true,
	redirectCount=0,
	timeoutsHolder=null,
	inAuth=0,
	touch=1679404406761}
15:13:39.268 [AsyncHttpClient-1-7] DEBUG o.a.netty.channel.ChannelManager - Closing Channel [id: 0xea2f6b40, L:/127.0.0.1:52701 ! R:localhost/127.0.0.1:52695] 
15:13:39.270 [Driver Command Executor] DEBUG o.a.netty.request.NettyRequestSender - Using pooled Channel '[id: 0xc8adf26a, L:/127.0.0.1:52694 - R:localhost/127.0.0.1:50062]' for 'DELETE' to 'http://localhost:50062/session/a37d38d2ba003a3fa871ef753762b18f'
15:13:39.272 [Driver Command Executor] DEBUG o.a.netty.request.NettyRequestSender - Using open Channel [id: 0xc8adf26a, L:/127.0.0.1:52694 - R:localhost/127.0.0.1:50062] for DELETE '/session/a37d38d2ba003a3fa871ef753762b18f'
15:13:39.435 [AsyncHttpClient-1-1] DEBUG o.a.netty.channel.DefaultChannelPool - Entry count for : http://localhost:52695 : 1
15:13:39.479 [AsyncHttpClient-1-6] DEBUG o.a.netty.handler.HttpHandler - Unexpected I/O exception on channel [id: 0xa24f7c7d, L:/127.0.0.1:52700 - R:localhost/127.0.0.1:52695]
java.io.IOException: ????????? ???? ????????????? ???????? ???????????? ???????????
	at sun.nio.ch.SocketDispatcher.read0(Native Method)
	at sun.nio.ch.SocketDispatcher.read(SocketDispatcher.java:43)
	at sun.nio.ch.IOUtil.readIntoNativeBuffer(IOUtil.java:223)
	at sun.nio.ch.IOUtil.read(IOUtil.java:192)
	at sun.nio.ch.SocketChannelImpl.read(SocketChannelImpl.java:378)
	at io.netty.buffer.PooledByteBuf.setBytes(PooledByteBuf.java:258)
	at io.netty.buffer.AbstractByteBuf.writeBytes(AbstractByteBuf.java:1132)
	at io.netty.channel.socket.nio.NioSocketChannel.doReadBytes(NioSocketChannel.java:357)
	at io.netty.channel.nio.AbstractNioByteChannel$NioByteUnsafe.read(AbstractNioByteChannel.java:151)
	at io.netty.channel.nio.NioEventLoop.processSelectedKey(NioEventLoop.java:722)
	at io.netty.channel.nio.NioEventLoop.processSelectedKeysOptimized(NioEventLoop.java:658)
	at io.netty.channel.nio.NioEventLoop.processSelectedKeys(NioEventLoop.java:584)
	at io.netty.channel.nio.NioEventLoop.run(NioEventLoop.java:496)
	at io.netty.util.concurrent.SingleThreadEventExecutor$4.run(SingleThreadEventExecutor.java:997)
	at io.netty.util.internal.ThreadExecutorMap$2.run(ThreadExecutorMap.java:74)
	at io.netty.util.concurrent.FastThreadLocalRunnable.run(FastThreadLocalRunnable.java:30)
	at java.lang.Thread.run(Thread.java:750)
15:13:39.480 [AsyncHttpClient-1-6] DEBUG o.a.netty.channel.ChannelManager - Closing Channel [id: 0xa24f7c7d, L:/127.0.0.1:52700 - R:localhost/127.0.0.1:52695] 
15:13:39.481 [AsyncHttpClient-1-6] DEBUG o.a.netty.handler.HttpHandler - Channel Closed: [id: 0xa24f7c7d, L:/127.0.0.1:52700 ! R:localhost/127.0.0.1:52695] with attribute DISCARD
15:13:39.515 [AsyncHttpClient-1-5] DEBUG o.a.netty.handler.HttpHandler - 

Request DefaultFullHttpRequest(decodeResult: success, version: HTTP/1.1, content: EmptyByteBufBE)
DELETE /session/a37d38d2ba003a3fa871ef753762b18f HTTP/1.1
User-Agent: selenium/4.4.0 (java windows)
Content-Type: application/json; charset=utf-8
host: localhost:50062
accept: */*

Response DefaultHttpResponse(decodeResult: success, version: HTTP/1.1)
HTTP/1.1 200 OK
Content-Type: application/json; charset=utf-8
cache-control: no-cache
content-length: 14

15:13:39.516 [AsyncHttpClient-1-5] DEBUG o.a.netty.channel.ChannelManager - Adding key: http://localhost:50062 for channel [id: 0xc8adf26a, L:/127.0.0.1:52694 - R:localhost/127.0.0.1:50062]
15:13:39.629 [AsyncHttpClient-1-5] DEBUG o.a.netty.handler.HttpHandler - Channel Closed: [id: 0xc8adf26a, L:/127.0.0.1:52694 ! R:localhost/127.0.0.1:50062] with attribute DISCARD
15:13:40.232 [Test worker] INFO  ui_tests.TestBase - Stop test: registrationPositiveTest
15:13:40.232 [Test worker] INFO  ui_tests.TestBase - ======================================================
15:13:40.538 [AsyncHttpClient-1-1] DEBUG o.a.netty.channel.DefaultChannelPool - Entry count for : http://localhost:50062 : 1
15:13:40.539 [AsyncHttpClient-1-1] DEBUG o.a.netty.channel.DefaultChannelPool - Entry count for : http://localhost:52695 : 1
15:13:40.540 [AsyncHttpClient-1-1] DEBUG o.a.netty.channel.DefaultChannelPool - Adding Candidate expired Channel [id: 0xc8adf26a, L:/127.0.0.1:52694 ! R:localhost/127.0.0.1:50062] isIdleTimeoutExpired=false isRemotelyClosed=true isTtlExpired=false
15:13:40.540 [AsyncHttpClient-1-1] DEBUG o.a.netty.channel.DefaultChannelPool - Closing Idle Channel [id: 0xc8adf26a, L:/127.0.0.1:52694 ! R:localhost/127.0.0.1:50062]
15:13:40.541 [AsyncHttpClient-1-1] DEBUG o.a.netty.channel.DefaultChannelPool - Adding Candidate expired Channel [id: 0xa24f7c7d, L:/127.0.0.1:52700 ! R:localhost/127.0.0.1:52695] isIdleTimeoutExpired=false isRemotelyClosed=true isTtlExpired=false
15:13:40.541 [AsyncHttpClient-1-1] DEBUG o.a.netty.channel.DefaultChannelPool - Closing Idle Channel [id: 0xa24f7c7d, L:/127.0.0.1:52700 ! R:localhost/127.0.0.1:52695]
15:13:40.541 [AsyncHttpClient-1-1] DEBUG o.a.netty.channel.DefaultChannelPool - Closed 2 connections out of 2 in 1 ms
15:13:40.785 [AsyncHttpClient-1-8] DEBUG o.a.n.channel.NettyConnectListener - Using new Channel '[id: 0x4921390e, L:/127.0.0.1:52723 - R:localhost/127.0.0.1:55440]' for 'POST' to '/session'
15:13:42.003 [AsyncHttpClient-1-8] DEBUG o.a.netty.handler.HttpHandler - 

Request DefaultHttpRequest(decodeResult: success, version: HTTP/1.1)
POST /session HTTP/1.1
User-Agent: selenium/4.4.0 (java windows)
Content-Length: 439
Content-Type: application/json; charset=utf-8
host: localhost:55440
accept: */*

Response DefaultHttpResponse(decodeResult: success, version: HTTP/1.1)
HTTP/1.1 200 OK
Content-Type: application/json; charset=utf-8
cache-control: no-cache
content-length: 858

15:13:42.004 [AsyncHttpClient-1-8] DEBUG o.a.netty.channel.ChannelManager - Adding key: http://localhost:55440 for channel [id: 0x4921390e, L:/127.0.0.1:52723 - R:localhost/127.0.0.1:55440]
15:13:42.033 [AsyncHttpClient-1-9] DEBUG o.a.n.channel.NettyConnectListener - Using new Channel '[id: 0x1b221a65, L:/127.0.0.1:52730 - R:localhost/127.0.0.1:52724]' for 'GET' to '/json/version'
15:13:42.036 [AsyncHttpClient-1-9] DEBUG o.a.netty.handler.HttpHandler - 

Request DefaultFullHttpRequest(decodeResult: success, version: HTTP/1.1, content: EmptyByteBufBE)
GET /json/version HTTP/1.1
User-Agent: selenium/4.4.0 (java windows)
host: localhost:52724
accept: */*

Response DefaultHttpResponse(decodeResult: success, version: HTTP/1.1)
HTTP/1.1 200 OK
Content-Security-Policy: frame-ancestors 'none'
Content-Type: application/json; charset=UTF-8
content-length: 423

15:13:42.036 [AsyncHttpClient-1-9] DEBUG o.a.netty.channel.ChannelManager - Adding key: http://localhost:52724 for channel [id: 0x1b221a65, L:/127.0.0.1:52730 - R:localhost/127.0.0.1:52724]
15:13:42.042 [AsyncHttpClient-1-2] DEBUG o.a.n.channel.NettyConnectListener - Using new Channel '[id: 0xb4782c97, L:/127.0.0.1:52731 - R:localhost/127.0.0.1:52724]' for 'GET' to '/devtools/browser/be695647-2588-4d55-8de1-03f549ae5b29'
15:13:42.045 [AsyncHttpClient-1-2] DEBUG o.a.netty.handler.WebSocketHandler - 

Request DefaultFullHttpRequest(decodeResult: success, version: HTTP/1.1, content: EmptyByteBufBE)
GET /devtools/browser/be695647-2588-4d55-8de1-03f549ae5b29 HTTP/1.1
upgrade: websocket
connection: upgrade
sec-websocket-key: wudXCPK15YnuFA3KxhoPoQ==
sec-websocket-version: 13
origin: http://localhost:52724
host: localhost:52724
accept: */*
user-agent: AHC/2.1

Response DefaultHttpResponse(decodeResult: success, version: HTTP/1.1)
HTTP/1.1 101 WebSocket Protocol Handshake
Upgrade: WebSocket
Connection: Upgrade
Sec-WebSocket-Accept: Mnj0tlJ9Z2lDocwTzrdvDgLc7uc=

15:13:42.071 [Forwarding maximizeCurrentWindow on session dad2b4782841a0dbf56a5aa651b173ab to remote] DEBUG o.a.netty.request.NettyRequestSender - Using pooled Channel '[id: 0x4921390e, L:/127.0.0.1:52723 - R:localhost/127.0.0.1:55440]' for 'POST' to 'http://localhost:55440/session/dad2b4782841a0dbf56a5aa651b173ab/window/maximize'
15:13:42.072 [Forwarding maximizeCurrentWindow on session dad2b4782841a0dbf56a5aa651b173ab to remote] DEBUG o.a.netty.request.NettyRequestSender - Using open Channel [id: 0x4921390e, L:/127.0.0.1:52723 - R:localhost/127.0.0.1:55440] for POST '/session/dad2b4782841a0dbf56a5aa651b173ab/window/maximize'
15:13:42.217 [AsyncHttpClient-1-8] DEBUG o.a.netty.handler.HttpHandler - 

Request DefaultHttpRequest(decodeResult: success, version: HTTP/1.1)
POST /session/dad2b4782841a0dbf56a5aa651b173ab/window/maximize HTTP/1.1
User-Agent: selenium/4.4.0 (java windows)
Content-Length: 3
Content-Type: application/json; charset=utf-8
host: localhost:55440
accept: */*

Response DefaultHttpResponse(decodeResult: success, version: HTTP/1.1)
HTTP/1.1 200 OK
Content-Type: application/json; charset=utf-8
cache-control: no-cache
content-length: 51

15:13:42.218 [AsyncHttpClient-1-8] DEBUG o.a.netty.channel.ChannelManager - Adding key: http://localhost:55440 for channel [id: 0x4921390e, L:/127.0.0.1:52723 - R:localhost/127.0.0.1:55440]
15:13:42.225 [Forwarding get on session dad2b4782841a0dbf56a5aa651b173ab to remote] DEBUG o.a.netty.request.NettyRequestSender - Using pooled Channel '[id: 0x4921390e, L:/127.0.0.1:52723 - R:localhost/127.0.0.1:55440]' for 'POST' to 'http://localhost:55440/session/dad2b4782841a0dbf56a5aa651b173ab/url'
15:13:42.225 [Forwarding get on session dad2b4782841a0dbf56a5aa651b173ab to remote] DEBUG o.a.netty.request.NettyRequestSender - Using open Channel [id: 0x4921390e, L:/127.0.0.1:52723 - R:localhost/127.0.0.1:55440] for POST '/session/dad2b4782841a0dbf56a5aa651b173ab/url'
15:13:42.728 [AsyncHttpClient-1-1] DEBUG o.a.netty.channel.DefaultChannelPool - Entry count for : http://localhost:52724 : 1
15:13:43.831 [AsyncHttpClient-1-1] DEBUG o.a.netty.channel.DefaultChannelPool - Entry count for : http://localhost:52724 : 1
15:13:44.930 [AsyncHttpClient-1-1] DEBUG o.a.netty.channel.DefaultChannelPool - Entry count for : http://localhost:52724 : 1
15:13:45.791 [AsyncHttpClient-1-8] DEBUG o.a.netty.handler.HttpHandler - 

Request DefaultHttpRequest(decodeResult: success, version: HTTP/1.1)
POST /session/dad2b4782841a0dbf56a5aa651b173ab/url HTTP/1.1
User-Agent: selenium/4.4.0 (java windows)
Content-Length: 63
Content-Type: application/json; charset=utf-8
host: localhost:55440
accept: */*

Response DefaultHttpResponse(decodeResult: success, version: HTTP/1.1)
HTTP/1.1 200 OK
Content-Type: application/json; charset=utf-8
cache-control: no-cache
content-length: 14

15:13:45.792 [AsyncHttpClient-1-8] DEBUG o.a.netty.channel.ChannelManager - Adding key: http://localhost:55440 for channel [id: 0x4921390e, L:/127.0.0.1:52723 - R:localhost/127.0.0.1:55440]
15:13:45.793 [Test worker] INFO  ui_tests.TestBase - Start test: registrationPositiveTest
15:13:45.793 [Test worker] INFO  ui_tests.TestBase -  --> With data: [UserModel(name=Fill1, email=fill2@mail.com, password=Pass1111$, confirmPassword=Pass1111$)]
15:13:45.795 [Forwarding findElement on session dad2b4782841a0dbf56a5aa651b173ab to remote] DEBUG o.a.netty.request.NettyRequestSender - Using pooled Channel '[id: 0x4921390e, L:/127.0.0.1:52723 - R:localhost/127.0.0.1:55440]' for 'POST' to 'http://localhost:55440/session/dad2b4782841a0dbf56a5aa651b173ab/element'
15:13:45.795 [Forwarding findElement on session dad2b4782841a0dbf56a5aa651b173ab to remote] DEBUG o.a.netty.request.NettyRequestSender - Using open Channel [id: 0x4921390e, L:/127.0.0.1:52723 - R:localhost/127.0.0.1:55440] for POST '/session/dad2b4782841a0dbf56a5aa651b173ab/element'
15:13:45.819 [AsyncHttpClient-1-8] DEBUG o.a.netty.handler.HttpHandler - 

Request DefaultHttpRequest(decodeResult: success, version: HTTP/1.1)
POST /session/dad2b4782841a0dbf56a5aa651b173ab/element HTTP/1.1
User-Agent: selenium/4.4.0 (java windows)
Content-Length: 70
Content-Type: application/json; charset=utf-8
host: localhost:55440
accept: */*

Response DefaultHttpResponse(decodeResult: success, version: HTTP/1.1)
HTTP/1.1 200 OK
Content-Type: application/json; charset=utf-8
cache-control: no-cache
content-length: 88

15:13:45.821 [AsyncHttpClient-1-8] DEBUG o.a.netty.channel.ChannelManager - Adding key: http://localhost:55440 for channel [id: 0x4921390e, L:/127.0.0.1:52723 - R:localhost/127.0.0.1:55440]
15:13:45.829 [Forwarding isElementDisplayed on session dad2b4782841a0dbf56a5aa651b173ab to remote] DEBUG o.a.netty.request.NettyRequestSender - Using pooled Channel '[id: 0x4921390e, L:/127.0.0.1:52723 - R:localhost/127.0.0.1:55440]' for 'POST' to 'http://localhost:55440/session/dad2b4782841a0dbf56a5aa651b173ab/execute/sync'
15:13:45.829 [Forwarding isElementDisplayed on session dad2b4782841a0dbf56a5aa651b173ab to remote] DEBUG o.a.netty.request.NettyRequestSender - Using open Channel [id: 0x4921390e, L:/127.0.0.1:52723 - R:localhost/127.0.0.1:55440] for POST '/session/dad2b4782841a0dbf56a5aa651b173ab/execute/sync'
15:13:45.847 [AsyncHttpClient-1-8] DEBUG o.a.netty.handler.HttpHandler - 

Request DefaultHttpRequest(decodeResult: success, version: HTTP/1.1)
POST /session/dad2b4782841a0dbf56a5aa651b173ab/execute/sync HTTP/1.1
User-Agent: selenium/4.4.0 (java windows)
Content-Length: 48780
Content-Type: application/json; charset=utf-8
host: localhost:55440
accept: */*

Response DefaultHttpResponse(decodeResult: success, version: HTTP/1.1)
HTTP/1.1 200 OK
Content-Type: application/json; charset=utf-8
cache-control: no-cache
content-length: 14

15:13:45.847 [AsyncHttpClient-1-8] DEBUG o.a.netty.channel.ChannelManager - Adding key: http://localhost:55440 for channel [id: 0x4921390e, L:/127.0.0.1:52723 - R:localhost/127.0.0.1:55440]
15:13:45.849 [Forwarding findElement on session dad2b4782841a0dbf56a5aa651b173ab to remote] DEBUG o.a.netty.request.NettyRequestSender - Using pooled Channel '[id: 0x4921390e, L:/127.0.0.1:52723 - R:localhost/127.0.0.1:55440]' for 'POST' to 'http://localhost:55440/session/dad2b4782841a0dbf56a5aa651b173ab/element'
15:13:45.850 [Forwarding findElement on session dad2b4782841a0dbf56a5aa651b173ab to remote] DEBUG o.a.netty.request.NettyRequestSender - Using open Channel [id: 0x4921390e, L:/127.0.0.1:52723 - R:localhost/127.0.0.1:55440] for POST '/session/dad2b4782841a0dbf56a5aa651b173ab/element'
15:13:45.858 [AsyncHttpClient-1-8] DEBUG o.a.netty.handler.HttpHandler - 

Request DefaultHttpRequest(decodeResult: success, version: HTTP/1.1)
POST /session/dad2b4782841a0dbf56a5aa651b173ab/element HTTP/1.1
User-Agent: selenium/4.4.0 (java windows)
Content-Length: 70
Content-Type: application/json; charset=utf-8
host: localhost:55440
accept: */*

Response DefaultHttpResponse(decodeResult: success, version: HTTP/1.1)
HTTP/1.1 200 OK
Content-Type: application/json; charset=utf-8
cache-control: no-cache
content-length: 88

15:13:45.858 [AsyncHttpClient-1-8] DEBUG o.a.netty.channel.ChannelManager - Adding key: http://localhost:55440 for channel [id: 0x4921390e, L:/127.0.0.1:52723 - R:localhost/127.0.0.1:55440]
15:13:45.860 [Forwarding isElementEnabled on session dad2b4782841a0dbf56a5aa651b173ab to remote] DEBUG o.a.netty.request.NettyRequestSender - Using pooled Channel '[id: 0x4921390e, L:/127.0.0.1:52723 - R:localhost/127.0.0.1:55440]' for 'GET' to 'http://localhost:55440/session/dad2b4782841a0dbf56a5aa651b173ab/element/15a277a0-cdb3-4137-94d7-6cffe28831ea/enabled'
15:13:45.860 [Forwarding isElementEnabled on session dad2b4782841a0dbf56a5aa651b173ab to remote] DEBUG o.a.netty.request.NettyRequestSender - Using open Channel [id: 0x4921390e, L:/127.0.0.1:52723 - R:localhost/127.0.0.1:55440] for GET '/session/dad2b4782841a0dbf56a5aa651b173ab/element/15a277a0-cdb3-4137-94d7-6cffe28831ea/enabled'
15:13:45.873 [AsyncHttpClient-1-8] DEBUG o.a.netty.handler.HttpHandler - 

Request DefaultFullHttpRequest(decodeResult: success, version: HTTP/1.1, content: EmptyByteBufBE)
GET /session/dad2b4782841a0dbf56a5aa651b173ab/element/15a277a0-cdb3-4137-94d7-6cffe28831ea/enabled HTTP/1.1
User-Agent: selenium/4.4.0 (java windows)
Cache-Control: no-cache
Content-Type: application/json; charset=utf-8
host: localhost:55440
accept: */*

Response DefaultHttpResponse(decodeResult: success, version: HTTP/1.1)
HTTP/1.1 200 OK
Content-Type: application/json; charset=utf-8
cache-control: no-cache
content-length: 14

15:13:45.874 [AsyncHttpClient-1-8] DEBUG o.a.netty.channel.ChannelManager - Adding key: http://localhost:55440 for channel [id: 0x4921390e, L:/127.0.0.1:52723 - R:localhost/127.0.0.1:55440]
15:13:45.876 [Forwarding findElement on session dad2b4782841a0dbf56a5aa651b173ab to remote] DEBUG o.a.netty.request.NettyRequestSender - Using pooled Channel '[id: 0x4921390e, L:/127.0.0.1:52723 - R:localhost/127.0.0.1:55440]' for 'POST' to 'http://localhost:55440/session/dad2b4782841a0dbf56a5aa651b173ab/element'
15:13:45.876 [Forwarding findElement on session dad2b4782841a0dbf56a5aa651b173ab to remote] DEBUG o.a.netty.request.NettyRequestSender - Using open Channel [id: 0x4921390e, L:/127.0.0.1:52723 - R:localhost/127.0.0.1:55440] for POST '/session/dad2b4782841a0dbf56a5aa651b173ab/element'
15:13:45.887 [AsyncHttpClient-1-8] DEBUG o.a.netty.handler.HttpHandler - 

Request DefaultHttpRequest(decodeResult: success, version: HTTP/1.1)
POST /session/dad2b4782841a0dbf56a5aa651b173ab/element HTTP/1.1
User-Agent: selenium/4.4.0 (java windows)
Content-Length: 70
Content-Type: application/json; charset=utf-8
host: localhost:55440
accept: */*

Response DefaultHttpResponse(decodeResult: success, version: HTTP/1.1)
HTTP/1.1 200 OK
Content-Type: application/json; charset=utf-8
cache-control: no-cache
content-length: 88

15:13:45.888 [AsyncHttpClient-1-8] DEBUG o.a.netty.channel.ChannelManager - Adding key: http://localhost:55440 for channel [id: 0x4921390e, L:/127.0.0.1:52723 - R:localhost/127.0.0.1:55440]
15:13:45.890 [Forwarding clickElement on session dad2b4782841a0dbf56a5aa651b173ab to remote] DEBUG o.a.netty.request.NettyRequestSender - Using pooled Channel '[id: 0x4921390e, L:/127.0.0.1:52723 - R:localhost/127.0.0.1:55440]' for 'POST' to 'http://localhost:55440/session/dad2b4782841a0dbf56a5aa651b173ab/element/15a277a0-cdb3-4137-94d7-6cffe28831ea/click'
15:13:45.890 [Forwarding clickElement on session dad2b4782841a0dbf56a5aa651b173ab to remote] DEBUG o.a.netty.request.NettyRequestSender - Using open Channel [id: 0x4921390e, L:/127.0.0.1:52723 - R:localhost/127.0.0.1:55440] for POST '/session/dad2b4782841a0dbf56a5aa651b173ab/element/15a277a0-cdb3-4137-94d7-6cffe28831ea/click'
15:13:46.015 [AsyncHttpClient-1-8] DEBUG o.a.netty.handler.HttpHandler - 

Request DefaultHttpRequest(decodeResult: success, version: HTTP/1.1)
POST /session/dad2b4782841a0dbf56a5aa651b173ab/element/15a277a0-cdb3-4137-94d7-6cffe28831ea/click HTTP/1.1
User-Agent: selenium/4.4.0 (java windows)
Content-Length: 50
Content-Type: application/json; charset=utf-8
host: localhost:55440
accept: */*

Response DefaultHttpResponse(decodeResult: success, version: HTTP/1.1)
HTTP/1.1 200 OK
Content-Type: application/json; charset=utf-8
cache-control: no-cache
content-length: 14

15:13:46.016 [AsyncHttpClient-1-8] DEBUG o.a.netty.channel.ChannelManager - Adding key: http://localhost:55440 for channel [id: 0x4921390e, L:/127.0.0.1:52723 - R:localhost/127.0.0.1:55440]
15:13:46.021 [Forwarding findElement on session dad2b4782841a0dbf56a5aa651b173ab to remote] DEBUG o.a.netty.request.NettyRequestSender - Using pooled Channel '[id: 0x4921390e, L:/127.0.0.1:52723 - R:localhost/127.0.0.1:55440]' for 'POST' to 'http://localhost:55440/session/dad2b4782841a0dbf56a5aa651b173ab/element'
15:13:46.021 [Forwarding findElement on session dad2b4782841a0dbf56a5aa651b173ab to remote] DEBUG o.a.netty.request.NettyRequestSender - Using open Channel [id: 0x4921390e, L:/127.0.0.1:52723 - R:localhost/127.0.0.1:55440] for POST '/session/dad2b4782841a0dbf56a5aa651b173ab/element'
15:13:46.031 [AsyncHttpClient-1-1] DEBUG o.a.netty.channel.DefaultChannelPool - Entry count for : http://localhost:52724 : 1
15:13:46.044 [AsyncHttpClient-1-8] DEBUG o.a.netty.handler.HttpHandler - 

Request DefaultHttpRequest(decodeResult: success, version: HTTP/1.1)
POST /session/dad2b4782841a0dbf56a5aa651b173ab/element HTTP/1.1
User-Agent: selenium/4.4.0 (java windows)
Content-Length: 78
Content-Type: application/json; charset=utf-8
host: localhost:55440
accept: */*

Response DefaultHttpResponse(decodeResult: success, version: HTTP/1.1)
HTTP/1.1 200 OK
Content-Type: application/json; charset=utf-8
cache-control: no-cache
content-length: 88

15:13:46.045 [AsyncHttpClient-1-8] DEBUG o.a.netty.channel.ChannelManager - Adding key: http://localhost:55440 for channel [id: 0x4921390e, L:/127.0.0.1:52723 - R:localhost/127.0.0.1:55440]
15:13:46.054 [Forwarding isElementDisplayed on session dad2b4782841a0dbf56a5aa651b173ab to remote] DEBUG o.a.netty.request.NettyRequestSender - Using pooled Channel '[id: 0x4921390e, L:/127.0.0.1:52723 - R:localhost/127.0.0.1:55440]' for 'POST' to 'http://localhost:55440/session/dad2b4782841a0dbf56a5aa651b173ab/execute/sync'
15:13:46.055 [Forwarding isElementDisplayed on session dad2b4782841a0dbf56a5aa651b173ab to remote] DEBUG o.a.netty.request.NettyRequestSender - Using open Channel [id: 0x4921390e, L:/127.0.0.1:52723 - R:localhost/127.0.0.1:55440] for POST '/session/dad2b4782841a0dbf56a5aa651b173ab/execute/sync'
15:13:46.080 [AsyncHttpClient-1-8] DEBUG o.a.netty.handler.HttpHandler - 

Request DefaultHttpRequest(decodeResult: success, version: HTTP/1.1)
POST /session/dad2b4782841a0dbf56a5aa651b173ab/execute/sync HTTP/1.1
User-Agent: selenium/4.4.0 (java windows)
Content-Length: 48780
Content-Type: application/json; charset=utf-8
host: localhost:55440
accept: */*

Response DefaultHttpResponse(decodeResult: success, version: HTTP/1.1)
HTTP/1.1 200 OK
Content-Type: application/json; charset=utf-8
cache-control: no-cache
content-length: 14

15:13:46.081 [AsyncHttpClient-1-8] DEBUG o.a.netty.channel.ChannelManager - Adding key: http://localhost:55440 for channel [id: 0x4921390e, L:/127.0.0.1:52723 - R:localhost/127.0.0.1:55440]
15:13:46.087 [Forwarding findElement on session dad2b4782841a0dbf56a5aa651b173ab to remote] DEBUG o.a.netty.request.NettyRequestSender - Using pooled Channel '[id: 0x4921390e, L:/127.0.0.1:52723 - R:localhost/127.0.0.1:55440]' for 'POST' to 'http://localhost:55440/session/dad2b4782841a0dbf56a5aa651b173ab/element'
15:13:46.087 [Forwarding findElement on session dad2b4782841a0dbf56a5aa651b173ab to remote] DEBUG o.a.netty.request.NettyRequestSender - Using open Channel [id: 0x4921390e, L:/127.0.0.1:52723 - R:localhost/127.0.0.1:55440] for POST '/session/dad2b4782841a0dbf56a5aa651b173ab/element'
15:13:46.109 [AsyncHttpClient-1-8] DEBUG o.a.netty.handler.HttpHandler - 

Request DefaultHttpRequest(decodeResult: success, version: HTTP/1.1)
POST /session/dad2b4782841a0dbf56a5aa651b173ab/element HTTP/1.1
User-Agent: selenium/4.4.0 (java windows)
Content-Length: 78
Content-Type: application/json; charset=utf-8
host: localhost:55440
accept: */*

Response DefaultHttpResponse(decodeResult: success, version: HTTP/1.1)
HTTP/1.1 200 OK
Content-Type: application/json; charset=utf-8
cache-control: no-cache
content-length: 88

15:13:46.109 [AsyncHttpClient-1-8] DEBUG o.a.netty.channel.ChannelManager - Adding key: http://localhost:55440 for channel [id: 0x4921390e, L:/127.0.0.1:52723 - R:localhost/127.0.0.1:55440]
15:13:46.115 [Forwarding isElementEnabled on session dad2b4782841a0dbf56a5aa651b173ab to remote] DEBUG o.a.netty.request.NettyRequestSender - Using pooled Channel '[id: 0x4921390e, L:/127.0.0.1:52723 - R:localhost/127.0.0.1:55440]' for 'GET' to 'http://localhost:55440/session/dad2b4782841a0dbf56a5aa651b173ab/element/33a817dd-b360-461d-9088-d8c41e490882/enabled'
15:13:46.115 [Forwarding isElementEnabled on session dad2b4782841a0dbf56a5aa651b173ab to remote] DEBUG o.a.netty.request.NettyRequestSender - Using open Channel [id: 0x4921390e, L:/127.0.0.1:52723 - R:localhost/127.0.0.1:55440] for GET '/session/dad2b4782841a0dbf56a5aa651b173ab/element/33a817dd-b360-461d-9088-d8c41e490882/enabled'
15:13:46.129 [AsyncHttpClient-1-8] DEBUG o.a.netty.handler.HttpHandler - 

Request DefaultFullHttpRequest(decodeResult: success, version: HTTP/1.1, content: EmptyByteBufBE)
GET /session/dad2b4782841a0dbf56a5aa651b173ab/element/33a817dd-b360-461d-9088-d8c41e490882/enabled HTTP/1.1
User-Agent: selenium/4.4.0 (java windows)
Cache-Control: no-cache
Content-Type: application/json; charset=utf-8
host: localhost:55440
accept: */*

Response DefaultHttpResponse(decodeResult: success, version: HTTP/1.1)
HTTP/1.1 200 OK
Content-Type: application/json; charset=utf-8
cache-control: no-cache
content-length: 14

15:13:46.130 [AsyncHttpClient-1-8] DEBUG o.a.netty.channel.ChannelManager - Adding key: http://localhost:55440 for channel [id: 0x4921390e, L:/127.0.0.1:52723 - R:localhost/127.0.0.1:55440]
15:13:46.132 [Forwarding findElement on session dad2b4782841a0dbf56a5aa651b173ab to remote] DEBUG o.a.netty.request.NettyRequestSender - Using pooled Channel '[id: 0x4921390e, L:/127.0.0.1:52723 - R:localhost/127.0.0.1:55440]' for 'POST' to 'http://localhost:55440/session/dad2b4782841a0dbf56a5aa651b173ab/element'
15:13:46.132 [Forwarding findElement on session dad2b4782841a0dbf56a5aa651b173ab to remote] DEBUG o.a.netty.request.NettyRequestSender - Using open Channel [id: 0x4921390e, L:/127.0.0.1:52723 - R:localhost/127.0.0.1:55440] for POST '/session/dad2b4782841a0dbf56a5aa651b173ab/element'
15:13:46.146 [AsyncHttpClient-1-8] DEBUG o.a.netty.handler.HttpHandler - 

Request DefaultHttpRequest(decodeResult: success, version: HTTP/1.1)
POST /session/dad2b4782841a0dbf56a5aa651b173ab/element HTTP/1.1
User-Agent: selenium/4.4.0 (java windows)
Content-Length: 78
Content-Type: application/json; charset=utf-8
host: localhost:55440
accept: */*

Response DefaultHttpResponse(decodeResult: success, version: HTTP/1.1)
HTTP/1.1 200 OK
Content-Type: application/json; charset=utf-8
cache-control: no-cache
content-length: 88

15:13:46.146 [AsyncHttpClient-1-8] DEBUG o.a.netty.channel.ChannelManager - Adding key: http://localhost:55440 for channel [id: 0x4921390e, L:/127.0.0.1:52723 - R:localhost/127.0.0.1:55440]
15:13:46.149 [Forwarding clickElement on session dad2b4782841a0dbf56a5aa651b173ab to remote] DEBUG o.a.netty.request.NettyRequestSender - Using pooled Channel '[id: 0x4921390e, L:/127.0.0.1:52723 - R:localhost/127.0.0.1:55440]' for 'POST' to 'http://localhost:55440/session/dad2b4782841a0dbf56a5aa651b173ab/element/33a817dd-b360-461d-9088-d8c41e490882/click'
15:13:46.149 [Forwarding clickElement on session dad2b4782841a0dbf56a5aa651b173ab to remote] DEBUG o.a.netty.request.NettyRequestSender - Using open Channel [id: 0x4921390e, L:/127.0.0.1:52723 - R:localhost/127.0.0.1:55440] for POST '/session/dad2b4782841a0dbf56a5aa651b173ab/element/33a817dd-b360-461d-9088-d8c41e490882/click'
15:13:46.245 [AsyncHttpClient-1-8] DEBUG o.a.netty.handler.HttpHandler - 

Request DefaultHttpRequest(decodeResult: success, version: HTTP/1.1)
POST /session/dad2b4782841a0dbf56a5aa651b173ab/element/33a817dd-b360-461d-9088-d8c41e490882/click HTTP/1.1
User-Agent: selenium/4.4.0 (java windows)
Content-Length: 50
Content-Type: application/json; charset=utf-8
host: localhost:55440
accept: */*

Response DefaultHttpResponse(decodeResult: success, version: HTTP/1.1)
HTTP/1.1 200 OK
Content-Type: application/json; charset=utf-8
cache-control: no-cache
content-length: 14

15:13:46.245 [AsyncHttpClient-1-8] DEBUG o.a.netty.channel.ChannelManager - Adding key: http://localhost:55440 for channel [id: 0x4921390e, L:/127.0.0.1:52723 - R:localhost/127.0.0.1:55440]
15:13:46.248 [Forwarding findElement on session dad2b4782841a0dbf56a5aa651b173ab to remote] DEBUG o.a.netty.request.NettyRequestSender - Using pooled Channel '[id: 0x4921390e, L:/127.0.0.1:52723 - R:localhost/127.0.0.1:55440]' for 'POST' to 'http://localhost:55440/session/dad2b4782841a0dbf56a5aa651b173ab/element'
15:13:46.248 [Forwarding findElement on session dad2b4782841a0dbf56a5aa651b173ab to remote] DEBUG o.a.netty.request.NettyRequestSender - Using open Channel [id: 0x4921390e, L:/127.0.0.1:52723 - R:localhost/127.0.0.1:55440] for POST '/session/dad2b4782841a0dbf56a5aa651b173ab/element'
15:13:46.282 [AsyncHttpClient-1-8] DEBUG o.a.netty.handler.HttpHandler - 

Request DefaultHttpRequest(decodeResult: success, version: HTTP/1.1)
POST /session/dad2b4782841a0dbf56a5aa651b173ab/element HTTP/1.1
User-Agent: selenium/4.4.0 (java windows)
Content-Length: 76
Content-Type: application/json; charset=utf-8
host: localhost:55440
accept: */*

Response DefaultHttpResponse(decodeResult: success, version: HTTP/1.1)
HTTP/1.1 200 OK
Content-Type: application/json; charset=utf-8
cache-control: no-cache
content-length: 88

15:13:46.286 [AsyncHttpClient-1-8] DEBUG o.a.netty.channel.ChannelManager - Adding key: http://localhost:55440 for channel [id: 0x4921390e, L:/127.0.0.1:52723 - R:localhost/127.0.0.1:55440]
15:13:46.308 [Forwarding isElementDisplayed on session dad2b4782841a0dbf56a5aa651b173ab to remote] DEBUG o.a.netty.request.NettyRequestSender - Using pooled Channel '[id: 0x4921390e, L:/127.0.0.1:52723 - R:localhost/127.0.0.1:55440]' for 'POST' to 'http://localhost:55440/session/dad2b4782841a0dbf56a5aa651b173ab/execute/sync'
15:13:46.309 [Forwarding isElementDisplayed on session dad2b4782841a0dbf56a5aa651b173ab to remote] DEBUG o.a.netty.request.NettyRequestSender - Using open Channel [id: 0x4921390e, L:/127.0.0.1:52723 - R:localhost/127.0.0.1:55440] for POST '/session/dad2b4782841a0dbf56a5aa651b173ab/execute/sync'
15:13:46.329 [AsyncHttpClient-1-8] DEBUG o.a.netty.handler.HttpHandler - 

Request DefaultHttpRequest(decodeResult: success, version: HTTP/1.1)
POST /session/dad2b4782841a0dbf56a5aa651b173ab/execute/sync HTTP/1.1
User-Agent: selenium/4.4.0 (java windows)
Content-Length: 48780
Content-Type: application/json; charset=utf-8
host: localhost:55440
accept: */*

Response DefaultHttpResponse(decodeResult: success, version: HTTP/1.1)
HTTP/1.1 200 OK
Content-Type: application/json; charset=utf-8
cache-control: no-cache
content-length: 14

15:13:46.330 [AsyncHttpClient-1-8] DEBUG o.a.netty.channel.ChannelManager - Adding key: http://localhost:55440 for channel [id: 0x4921390e, L:/127.0.0.1:52723 - R:localhost/127.0.0.1:55440]
15:13:46.332 [Forwarding findElement on session dad2b4782841a0dbf56a5aa651b173ab to remote] DEBUG o.a.netty.request.NettyRequestSender - Using pooled Channel '[id: 0x4921390e, L:/127.0.0.1:52723 - R:localhost/127.0.0.1:55440]' for 'POST' to 'http://localhost:55440/session/dad2b4782841a0dbf56a5aa651b173ab/element'
15:13:46.332 [Forwarding findElement on session dad2b4782841a0dbf56a5aa651b173ab to remote] DEBUG o.a.netty.request.NettyRequestSender - Using open Channel [id: 0x4921390e, L:/127.0.0.1:52723 - R:localhost/127.0.0.1:55440] for POST '/session/dad2b4782841a0dbf56a5aa651b173ab/element'
15:13:46.346 [AsyncHttpClient-1-8] DEBUG o.a.netty.handler.HttpHandler - 

Request DefaultHttpRequest(decodeResult: success, version: HTTP/1.1)
POST /session/dad2b4782841a0dbf56a5aa651b173ab/element HTTP/1.1
User-Agent: selenium/4.4.0 (java windows)
Content-Length: 76
Content-Type: application/json; charset=utf-8
host: localhost:55440
accept: */*

Response DefaultHttpResponse(decodeResult: success, version: HTTP/1.1)
HTTP/1.1 200 OK
Content-Type: application/json; charset=utf-8
cache-control: no-cache
content-length: 88

15:13:46.347 [AsyncHttpClient-1-8] DEBUG o.a.netty.channel.ChannelManager - Adding key: http://localhost:55440 for channel [id: 0x4921390e, L:/127.0.0.1:52723 - R:localhost/127.0.0.1:55440]
15:13:46.349 [Forwarding isElementEnabled on session dad2b4782841a0dbf56a5aa651b173ab to remote] DEBUG o.a.netty.request.NettyRequestSender - Using pooled Channel '[id: 0x4921390e, L:/127.0.0.1:52723 - R:localhost/127.0.0.1:55440]' for 'GET' to 'http://localhost:55440/session/dad2b4782841a0dbf56a5aa651b173ab/element/5b324986-87ae-4785-9c4f-a02365ae503d/enabled'
15:13:46.349 [Forwarding isElementEnabled on session dad2b4782841a0dbf56a5aa651b173ab to remote] DEBUG o.a.netty.request.NettyRequestSender - Using open Channel [id: 0x4921390e, L:/127.0.0.1:52723 - R:localhost/127.0.0.1:55440] for GET '/session/dad2b4782841a0dbf56a5aa651b173ab/element/5b324986-87ae-4785-9c4f-a02365ae503d/enabled'
15:13:46.362 [AsyncHttpClient-1-8] DEBUG o.a.netty.handler.HttpHandler - 

Request DefaultFullHttpRequest(decodeResult: success, version: HTTP/1.1, content: EmptyByteBufBE)
GET /session/dad2b4782841a0dbf56a5aa651b173ab/element/5b324986-87ae-4785-9c4f-a02365ae503d/enabled HTTP/1.1
User-Agent: selenium/4.4.0 (java windows)
Cache-Control: no-cache
Content-Type: application/json; charset=utf-8
host: localhost:55440
accept: */*

Response DefaultHttpResponse(decodeResult: success, version: HTTP/1.1)
HTTP/1.1 200 OK
Content-Type: application/json; charset=utf-8
cache-control: no-cache
content-length: 14

15:13:46.362 [AsyncHttpClient-1-8] DEBUG o.a.netty.channel.ChannelManager - Adding key: http://localhost:55440 for channel [id: 0x4921390e, L:/127.0.0.1:52723 - R:localhost/127.0.0.1:55440]
15:13:46.364 [Forwarding findElement on session dad2b4782841a0dbf56a5aa651b173ab to remote] DEBUG o.a.netty.request.NettyRequestSender - Using pooled Channel '[id: 0x4921390e, L:/127.0.0.1:52723 - R:localhost/127.0.0.1:55440]' for 'POST' to 'http://localhost:55440/session/dad2b4782841a0dbf56a5aa651b173ab/element'
15:13:46.364 [Forwarding findElement on session dad2b4782841a0dbf56a5aa651b173ab to remote] DEBUG o.a.netty.request.NettyRequestSender - Using open Channel [id: 0x4921390e, L:/127.0.0.1:52723 - R:localhost/127.0.0.1:55440] for POST '/session/dad2b4782841a0dbf56a5aa651b173ab/element'
15:13:46.374 [AsyncHttpClient-1-8] DEBUG o.a.netty.handler.HttpHandler - 

Request DefaultHttpRequest(decodeResult: success, version: HTTP/1.1)
POST /session/dad2b4782841a0dbf56a5aa651b173ab/element HTTP/1.1
User-Agent: selenium/4.4.0 (java windows)
Content-Length: 76
Content-Type: application/json; charset=utf-8
host: localhost:55440
accept: */*

Response DefaultHttpResponse(decodeResult: success, version: HTTP/1.1)
HTTP/1.1 200 OK
Content-Type: application/json; charset=utf-8
cache-control: no-cache
content-length: 88

15:13:46.374 [AsyncHttpClient-1-8] DEBUG o.a.netty.channel.ChannelManager - Adding key: http://localhost:55440 for channel [id: 0x4921390e, L:/127.0.0.1:52723 - R:localhost/127.0.0.1:55440]
15:13:46.376 [Forwarding clickElement on session dad2b4782841a0dbf56a5aa651b173ab to remote] DEBUG o.a.netty.request.NettyRequestSender - Using pooled Channel '[id: 0x4921390e, L:/127.0.0.1:52723 - R:localhost/127.0.0.1:55440]' for 'POST' to 'http://localhost:55440/session/dad2b4782841a0dbf56a5aa651b173ab/element/5b324986-87ae-4785-9c4f-a02365ae503d/click'
15:13:46.377 [Forwarding clickElement on session dad2b4782841a0dbf56a5aa651b173ab to remote] DEBUG o.a.netty.request.NettyRequestSender - Using open Channel [id: 0x4921390e, L:/127.0.0.1:52723 - R:localhost/127.0.0.1:55440] for POST '/session/dad2b4782841a0dbf56a5aa651b173ab/element/5b324986-87ae-4785-9c4f-a02365ae503d/click'
15:13:46.443 [AsyncHttpClient-1-8] DEBUG o.a.netty.handler.HttpHandler - 

Request DefaultHttpRequest(decodeResult: success, version: HTTP/1.1)
POST /session/dad2b4782841a0dbf56a5aa651b173ab/element/5b324986-87ae-4785-9c4f-a02365ae503d/click HTTP/1.1
User-Agent: selenium/4.4.0 (java windows)
Content-Length: 50
Content-Type: application/json; charset=utf-8
host: localhost:55440
accept: */*

Response DefaultHttpResponse(decodeResult: success, version: HTTP/1.1)
HTTP/1.1 200 OK
Content-Type: application/json; charset=utf-8
cache-control: no-cache
content-length: 14

15:13:46.444 [AsyncHttpClient-1-8] DEBUG o.a.netty.channel.ChannelManager - Adding key: http://localhost:55440 for channel [id: 0x4921390e, L:/127.0.0.1:52723 - R:localhost/127.0.0.1:55440]
15:13:46.448 [Forwarding findElement on session dad2b4782841a0dbf56a5aa651b173ab to remote] DEBUG o.a.netty.request.NettyRequestSender - Using pooled Channel '[id: 0x4921390e, L:/127.0.0.1:52723 - R:localhost/127.0.0.1:55440]' for 'POST' to 'http://localhost:55440/session/dad2b4782841a0dbf56a5aa651b173ab/element'
15:13:46.448 [Forwarding findElement on session dad2b4782841a0dbf56a5aa651b173ab to remote] DEBUG o.a.netty.request.NettyRequestSender - Using open Channel [id: 0x4921390e, L:/127.0.0.1:52723 - R:localhost/127.0.0.1:55440] for POST '/session/dad2b4782841a0dbf56a5aa651b173ab/element'
15:13:46.464 [AsyncHttpClient-1-8] DEBUG o.a.netty.handler.HttpHandler - 

Request DefaultHttpRequest(decodeResult: success, version: HTTP/1.1)
POST /session/dad2b4782841a0dbf56a5aa651b173ab/element HTTP/1.1
User-Agent: selenium/4.4.0 (java windows)
Content-Length: 76
Content-Type: application/json; charset=utf-8
host: localhost:55440
accept: */*

Response DefaultHttpResponse(decodeResult: success, version: HTTP/1.1)
HTTP/1.1 200 OK
Content-Type: application/json; charset=utf-8
cache-control: no-cache
content-length: 88

15:13:46.465 [AsyncHttpClient-1-8] DEBUG o.a.netty.channel.ChannelManager - Adding key: http://localhost:55440 for channel [id: 0x4921390e, L:/127.0.0.1:52723 - R:localhost/127.0.0.1:55440]
15:13:46.469 [Forwarding clearElement on session dad2b4782841a0dbf56a5aa651b173ab to remote] DEBUG o.a.netty.request.NettyRequestSender - Using pooled Channel '[id: 0x4921390e, L:/127.0.0.1:52723 - R:localhost/127.0.0.1:55440]' for 'POST' to 'http://localhost:55440/session/dad2b4782841a0dbf56a5aa651b173ab/element/5b324986-87ae-4785-9c4f-a02365ae503d/clear'
15:13:46.469 [Forwarding clearElement on session dad2b4782841a0dbf56a5aa651b173ab to remote] DEBUG o.a.netty.request.NettyRequestSender - Using open Channel [id: 0x4921390e, L:/127.0.0.1:52723 - R:localhost/127.0.0.1:55440] for POST '/session/dad2b4782841a0dbf56a5aa651b173ab/element/5b324986-87ae-4785-9c4f-a02365ae503d/clear'
15:13:46.509 [AsyncHttpClient-1-8] DEBUG o.a.netty.handler.HttpHandler - 

Request DefaultHttpRequest(decodeResult: success, version: HTTP/1.1)
POST /session/dad2b4782841a0dbf56a5aa651b173ab/element/5b324986-87ae-4785-9c4f-a02365ae503d/clear HTTP/1.1
User-Agent: selenium/4.4.0 (java windows)
Content-Length: 50
Content-Type: application/json; charset=utf-8
host: localhost:55440
accept: */*

Response DefaultHttpResponse(decodeResult: success, version: HTTP/1.1)
HTTP/1.1 200 OK
Content-Type: application/json; charset=utf-8
cache-control: no-cache
content-length: 14

15:13:46.510 [AsyncHttpClient-1-8] DEBUG o.a.netty.channel.ChannelManager - Adding key: http://localhost:55440 for channel [id: 0x4921390e, L:/127.0.0.1:52723 - R:localhost/127.0.0.1:55440]
15:13:46.512 [Forwarding findElement on session dad2b4782841a0dbf56a5aa651b173ab to remote] DEBUG o.a.netty.request.NettyRequestSender - Using pooled Channel '[id: 0x4921390e, L:/127.0.0.1:52723 - R:localhost/127.0.0.1:55440]' for 'POST' to 'http://localhost:55440/session/dad2b4782841a0dbf56a5aa651b173ab/element'
15:13:46.512 [Forwarding findElement on session dad2b4782841a0dbf56a5aa651b173ab to remote] DEBUG o.a.netty.request.NettyRequestSender - Using open Channel [id: 0x4921390e, L:/127.0.0.1:52723 - R:localhost/127.0.0.1:55440] for POST '/session/dad2b4782841a0dbf56a5aa651b173ab/element'
15:13:46.523 [AsyncHttpClient-1-8] DEBUG o.a.netty.handler.HttpHandler - 

Request DefaultHttpRequest(decodeResult: success, version: HTTP/1.1)
POST /session/dad2b4782841a0dbf56a5aa651b173ab/element HTTP/1.1
User-Agent: selenium/4.4.0 (java windows)
Content-Length: 76
Content-Type: application/json; charset=utf-8
host: localhost:55440
accept: */*

Response DefaultHttpResponse(decodeResult: success, version: HTTP/1.1)
HTTP/1.1 200 OK
Content-Type: application/json; charset=utf-8
cache-control: no-cache
content-length: 88

15:13:46.523 [AsyncHttpClient-1-8] DEBUG o.a.netty.channel.ChannelManager - Adding key: http://localhost:55440 for channel [id: 0x4921390e, L:/127.0.0.1:52723 - R:localhost/127.0.0.1:55440]
15:13:46.526 [Forwarding sendKeysToElement on session dad2b4782841a0dbf56a5aa651b173ab to remote] DEBUG o.a.netty.request.NettyRequestSender - Using pooled Channel '[id: 0x4921390e, L:/127.0.0.1:52723 - R:localhost/127.0.0.1:55440]' for 'POST' to 'http://localhost:55440/session/dad2b4782841a0dbf56a5aa651b173ab/element/5b324986-87ae-4785-9c4f-a02365ae503d/value'
15:13:46.527 [Forwarding sendKeysToElement on session dad2b4782841a0dbf56a5aa651b173ab to remote] DEBUG o.a.netty.request.NettyRequestSender - Using open Channel [id: 0x4921390e, L:/127.0.0.1:52723 - R:localhost/127.0.0.1:55440] for POST '/session/dad2b4782841a0dbf56a5aa651b173ab/element/5b324986-87ae-4785-9c4f-a02365ae503d/value'
15:13:46.628 [AsyncHttpClient-1-8] DEBUG o.a.netty.handler.HttpHandler - 

Request DefaultHttpRequest(decodeResult: success, version: HTTP/1.1)
POST /session/dad2b4782841a0dbf56a5aa651b173ab/element/5b324986-87ae-4785-9c4f-a02365ae503d/value HTTP/1.1
User-Agent: selenium/4.4.0 (java windows)
Content-Length: 131
Content-Type: application/json; charset=utf-8
host: localhost:55440
accept: */*

Response DefaultHttpResponse(decodeResult: success, version: HTTP/1.1)
HTTP/1.1 200 OK
Content-Type: application/json; charset=utf-8
cache-control: no-cache
content-length: 14

15:13:46.629 [AsyncHttpClient-1-8] DEBUG o.a.netty.channel.ChannelManager - Adding key: http://localhost:55440 for channel [id: 0x4921390e, L:/127.0.0.1:52723 - R:localhost/127.0.0.1:55440]
15:13:46.631 [Forwarding findElement on session dad2b4782841a0dbf56a5aa651b173ab to remote] DEBUG o.a.netty.request.NettyRequestSender - Using pooled Channel '[id: 0x4921390e, L:/127.0.0.1:52723 - R:localhost/127.0.0.1:55440]' for 'POST' to 'http://localhost:55440/session/dad2b4782841a0dbf56a5aa651b173ab/element'
15:13:46.632 [Forwarding findElement on session dad2b4782841a0dbf56a5aa651b173ab to remote] DEBUG o.a.netty.request.NettyRequestSender - Using open Channel [id: 0x4921390e, L:/127.0.0.1:52723 - R:localhost/127.0.0.1:55440] for POST '/session/dad2b4782841a0dbf56a5aa651b173ab/element'
15:13:46.654 [AsyncHttpClient-1-8] DEBUG o.a.netty.handler.HttpHandler - 

Request DefaultHttpRequest(decodeResult: success, version: HTTP/1.1)
POST /session/dad2b4782841a0dbf56a5aa651b173ab/element HTTP/1.1
User-Agent: selenium/4.4.0 (java windows)
Content-Length: 86
Content-Type: application/json; charset=utf-8
host: localhost:55440
accept: */*

Response DefaultHttpResponse(decodeResult: success, version: HTTP/1.1)
HTTP/1.1 200 OK
Content-Type: application/json; charset=utf-8
cache-control: no-cache
content-length: 88

15:13:46.655 [AsyncHttpClient-1-8] DEBUG o.a.netty.channel.ChannelManager - Adding key: http://localhost:55440 for channel [id: 0x4921390e, L:/127.0.0.1:52723 - R:localhost/127.0.0.1:55440]
15:13:46.664 [Forwarding isElementDisplayed on session dad2b4782841a0dbf56a5aa651b173ab to remote] DEBUG o.a.netty.request.NettyRequestSender - Using pooled Channel '[id: 0x4921390e, L:/127.0.0.1:52723 - R:localhost/127.0.0.1:55440]' for 'POST' to 'http://localhost:55440/session/dad2b4782841a0dbf56a5aa651b173ab/execute/sync'
15:13:46.664 [Forwarding isElementDisplayed on session dad2b4782841a0dbf56a5aa651b173ab to remote] DEBUG o.a.netty.request.NettyRequestSender - Using open Channel [id: 0x4921390e, L:/127.0.0.1:52723 - R:localhost/127.0.0.1:55440] for POST '/session/dad2b4782841a0dbf56a5aa651b173ab/execute/sync'
15:13:46.694 [AsyncHttpClient-1-8] DEBUG o.a.netty.handler.HttpHandler - 

Request DefaultHttpRequest(decodeResult: success, version: HTTP/1.1)
POST /session/dad2b4782841a0dbf56a5aa651b173ab/execute/sync HTTP/1.1
User-Agent: selenium/4.4.0 (java windows)
Content-Length: 48780
Content-Type: application/json; charset=utf-8
host: localhost:55440
accept: */*

Response DefaultHttpResponse(decodeResult: success, version: HTTP/1.1)
HTTP/1.1 200 OK
Content-Type: application/json; charset=utf-8
cache-control: no-cache
content-length: 14

15:13:46.695 [AsyncHttpClient-1-8] DEBUG o.a.netty.channel.ChannelManager - Adding key: http://localhost:55440 for channel [id: 0x4921390e, L:/127.0.0.1:52723 - R:localhost/127.0.0.1:55440]
15:13:46.697 [Forwarding findElement on session dad2b4782841a0dbf56a5aa651b173ab to remote] DEBUG o.a.netty.request.NettyRequestSender - Using pooled Channel '[id: 0x4921390e, L:/127.0.0.1:52723 - R:localhost/127.0.0.1:55440]' for 'POST' to 'http://localhost:55440/session/dad2b4782841a0dbf56a5aa651b173ab/element'
15:13:46.697 [Forwarding findElement on session dad2b4782841a0dbf56a5aa651b173ab to remote] DEBUG o.a.netty.request.NettyRequestSender - Using open Channel [id: 0x4921390e, L:/127.0.0.1:52723 - R:localhost/127.0.0.1:55440] for POST '/session/dad2b4782841a0dbf56a5aa651b173ab/element'
15:13:46.711 [AsyncHttpClient-1-8] DEBUG o.a.netty.handler.HttpHandler - 

Request DefaultHttpRequest(decodeResult: success, version: HTTP/1.1)
POST /session/dad2b4782841a0dbf56a5aa651b173ab/element HTTP/1.1
User-Agent: selenium/4.4.0 (java windows)
Content-Length: 86
Content-Type: application/json; charset=utf-8
host: localhost:55440
accept: */*

Response DefaultHttpResponse(decodeResult: success, version: HTTP/1.1)
HTTP/1.1 200 OK
Content-Type: application/json; charset=utf-8
cache-control: no-cache
content-length: 88

15:13:46.711 [AsyncHttpClient-1-8] DEBUG o.a.netty.channel.ChannelManager - Adding key: http://localhost:55440 for channel [id: 0x4921390e, L:/127.0.0.1:52723 - R:localhost/127.0.0.1:55440]
15:13:46.713 [Forwarding isElementEnabled on session dad2b4782841a0dbf56a5aa651b173ab to remote] DEBUG o.a.netty.request.NettyRequestSender - Using pooled Channel '[id: 0x4921390e, L:/127.0.0.1:52723 - R:localhost/127.0.0.1:55440]' for 'GET' to 'http://localhost:55440/session/dad2b4782841a0dbf56a5aa651b173ab/element/97d8f0dd-88dd-4543-8995-ec09f292a59e/enabled'
15:13:46.713 [Forwarding isElementEnabled on session dad2b4782841a0dbf56a5aa651b173ab to remote] DEBUG o.a.netty.request.NettyRequestSender - Using open Channel [id: 0x4921390e, L:/127.0.0.1:52723 - R:localhost/127.0.0.1:55440] for GET '/session/dad2b4782841a0dbf56a5aa651b173ab/element/97d8f0dd-88dd-4543-8995-ec09f292a59e/enabled'
15:13:46.731 [AsyncHttpClient-1-8] DEBUG o.a.netty.handler.HttpHandler - 

Request DefaultFullHttpRequest(decodeResult: success, version: HTTP/1.1, content: EmptyByteBufBE)
GET /session/dad2b4782841a0dbf56a5aa651b173ab/element/97d8f0dd-88dd-4543-8995-ec09f292a59e/enabled HTTP/1.1
User-Agent: selenium/4.4.0 (java windows)
Cache-Control: no-cache
Content-Type: application/json; charset=utf-8
host: localhost:55440
accept: */*

Response DefaultHttpResponse(decodeResult: success, version: HTTP/1.1)
HTTP/1.1 200 OK
Content-Type: application/json; charset=utf-8
cache-control: no-cache
content-length: 14

15:13:46.731 [AsyncHttpClient-1-8] DEBUG o.a.netty.channel.ChannelManager - Adding key: http://localhost:55440 for channel [id: 0x4921390e, L:/127.0.0.1:52723 - R:localhost/127.0.0.1:55440]
15:13:46.736 [Forwarding findElement on session dad2b4782841a0dbf56a5aa651b173ab to remote] DEBUG o.a.netty.request.NettyRequestSender - Using pooled Channel '[id: 0x4921390e, L:/127.0.0.1:52723 - R:localhost/127.0.0.1:55440]' for 'POST' to 'http://localhost:55440/session/dad2b4782841a0dbf56a5aa651b173ab/element'
15:13:46.736 [Forwarding findElement on session dad2b4782841a0dbf56a5aa651b173ab to remote] DEBUG o.a.netty.request.NettyRequestSender - Using open Channel [id: 0x4921390e, L:/127.0.0.1:52723 - R:localhost/127.0.0.1:55440] for POST '/session/dad2b4782841a0dbf56a5aa651b173ab/element'
15:13:46.747 [AsyncHttpClient-1-8] DEBUG o.a.netty.handler.HttpHandler - 

Request DefaultHttpRequest(decodeResult: success, version: HTTP/1.1)
POST /session/dad2b4782841a0dbf56a5aa651b173ab/element HTTP/1.1
User-Agent: selenium/4.4.0 (java windows)
Content-Length: 86
Content-Type: application/json; charset=utf-8
host: localhost:55440
accept: */*

Response DefaultHttpResponse(decodeResult: success, version: HTTP/1.1)
HTTP/1.1 200 OK
Content-Type: application/json; charset=utf-8
cache-control: no-cache
content-length: 88

15:13:46.747 [AsyncHttpClient-1-8] DEBUG o.a.netty.channel.ChannelManager - Adding key: http://localhost:55440 for channel [id: 0x4921390e, L:/127.0.0.1:52723 - R:localhost/127.0.0.1:55440]
15:13:46.772 [Forwarding clickElement on session dad2b4782841a0dbf56a5aa651b173ab to remote] DEBUG o.a.netty.request.NettyRequestSender - Using pooled Channel '[id: 0x4921390e, L:/127.0.0.1:52723 - R:localhost/127.0.0.1:55440]' for 'POST' to 'http://localhost:55440/session/dad2b4782841a0dbf56a5aa651b173ab/element/97d8f0dd-88dd-4543-8995-ec09f292a59e/click'
15:13:46.772 [Forwarding clickElement on session dad2b4782841a0dbf56a5aa651b173ab to remote] DEBUG o.a.netty.request.NettyRequestSender - Using open Channel [id: 0x4921390e, L:/127.0.0.1:52723 - R:localhost/127.0.0.1:55440] for POST '/session/dad2b4782841a0dbf56a5aa651b173ab/element/97d8f0dd-88dd-4543-8995-ec09f292a59e/click'
15:13:46.843 [AsyncHttpClient-1-8] DEBUG o.a.netty.handler.HttpHandler - 

Request DefaultHttpRequest(decodeResult: success, version: HTTP/1.1)
POST /session/dad2b4782841a0dbf56a5aa651b173ab/element/97d8f0dd-88dd-4543-8995-ec09f292a59e/click HTTP/1.1
User-Agent: selenium/4.4.0 (java windows)
Content-Length: 50
Content-Type: application/json; charset=utf-8
host: localhost:55440
accept: */*

Response DefaultHttpResponse(decodeResult: success, version: HTTP/1.1)
HTTP/1.1 200 OK
Content-Type: application/json; charset=utf-8
cache-control: no-cache
content-length: 14

15:13:46.843 [AsyncHttpClient-1-8] DEBUG o.a.netty.channel.ChannelManager - Adding key: http://localhost:55440 for channel [id: 0x4921390e, L:/127.0.0.1:52723 - R:localhost/127.0.0.1:55440]
15:13:46.845 [Forwarding findElement on session dad2b4782841a0dbf56a5aa651b173ab to remote] DEBUG o.a.netty.request.NettyRequestSender - Using pooled Channel '[id: 0x4921390e, L:/127.0.0.1:52723 - R:localhost/127.0.0.1:55440]' for 'POST' to 'http://localhost:55440/session/dad2b4782841a0dbf56a5aa651b173ab/element'
15:13:46.845 [Forwarding findElement on session dad2b4782841a0dbf56a5aa651b173ab to remote] DEBUG o.a.netty.request.NettyRequestSender - Using open Channel [id: 0x4921390e, L:/127.0.0.1:52723 - R:localhost/127.0.0.1:55440] for POST '/session/dad2b4782841a0dbf56a5aa651b173ab/element'
15:13:46.858 [AsyncHttpClient-1-8] DEBUG o.a.netty.handler.HttpHandler - 

Request DefaultHttpRequest(decodeResult: success, version: HTTP/1.1)
POST /session/dad2b4782841a0dbf56a5aa651b173ab/element HTTP/1.1
User-Agent: selenium/4.4.0 (java windows)
Content-Length: 86
Content-Type: application/json; charset=utf-8
host: localhost:55440
accept: */*

Response DefaultHttpResponse(decodeResult: success, version: HTTP/1.1)
HTTP/1.1 200 OK
Content-Type: application/json; charset=utf-8
cache-control: no-cache
content-length: 88

15:13:46.858 [AsyncHttpClient-1-8] DEBUG o.a.netty.channel.ChannelManager - Adding key: http://localhost:55440 for channel [id: 0x4921390e, L:/127.0.0.1:52723 - R:localhost/127.0.0.1:55440]
15:13:46.863 [Forwarding clearElement on session dad2b4782841a0dbf56a5aa651b173ab to remote] DEBUG o.a.netty.request.NettyRequestSender - Using pooled Channel '[id: 0x4921390e, L:/127.0.0.1:52723 - R:localhost/127.0.0.1:55440]' for 'POST' to 'http://localhost:55440/session/dad2b4782841a0dbf56a5aa651b173ab/element/97d8f0dd-88dd-4543-8995-ec09f292a59e/clear'
15:13:46.863 [Forwarding clearElement on session dad2b4782841a0dbf56a5aa651b173ab to remote] DEBUG o.a.netty.request.NettyRequestSender - Using open Channel [id: 0x4921390e, L:/127.0.0.1:52723 - R:localhost/127.0.0.1:55440] for POST '/session/dad2b4782841a0dbf56a5aa651b173ab/element/97d8f0dd-88dd-4543-8995-ec09f292a59e/clear'
15:13:46.906 [AsyncHttpClient-1-8] DEBUG o.a.netty.handler.HttpHandler - 

Request DefaultHttpRequest(decodeResult: success, version: HTTP/1.1)
POST /session/dad2b4782841a0dbf56a5aa651b173ab/element/97d8f0dd-88dd-4543-8995-ec09f292a59e/clear HTTP/1.1
User-Agent: selenium/4.4.0 (java windows)
Content-Length: 50
Content-Type: application/json; charset=utf-8
host: localhost:55440
accept: */*

Response DefaultHttpResponse(decodeResult: success, version: HTTP/1.1)
HTTP/1.1 200 OK
Content-Type: application/json; charset=utf-8
cache-control: no-cache
content-length: 14

15:13:46.907 [AsyncHttpClient-1-8] DEBUG o.a.netty.channel.ChannelManager - Adding key: http://localhost:55440 for channel [id: 0x4921390e, L:/127.0.0.1:52723 - R:localhost/127.0.0.1:55440]
15:13:46.908 [Forwarding findElement on session dad2b4782841a0dbf56a5aa651b173ab to remote] DEBUG o.a.netty.request.NettyRequestSender - Using pooled Channel '[id: 0x4921390e, L:/127.0.0.1:52723 - R:localhost/127.0.0.1:55440]' for 'POST' to 'http://localhost:55440/session/dad2b4782841a0dbf56a5aa651b173ab/element'
15:13:46.908 [Forwarding findElement on session dad2b4782841a0dbf56a5aa651b173ab to remote] DEBUG o.a.netty.request.NettyRequestSender - Using open Channel [id: 0x4921390e, L:/127.0.0.1:52723 - R:localhost/127.0.0.1:55440] for POST '/session/dad2b4782841a0dbf56a5aa651b173ab/element'
15:13:46.916 [AsyncHttpClient-1-8] DEBUG o.a.netty.handler.HttpHandler - 

Request DefaultHttpRequest(decodeResult: success, version: HTTP/1.1)
POST /session/dad2b4782841a0dbf56a5aa651b173ab/element HTTP/1.1
User-Agent: selenium/4.4.0 (java windows)
Content-Length: 86
Content-Type: application/json; charset=utf-8
host: localhost:55440
accept: */*

Response DefaultHttpResponse(decodeResult: success, version: HTTP/1.1)
HTTP/1.1 200 OK
Content-Type: application/json; charset=utf-8
cache-control: no-cache
content-length: 88

15:13:46.917 [AsyncHttpClient-1-8] DEBUG o.a.netty.channel.ChannelManager - Adding key: http://localhost:55440 for channel [id: 0x4921390e, L:/127.0.0.1:52723 - R:localhost/127.0.0.1:55440]
15:13:46.919 [Forwarding sendKeysToElement on session dad2b4782841a0dbf56a5aa651b173ab to remote] DEBUG o.a.netty.request.NettyRequestSender - Using pooled Channel '[id: 0x4921390e, L:/127.0.0.1:52723 - R:localhost/127.0.0.1:55440]' for 'POST' to 'http://localhost:55440/session/dad2b4782841a0dbf56a5aa651b173ab/element/97d8f0dd-88dd-4543-8995-ec09f292a59e/value'
15:13:46.920 [Forwarding sendKeysToElement on session dad2b4782841a0dbf56a5aa651b173ab to remote] DEBUG o.a.netty.request.NettyRequestSender - Using open Channel [id: 0x4921390e, L:/127.0.0.1:52723 - R:localhost/127.0.0.1:55440] for POST '/session/dad2b4782841a0dbf56a5aa651b173ab/element/97d8f0dd-88dd-4543-8995-ec09f292a59e/value'
15:13:47.070 [AsyncHttpClient-1-8] DEBUG o.a.netty.handler.HttpHandler - 

Request DefaultHttpRequest(decodeResult: success, version: HTTP/1.1)
POST /session/dad2b4782841a0dbf56a5aa651b173ab/element/97d8f0dd-88dd-4543-8995-ec09f292a59e/value HTTP/1.1
User-Agent: selenium/4.4.0 (java windows)
Content-Length: 221
Content-Type: application/json; charset=utf-8
host: localhost:55440
accept: */*

Response DefaultHttpResponse(decodeResult: success, version: HTTP/1.1)
HTTP/1.1 200 OK
Content-Type: application/json; charset=utf-8
cache-control: no-cache
content-length: 14

15:13:47.071 [AsyncHttpClient-1-8] DEBUG o.a.netty.channel.ChannelManager - Adding key: http://localhost:55440 for channel [id: 0x4921390e, L:/127.0.0.1:52723 - R:localhost/127.0.0.1:55440]
15:13:47.076 [Forwarding findElement on session dad2b4782841a0dbf56a5aa651b173ab to remote] DEBUG o.a.netty.request.NettyRequestSender - Using pooled Channel '[id: 0x4921390e, L:/127.0.0.1:52723 - R:localhost/127.0.0.1:55440]' for 'POST' to 'http://localhost:55440/session/dad2b4782841a0dbf56a5aa651b173ab/element'
15:13:47.076 [Forwarding findElement on session dad2b4782841a0dbf56a5aa651b173ab to remote] DEBUG o.a.netty.request.NettyRequestSender - Using open Channel [id: 0x4921390e, L:/127.0.0.1:52723 - R:localhost/127.0.0.1:55440] for POST '/session/dad2b4782841a0dbf56a5aa651b173ab/element'
15:13:47.095 [AsyncHttpClient-1-8] DEBUG o.a.netty.handler.HttpHandler - 

Request DefaultHttpRequest(decodeResult: success, version: HTTP/1.1)
POST /session/dad2b4782841a0dbf56a5aa651b173ab/element HTTP/1.1
User-Agent: selenium/4.4.0 (java windows)
Content-Length: 101
Content-Type: application/json; charset=utf-8
host: localhost:55440
accept: */*

Response DefaultHttpResponse(decodeResult: success, version: HTTP/1.1)
HTTP/1.1 200 OK
Content-Type: application/json; charset=utf-8
cache-control: no-cache
content-length: 88

15:13:47.096 [AsyncHttpClient-1-8] DEBUG o.a.netty.channel.ChannelManager - Adding key: http://localhost:55440 for channel [id: 0x4921390e, L:/127.0.0.1:52723 - R:localhost/127.0.0.1:55440]
15:13:47.105 [Forwarding isElementDisplayed on session dad2b4782841a0dbf56a5aa651b173ab to remote] DEBUG o.a.netty.request.NettyRequestSender - Using pooled Channel '[id: 0x4921390e, L:/127.0.0.1:52723 - R:localhost/127.0.0.1:55440]' for 'POST' to 'http://localhost:55440/session/dad2b4782841a0dbf56a5aa651b173ab/execute/sync'
15:13:47.105 [Forwarding isElementDisplayed on session dad2b4782841a0dbf56a5aa651b173ab to remote] DEBUG o.a.netty.request.NettyRequestSender - Using open Channel [id: 0x4921390e, L:/127.0.0.1:52723 - R:localhost/127.0.0.1:55440] for POST '/session/dad2b4782841a0dbf56a5aa651b173ab/execute/sync'
15:13:47.118 [AsyncHttpClient-1-8] DEBUG o.a.netty.handler.HttpHandler - 

Request DefaultHttpRequest(decodeResult: success, version: HTTP/1.1)
POST /session/dad2b4782841a0dbf56a5aa651b173ab/execute/sync HTTP/1.1
User-Agent: selenium/4.4.0 (java windows)
Content-Length: 48780
Content-Type: application/json; charset=utf-8
host: localhost:55440
accept: */*

Response DefaultHttpResponse(decodeResult: success, version: HTTP/1.1)
HTTP/1.1 200 OK
Content-Type: application/json; charset=utf-8
cache-control: no-cache
content-length: 14

15:13:47.118 [AsyncHttpClient-1-8] DEBUG o.a.netty.channel.ChannelManager - Adding key: http://localhost:55440 for channel [id: 0x4921390e, L:/127.0.0.1:52723 - R:localhost/127.0.0.1:55440]
15:13:47.120 [Forwarding findElement on session dad2b4782841a0dbf56a5aa651b173ab to remote] DEBUG o.a.netty.request.NettyRequestSender - Using pooled Channel '[id: 0x4921390e, L:/127.0.0.1:52723 - R:localhost/127.0.0.1:55440]' for 'POST' to 'http://localhost:55440/session/dad2b4782841a0dbf56a5aa651b173ab/element'
15:13:47.120 [Forwarding findElement on session dad2b4782841a0dbf56a5aa651b173ab to remote] DEBUG o.a.netty.request.NettyRequestSender - Using open Channel [id: 0x4921390e, L:/127.0.0.1:52723 - R:localhost/127.0.0.1:55440] for POST '/session/dad2b4782841a0dbf56a5aa651b173ab/element'
15:13:47.128 [AsyncHttpClient-1-1] DEBUG o.a.netty.channel.DefaultChannelPool - Entry count for : http://localhost:52724 : 1
15:13:47.129 [AsyncHttpClient-1-8] DEBUG o.a.netty.handler.HttpHandler - 

Request DefaultHttpRequest(decodeResult: success, version: HTTP/1.1)
POST /session/dad2b4782841a0dbf56a5aa651b173ab/element HTTP/1.1
User-Agent: selenium/4.4.0 (java windows)
Content-Length: 101
Content-Type: application/json; charset=utf-8
host: localhost:55440
accept: */*

Response DefaultHttpResponse(decodeResult: success, version: HTTP/1.1)
HTTP/1.1 200 OK
Content-Type: application/json; charset=utf-8
cache-control: no-cache
content-length: 88

15:13:47.129 [AsyncHttpClient-1-8] DEBUG o.a.netty.channel.ChannelManager - Adding key: http://localhost:55440 for channel [id: 0x4921390e, L:/127.0.0.1:52723 - R:localhost/127.0.0.1:55440]
15:13:47.130 [Forwarding isElementEnabled on session dad2b4782841a0dbf56a5aa651b173ab to remote] DEBUG o.a.netty.request.NettyRequestSender - Using pooled Channel '[id: 0x4921390e, L:/127.0.0.1:52723 - R:localhost/127.0.0.1:55440]' for 'GET' to 'http://localhost:55440/session/dad2b4782841a0dbf56a5aa651b173ab/element/1d764fba-bebe-49f9-bfe7-56aa98024604/enabled'
15:13:47.130 [Forwarding isElementEnabled on session dad2b4782841a0dbf56a5aa651b173ab to remote] DEBUG o.a.netty.request.NettyRequestSender - Using open Channel [id: 0x4921390e, L:/127.0.0.1:52723 - R:localhost/127.0.0.1:55440] for GET '/session/dad2b4782841a0dbf56a5aa651b173ab/element/1d764fba-bebe-49f9-bfe7-56aa98024604/enabled'
15:13:47.141 [AsyncHttpClient-1-8] DEBUG o.a.netty.handler.HttpHandler - 

Request DefaultFullHttpRequest(decodeResult: success, version: HTTP/1.1, content: EmptyByteBufBE)
GET /session/dad2b4782841a0dbf56a5aa651b173ab/element/1d764fba-bebe-49f9-bfe7-56aa98024604/enabled HTTP/1.1
User-Agent: selenium/4.4.0 (java windows)
Cache-Control: no-cache
Content-Type: application/json; charset=utf-8
host: localhost:55440
accept: */*

Response DefaultHttpResponse(decodeResult: success, version: HTTP/1.1)
HTTP/1.1 200 OK
Content-Type: application/json; charset=utf-8
cache-control: no-cache
content-length: 14

15:13:47.141 [AsyncHttpClient-1-8] DEBUG o.a.netty.channel.ChannelManager - Adding key: http://localhost:55440 for channel [id: 0x4921390e, L:/127.0.0.1:52723 - R:localhost/127.0.0.1:55440]
15:13:47.143 [Forwarding findElement on session dad2b4782841a0dbf56a5aa651b173ab to remote] DEBUG o.a.netty.request.NettyRequestSender - Using pooled Channel '[id: 0x4921390e, L:/127.0.0.1:52723 - R:localhost/127.0.0.1:55440]' for 'POST' to 'http://localhost:55440/session/dad2b4782841a0dbf56a5aa651b173ab/element'
15:13:47.144 [Forwarding findElement on session dad2b4782841a0dbf56a5aa651b173ab to remote] DEBUG o.a.netty.request.NettyRequestSender - Using open Channel [id: 0x4921390e, L:/127.0.0.1:52723 - R:localhost/127.0.0.1:55440] for POST '/session/dad2b4782841a0dbf56a5aa651b173ab/element'
15:13:47.153 [AsyncHttpClient-1-8] DEBUG o.a.netty.handler.HttpHandler - 

Request DefaultHttpRequest(decodeResult: success, version: HTTP/1.1)
POST /session/dad2b4782841a0dbf56a5aa651b173ab/element HTTP/1.1
User-Agent: selenium/4.4.0 (java windows)
Content-Length: 101
Content-Type: application/json; charset=utf-8
host: localhost:55440
accept: */*

Response DefaultHttpResponse(decodeResult: success, version: HTTP/1.1)
HTTP/1.1 200 OK
Content-Type: application/json; charset=utf-8
cache-control: no-cache
content-length: 88

15:13:47.153 [AsyncHttpClient-1-8] DEBUG o.a.netty.channel.ChannelManager - Adding key: http://localhost:55440 for channel [id: 0x4921390e, L:/127.0.0.1:52723 - R:localhost/127.0.0.1:55440]
15:13:47.155 [Forwarding clickElement on session dad2b4782841a0dbf56a5aa651b173ab to remote] DEBUG o.a.netty.request.NettyRequestSender - Using pooled Channel '[id: 0x4921390e, L:/127.0.0.1:52723 - R:localhost/127.0.0.1:55440]' for 'POST' to 'http://localhost:55440/session/dad2b4782841a0dbf56a5aa651b173ab/element/1d764fba-bebe-49f9-bfe7-56aa98024604/click'
15:13:47.155 [Forwarding clickElement on session dad2b4782841a0dbf56a5aa651b173ab to remote] DEBUG o.a.netty.request.NettyRequestSender - Using open Channel [id: 0x4921390e, L:/127.0.0.1:52723 - R:localhost/127.0.0.1:55440] for POST '/session/dad2b4782841a0dbf56a5aa651b173ab/element/1d764fba-bebe-49f9-bfe7-56aa98024604/click'
15:13:47.220 [AsyncHttpClient-1-8] DEBUG o.a.netty.handler.HttpHandler - 

Request DefaultHttpRequest(decodeResult: success, version: HTTP/1.1)
POST /session/dad2b4782841a0dbf56a5aa651b173ab/element/1d764fba-bebe-49f9-bfe7-56aa98024604/click HTTP/1.1
User-Agent: selenium/4.4.0 (java windows)
Content-Length: 50
Content-Type: application/json; charset=utf-8
host: localhost:55440
accept: */*

Response DefaultHttpResponse(decodeResult: success, version: HTTP/1.1)
HTTP/1.1 200 OK
Content-Type: application/json; charset=utf-8
cache-control: no-cache
content-length: 14

15:13:47.222 [AsyncHttpClient-1-8] DEBUG o.a.netty.channel.ChannelManager - Adding key: http://localhost:55440 for channel [id: 0x4921390e, L:/127.0.0.1:52723 - R:localhost/127.0.0.1:55440]
15:13:47.229 [Forwarding findElement on session dad2b4782841a0dbf56a5aa651b173ab to remote] DEBUG o.a.netty.request.NettyRequestSender - Using pooled Channel '[id: 0x4921390e, L:/127.0.0.1:52723 - R:localhost/127.0.0.1:55440]' for 'POST' to 'http://localhost:55440/session/dad2b4782841a0dbf56a5aa651b173ab/element'
15:13:47.229 [Forwarding findElement on session dad2b4782841a0dbf56a5aa651b173ab to remote] DEBUG o.a.netty.request.NettyRequestSender - Using open Channel [id: 0x4921390e, L:/127.0.0.1:52723 - R:localhost/127.0.0.1:55440] for POST '/session/dad2b4782841a0dbf56a5aa651b173ab/element'
15:13:47.258 [AsyncHttpClient-1-8] DEBUG o.a.netty.handler.HttpHandler - 

Request DefaultHttpRequest(decodeResult: success, version: HTTP/1.1)
POST /session/dad2b4782841a0dbf56a5aa651b173ab/element HTTP/1.1
User-Agent: selenium/4.4.0 (java windows)
Content-Length: 101
Content-Type: application/json; charset=utf-8
host: localhost:55440
accept: */*

Response DefaultHttpResponse(decodeResult: success, version: HTTP/1.1)
HTTP/1.1 200 OK
Content-Type: application/json; charset=utf-8
cache-control: no-cache
content-length: 88

15:13:47.258 [AsyncHttpClient-1-8] DEBUG o.a.netty.channel.ChannelManager - Adding key: http://localhost:55440 for channel [id: 0x4921390e, L:/127.0.0.1:52723 - R:localhost/127.0.0.1:55440]
15:13:47.261 [Forwarding clearElement on session dad2b4782841a0dbf56a5aa651b173ab to remote] DEBUG o.a.netty.request.NettyRequestSender - Using pooled Channel '[id: 0x4921390e, L:/127.0.0.1:52723 - R:localhost/127.0.0.1:55440]' for 'POST' to 'http://localhost:55440/session/dad2b4782841a0dbf56a5aa651b173ab/element/1d764fba-bebe-49f9-bfe7-56aa98024604/clear'
15:13:47.262 [Forwarding clearElement on session dad2b4782841a0dbf56a5aa651b173ab to remote] DEBUG o.a.netty.request.NettyRequestSender - Using open Channel [id: 0x4921390e, L:/127.0.0.1:52723 - R:localhost/127.0.0.1:55440] for POST '/session/dad2b4782841a0dbf56a5aa651b173ab/element/1d764fba-bebe-49f9-bfe7-56aa98024604/clear'
15:13:47.299 [AsyncHttpClient-1-8] DEBUG o.a.netty.handler.HttpHandler - 

Request DefaultHttpRequest(decodeResult: success, version: HTTP/1.1)
POST /session/dad2b4782841a0dbf56a5aa651b173ab/element/1d764fba-bebe-49f9-bfe7-56aa98024604/clear HTTP/1.1
User-Agent: selenium/4.4.0 (java windows)
Content-Length: 50
Content-Type: application/json; charset=utf-8
host: localhost:55440
accept: */*

Response DefaultHttpResponse(decodeResult: success, version: HTTP/1.1)
HTTP/1.1 200 OK
Content-Type: application/json; charset=utf-8
cache-control: no-cache
content-length: 14

15:13:47.299 [AsyncHttpClient-1-8] DEBUG o.a.netty.channel.ChannelManager - Adding key: http://localhost:55440 for channel [id: 0x4921390e, L:/127.0.0.1:52723 - R:localhost/127.0.0.1:55440]
15:13:47.303 [Forwarding findElement on session dad2b4782841a0dbf56a5aa651b173ab to remote] DEBUG o.a.netty.request.NettyRequestSender - Using pooled Channel '[id: 0x4921390e, L:/127.0.0.1:52723 - R:localhost/127.0.0.1:55440]' for 'POST' to 'http://localhost:55440/session/dad2b4782841a0dbf56a5aa651b173ab/element'
15:13:47.303 [Forwarding findElement on session dad2b4782841a0dbf56a5aa651b173ab to remote] DEBUG o.a.netty.request.NettyRequestSender - Using open Channel [id: 0x4921390e, L:/127.0.0.1:52723 - R:localhost/127.0.0.1:55440] for POST '/session/dad2b4782841a0dbf56a5aa651b173ab/element'
15:13:47.313 [AsyncHttpClient-1-8] DEBUG o.a.netty.handler.HttpHandler - 

Request DefaultHttpRequest(decodeResult: success, version: HTTP/1.1)
POST /session/dad2b4782841a0dbf56a5aa651b173ab/element HTTP/1.1
User-Agent: selenium/4.4.0 (java windows)
Content-Length: 101
Content-Type: application/json; charset=utf-8
host: localhost:55440
accept: */*

Response DefaultHttpResponse(decodeResult: success, version: HTTP/1.1)
HTTP/1.1 200 OK
Content-Type: application/json; charset=utf-8
cache-control: no-cache
content-length: 88

15:13:47.314 [AsyncHttpClient-1-8] DEBUG o.a.netty.channel.ChannelManager - Adding key: http://localhost:55440 for channel [id: 0x4921390e, L:/127.0.0.1:52723 - R:localhost/127.0.0.1:55440]
15:13:47.317 [Forwarding sendKeysToElement on session dad2b4782841a0dbf56a5aa651b173ab to remote] DEBUG o.a.netty.request.NettyRequestSender - Using pooled Channel '[id: 0x4921390e, L:/127.0.0.1:52723 - R:localhost/127.0.0.1:55440]' for 'POST' to 'http://localhost:55440/session/dad2b4782841a0dbf56a5aa651b173ab/element/1d764fba-bebe-49f9-bfe7-56aa98024604/value'
15:13:47.317 [Forwarding sendKeysToElement on session dad2b4782841a0dbf56a5aa651b173ab to remote] DEBUG o.a.netty.request.NettyRequestSender - Using open Channel [id: 0x4921390e, L:/127.0.0.1:52723 - R:localhost/127.0.0.1:55440] for POST '/session/dad2b4782841a0dbf56a5aa651b173ab/element/1d764fba-bebe-49f9-bfe7-56aa98024604/value'
15:13:47.465 [AsyncHttpClient-1-8] DEBUG o.a.netty.handler.HttpHandler - 

Request DefaultHttpRequest(decodeResult: success, version: HTTP/1.1)
POST /session/dad2b4782841a0dbf56a5aa651b173ab/element/1d764fba-bebe-49f9-bfe7-56aa98024604/value HTTP/1.1
User-Agent: selenium/4.4.0 (java windows)
Content-Length: 171
Content-Type: application/json; charset=utf-8
host: localhost:55440
accept: */*

Response DefaultHttpResponse(decodeResult: success, version: HTTP/1.1)
HTTP/1.1 200 OK
Content-Type: application/json; charset=utf-8
cache-control: no-cache
content-length: 14

15:13:47.465 [AsyncHttpClient-1-8] DEBUG o.a.netty.channel.ChannelManager - Adding key: http://localhost:55440 for channel [id: 0x4921390e, L:/127.0.0.1:52723 - R:localhost/127.0.0.1:55440]
15:13:47.473 [Forwarding findElement on session dad2b4782841a0dbf56a5aa651b173ab to remote] DEBUG o.a.netty.request.NettyRequestSender - Using pooled Channel '[id: 0x4921390e, L:/127.0.0.1:52723 - R:localhost/127.0.0.1:55440]' for 'POST' to 'http://localhost:55440/session/dad2b4782841a0dbf56a5aa651b173ab/element'
15:13:47.474 [Forwarding findElement on session dad2b4782841a0dbf56a5aa651b173ab to remote] DEBUG o.a.netty.request.NettyRequestSender - Using open Channel [id: 0x4921390e, L:/127.0.0.1:52723 - R:localhost/127.0.0.1:55440] for POST '/session/dad2b4782841a0dbf56a5aa651b173ab/element'
15:13:47.497 [AsyncHttpClient-1-8] DEBUG o.a.netty.handler.HttpHandler - 

Request DefaultHttpRequest(decodeResult: success, version: HTTP/1.1)
POST /session/dad2b4782841a0dbf56a5aa651b173ab/element HTTP/1.1
User-Agent: selenium/4.4.0 (java windows)
Content-Length: 101
Content-Type: application/json; charset=utf-8
host: localhost:55440
accept: */*

Response DefaultHttpResponse(decodeResult: success, version: HTTP/1.1)
HTTP/1.1 200 OK
Content-Type: application/json; charset=utf-8
cache-control: no-cache
content-length: 88

15:13:47.497 [AsyncHttpClient-1-8] DEBUG o.a.netty.channel.ChannelManager - Adding key: http://localhost:55440 for channel [id: 0x4921390e, L:/127.0.0.1:52723 - R:localhost/127.0.0.1:55440]
15:13:47.506 [Forwarding isElementDisplayed on session dad2b4782841a0dbf56a5aa651b173ab to remote] DEBUG o.a.netty.request.NettyRequestSender - Using pooled Channel '[id: 0x4921390e, L:/127.0.0.1:52723 - R:localhost/127.0.0.1:55440]' for 'POST' to 'http://localhost:55440/session/dad2b4782841a0dbf56a5aa651b173ab/execute/sync'
15:13:47.506 [Forwarding isElementDisplayed on session dad2b4782841a0dbf56a5aa651b173ab to remote] DEBUG o.a.netty.request.NettyRequestSender - Using open Channel [id: 0x4921390e, L:/127.0.0.1:52723 - R:localhost/127.0.0.1:55440] for POST '/session/dad2b4782841a0dbf56a5aa651b173ab/execute/sync'
15:13:47.521 [AsyncHttpClient-1-8] DEBUG o.a.netty.handler.HttpHandler - 

Request DefaultHttpRequest(decodeResult: success, version: HTTP/1.1)
POST /session/dad2b4782841a0dbf56a5aa651b173ab/execute/sync HTTP/1.1
User-Agent: selenium/4.4.0 (java windows)
Content-Length: 48780
Content-Type: application/json; charset=utf-8
host: localhost:55440
accept: */*

Response DefaultHttpResponse(decodeResult: success, version: HTTP/1.1)
HTTP/1.1 200 OK
Content-Type: application/json; charset=utf-8
cache-control: no-cache
content-length: 14

15:13:47.521 [AsyncHttpClient-1-8] DEBUG o.a.netty.channel.ChannelManager - Adding key: http://localhost:55440 for channel [id: 0x4921390e, L:/127.0.0.1:52723 - R:localhost/127.0.0.1:55440]
15:13:47.523 [Forwarding findElement on session dad2b4782841a0dbf56a5aa651b173ab to remote] DEBUG o.a.netty.request.NettyRequestSender - Using pooled Channel '[id: 0x4921390e, L:/127.0.0.1:52723 - R:localhost/127.0.0.1:55440]' for 'POST' to 'http://localhost:55440/session/dad2b4782841a0dbf56a5aa651b173ab/element'
15:13:47.523 [Forwarding findElement on session dad2b4782841a0dbf56a5aa651b173ab to remote] DEBUG o.a.netty.request.NettyRequestSender - Using open Channel [id: 0x4921390e, L:/127.0.0.1:52723 - R:localhost/127.0.0.1:55440] for POST '/session/dad2b4782841a0dbf56a5aa651b173ab/element'
15:13:47.533 [AsyncHttpClient-1-8] DEBUG o.a.netty.handler.HttpHandler - 

Request DefaultHttpRequest(decodeResult: success, version: HTTP/1.1)
POST /session/dad2b4782841a0dbf56a5aa651b173ab/element HTTP/1.1
User-Agent: selenium/4.4.0 (java windows)
Content-Length: 101
Content-Type: application/json; charset=utf-8
host: localhost:55440
accept: */*

Response DefaultHttpResponse(decodeResult: success, version: HTTP/1.1)
HTTP/1.1 200 OK
Content-Type: application/json; charset=utf-8
cache-control: no-cache
content-length: 88

15:13:47.534 [AsyncHttpClient-1-8] DEBUG o.a.netty.channel.ChannelManager - Adding key: http://localhost:55440 for channel [id: 0x4921390e, L:/127.0.0.1:52723 - R:localhost/127.0.0.1:55440]
15:13:47.535 [Forwarding isElementEnabled on session dad2b4782841a0dbf56a5aa651b173ab to remote] DEBUG o.a.netty.request.NettyRequestSender - Using pooled Channel '[id: 0x4921390e, L:/127.0.0.1:52723 - R:localhost/127.0.0.1:55440]' for 'GET' to 'http://localhost:55440/session/dad2b4782841a0dbf56a5aa651b173ab/element/1d74172b-ee99-4f8a-8ff1-931dc6af7ece/enabled'
15:13:47.536 [Forwarding isElementEnabled on session dad2b4782841a0dbf56a5aa651b173ab to remote] DEBUG o.a.netty.request.NettyRequestSender - Using open Channel [id: 0x4921390e, L:/127.0.0.1:52723 - R:localhost/127.0.0.1:55440] for GET '/session/dad2b4782841a0dbf56a5aa651b173ab/element/1d74172b-ee99-4f8a-8ff1-931dc6af7ece/enabled'
15:13:47.548 [AsyncHttpClient-1-8] DEBUG o.a.netty.handler.HttpHandler - 

Request DefaultFullHttpRequest(decodeResult: success, version: HTTP/1.1, content: EmptyByteBufBE)
GET /session/dad2b4782841a0dbf56a5aa651b173ab/element/1d74172b-ee99-4f8a-8ff1-931dc6af7ece/enabled HTTP/1.1
User-Agent: selenium/4.4.0 (java windows)
Cache-Control: no-cache
Content-Type: application/json; charset=utf-8
host: localhost:55440
accept: */*

Response DefaultHttpResponse(decodeResult: success, version: HTTP/1.1)
HTTP/1.1 200 OK
Content-Type: application/json; charset=utf-8
cache-control: no-cache
content-length: 14

15:13:47.548 [AsyncHttpClient-1-8] DEBUG o.a.netty.channel.ChannelManager - Adding key: http://localhost:55440 for channel [id: 0x4921390e, L:/127.0.0.1:52723 - R:localhost/127.0.0.1:55440]
15:13:47.552 [Forwarding findElement on session dad2b4782841a0dbf56a5aa651b173ab to remote] DEBUG o.a.netty.request.NettyRequestSender - Using pooled Channel '[id: 0x4921390e, L:/127.0.0.1:52723 - R:localhost/127.0.0.1:55440]' for 'POST' to 'http://localhost:55440/session/dad2b4782841a0dbf56a5aa651b173ab/element'
15:13:47.552 [Forwarding findElement on session dad2b4782841a0dbf56a5aa651b173ab to remote] DEBUG o.a.netty.request.NettyRequestSender - Using open Channel [id: 0x4921390e, L:/127.0.0.1:52723 - R:localhost/127.0.0.1:55440] for POST '/session/dad2b4782841a0dbf56a5aa651b173ab/element'
15:13:47.562 [AsyncHttpClient-1-8] DEBUG o.a.netty.handler.HttpHandler - 

Request DefaultHttpRequest(decodeResult: success, version: HTTP/1.1)
POST /session/dad2b4782841a0dbf56a5aa651b173ab/element HTTP/1.1
User-Agent: selenium/4.4.0 (java windows)
Content-Length: 101
Content-Type: application/json; charset=utf-8
host: localhost:55440
accept: */*

Response DefaultHttpResponse(decodeResult: success, version: HTTP/1.1)
HTTP/1.1 200 OK
Content-Type: application/json; charset=utf-8
cache-control: no-cache
content-length: 88

15:13:47.563 [AsyncHttpClient-1-8] DEBUG o.a.netty.channel.ChannelManager - Adding key: http://localhost:55440 for channel [id: 0x4921390e, L:/127.0.0.1:52723 - R:localhost/127.0.0.1:55440]
15:13:47.566 [Forwarding clickElement on session dad2b4782841a0dbf56a5aa651b173ab to remote] DEBUG o.a.netty.request.NettyRequestSender - Using pooled Channel '[id: 0x4921390e, L:/127.0.0.1:52723 - R:localhost/127.0.0.1:55440]' for 'POST' to 'http://localhost:55440/session/dad2b4782841a0dbf56a5aa651b173ab/element/1d74172b-ee99-4f8a-8ff1-931dc6af7ece/click'
15:13:47.567 [Forwarding clickElement on session dad2b4782841a0dbf56a5aa651b173ab to remote] DEBUG o.a.netty.request.NettyRequestSender - Using open Channel [id: 0x4921390e, L:/127.0.0.1:52723 - R:localhost/127.0.0.1:55440] for POST '/session/dad2b4782841a0dbf56a5aa651b173ab/element/1d74172b-ee99-4f8a-8ff1-931dc6af7ece/click'
15:13:47.650 [AsyncHttpClient-1-8] DEBUG o.a.netty.handler.HttpHandler - 

Request DefaultHttpRequest(decodeResult: success, version: HTTP/1.1)
POST /session/dad2b4782841a0dbf56a5aa651b173ab/element/1d74172b-ee99-4f8a-8ff1-931dc6af7ece/click HTTP/1.1
User-Agent: selenium/4.4.0 (java windows)
Content-Length: 50
Content-Type: application/json; charset=utf-8
host: localhost:55440
accept: */*

Response DefaultHttpResponse(decodeResult: success, version: HTTP/1.1)
HTTP/1.1 200 OK
Content-Type: application/json; charset=utf-8
cache-control: no-cache
content-length: 14

15:13:47.652 [AsyncHttpClient-1-8] DEBUG o.a.netty.channel.ChannelManager - Adding key: http://localhost:55440 for channel [id: 0x4921390e, L:/127.0.0.1:52723 - R:localhost/127.0.0.1:55440]
15:13:47.657 [Forwarding findElement on session dad2b4782841a0dbf56a5aa651b173ab to remote] DEBUG o.a.netty.request.NettyRequestSender - Using pooled Channel '[id: 0x4921390e, L:/127.0.0.1:52723 - R:localhost/127.0.0.1:55440]' for 'POST' to 'http://localhost:55440/session/dad2b4782841a0dbf56a5aa651b173ab/element'
15:13:47.657 [Forwarding findElement on session dad2b4782841a0dbf56a5aa651b173ab to remote] DEBUG o.a.netty.request.NettyRequestSender - Using open Channel [id: 0x4921390e, L:/127.0.0.1:52723 - R:localhost/127.0.0.1:55440] for POST '/session/dad2b4782841a0dbf56a5aa651b173ab/element'
15:13:47.676 [AsyncHttpClient-1-8] DEBUG o.a.netty.handler.HttpHandler - 

Request DefaultHttpRequest(decodeResult: success, version: HTTP/1.1)
POST /session/dad2b4782841a0dbf56a5aa651b173ab/element HTTP/1.1
User-Agent: selenium/4.4.0 (java windows)
Content-Length: 101
Content-Type: application/json; charset=utf-8
host: localhost:55440
accept: */*

Response DefaultHttpResponse(decodeResult: success, version: HTTP/1.1)
HTTP/1.1 200 OK
Content-Type: application/json; charset=utf-8
cache-control: no-cache
content-length: 88

15:13:47.676 [AsyncHttpClient-1-8] DEBUG o.a.netty.channel.ChannelManager - Adding key: http://localhost:55440 for channel [id: 0x4921390e, L:/127.0.0.1:52723 - R:localhost/127.0.0.1:55440]
15:13:47.679 [Forwarding clearElement on session dad2b4782841a0dbf56a5aa651b173ab to remote] DEBUG o.a.netty.request.NettyRequestSender - Using pooled Channel '[id: 0x4921390e, L:/127.0.0.1:52723 - R:localhost/127.0.0.1:55440]' for 'POST' to 'http://localhost:55440/session/dad2b4782841a0dbf56a5aa651b173ab/element/1d74172b-ee99-4f8a-8ff1-931dc6af7ece/clear'
15:13:47.679 [Forwarding clearElement on session dad2b4782841a0dbf56a5aa651b173ab to remote] DEBUG o.a.netty.request.NettyRequestSender - Using open Channel [id: 0x4921390e, L:/127.0.0.1:52723 - R:localhost/127.0.0.1:55440] for POST '/session/dad2b4782841a0dbf56a5aa651b173ab/element/1d74172b-ee99-4f8a-8ff1-931dc6af7ece/clear'
15:13:47.718 [AsyncHttpClient-1-8] DEBUG o.a.netty.handler.HttpHandler - 

Request DefaultHttpRequest(decodeResult: success, version: HTTP/1.1)
POST /session/dad2b4782841a0dbf56a5aa651b173ab/element/1d74172b-ee99-4f8a-8ff1-931dc6af7ece/clear HTTP/1.1
User-Agent: selenium/4.4.0 (java windows)
Content-Length: 50
Content-Type: application/json; charset=utf-8
host: localhost:55440
accept: */*

Response DefaultHttpResponse(decodeResult: success, version: HTTP/1.1)
HTTP/1.1 200 OK
Content-Type: application/json; charset=utf-8
cache-control: no-cache
content-length: 14

15:13:47.719 [AsyncHttpClient-1-8] DEBUG o.a.netty.channel.ChannelManager - Adding key: http://localhost:55440 for channel [id: 0x4921390e, L:/127.0.0.1:52723 - R:localhost/127.0.0.1:55440]
15:13:47.721 [Forwarding findElement on session dad2b4782841a0dbf56a5aa651b173ab to remote] DEBUG o.a.netty.request.NettyRequestSender - Using pooled Channel '[id: 0x4921390e, L:/127.0.0.1:52723 - R:localhost/127.0.0.1:55440]' for 'POST' to 'http://localhost:55440/session/dad2b4782841a0dbf56a5aa651b173ab/element'
15:13:47.721 [Forwarding findElement on session dad2b4782841a0dbf56a5aa651b173ab to remote] DEBUG o.a.netty.request.NettyRequestSender - Using open Channel [id: 0x4921390e, L:/127.0.0.1:52723 - R:localhost/127.0.0.1:55440] for POST '/session/dad2b4782841a0dbf56a5aa651b173ab/element'
15:13:47.732 [AsyncHttpClient-1-8] DEBUG o.a.netty.handler.HttpHandler - 

Request DefaultHttpRequest(decodeResult: success, version: HTTP/1.1)
POST /session/dad2b4782841a0dbf56a5aa651b173ab/element HTTP/1.1
User-Agent: selenium/4.4.0 (java windows)
Content-Length: 101
Content-Type: application/json; charset=utf-8
host: localhost:55440
accept: */*

Response DefaultHttpResponse(decodeResult: success, version: HTTP/1.1)
HTTP/1.1 200 OK
Content-Type: application/json; charset=utf-8
cache-control: no-cache
content-length: 88

15:13:47.733 [AsyncHttpClient-1-8] DEBUG o.a.netty.channel.ChannelManager - Adding key: http://localhost:55440 for channel [id: 0x4921390e, L:/127.0.0.1:52723 - R:localhost/127.0.0.1:55440]
15:13:47.736 [Forwarding sendKeysToElement on session dad2b4782841a0dbf56a5aa651b173ab to remote] DEBUG o.a.netty.request.NettyRequestSender - Using pooled Channel '[id: 0x4921390e, L:/127.0.0.1:52723 - R:localhost/127.0.0.1:55440]' for 'POST' to 'http://localhost:55440/session/dad2b4782841a0dbf56a5aa651b173ab/element/1d74172b-ee99-4f8a-8ff1-931dc6af7ece/value'
15:13:47.736 [Forwarding sendKeysToElement on session dad2b4782841a0dbf56a5aa651b173ab to remote] DEBUG o.a.netty.request.NettyRequestSender - Using open Channel [id: 0x4921390e, L:/127.0.0.1:52723 - R:localhost/127.0.0.1:55440] for POST '/session/dad2b4782841a0dbf56a5aa651b173ab/element/1d74172b-ee99-4f8a-8ff1-931dc6af7ece/value'
15:13:47.826 [AsyncHttpClient-1-8] DEBUG o.a.netty.handler.HttpHandler - 

Request DefaultHttpRequest(decodeResult: success, version: HTTP/1.1)
POST /session/dad2b4782841a0dbf56a5aa651b173ab/element/1d74172b-ee99-4f8a-8ff1-931dc6af7ece/value HTTP/1.1
User-Agent: selenium/4.4.0 (java windows)
Content-Length: 171
Content-Type: application/json; charset=utf-8
host: localhost:55440
accept: */*

Response DefaultHttpResponse(decodeResult: success, version: HTTP/1.1)
HTTP/1.1 200 OK
Content-Type: application/json; charset=utf-8
cache-control: no-cache
content-length: 14

15:13:47.826 [AsyncHttpClient-1-8] DEBUG o.a.netty.channel.ChannelManager - Adding key: http://localhost:55440 for channel [id: 0x4921390e, L:/127.0.0.1:52723 - R:localhost/127.0.0.1:55440]
15:13:47.828 [Forwarding findElement on session dad2b4782841a0dbf56a5aa651b173ab to remote] DEBUG o.a.netty.request.NettyRequestSender - Using pooled Channel '[id: 0x4921390e, L:/127.0.0.1:52723 - R:localhost/127.0.0.1:55440]' for 'POST' to 'http://localhost:55440/session/dad2b4782841a0dbf56a5aa651b173ab/element'
15:13:47.829 [Forwarding findElement on session dad2b4782841a0dbf56a5aa651b173ab to remote] DEBUG o.a.netty.request.NettyRequestSender - Using open Channel [id: 0x4921390e, L:/127.0.0.1:52723 - R:localhost/127.0.0.1:55440] for POST '/session/dad2b4782841a0dbf56a5aa651b173ab/element'
15:13:47.844 [AsyncHttpClient-1-8] DEBUG o.a.netty.handler.HttpHandler - 

Request DefaultHttpRequest(decodeResult: success, version: HTTP/1.1)
POST /session/dad2b4782841a0dbf56a5aa651b173ab/element HTTP/1.1
User-Agent: selenium/4.4.0 (java windows)
Content-Length: 69
Content-Type: application/json; charset=utf-8
host: localhost:55440
accept: */*

Response DefaultHttpResponse(decodeResult: success, version: HTTP/1.1)
HTTP/1.1 200 OK
Content-Type: application/json; charset=utf-8
cache-control: no-cache
content-length: 88

15:13:47.845 [AsyncHttpClient-1-8] DEBUG o.a.netty.channel.ChannelManager - Adding key: http://localhost:55440 for channel [id: 0x4921390e, L:/127.0.0.1:52723 - R:localhost/127.0.0.1:55440]
15:13:47.849 [Forwarding isElementDisplayed on session dad2b4782841a0dbf56a5aa651b173ab to remote] DEBUG o.a.netty.request.NettyRequestSender - Using pooled Channel '[id: 0x4921390e, L:/127.0.0.1:52723 - R:localhost/127.0.0.1:55440]' for 'POST' to 'http://localhost:55440/session/dad2b4782841a0dbf56a5aa651b173ab/execute/sync'
15:13:47.849 [Forwarding isElementDisplayed on session dad2b4782841a0dbf56a5aa651b173ab to remote] DEBUG o.a.netty.request.NettyRequestSender - Using open Channel [id: 0x4921390e, L:/127.0.0.1:52723 - R:localhost/127.0.0.1:55440] for POST '/session/dad2b4782841a0dbf56a5aa651b173ab/execute/sync'
15:13:47.862 [AsyncHttpClient-1-8] DEBUG o.a.netty.handler.HttpHandler - 

Request DefaultHttpRequest(decodeResult: success, version: HTTP/1.1)
POST /session/dad2b4782841a0dbf56a5aa651b173ab/execute/sync HTTP/1.1
User-Agent: selenium/4.4.0 (java windows)
Content-Length: 48780
Content-Type: application/json; charset=utf-8
host: localhost:55440
accept: */*

Response DefaultHttpResponse(decodeResult: success, version: HTTP/1.1)
HTTP/1.1 200 OK
Content-Type: application/json; charset=utf-8
cache-control: no-cache
content-length: 14

15:13:47.862 [AsyncHttpClient-1-8] DEBUG o.a.netty.channel.ChannelManager - Adding key: http://localhost:55440 for channel [id: 0x4921390e, L:/127.0.0.1:52723 - R:localhost/127.0.0.1:55440]
15:13:47.864 [Forwarding findElement on session dad2b4782841a0dbf56a5aa651b173ab to remote] DEBUG o.a.netty.request.NettyRequestSender - Using pooled Channel '[id: 0x4921390e, L:/127.0.0.1:52723 - R:localhost/127.0.0.1:55440]' for 'POST' to 'http://localhost:55440/session/dad2b4782841a0dbf56a5aa651b173ab/element'
15:13:47.864 [Forwarding findElement on session dad2b4782841a0dbf56a5aa651b173ab to remote] DEBUG o.a.netty.request.NettyRequestSender - Using open Channel [id: 0x4921390e, L:/127.0.0.1:52723 - R:localhost/127.0.0.1:55440] for POST '/session/dad2b4782841a0dbf56a5aa651b173ab/element'
15:13:47.874 [AsyncHttpClient-1-8] DEBUG o.a.netty.handler.HttpHandler - 

Request DefaultHttpRequest(decodeResult: success, version: HTTP/1.1)
POST /session/dad2b4782841a0dbf56a5aa651b173ab/element HTTP/1.1
User-Agent: selenium/4.4.0 (java windows)
Content-Length: 69
Content-Type: application/json; charset=utf-8
host: localhost:55440
accept: */*

Response DefaultHttpResponse(decodeResult: success, version: HTTP/1.1)
HTTP/1.1 200 OK
Content-Type: application/json; charset=utf-8
cache-control: no-cache
content-length: 88

15:13:47.874 [AsyncHttpClient-1-8] DEBUG o.a.netty.channel.ChannelManager - Adding key: http://localhost:55440 for channel [id: 0x4921390e, L:/127.0.0.1:52723 - R:localhost/127.0.0.1:55440]
15:13:47.876 [Forwarding isElementEnabled on session dad2b4782841a0dbf56a5aa651b173ab to remote] DEBUG o.a.netty.request.NettyRequestSender - Using pooled Channel '[id: 0x4921390e, L:/127.0.0.1:52723 - R:localhost/127.0.0.1:55440]' for 'GET' to 'http://localhost:55440/session/dad2b4782841a0dbf56a5aa651b173ab/element/b85e3c9f-b427-43b5-9050-9bf2d524a234/enabled'
15:13:47.876 [Forwarding isElementEnabled on session dad2b4782841a0dbf56a5aa651b173ab to remote] DEBUG o.a.netty.request.NettyRequestSender - Using open Channel [id: 0x4921390e, L:/127.0.0.1:52723 - R:localhost/127.0.0.1:55440] for GET '/session/dad2b4782841a0dbf56a5aa651b173ab/element/b85e3c9f-b427-43b5-9050-9bf2d524a234/enabled'
15:13:47.889 [AsyncHttpClient-1-8] DEBUG o.a.netty.handler.HttpHandler - 

Request DefaultFullHttpRequest(decodeResult: success, version: HTTP/1.1, content: EmptyByteBufBE)
GET /session/dad2b4782841a0dbf56a5aa651b173ab/element/b85e3c9f-b427-43b5-9050-9bf2d524a234/enabled HTTP/1.1
User-Agent: selenium/4.4.0 (java windows)
Cache-Control: no-cache
Content-Type: application/json; charset=utf-8
host: localhost:55440
accept: */*

Response DefaultHttpResponse(decodeResult: success, version: HTTP/1.1)
HTTP/1.1 200 OK
Content-Type: application/json; charset=utf-8
cache-control: no-cache
content-length: 14

15:13:47.889 [AsyncHttpClient-1-8] DEBUG o.a.netty.channel.ChannelManager - Adding key: http://localhost:55440 for channel [id: 0x4921390e, L:/127.0.0.1:52723 - R:localhost/127.0.0.1:55440]
15:13:47.891 [Forwarding findElement on session dad2b4782841a0dbf56a5aa651b173ab to remote] DEBUG o.a.netty.request.NettyRequestSender - Using pooled Channel '[id: 0x4921390e, L:/127.0.0.1:52723 - R:localhost/127.0.0.1:55440]' for 'POST' to 'http://localhost:55440/session/dad2b4782841a0dbf56a5aa651b173ab/element'
15:13:47.891 [Forwarding findElement on session dad2b4782841a0dbf56a5aa651b173ab to remote] DEBUG o.a.netty.request.NettyRequestSender - Using open Channel [id: 0x4921390e, L:/127.0.0.1:52723 - R:localhost/127.0.0.1:55440] for POST '/session/dad2b4782841a0dbf56a5aa651b173ab/element'
15:13:47.900 [AsyncHttpClient-1-8] DEBUG o.a.netty.handler.HttpHandler - 

Request DefaultHttpRequest(decodeResult: success, version: HTTP/1.1)
POST /session/dad2b4782841a0dbf56a5aa651b173ab/element HTTP/1.1
User-Agent: selenium/4.4.0 (java windows)
Content-Length: 69
Content-Type: application/json; charset=utf-8
host: localhost:55440
accept: */*

Response DefaultHttpResponse(decodeResult: success, version: HTTP/1.1)
HTTP/1.1 200 OK
Content-Type: application/json; charset=utf-8
cache-control: no-cache
content-length: 88

15:13:47.901 [AsyncHttpClient-1-8] DEBUG o.a.netty.channel.ChannelManager - Adding key: http://localhost:55440 for channel [id: 0x4921390e, L:/127.0.0.1:52723 - R:localhost/127.0.0.1:55440]
15:13:47.903 [Forwarding clickElement on session dad2b4782841a0dbf56a5aa651b173ab to remote] DEBUG o.a.netty.request.NettyRequestSender - Using pooled Channel '[id: 0x4921390e, L:/127.0.0.1:52723 - R:localhost/127.0.0.1:55440]' for 'POST' to 'http://localhost:55440/session/dad2b4782841a0dbf56a5aa651b173ab/element/b85e3c9f-b427-43b5-9050-9bf2d524a234/click'
15:13:47.903 [Forwarding clickElement on session dad2b4782841a0dbf56a5aa651b173ab to remote] DEBUG o.a.netty.request.NettyRequestSender - Using open Channel [id: 0x4921390e, L:/127.0.0.1:52723 - R:localhost/127.0.0.1:55440] for POST '/session/dad2b4782841a0dbf56a5aa651b173ab/element/b85e3c9f-b427-43b5-9050-9bf2d524a234/click'
15:13:47.963 [AsyncHttpClient-1-8] DEBUG o.a.netty.handler.HttpHandler - 

Request DefaultHttpRequest(decodeResult: success, version: HTTP/1.1)
POST /session/dad2b4782841a0dbf56a5aa651b173ab/element/b85e3c9f-b427-43b5-9050-9bf2d524a234/click HTTP/1.1
User-Agent: selenium/4.4.0 (java windows)
Content-Length: 50
Content-Type: application/json; charset=utf-8
host: localhost:55440
accept: */*

Response DefaultHttpResponse(decodeResult: success, version: HTTP/1.1)
HTTP/1.1 200 OK
Content-Type: application/json; charset=utf-8
cache-control: no-cache
content-length: 14

15:13:47.964 [AsyncHttpClient-1-8] DEBUG o.a.netty.channel.ChannelManager - Adding key: http://localhost:55440 for channel [id: 0x4921390e, L:/127.0.0.1:52723 - R:localhost/127.0.0.1:55440]
15:13:47.970 [Forwarding findElement on session dad2b4782841a0dbf56a5aa651b173ab to remote] DEBUG o.a.netty.request.NettyRequestSender - Using pooled Channel '[id: 0x4921390e, L:/127.0.0.1:52723 - R:localhost/127.0.0.1:55440]' for 'POST' to 'http://localhost:55440/session/dad2b4782841a0dbf56a5aa651b173ab/element'
15:13:47.971 [Forwarding findElement on session dad2b4782841a0dbf56a5aa651b173ab to remote] DEBUG o.a.netty.request.NettyRequestSender - Using open Channel [id: 0x4921390e, L:/127.0.0.1:52723 - R:localhost/127.0.0.1:55440] for POST '/session/dad2b4782841a0dbf56a5aa651b173ab/element'
15:13:47.996 [AsyncHttpClient-1-8] DEBUG o.a.netty.handler.HttpHandler - 

Request DefaultHttpRequest(decodeResult: success, version: HTTP/1.1)
POST /session/dad2b4782841a0dbf56a5aa651b173ab/element HTTP/1.1
User-Agent: selenium/4.4.0 (java windows)
Content-Length: 79
Content-Type: application/json; charset=utf-8
host: localhost:55440
accept: */*

Response DefaultHttpResponse(decodeResult: success, version: HTTP/1.1)
HTTP/1.1 404 Not Found
Content-Type: application/json; charset=utf-8
cache-control: no-cache
content-length: 967

15:13:47.997 [AsyncHttpClient-1-8] DEBUG o.a.netty.channel.ChannelManager - Adding key: http://localhost:55440 for channel [id: 0x4921390e, L:/127.0.0.1:52723 - R:localhost/127.0.0.1:55440]
15:13:48.234 [AsyncHttpClient-1-1] DEBUG o.a.netty.channel.DefaultChannelPool - Entry count for : http://localhost:52724 : 1
15:13:48.237 [AsyncHttpClient-1-1] DEBUG o.a.netty.channel.DefaultChannelPool - Entry count for : http://localhost:55440 : 1
15:13:48.513 [Forwarding findElement on session dad2b4782841a0dbf56a5aa651b173ab to remote] DEBUG o.a.netty.request.NettyRequestSender - Using pooled Channel '[id: 0x4921390e, L:/127.0.0.1:52723 - R:localhost/127.0.0.1:55440]' for 'POST' to 'http://localhost:55440/session/dad2b4782841a0dbf56a5aa651b173ab/element'
15:13:48.513 [Forwarding findElement on session dad2b4782841a0dbf56a5aa651b173ab to remote] DEBUG o.a.netty.request.NettyRequestSender - Using open Channel [id: 0x4921390e, L:/127.0.0.1:52723 - R:localhost/127.0.0.1:55440] for POST '/session/dad2b4782841a0dbf56a5aa651b173ab/element'
15:13:48.525 [AsyncHttpClient-1-8] DEBUG o.a.netty.handler.HttpHandler - 

Request DefaultHttpRequest(decodeResult: success, version: HTTP/1.1)
POST /session/dad2b4782841a0dbf56a5aa651b173ab/element HTTP/1.1
User-Agent: selenium/4.4.0 (java windows)
Content-Length: 79
Content-Type: application/json; charset=utf-8
host: localhost:55440
accept: */*

Response DefaultHttpResponse(decodeResult: success, version: HTTP/1.1)
HTTP/1.1 404 Not Found
Content-Type: application/json; charset=utf-8
cache-control: no-cache
content-length: 967

15:13:48.526 [AsyncHttpClient-1-8] DEBUG o.a.netty.channel.ChannelManager - Adding key: http://localhost:55440 for channel [id: 0x4921390e, L:/127.0.0.1:52723 - R:localhost/127.0.0.1:55440]
15:13:49.038 [Forwarding findElement on session dad2b4782841a0dbf56a5aa651b173ab to remote] DEBUG o.a.netty.request.NettyRequestSender - Using pooled Channel '[id: 0x4921390e, L:/127.0.0.1:52723 - R:localhost/127.0.0.1:55440]' for 'POST' to 'http://localhost:55440/session/dad2b4782841a0dbf56a5aa651b173ab/element'
15:13:49.039 [Forwarding findElement on session dad2b4782841a0dbf56a5aa651b173ab to remote] DEBUG o.a.netty.request.NettyRequestSender - Using open Channel [id: 0x4921390e, L:/127.0.0.1:52723 - R:localhost/127.0.0.1:55440] for POST '/session/dad2b4782841a0dbf56a5aa651b173ab/element'
15:13:49.049 [AsyncHttpClient-1-8] DEBUG o.a.netty.handler.HttpHandler - 

Request DefaultHttpRequest(decodeResult: success, version: HTTP/1.1)
POST /session/dad2b4782841a0dbf56a5aa651b173ab/element HTTP/1.1
User-Agent: selenium/4.4.0 (java windows)
Content-Length: 79
Content-Type: application/json; charset=utf-8
host: localhost:55440
accept: */*

Response DefaultHttpResponse(decodeResult: success, version: HTTP/1.1)
HTTP/1.1 404 Not Found
Content-Type: application/json; charset=utf-8
cache-control: no-cache
content-length: 967

15:13:49.049 [AsyncHttpClient-1-8] DEBUG o.a.netty.channel.ChannelManager - Adding key: http://localhost:55440 for channel [id: 0x4921390e, L:/127.0.0.1:52723 - R:localhost/127.0.0.1:55440]
15:13:49.332 [AsyncHttpClient-1-1] DEBUG o.a.netty.channel.DefaultChannelPool - Entry count for : http://localhost:52724 : 1
15:13:49.332 [AsyncHttpClient-1-1] DEBUG o.a.netty.channel.DefaultChannelPool - Entry count for : http://localhost:55440 : 1
15:13:49.566 [Forwarding findElement on session dad2b4782841a0dbf56a5aa651b173ab to remote] DEBUG o.a.netty.request.NettyRequestSender - Using pooled Channel '[id: 0x4921390e, L:/127.0.0.1:52723 - R:localhost/127.0.0.1:55440]' for 'POST' to 'http://localhost:55440/session/dad2b4782841a0dbf56a5aa651b173ab/element'
15:13:49.566 [Forwarding findElement on session dad2b4782841a0dbf56a5aa651b173ab to remote] DEBUG o.a.netty.request.NettyRequestSender - Using open Channel [id: 0x4921390e, L:/127.0.0.1:52723 - R:localhost/127.0.0.1:55440] for POST '/session/dad2b4782841a0dbf56a5aa651b173ab/element'
15:13:49.594 [AsyncHttpClient-1-8] DEBUG o.a.netty.handler.HttpHandler - 

Request DefaultHttpRequest(decodeResult: success, version: HTTP/1.1)
POST /session/dad2b4782841a0dbf56a5aa651b173ab/element HTTP/1.1
User-Agent: selenium/4.4.0 (java windows)
Content-Length: 79
Content-Type: application/json; charset=utf-8
host: localhost:55440
accept: */*

Response DefaultHttpResponse(decodeResult: success, version: HTTP/1.1)
HTTP/1.1 404 Not Found
Content-Type: application/json; charset=utf-8
cache-control: no-cache
content-length: 967

15:13:49.595 [AsyncHttpClient-1-8] DEBUG o.a.netty.channel.ChannelManager - Adding key: http://localhost:55440 for channel [id: 0x4921390e, L:/127.0.0.1:52723 - R:localhost/127.0.0.1:55440]
15:13:50.109 [Forwarding findElement on session dad2b4782841a0dbf56a5aa651b173ab to remote] DEBUG o.a.netty.request.NettyRequestSender - Using pooled Channel '[id: 0x4921390e, L:/127.0.0.1:52723 - R:localhost/127.0.0.1:55440]' for 'POST' to 'http://localhost:55440/session/dad2b4782841a0dbf56a5aa651b173ab/element'
15:13:50.109 [Forwarding findElement on session dad2b4782841a0dbf56a5aa651b173ab to remote] DEBUG o.a.netty.request.NettyRequestSender - Using open Channel [id: 0x4921390e, L:/127.0.0.1:52723 - R:localhost/127.0.0.1:55440] for POST '/session/dad2b4782841a0dbf56a5aa651b173ab/element'
15:13:50.135 [AsyncHttpClient-1-8] DEBUG o.a.netty.handler.HttpHandler - 

Request DefaultHttpRequest(decodeResult: success, version: HTTP/1.1)
POST /session/dad2b4782841a0dbf56a5aa651b173ab/element HTTP/1.1
User-Agent: selenium/4.4.0 (java windows)
Content-Length: 79
Content-Type: application/json; charset=utf-8
host: localhost:55440
accept: */*

Response DefaultHttpResponse(decodeResult: success, version: HTTP/1.1)
HTTP/1.1 404 Not Found
Content-Type: application/json; charset=utf-8
cache-control: no-cache
content-length: 967

15:13:50.136 [AsyncHttpClient-1-8] DEBUG o.a.netty.channel.ChannelManager - Adding key: http://localhost:55440 for channel [id: 0x4921390e, L:/127.0.0.1:52723 - R:localhost/127.0.0.1:55440]
15:13:50.434 [AsyncHttpClient-1-1] DEBUG o.a.netty.channel.DefaultChannelPool - Entry count for : http://localhost:52724 : 1
15:13:50.434 [AsyncHttpClient-1-1] DEBUG o.a.netty.channel.DefaultChannelPool - Entry count for : http://localhost:55440 : 1
15:13:50.652 [Forwarding findElement on session dad2b4782841a0dbf56a5aa651b173ab to remote] DEBUG o.a.netty.request.NettyRequestSender - Using pooled Channel '[id: 0x4921390e, L:/127.0.0.1:52723 - R:localhost/127.0.0.1:55440]' for 'POST' to 'http://localhost:55440/session/dad2b4782841a0dbf56a5aa651b173ab/element'
15:13:50.653 [Forwarding findElement on session dad2b4782841a0dbf56a5aa651b173ab to remote] DEBUG o.a.netty.request.NettyRequestSender - Using open Channel [id: 0x4921390e, L:/127.0.0.1:52723 - R:localhost/127.0.0.1:55440] for POST '/session/dad2b4782841a0dbf56a5aa651b173ab/element'
15:13:50.665 [AsyncHttpClient-1-8] DEBUG o.a.netty.handler.HttpHandler - 

Request DefaultHttpRequest(decodeResult: success, version: HTTP/1.1)
POST /session/dad2b4782841a0dbf56a5aa651b173ab/element HTTP/1.1
User-Agent: selenium/4.4.0 (java windows)
Content-Length: 79
Content-Type: application/json; charset=utf-8
host: localhost:55440
accept: */*

Response DefaultHttpResponse(decodeResult: success, version: HTTP/1.1)
HTTP/1.1 404 Not Found
Content-Type: application/json; charset=utf-8
cache-control: no-cache
content-length: 967

15:13:50.665 [AsyncHttpClient-1-8] DEBUG o.a.netty.channel.ChannelManager - Adding key: http://localhost:55440 for channel [id: 0x4921390e, L:/127.0.0.1:52723 - R:localhost/127.0.0.1:55440]
15:13:51.187 [Forwarding findElement on session dad2b4782841a0dbf56a5aa651b173ab to remote] DEBUG o.a.netty.request.NettyRequestSender - Using pooled Channel '[id: 0x4921390e, L:/127.0.0.1:52723 - R:localhost/127.0.0.1:55440]' for 'POST' to 'http://localhost:55440/session/dad2b4782841a0dbf56a5aa651b173ab/element'
15:13:51.187 [Forwarding findElement on session dad2b4782841a0dbf56a5aa651b173ab to remote] DEBUG o.a.netty.request.NettyRequestSender - Using open Channel [id: 0x4921390e, L:/127.0.0.1:52723 - R:localhost/127.0.0.1:55440] for POST '/session/dad2b4782841a0dbf56a5aa651b173ab/element'
15:13:51.198 [AsyncHttpClient-1-8] DEBUG o.a.netty.handler.HttpHandler - 

Request DefaultHttpRequest(decodeResult: success, version: HTTP/1.1)
POST /session/dad2b4782841a0dbf56a5aa651b173ab/element HTTP/1.1
User-Agent: selenium/4.4.0 (java windows)
Content-Length: 79
Content-Type: application/json; charset=utf-8
host: localhost:55440
accept: */*

Response DefaultHttpResponse(decodeResult: success, version: HTTP/1.1)
HTTP/1.1 404 Not Found
Content-Type: application/json; charset=utf-8
cache-control: no-cache
content-length: 967

15:13:51.198 [AsyncHttpClient-1-8] DEBUG o.a.netty.channel.ChannelManager - Adding key: http://localhost:55440 for channel [id: 0x4921390e, L:/127.0.0.1:52723 - R:localhost/127.0.0.1:55440]
15:13:51.201 [Forwarding findElement on session dad2b4782841a0dbf56a5aa651b173ab to remote] DEBUG o.a.netty.request.NettyRequestSender - Using pooled Channel '[id: 0x4921390e, L:/127.0.0.1:52723 - R:localhost/127.0.0.1:55440]' for 'POST' to 'http://localhost:55440/session/dad2b4782841a0dbf56a5aa651b173ab/element'
15:13:51.201 [Forwarding findElement on session dad2b4782841a0dbf56a5aa651b173ab to remote] DEBUG o.a.netty.request.NettyRequestSender - Using open Channel [id: 0x4921390e, L:/127.0.0.1:52723 - R:localhost/127.0.0.1:55440] for POST '/session/dad2b4782841a0dbf56a5aa651b173ab/element'
15:13:51.212 [AsyncHttpClient-1-8] DEBUG o.a.netty.handler.HttpHandler - 

Request DefaultHttpRequest(decodeResult: success, version: HTTP/1.1)
POST /session/dad2b4782841a0dbf56a5aa651b173ab/element HTTP/1.1
User-Agent: selenium/4.4.0 (java windows)
Content-Length: 79
Content-Type: application/json; charset=utf-8
host: localhost:55440
accept: */*

Response DefaultHttpResponse(decodeResult: success, version: HTTP/1.1)
HTTP/1.1 404 Not Found
Content-Type: application/json; charset=utf-8
cache-control: no-cache
content-length: 967

15:13:51.212 [AsyncHttpClient-1-8] DEBUG o.a.netty.channel.ChannelManager - Adding key: http://localhost:55440 for channel [id: 0x4921390e, L:/127.0.0.1:52723 - R:localhost/127.0.0.1:55440]
15:13:51.216 [Forwarding findElement on session dad2b4782841a0dbf56a5aa651b173ab to remote] DEBUG o.a.netty.request.NettyRequestSender - Using pooled Channel '[id: 0x4921390e, L:/127.0.0.1:52723 - R:localhost/127.0.0.1:55440]' for 'POST' to 'http://localhost:55440/session/dad2b4782841a0dbf56a5aa651b173ab/element'
15:13:51.216 [Forwarding findElement on session dad2b4782841a0dbf56a5aa651b173ab to remote] DEBUG o.a.netty.request.NettyRequestSender - Using open Channel [id: 0x4921390e, L:/127.0.0.1:52723 - R:localhost/127.0.0.1:55440] for POST '/session/dad2b4782841a0dbf56a5aa651b173ab/element'
15:13:51.229 [AsyncHttpClient-1-8] DEBUG o.a.netty.handler.HttpHandler - 

Request DefaultHttpRequest(decodeResult: success, version: HTTP/1.1)
POST /session/dad2b4782841a0dbf56a5aa651b173ab/element HTTP/1.1
User-Agent: selenium/4.4.0 (java windows)
Content-Length: 79
Content-Type: application/json; charset=utf-8
host: localhost:55440
accept: */*

Response DefaultHttpResponse(decodeResult: success, version: HTTP/1.1)
HTTP/1.1 404 Not Found
Content-Type: application/json; charset=utf-8
cache-control: no-cache
content-length: 967

15:13:51.230 [AsyncHttpClient-1-8] DEBUG o.a.netty.channel.ChannelManager - Adding key: http://localhost:55440 for channel [id: 0x4921390e, L:/127.0.0.1:52723 - R:localhost/127.0.0.1:55440]
15:13:51.529 [AsyncHttpClient-1-1] DEBUG o.a.netty.channel.DefaultChannelPool - Entry count for : http://localhost:52724 : 1
15:13:51.529 [AsyncHttpClient-1-1] DEBUG o.a.netty.channel.DefaultChannelPool - Entry count for : http://localhost:55440 : 1
15:13:51.747 [Forwarding findElement on session dad2b4782841a0dbf56a5aa651b173ab to remote] DEBUG o.a.netty.request.NettyRequestSender - Using pooled Channel '[id: 0x4921390e, L:/127.0.0.1:52723 - R:localhost/127.0.0.1:55440]' for 'POST' to 'http://localhost:55440/session/dad2b4782841a0dbf56a5aa651b173ab/element'
15:13:51.747 [Forwarding findElement on session dad2b4782841a0dbf56a5aa651b173ab to remote] DEBUG o.a.netty.request.NettyRequestSender - Using open Channel [id: 0x4921390e, L:/127.0.0.1:52723 - R:localhost/127.0.0.1:55440] for POST '/session/dad2b4782841a0dbf56a5aa651b173ab/element'
15:13:51.756 [AsyncHttpClient-1-8] DEBUG o.a.netty.handler.HttpHandler - 

Request DefaultHttpRequest(decodeResult: success, version: HTTP/1.1)
POST /session/dad2b4782841a0dbf56a5aa651b173ab/element HTTP/1.1
User-Agent: selenium/4.4.0 (java windows)
Content-Length: 79
Content-Type: application/json; charset=utf-8
host: localhost:55440
accept: */*

Response DefaultHttpResponse(decodeResult: success, version: HTTP/1.1)
HTTP/1.1 404 Not Found
Content-Type: application/json; charset=utf-8
cache-control: no-cache
content-length: 967

15:13:51.756 [AsyncHttpClient-1-8] DEBUG o.a.netty.channel.ChannelManager - Adding key: http://localhost:55440 for channel [id: 0x4921390e, L:/127.0.0.1:52723 - R:localhost/127.0.0.1:55440]
15:13:52.274 [Forwarding findElement on session dad2b4782841a0dbf56a5aa651b173ab to remote] DEBUG o.a.netty.request.NettyRequestSender - Using pooled Channel '[id: 0x4921390e, L:/127.0.0.1:52723 - R:localhost/127.0.0.1:55440]' for 'POST' to 'http://localhost:55440/session/dad2b4782841a0dbf56a5aa651b173ab/element'
15:13:52.274 [Forwarding findElement on session dad2b4782841a0dbf56a5aa651b173ab to remote] DEBUG o.a.netty.request.NettyRequestSender - Using open Channel [id: 0x4921390e, L:/127.0.0.1:52723 - R:localhost/127.0.0.1:55440] for POST '/session/dad2b4782841a0dbf56a5aa651b173ab/element'
15:13:52.284 [AsyncHttpClient-1-8] DEBUG o.a.netty.handler.HttpHandler - 

Request DefaultHttpRequest(decodeResult: success, version: HTTP/1.1)
POST /session/dad2b4782841a0dbf56a5aa651b173ab/element HTTP/1.1
User-Agent: selenium/4.4.0 (java windows)
Content-Length: 79
Content-Type: application/json; charset=utf-8
host: localhost:55440
accept: */*

Response DefaultHttpResponse(decodeResult: success, version: HTTP/1.1)
HTTP/1.1 404 Not Found
Content-Type: application/json; charset=utf-8
cache-control: no-cache
content-length: 967

15:13:52.285 [AsyncHttpClient-1-8] DEBUG o.a.netty.channel.ChannelManager - Adding key: http://localhost:55440 for channel [id: 0x4921390e, L:/127.0.0.1:52723 - R:localhost/127.0.0.1:55440]
15:13:52.630 [AsyncHttpClient-1-1] DEBUG o.a.netty.channel.DefaultChannelPool - Entry count for : http://localhost:52724 : 1
15:13:52.630 [AsyncHttpClient-1-1] DEBUG o.a.netty.channel.DefaultChannelPool - Entry count for : http://localhost:55440 : 1
15:13:52.791 [Forwarding findElement on session dad2b4782841a0dbf56a5aa651b173ab to remote] DEBUG o.a.netty.request.NettyRequestSender - Using pooled Channel '[id: 0x4921390e, L:/127.0.0.1:52723 - R:localhost/127.0.0.1:55440]' for 'POST' to 'http://localhost:55440/session/dad2b4782841a0dbf56a5aa651b173ab/element'
15:13:52.791 [Forwarding findElement on session dad2b4782841a0dbf56a5aa651b173ab to remote] DEBUG o.a.netty.request.NettyRequestSender - Using open Channel [id: 0x4921390e, L:/127.0.0.1:52723 - R:localhost/127.0.0.1:55440] for POST '/session/dad2b4782841a0dbf56a5aa651b173ab/element'
15:13:52.801 [AsyncHttpClient-1-8] DEBUG o.a.netty.handler.HttpHandler - 

Request DefaultHttpRequest(decodeResult: success, version: HTTP/1.1)
POST /session/dad2b4782841a0dbf56a5aa651b173ab/element HTTP/1.1
User-Agent: selenium/4.4.0 (java windows)
Content-Length: 79
Content-Type: application/json; charset=utf-8
host: localhost:55440
accept: */*

Response DefaultHttpResponse(decodeResult: success, version: HTTP/1.1)
HTTP/1.1 404 Not Found
Content-Type: application/json; charset=utf-8
cache-control: no-cache
content-length: 967

15:13:52.802 [AsyncHttpClient-1-8] DEBUG o.a.netty.channel.ChannelManager - Adding key: http://localhost:55440 for channel [id: 0x4921390e, L:/127.0.0.1:52723 - R:localhost/127.0.0.1:55440]
15:13:53.308 [Forwarding findElement on session dad2b4782841a0dbf56a5aa651b173ab to remote] DEBUG o.a.netty.request.NettyRequestSender - Using pooled Channel '[id: 0x4921390e, L:/127.0.0.1:52723 - R:localhost/127.0.0.1:55440]' for 'POST' to 'http://localhost:55440/session/dad2b4782841a0dbf56a5aa651b173ab/element'
15:13:53.308 [Forwarding findElement on session dad2b4782841a0dbf56a5aa651b173ab to remote] DEBUG o.a.netty.request.NettyRequestSender - Using open Channel [id: 0x4921390e, L:/127.0.0.1:52723 - R:localhost/127.0.0.1:55440] for POST '/session/dad2b4782841a0dbf56a5aa651b173ab/element'
15:13:53.319 [AsyncHttpClient-1-8] DEBUG o.a.netty.handler.HttpHandler - 

Request DefaultHttpRequest(decodeResult: success, version: HTTP/1.1)
POST /session/dad2b4782841a0dbf56a5aa651b173ab/element HTTP/1.1
User-Agent: selenium/4.4.0 (java windows)
Content-Length: 79
Content-Type: application/json; charset=utf-8
host: localhost:55440
accept: */*

Response DefaultHttpResponse(decodeResult: success, version: HTTP/1.1)
HTTP/1.1 404 Not Found
Content-Type: application/json; charset=utf-8
cache-control: no-cache
content-length: 967

15:13:53.319 [AsyncHttpClient-1-8] DEBUG o.a.netty.channel.ChannelManager - Adding key: http://localhost:55440 for channel [id: 0x4921390e, L:/127.0.0.1:52723 - R:localhost/127.0.0.1:55440]
15:13:53.730 [AsyncHttpClient-1-1] DEBUG o.a.netty.channel.DefaultChannelPool - Entry count for : http://localhost:52724 : 1
15:13:53.730 [AsyncHttpClient-1-1] DEBUG o.a.netty.channel.DefaultChannelPool - Entry count for : http://localhost:55440 : 1
15:13:53.825 [Forwarding findElement on session dad2b4782841a0dbf56a5aa651b173ab to remote] DEBUG o.a.netty.request.NettyRequestSender - Using pooled Channel '[id: 0x4921390e, L:/127.0.0.1:52723 - R:localhost/127.0.0.1:55440]' for 'POST' to 'http://localhost:55440/session/dad2b4782841a0dbf56a5aa651b173ab/element'
15:13:53.825 [Forwarding findElement on session dad2b4782841a0dbf56a5aa651b173ab to remote] DEBUG o.a.netty.request.NettyRequestSender - Using open Channel [id: 0x4921390e, L:/127.0.0.1:52723 - R:localhost/127.0.0.1:55440] for POST '/session/dad2b4782841a0dbf56a5aa651b173ab/element'
15:13:53.835 [AsyncHttpClient-1-8] DEBUG o.a.netty.handler.HttpHandler - 

Request DefaultHttpRequest(decodeResult: success, version: HTTP/1.1)
POST /session/dad2b4782841a0dbf56a5aa651b173ab/element HTTP/1.1
User-Agent: selenium/4.4.0 (java windows)
Content-Length: 79
Content-Type: application/json; charset=utf-8
host: localhost:55440
accept: */*

Response DefaultHttpResponse(decodeResult: success, version: HTTP/1.1)
HTTP/1.1 404 Not Found
Content-Type: application/json; charset=utf-8
cache-control: no-cache
content-length: 967

15:13:53.836 [AsyncHttpClient-1-8] DEBUG o.a.netty.channel.ChannelManager - Adding key: http://localhost:55440 for channel [id: 0x4921390e, L:/127.0.0.1:52723 - R:localhost/127.0.0.1:55440]
15:13:54.344 [Forwarding findElement on session dad2b4782841a0dbf56a5aa651b173ab to remote] DEBUG o.a.netty.request.NettyRequestSender - Using pooled Channel '[id: 0x4921390e, L:/127.0.0.1:52723 - R:localhost/127.0.0.1:55440]' for 'POST' to 'http://localhost:55440/session/dad2b4782841a0dbf56a5aa651b173ab/element'
15:13:54.344 [Forwarding findElement on session dad2b4782841a0dbf56a5aa651b173ab to remote] DEBUG o.a.netty.request.NettyRequestSender - Using open Channel [id: 0x4921390e, L:/127.0.0.1:52723 - R:localhost/127.0.0.1:55440] for POST '/session/dad2b4782841a0dbf56a5aa651b173ab/element'
15:13:54.354 [AsyncHttpClient-1-8] DEBUG o.a.netty.handler.HttpHandler - 

Request DefaultHttpRequest(decodeResult: success, version: HTTP/1.1)
POST /session/dad2b4782841a0dbf56a5aa651b173ab/element HTTP/1.1
User-Agent: selenium/4.4.0 (java windows)
Content-Length: 79
Content-Type: application/json; charset=utf-8
host: localhost:55440
accept: */*

Response DefaultHttpResponse(decodeResult: success, version: HTTP/1.1)
HTTP/1.1 404 Not Found
Content-Type: application/json; charset=utf-8
cache-control: no-cache
content-length: 967

15:13:54.355 [AsyncHttpClient-1-8] DEBUG o.a.netty.channel.ChannelManager - Adding key: http://localhost:55440 for channel [id: 0x4921390e, L:/127.0.0.1:52723 - R:localhost/127.0.0.1:55440]
15:13:54.357 [Forwarding findElement on session dad2b4782841a0dbf56a5aa651b173ab to remote] DEBUG o.a.netty.request.NettyRequestSender - Using pooled Channel '[id: 0x4921390e, L:/127.0.0.1:52723 - R:localhost/127.0.0.1:55440]' for 'POST' to 'http://localhost:55440/session/dad2b4782841a0dbf56a5aa651b173ab/element'
15:13:54.357 [Forwarding findElement on session dad2b4782841a0dbf56a5aa651b173ab to remote] DEBUG o.a.netty.request.NettyRequestSender - Using open Channel [id: 0x4921390e, L:/127.0.0.1:52723 - R:localhost/127.0.0.1:55440] for POST '/session/dad2b4782841a0dbf56a5aa651b173ab/element'
15:13:54.368 [AsyncHttpClient-1-8] DEBUG o.a.netty.handler.HttpHandler - 

Request DefaultHttpRequest(decodeResult: success, version: HTTP/1.1)
POST /session/dad2b4782841a0dbf56a5aa651b173ab/element HTTP/1.1
User-Agent: selenium/4.4.0 (java windows)
Content-Length: 79
Content-Type: application/json; charset=utf-8
host: localhost:55440
accept: */*

Response DefaultHttpResponse(decodeResult: success, version: HTTP/1.1)
HTTP/1.1 404 Not Found
Content-Type: application/json; charset=utf-8
cache-control: no-cache
content-length: 967

15:13:54.369 [AsyncHttpClient-1-8] DEBUG o.a.netty.channel.ChannelManager - Adding key: http://localhost:55440 for channel [id: 0x4921390e, L:/127.0.0.1:52723 - R:localhost/127.0.0.1:55440]
15:13:54.372 [Forwarding findElement on session dad2b4782841a0dbf56a5aa651b173ab to remote] DEBUG o.a.netty.request.NettyRequestSender - Using pooled Channel '[id: 0x4921390e, L:/127.0.0.1:52723 - R:localhost/127.0.0.1:55440]' for 'POST' to 'http://localhost:55440/session/dad2b4782841a0dbf56a5aa651b173ab/element'
15:13:54.372 [Forwarding findElement on session dad2b4782841a0dbf56a5aa651b173ab to remote] DEBUG o.a.netty.request.NettyRequestSender - Using open Channel [id: 0x4921390e, L:/127.0.0.1:52723 - R:localhost/127.0.0.1:55440] for POST '/session/dad2b4782841a0dbf56a5aa651b173ab/element'
15:13:54.388 [AsyncHttpClient-1-8] DEBUG o.a.netty.handler.HttpHandler - 

Request DefaultHttpRequest(decodeResult: success, version: HTTP/1.1)
POST /session/dad2b4782841a0dbf56a5aa651b173ab/element HTTP/1.1
User-Agent: selenium/4.4.0 (java windows)
Content-Length: 69
Content-Type: application/json; charset=utf-8
host: localhost:55440
accept: */*

Response DefaultHttpResponse(decodeResult: success, version: HTTP/1.1)
HTTP/1.1 200 OK
Content-Type: application/json; charset=utf-8
cache-control: no-cache
content-length: 88

15:13:54.389 [AsyncHttpClient-1-8] DEBUG o.a.netty.channel.ChannelManager - Adding key: http://localhost:55440 for channel [id: 0x4921390e, L:/127.0.0.1:52723 - R:localhost/127.0.0.1:55440]
15:13:54.390 [Forwarding clickElement on session dad2b4782841a0dbf56a5aa651b173ab to remote] DEBUG o.a.netty.request.NettyRequestSender - Using pooled Channel '[id: 0x4921390e, L:/127.0.0.1:52723 - R:localhost/127.0.0.1:55440]' for 'POST' to 'http://localhost:55440/session/dad2b4782841a0dbf56a5aa651b173ab/element/38c97e3e-e37a-4916-ad97-339785c86b8e/click'
15:13:54.391 [Forwarding clickElement on session dad2b4782841a0dbf56a5aa651b173ab to remote] DEBUG o.a.netty.request.NettyRequestSender - Using open Channel [id: 0x4921390e, L:/127.0.0.1:52723 - R:localhost/127.0.0.1:55440] for POST '/session/dad2b4782841a0dbf56a5aa651b173ab/element/38c97e3e-e37a-4916-ad97-339785c86b8e/click'
15:13:54.444 [AsyncHttpClient-1-8] DEBUG o.a.netty.handler.HttpHandler - 

Request DefaultHttpRequest(decodeResult: success, version: HTTP/1.1)
POST /session/dad2b4782841a0dbf56a5aa651b173ab/element/38c97e3e-e37a-4916-ad97-339785c86b8e/click HTTP/1.1
User-Agent: selenium/4.4.0 (java windows)
Content-Length: 50
Content-Type: application/json; charset=utf-8
host: localhost:55440
accept: */*

Response DefaultHttpResponse(decodeResult: success, version: HTTP/1.1)
HTTP/1.1 200 OK
Content-Type: application/json; charset=utf-8
cache-control: no-cache
content-length: 14

15:13:54.444 [AsyncHttpClient-1-8] DEBUG o.a.netty.channel.ChannelManager - Adding key: http://localhost:55440 for channel [id: 0x4921390e, L:/127.0.0.1:52723 - R:localhost/127.0.0.1:55440]
15:13:54.447 [Test worker] ERROR ui_tests.TestBase - Test result: FAILED
15:13:54.449 [AsyncHttpClient-1-2] DEBUG o.a.netty.handler.WebSocketHandler - Channel Closed: [id: 0xb4782c97, L:/127.0.0.1:52731 ! R:localhost/127.0.0.1:52724] with attribute NettyResponseFuture{currentRetry=0,
	isDone=1,
	isCancelled=0,
	asyncHandler=org.asynchttpclient.ws.WebSocketUpgradeHandler@e6a2ff9,
	nettyRequest=org.asynchttpclient.netty.request.NettyRequest@ea5c01b,
	future=java.util.concurrent.CompletableFuture@319c505a[Completed normally],
	uri=ws://localhost:52724/devtools/browser/be695647-2588-4d55-8de1-03f549ae5b29,
	keepAlive=true,
	redirectCount=0,
	timeoutsHolder=null,
	inAuth=0,
	touch=1679404422052}
15:13:54.449 [AsyncHttpClient-1-2] DEBUG o.a.netty.channel.ChannelManager - Closing Channel [id: 0xb4782c97, L:/127.0.0.1:52731 ! R:localhost/127.0.0.1:52724] 
15:13:54.451 [Driver Command Executor] DEBUG o.a.netty.request.NettyRequestSender - Using pooled Channel '[id: 0x4921390e, L:/127.0.0.1:52723 - R:localhost/127.0.0.1:55440]' for 'DELETE' to 'http://localhost:55440/session/dad2b4782841a0dbf56a5aa651b173ab'
15:13:54.452 [Driver Command Executor] DEBUG o.a.netty.request.NettyRequestSender - Using open Channel [id: 0x4921390e, L:/127.0.0.1:52723 - R:localhost/127.0.0.1:55440] for DELETE '/session/dad2b4782841a0dbf56a5aa651b173ab'
15:13:54.604 [AsyncHttpClient-1-9] DEBUG o.a.netty.handler.HttpHandler - Unexpected I/O exception on channel [id: 0x1b221a65, L:/127.0.0.1:52730 - R:localhost/127.0.0.1:52724]
java.io.IOException: ????????? ???? ????????????? ???????? ???????????? ???????????
	at sun.nio.ch.SocketDispatcher.read0(Native Method)
	at sun.nio.ch.SocketDispatcher.read(SocketDispatcher.java:43)
	at sun.nio.ch.IOUtil.readIntoNativeBuffer(IOUtil.java:223)
	at sun.nio.ch.IOUtil.read(IOUtil.java:192)
	at sun.nio.ch.SocketChannelImpl.read(SocketChannelImpl.java:378)
	at io.netty.buffer.PooledByteBuf.setBytes(PooledByteBuf.java:258)
	at io.netty.buffer.AbstractByteBuf.writeBytes(AbstractByteBuf.java:1132)
	at io.netty.channel.socket.nio.NioSocketChannel.doReadBytes(NioSocketChannel.java:357)
	at io.netty.channel.nio.AbstractNioByteChannel$NioByteUnsafe.read(AbstractNioByteChannel.java:151)
	at io.netty.channel.nio.NioEventLoop.processSelectedKey(NioEventLoop.java:722)
	at io.netty.channel.nio.NioEventLoop.processSelectedKeysOptimized(NioEventLoop.java:658)
	at io.netty.channel.nio.NioEventLoop.processSelectedKeys(NioEventLoop.java:584)
	at io.netty.channel.nio.NioEventLoop.run(NioEventLoop.java:496)
	at io.netty.util.concurrent.SingleThreadEventExecutor$4.run(SingleThreadEventExecutor.java:997)
	at io.netty.util.internal.ThreadExecutorMap$2.run(ThreadExecutorMap.java:74)
	at io.netty.util.concurrent.FastThreadLocalRunnable.run(FastThreadLocalRunnable.java:30)
	at java.lang.Thread.run(Thread.java:750)
15:13:54.605 [AsyncHttpClient-1-9] DEBUG o.a.netty.channel.ChannelManager - Closing Channel [id: 0x1b221a65, L:/127.0.0.1:52730 - R:localhost/127.0.0.1:52724] 
15:13:54.605 [AsyncHttpClient-1-9] DEBUG o.a.netty.handler.HttpHandler - Channel Closed: [id: 0x1b221a65, L:/127.0.0.1:52730 ! R:localhost/127.0.0.1:52724] with attribute DISCARD
15:13:54.655 [AsyncHttpClient-1-8] DEBUG o.a.netty.handler.HttpHandler - 

Request DefaultFullHttpRequest(decodeResult: success, version: HTTP/1.1, content: EmptyByteBufBE)
DELETE /session/dad2b4782841a0dbf56a5aa651b173ab HTTP/1.1
User-Agent: selenium/4.4.0 (java windows)
Content-Type: application/json; charset=utf-8
host: localhost:55440
accept: */*

Response DefaultHttpResponse(decodeResult: success, version: HTTP/1.1)
HTTP/1.1 200 OK
Content-Type: application/json; charset=utf-8
cache-control: no-cache
content-length: 14

15:13:54.656 [AsyncHttpClient-1-8] DEBUG o.a.netty.channel.ChannelManager - Adding key: http://localhost:55440 for channel [id: 0x4921390e, L:/127.0.0.1:52723 - R:localhost/127.0.0.1:55440]
15:13:54.830 [AsyncHttpClient-1-1] DEBUG o.a.netty.channel.DefaultChannelPool - Entry count for : http://localhost:52724 : 1
15:13:54.831 [AsyncHttpClient-1-1] DEBUG o.a.netty.channel.DefaultChannelPool - Entry count for : http://localhost:55440 : 1
15:13:54.831 [AsyncHttpClient-1-1] DEBUG o.a.netty.channel.DefaultChannelPool - Adding Candidate expired Channel [id: 0x1b221a65, L:/127.0.0.1:52730 ! R:localhost/127.0.0.1:52724] isIdleTimeoutExpired=false isRemotelyClosed=true isTtlExpired=false
15:13:54.831 [AsyncHttpClient-1-1] DEBUG o.a.netty.channel.DefaultChannelPool - Closing Idle Channel [id: 0x1b221a65, L:/127.0.0.1:52730 ! R:localhost/127.0.0.1:52724]
15:13:54.832 [AsyncHttpClient-1-1] DEBUG o.a.netty.channel.DefaultChannelPool - Closed 1 connections out of 2 in 1 ms
15:13:54.836 [AsyncHttpClient-1-8] DEBUG o.a.netty.handler.HttpHandler - Channel Closed: [id: 0x4921390e, L:/127.0.0.1:52723 ! R:localhost/127.0.0.1:55440] with attribute DISCARD
15:13:55.358 [Test worker] INFO  ui_tests.TestBase - Stop test: registrationPositiveTest
15:13:55.358 [Test worker] INFO  ui_tests.TestBase - ======================================================
15:13:55.933 [AsyncHttpClient-1-1] DEBUG o.a.netty.channel.DefaultChannelPool - Entry count for : http://localhost:55440 : 1
15:13:55.933 [AsyncHttpClient-1-1] DEBUG o.a.netty.channel.DefaultChannelPool - Adding Candidate expired Channel [id: 0x4921390e, L:/127.0.0.1:52723 ! R:localhost/127.0.0.1:55440] isIdleTimeoutExpired=false isRemotelyClosed=true isTtlExpired=false
15:13:55.934 [AsyncHttpClient-1-1] DEBUG o.a.netty.channel.DefaultChannelPool - Closing Idle Channel [id: 0x4921390e, L:/127.0.0.1:52723 ! R:localhost/127.0.0.1:55440]
15:13:55.934 [AsyncHttpClient-1-1] DEBUG o.a.netty.channel.DefaultChannelPool - Closed 1 connections out of 1 in 1 ms
15:13:55.939 [AsyncHttpClient-1-3] DEBUG o.a.n.channel.NettyConnectListener - Using new Channel '[id: 0xd4fdb3a1, L:/127.0.0.1:52750 - R:localhost/127.0.0.1:61782]' for 'POST' to '/session'
15:13:57.072 [AsyncHttpClient-1-3] DEBUG o.a.netty.handler.HttpHandler - 

Request DefaultHttpRequest(decodeResult: success, version: HTTP/1.1)
POST /session HTTP/1.1
User-Agent: selenium/4.4.0 (java windows)
Content-Length: 439
Content-Type: application/json; charset=utf-8
host: localhost:61782
accept: */*

Response DefaultHttpResponse(decodeResult: success, version: HTTP/1.1)
HTTP/1.1 200 OK
Content-Type: application/json; charset=utf-8
cache-control: no-cache
content-length: 857

15:13:57.073 [AsyncHttpClient-1-3] DEBUG o.a.netty.channel.ChannelManager - Adding key: http://localhost:61782 for channel [id: 0xd4fdb3a1, L:/127.0.0.1:52750 - R:localhost/127.0.0.1:61782]
15:13:57.102 [AsyncHttpClient-1-4] DEBUG o.a.n.channel.NettyConnectListener - Using new Channel '[id: 0x4e7d8d5c, L:/127.0.0.1:52757 - R:localhost/127.0.0.1:52751]' for 'GET' to '/json/version'
15:13:57.104 [AsyncHttpClient-1-4] DEBUG o.a.netty.handler.HttpHandler - 

Request DefaultFullHttpRequest(decodeResult: success, version: HTTP/1.1, content: EmptyByteBufBE)
GET /json/version HTTP/1.1
User-Agent: selenium/4.4.0 (java windows)
host: localhost:52751
accept: */*

Response DefaultHttpResponse(decodeResult: success, version: HTTP/1.1)
HTTP/1.1 200 OK
Content-Security-Policy: frame-ancestors 'none'
Content-Type: application/json; charset=UTF-8
content-length: 423

15:13:57.105 [AsyncHttpClient-1-4] DEBUG o.a.netty.channel.ChannelManager - Adding key: http://localhost:52751 for channel [id: 0x4e7d8d5c, L:/127.0.0.1:52757 - R:localhost/127.0.0.1:52751]
15:13:57.110 [AsyncHttpClient-1-5] DEBUG o.a.n.channel.NettyConnectListener - Using new Channel '[id: 0x0dc163c3, L:/127.0.0.1:52758 - R:localhost/127.0.0.1:52751]' for 'GET' to '/devtools/browser/0c5523de-2e53-4c0a-b2b1-808d5a80d26a'
15:13:57.113 [AsyncHttpClient-1-5] DEBUG o.a.netty.handler.WebSocketHandler - 

Request DefaultFullHttpRequest(decodeResult: success, version: HTTP/1.1, content: EmptyByteBufBE)
GET /devtools/browser/0c5523de-2e53-4c0a-b2b1-808d5a80d26a HTTP/1.1
upgrade: websocket
connection: upgrade
sec-websocket-key: FoUdFUMdw7NrP0cSII770Q==
sec-websocket-version: 13
origin: http://localhost:52751
host: localhost:52751
accept: */*
user-agent: AHC/2.1

Response DefaultHttpResponse(decodeResult: success, version: HTTP/1.1)
HTTP/1.1 101 WebSocket Protocol Handshake
Upgrade: WebSocket
Connection: Upgrade
Sec-WebSocket-Accept: ps3kDgORSWcgeUVAJmSLU5Lv7QA=

15:13:57.127 [Forwarding maximizeCurrentWindow on session ba886431b45bbd10451824374b5d5aeb to remote] DEBUG o.a.netty.request.NettyRequestSender - Using pooled Channel '[id: 0xd4fdb3a1, L:/127.0.0.1:52750 - R:localhost/127.0.0.1:61782]' for 'POST' to 'http://localhost:61782/session/ba886431b45bbd10451824374b5d5aeb/window/maximize'
15:13:57.127 [Forwarding maximizeCurrentWindow on session ba886431b45bbd10451824374b5d5aeb to remote] DEBUG o.a.netty.request.NettyRequestSender - Using open Channel [id: 0xd4fdb3a1, L:/127.0.0.1:52750 - R:localhost/127.0.0.1:61782] for POST '/session/ba886431b45bbd10451824374b5d5aeb/window/maximize'
15:13:57.410 [AsyncHttpClient-1-3] DEBUG o.a.netty.handler.HttpHandler - 

Request DefaultHttpRequest(decodeResult: success, version: HTTP/1.1)
POST /session/ba886431b45bbd10451824374b5d5aeb/window/maximize HTTP/1.1
User-Agent: selenium/4.4.0 (java windows)
Content-Length: 3
Content-Type: application/json; charset=utf-8
host: localhost:61782
accept: */*

Response DefaultHttpResponse(decodeResult: success, version: HTTP/1.1)
HTTP/1.1 200 OK
Content-Type: application/json; charset=utf-8
cache-control: no-cache
content-length: 51

15:13:57.410 [AsyncHttpClient-1-3] DEBUG o.a.netty.channel.ChannelManager - Adding key: http://localhost:61782 for channel [id: 0xd4fdb3a1, L:/127.0.0.1:52750 - R:localhost/127.0.0.1:61782]
15:13:57.415 [Forwarding get on session ba886431b45bbd10451824374b5d5aeb to remote] DEBUG o.a.netty.request.NettyRequestSender - Using pooled Channel '[id: 0xd4fdb3a1, L:/127.0.0.1:52750 - R:localhost/127.0.0.1:61782]' for 'POST' to 'http://localhost:61782/session/ba886431b45bbd10451824374b5d5aeb/url'
15:13:57.415 [Forwarding get on session ba886431b45bbd10451824374b5d5aeb to remote] DEBUG o.a.netty.request.NettyRequestSender - Using open Channel [id: 0xd4fdb3a1, L:/127.0.0.1:52750 - R:localhost/127.0.0.1:61782] for POST '/session/ba886431b45bbd10451824374b5d5aeb/url'
15:13:58.244 [AsyncHttpClient-1-1] DEBUG o.a.netty.channel.DefaultChannelPool - Entry count for : http://localhost:52751 : 1
15:13:59.332 [AsyncHttpClient-1-1] DEBUG o.a.netty.channel.DefaultChannelPool - Entry count for : http://localhost:52751 : 1
15:14:00.428 [AsyncHttpClient-1-1] DEBUG o.a.netty.channel.DefaultChannelPool - Entry count for : http://localhost:52751 : 1
15:14:00.932 [AsyncHttpClient-1-3] DEBUG o.a.netty.handler.HttpHandler - 

Request DefaultHttpRequest(decodeResult: success, version: HTTP/1.1)
POST /session/ba886431b45bbd10451824374b5d5aeb/url HTTP/1.1
User-Agent: selenium/4.4.0 (java windows)
Content-Length: 63
Content-Type: application/json; charset=utf-8
host: localhost:61782
accept: */*

Response DefaultHttpResponse(decodeResult: success, version: HTTP/1.1)
HTTP/1.1 200 OK
Content-Type: application/json; charset=utf-8
cache-control: no-cache
content-length: 14

15:14:00.933 [AsyncHttpClient-1-3] DEBUG o.a.netty.channel.ChannelManager - Adding key: http://localhost:61782 for channel [id: 0xd4fdb3a1, L:/127.0.0.1:52750 - R:localhost/127.0.0.1:61782]
15:14:00.934 [Test worker] INFO  ui_tests.TestBase - Start test: registrationPositiveTest
15:14:00.934 [Test worker] INFO  ui_tests.TestBase -  --> With data: [UserModel(name=Bob1, email=bob2@mail.com, password=332211Pq!, confirmPassword=332211Pq!)]
15:14:00.937 [Forwarding findElement on session ba886431b45bbd10451824374b5d5aeb to remote] DEBUG o.a.netty.request.NettyRequestSender - Using pooled Channel '[id: 0xd4fdb3a1, L:/127.0.0.1:52750 - R:localhost/127.0.0.1:61782]' for 'POST' to 'http://localhost:61782/session/ba886431b45bbd10451824374b5d5aeb/element'
15:14:00.937 [Forwarding findElement on session ba886431b45bbd10451824374b5d5aeb to remote] DEBUG o.a.netty.request.NettyRequestSender - Using open Channel [id: 0xd4fdb3a1, L:/127.0.0.1:52750 - R:localhost/127.0.0.1:61782] for POST '/session/ba886431b45bbd10451824374b5d5aeb/element'
15:14:00.958 [AsyncHttpClient-1-3] DEBUG o.a.netty.handler.HttpHandler - 

Request DefaultHttpRequest(decodeResult: success, version: HTTP/1.1)
POST /session/ba886431b45bbd10451824374b5d5aeb/element HTTP/1.1
User-Agent: selenium/4.4.0 (java windows)
Content-Length: 70
Content-Type: application/json; charset=utf-8
host: localhost:61782
accept: */*

Response DefaultHttpResponse(decodeResult: success, version: HTTP/1.1)
HTTP/1.1 200 OK
Content-Type: application/json; charset=utf-8
cache-control: no-cache
content-length: 88

15:14:00.958 [AsyncHttpClient-1-3] DEBUG o.a.netty.channel.ChannelManager - Adding key: http://localhost:61782 for channel [id: 0xd4fdb3a1, L:/127.0.0.1:52750 - R:localhost/127.0.0.1:61782]
15:14:00.963 [Forwarding isElementDisplayed on session ba886431b45bbd10451824374b5d5aeb to remote] DEBUG o.a.netty.request.NettyRequestSender - Using pooled Channel '[id: 0xd4fdb3a1, L:/127.0.0.1:52750 - R:localhost/127.0.0.1:61782]' for 'POST' to 'http://localhost:61782/session/ba886431b45bbd10451824374b5d5aeb/execute/sync'
15:14:00.964 [Forwarding isElementDisplayed on session ba886431b45bbd10451824374b5d5aeb to remote] DEBUG o.a.netty.request.NettyRequestSender - Using open Channel [id: 0xd4fdb3a1, L:/127.0.0.1:52750 - R:localhost/127.0.0.1:61782] for POST '/session/ba886431b45bbd10451824374b5d5aeb/execute/sync'
15:14:00.983 [AsyncHttpClient-1-3] DEBUG o.a.netty.handler.HttpHandler - 

Request DefaultHttpRequest(decodeResult: success, version: HTTP/1.1)
POST /session/ba886431b45bbd10451824374b5d5aeb/execute/sync HTTP/1.1
User-Agent: selenium/4.4.0 (java windows)
Content-Length: 48780
Content-Type: application/json; charset=utf-8
host: localhost:61782
accept: */*

Response DefaultHttpResponse(decodeResult: success, version: HTTP/1.1)
HTTP/1.1 200 OK
Content-Type: application/json; charset=utf-8
cache-control: no-cache
content-length: 14

15:14:00.983 [AsyncHttpClient-1-3] DEBUG o.a.netty.channel.ChannelManager - Adding key: http://localhost:61782 for channel [id: 0xd4fdb3a1, L:/127.0.0.1:52750 - R:localhost/127.0.0.1:61782]
15:14:00.985 [Forwarding findElement on session ba886431b45bbd10451824374b5d5aeb to remote] DEBUG o.a.netty.request.NettyRequestSender - Using pooled Channel '[id: 0xd4fdb3a1, L:/127.0.0.1:52750 - R:localhost/127.0.0.1:61782]' for 'POST' to 'http://localhost:61782/session/ba886431b45bbd10451824374b5d5aeb/element'
15:14:00.985 [Forwarding findElement on session ba886431b45bbd10451824374b5d5aeb to remote] DEBUG o.a.netty.request.NettyRequestSender - Using open Channel [id: 0xd4fdb3a1, L:/127.0.0.1:52750 - R:localhost/127.0.0.1:61782] for POST '/session/ba886431b45bbd10451824374b5d5aeb/element'
15:14:00.996 [AsyncHttpClient-1-3] DEBUG o.a.netty.handler.HttpHandler - 

Request DefaultHttpRequest(decodeResult: success, version: HTTP/1.1)
POST /session/ba886431b45bbd10451824374b5d5aeb/element HTTP/1.1
User-Agent: selenium/4.4.0 (java windows)
Content-Length: 70
Content-Type: application/json; charset=utf-8
host: localhost:61782
accept: */*

Response DefaultHttpResponse(decodeResult: success, version: HTTP/1.1)
HTTP/1.1 200 OK
Content-Type: application/json; charset=utf-8
cache-control: no-cache
content-length: 88

15:14:00.997 [AsyncHttpClient-1-3] DEBUG o.a.netty.channel.ChannelManager - Adding key: http://localhost:61782 for channel [id: 0xd4fdb3a1, L:/127.0.0.1:52750 - R:localhost/127.0.0.1:61782]
15:14:00.998 [Forwarding isElementEnabled on session ba886431b45bbd10451824374b5d5aeb to remote] DEBUG o.a.netty.request.NettyRequestSender - Using pooled Channel '[id: 0xd4fdb3a1, L:/127.0.0.1:52750 - R:localhost/127.0.0.1:61782]' for 'GET' to 'http://localhost:61782/session/ba886431b45bbd10451824374b5d5aeb/element/e88c6370-b8dd-4e1e-88f2-529a4d075842/enabled'
15:14:00.998 [Forwarding isElementEnabled on session ba886431b45bbd10451824374b5d5aeb to remote] DEBUG o.a.netty.request.NettyRequestSender - Using open Channel [id: 0xd4fdb3a1, L:/127.0.0.1:52750 - R:localhost/127.0.0.1:61782] for GET '/session/ba886431b45bbd10451824374b5d5aeb/element/e88c6370-b8dd-4e1e-88f2-529a4d075842/enabled'
15:14:01.012 [AsyncHttpClient-1-3] DEBUG o.a.netty.handler.HttpHandler - 

Request DefaultFullHttpRequest(decodeResult: success, version: HTTP/1.1, content: EmptyByteBufBE)
GET /session/ba886431b45bbd10451824374b5d5aeb/element/e88c6370-b8dd-4e1e-88f2-529a4d075842/enabled HTTP/1.1
User-Agent: selenium/4.4.0 (java windows)
Cache-Control: no-cache
Content-Type: application/json; charset=utf-8
host: localhost:61782
accept: */*

Response DefaultHttpResponse(decodeResult: success, version: HTTP/1.1)
HTTP/1.1 200 OK
Content-Type: application/json; charset=utf-8
cache-control: no-cache
content-length: 14

15:14:01.012 [AsyncHttpClient-1-3] DEBUG o.a.netty.channel.ChannelManager - Adding key: http://localhost:61782 for channel [id: 0xd4fdb3a1, L:/127.0.0.1:52750 - R:localhost/127.0.0.1:61782]
15:14:01.013 [Forwarding findElement on session ba886431b45bbd10451824374b5d5aeb to remote] DEBUG o.a.netty.request.NettyRequestSender - Using pooled Channel '[id: 0xd4fdb3a1, L:/127.0.0.1:52750 - R:localhost/127.0.0.1:61782]' for 'POST' to 'http://localhost:61782/session/ba886431b45bbd10451824374b5d5aeb/element'
15:14:01.014 [Forwarding findElement on session ba886431b45bbd10451824374b5d5aeb to remote] DEBUG o.a.netty.request.NettyRequestSender - Using open Channel [id: 0xd4fdb3a1, L:/127.0.0.1:52750 - R:localhost/127.0.0.1:61782] for POST '/session/ba886431b45bbd10451824374b5d5aeb/element'
15:14:01.026 [AsyncHttpClient-1-3] DEBUG o.a.netty.handler.HttpHandler - 

Request DefaultHttpRequest(decodeResult: success, version: HTTP/1.1)
POST /session/ba886431b45bbd10451824374b5d5aeb/element HTTP/1.1
User-Agent: selenium/4.4.0 (java windows)
Content-Length: 70
Content-Type: application/json; charset=utf-8
host: localhost:61782
accept: */*

Response DefaultHttpResponse(decodeResult: success, version: HTTP/1.1)
HTTP/1.1 200 OK
Content-Type: application/json; charset=utf-8
cache-control: no-cache
content-length: 88

15:14:01.027 [AsyncHttpClient-1-3] DEBUG o.a.netty.channel.ChannelManager - Adding key: http://localhost:61782 for channel [id: 0xd4fdb3a1, L:/127.0.0.1:52750 - R:localhost/127.0.0.1:61782]
15:14:01.033 [Forwarding clickElement on session ba886431b45bbd10451824374b5d5aeb to remote] DEBUG o.a.netty.request.NettyRequestSender - Using pooled Channel '[id: 0xd4fdb3a1, L:/127.0.0.1:52750 - R:localhost/127.0.0.1:61782]' for 'POST' to 'http://localhost:61782/session/ba886431b45bbd10451824374b5d5aeb/element/e88c6370-b8dd-4e1e-88f2-529a4d075842/click'
15:14:01.034 [Forwarding clickElement on session ba886431b45bbd10451824374b5d5aeb to remote] DEBUG o.a.netty.request.NettyRequestSender - Using open Channel [id: 0xd4fdb3a1, L:/127.0.0.1:52750 - R:localhost/127.0.0.1:61782] for POST '/session/ba886431b45bbd10451824374b5d5aeb/element/e88c6370-b8dd-4e1e-88f2-529a4d075842/click'
15:14:01.178 [AsyncHttpClient-1-3] DEBUG o.a.netty.handler.HttpHandler - 

Request DefaultHttpRequest(decodeResult: success, version: HTTP/1.1)
POST /session/ba886431b45bbd10451824374b5d5aeb/element/e88c6370-b8dd-4e1e-88f2-529a4d075842/click HTTP/1.1
User-Agent: selenium/4.4.0 (java windows)
Content-Length: 50
Content-Type: application/json; charset=utf-8
host: localhost:61782
accept: */*

Response DefaultHttpResponse(decodeResult: success, version: HTTP/1.1)
HTTP/1.1 200 OK
Content-Type: application/json; charset=utf-8
cache-control: no-cache
content-length: 14

15:14:01.179 [AsyncHttpClient-1-3] DEBUG o.a.netty.channel.ChannelManager - Adding key: http://localhost:61782 for channel [id: 0xd4fdb3a1, L:/127.0.0.1:52750 - R:localhost/127.0.0.1:61782]
15:14:01.188 [Forwarding findElement on session ba886431b45bbd10451824374b5d5aeb to remote] DEBUG o.a.netty.request.NettyRequestSender - Using pooled Channel '[id: 0xd4fdb3a1, L:/127.0.0.1:52750 - R:localhost/127.0.0.1:61782]' for 'POST' to 'http://localhost:61782/session/ba886431b45bbd10451824374b5d5aeb/element'
15:14:01.188 [Forwarding findElement on session ba886431b45bbd10451824374b5d5aeb to remote] DEBUG o.a.netty.request.NettyRequestSender - Using open Channel [id: 0xd4fdb3a1, L:/127.0.0.1:52750 - R:localhost/127.0.0.1:61782] for POST '/session/ba886431b45bbd10451824374b5d5aeb/element'
15:14:01.213 [AsyncHttpClient-1-3] DEBUG o.a.netty.handler.HttpHandler - 

Request DefaultHttpRequest(decodeResult: success, version: HTTP/1.1)
POST /session/ba886431b45bbd10451824374b5d5aeb/element HTTP/1.1
User-Agent: selenium/4.4.0 (java windows)
Content-Length: 78
Content-Type: application/json; charset=utf-8
host: localhost:61782
accept: */*

Response DefaultHttpResponse(decodeResult: success, version: HTTP/1.1)
HTTP/1.1 200 OK
Content-Type: application/json; charset=utf-8
cache-control: no-cache
content-length: 88

15:14:01.214 [AsyncHttpClient-1-3] DEBUG o.a.netty.channel.ChannelManager - Adding key: http://localhost:61782 for channel [id: 0xd4fdb3a1, L:/127.0.0.1:52750 - R:localhost/127.0.0.1:61782]
15:14:01.220 [Forwarding isElementDisplayed on session ba886431b45bbd10451824374b5d5aeb to remote] DEBUG o.a.netty.request.NettyRequestSender - Using pooled Channel '[id: 0xd4fdb3a1, L:/127.0.0.1:52750 - R:localhost/127.0.0.1:61782]' for 'POST' to 'http://localhost:61782/session/ba886431b45bbd10451824374b5d5aeb/execute/sync'
15:14:01.220 [Forwarding isElementDisplayed on session ba886431b45bbd10451824374b5d5aeb to remote] DEBUG o.a.netty.request.NettyRequestSender - Using open Channel [id: 0xd4fdb3a1, L:/127.0.0.1:52750 - R:localhost/127.0.0.1:61782] for POST '/session/ba886431b45bbd10451824374b5d5aeb/execute/sync'
15:14:01.246 [AsyncHttpClient-1-3] DEBUG o.a.netty.handler.HttpHandler - 

Request DefaultHttpRequest(decodeResult: success, version: HTTP/1.1)
POST /session/ba886431b45bbd10451824374b5d5aeb/execute/sync HTTP/1.1
User-Agent: selenium/4.4.0 (java windows)
Content-Length: 48780
Content-Type: application/json; charset=utf-8
host: localhost:61782
accept: */*

Response DefaultHttpResponse(decodeResult: success, version: HTTP/1.1)
HTTP/1.1 200 OK
Content-Type: application/json; charset=utf-8
cache-control: no-cache
content-length: 14

15:14:01.247 [AsyncHttpClient-1-3] DEBUG o.a.netty.channel.ChannelManager - Adding key: http://localhost:61782 for channel [id: 0xd4fdb3a1, L:/127.0.0.1:52750 - R:localhost/127.0.0.1:61782]
15:14:01.252 [Forwarding findElement on session ba886431b45bbd10451824374b5d5aeb to remote] DEBUG o.a.netty.request.NettyRequestSender - Using pooled Channel '[id: 0xd4fdb3a1, L:/127.0.0.1:52750 - R:localhost/127.0.0.1:61782]' for 'POST' to 'http://localhost:61782/session/ba886431b45bbd10451824374b5d5aeb/element'
15:14:01.252 [Forwarding findElement on session ba886431b45bbd10451824374b5d5aeb to remote] DEBUG o.a.netty.request.NettyRequestSender - Using open Channel [id: 0xd4fdb3a1, L:/127.0.0.1:52750 - R:localhost/127.0.0.1:61782] for POST '/session/ba886431b45bbd10451824374b5d5aeb/element'
15:14:01.275 [AsyncHttpClient-1-3] DEBUG o.a.netty.handler.HttpHandler - 

Request DefaultHttpRequest(decodeResult: success, version: HTTP/1.1)
POST /session/ba886431b45bbd10451824374b5d5aeb/element HTTP/1.1
User-Agent: selenium/4.4.0 (java windows)
Content-Length: 78
Content-Type: application/json; charset=utf-8
host: localhost:61782
accept: */*

Response DefaultHttpResponse(decodeResult: success, version: HTTP/1.1)
HTTP/1.1 200 OK
Content-Type: application/json; charset=utf-8
cache-control: no-cache
content-length: 88

15:14:01.276 [AsyncHttpClient-1-3] DEBUG o.a.netty.channel.ChannelManager - Adding key: http://localhost:61782 for channel [id: 0xd4fdb3a1, L:/127.0.0.1:52750 - R:localhost/127.0.0.1:61782]
15:14:01.279 [Forwarding isElementEnabled on session ba886431b45bbd10451824374b5d5aeb to remote] DEBUG o.a.netty.request.NettyRequestSender - Using pooled Channel '[id: 0xd4fdb3a1, L:/127.0.0.1:52750 - R:localhost/127.0.0.1:61782]' for 'GET' to 'http://localhost:61782/session/ba886431b45bbd10451824374b5d5aeb/element/faad43db-5a27-4104-a0cf-7c9aa966a593/enabled'
15:14:01.280 [Forwarding isElementEnabled on session ba886431b45bbd10451824374b5d5aeb to remote] DEBUG o.a.netty.request.NettyRequestSender - Using open Channel [id: 0xd4fdb3a1, L:/127.0.0.1:52750 - R:localhost/127.0.0.1:61782] for GET '/session/ba886431b45bbd10451824374b5d5aeb/element/faad43db-5a27-4104-a0cf-7c9aa966a593/enabled'
15:14:01.308 [AsyncHttpClient-1-3] DEBUG o.a.netty.handler.HttpHandler - 

Request DefaultFullHttpRequest(decodeResult: success, version: HTTP/1.1, content: EmptyByteBufBE)
GET /session/ba886431b45bbd10451824374b5d5aeb/element/faad43db-5a27-4104-a0cf-7c9aa966a593/enabled HTTP/1.1
User-Agent: selenium/4.4.0 (java windows)
Cache-Control: no-cache
Content-Type: application/json; charset=utf-8
host: localhost:61782
accept: */*

Response DefaultHttpResponse(decodeResult: success, version: HTTP/1.1)
HTTP/1.1 200 OK
Content-Type: application/json; charset=utf-8
cache-control: no-cache
content-length: 14

15:14:01.308 [AsyncHttpClient-1-3] DEBUG o.a.netty.channel.ChannelManager - Adding key: http://localhost:61782 for channel [id: 0xd4fdb3a1, L:/127.0.0.1:52750 - R:localhost/127.0.0.1:61782]
15:14:01.310 [Forwarding findElement on session ba886431b45bbd10451824374b5d5aeb to remote] DEBUG o.a.netty.request.NettyRequestSender - Using pooled Channel '[id: 0xd4fdb3a1, L:/127.0.0.1:52750 - R:localhost/127.0.0.1:61782]' for 'POST' to 'http://localhost:61782/session/ba886431b45bbd10451824374b5d5aeb/element'
15:14:01.310 [Forwarding findElement on session ba886431b45bbd10451824374b5d5aeb to remote] DEBUG o.a.netty.request.NettyRequestSender - Using open Channel [id: 0xd4fdb3a1, L:/127.0.0.1:52750 - R:localhost/127.0.0.1:61782] for POST '/session/ba886431b45bbd10451824374b5d5aeb/element'
15:14:01.326 [AsyncHttpClient-1-3] DEBUG o.a.netty.handler.HttpHandler - 

Request DefaultHttpRequest(decodeResult: success, version: HTTP/1.1)
POST /session/ba886431b45bbd10451824374b5d5aeb/element HTTP/1.1
User-Agent: selenium/4.4.0 (java windows)
Content-Length: 78
Content-Type: application/json; charset=utf-8
host: localhost:61782
accept: */*

Response DefaultHttpResponse(decodeResult: success, version: HTTP/1.1)
HTTP/1.1 200 OK
Content-Type: application/json; charset=utf-8
cache-control: no-cache
content-length: 88

15:14:01.326 [AsyncHttpClient-1-3] DEBUG o.a.netty.channel.ChannelManager - Adding key: http://localhost:61782 for channel [id: 0xd4fdb3a1, L:/127.0.0.1:52750 - R:localhost/127.0.0.1:61782]
15:14:01.328 [Forwarding clickElement on session ba886431b45bbd10451824374b5d5aeb to remote] DEBUG o.a.netty.request.NettyRequestSender - Using pooled Channel '[id: 0xd4fdb3a1, L:/127.0.0.1:52750 - R:localhost/127.0.0.1:61782]' for 'POST' to 'http://localhost:61782/session/ba886431b45bbd10451824374b5d5aeb/element/faad43db-5a27-4104-a0cf-7c9aa966a593/click'
15:14:01.328 [Forwarding clickElement on session ba886431b45bbd10451824374b5d5aeb to remote] DEBUG o.a.netty.request.NettyRequestSender - Using open Channel [id: 0xd4fdb3a1, L:/127.0.0.1:52750 - R:localhost/127.0.0.1:61782] for POST '/session/ba886431b45bbd10451824374b5d5aeb/element/faad43db-5a27-4104-a0cf-7c9aa966a593/click'
15:14:01.406 [AsyncHttpClient-1-3] DEBUG o.a.netty.handler.HttpHandler - 

Request DefaultHttpRequest(decodeResult: success, version: HTTP/1.1)
POST /session/ba886431b45bbd10451824374b5d5aeb/element/faad43db-5a27-4104-a0cf-7c9aa966a593/click HTTP/1.1
User-Agent: selenium/4.4.0 (java windows)
Content-Length: 50
Content-Type: application/json; charset=utf-8
host: localhost:61782
accept: */*

Response DefaultHttpResponse(decodeResult: success, version: HTTP/1.1)
HTTP/1.1 200 OK
Content-Type: application/json; charset=utf-8
cache-control: no-cache
content-length: 14

15:14:01.406 [AsyncHttpClient-1-3] DEBUG o.a.netty.channel.ChannelManager - Adding key: http://localhost:61782 for channel [id: 0xd4fdb3a1, L:/127.0.0.1:52750 - R:localhost/127.0.0.1:61782]
15:14:01.409 [Forwarding findElement on session ba886431b45bbd10451824374b5d5aeb to remote] DEBUG o.a.netty.request.NettyRequestSender - Using pooled Channel '[id: 0xd4fdb3a1, L:/127.0.0.1:52750 - R:localhost/127.0.0.1:61782]' for 'POST' to 'http://localhost:61782/session/ba886431b45bbd10451824374b5d5aeb/element'
15:14:01.409 [Forwarding findElement on session ba886431b45bbd10451824374b5d5aeb to remote] DEBUG o.a.netty.request.NettyRequestSender - Using open Channel [id: 0xd4fdb3a1, L:/127.0.0.1:52750 - R:localhost/127.0.0.1:61782] for POST '/session/ba886431b45bbd10451824374b5d5aeb/element'
15:14:01.425 [AsyncHttpClient-1-3] DEBUG o.a.netty.handler.HttpHandler - 

Request DefaultHttpRequest(decodeResult: success, version: HTTP/1.1)
POST /session/ba886431b45bbd10451824374b5d5aeb/element HTTP/1.1
User-Agent: selenium/4.4.0 (java windows)
Content-Length: 76
Content-Type: application/json; charset=utf-8
host: localhost:61782
accept: */*

Response DefaultHttpResponse(decodeResult: success, version: HTTP/1.1)
HTTP/1.1 200 OK
Content-Type: application/json; charset=utf-8
cache-control: no-cache
content-length: 88

15:14:01.425 [AsyncHttpClient-1-3] DEBUG o.a.netty.channel.ChannelManager - Adding key: http://localhost:61782 for channel [id: 0xd4fdb3a1, L:/127.0.0.1:52750 - R:localhost/127.0.0.1:61782]
15:14:01.430 [Forwarding isElementDisplayed on session ba886431b45bbd10451824374b5d5aeb to remote] DEBUG o.a.netty.request.NettyRequestSender - Using pooled Channel '[id: 0xd4fdb3a1, L:/127.0.0.1:52750 - R:localhost/127.0.0.1:61782]' for 'POST' to 'http://localhost:61782/session/ba886431b45bbd10451824374b5d5aeb/execute/sync'
15:14:01.431 [Forwarding isElementDisplayed on session ba886431b45bbd10451824374b5d5aeb to remote] DEBUG o.a.netty.request.NettyRequestSender - Using open Channel [id: 0xd4fdb3a1, L:/127.0.0.1:52750 - R:localhost/127.0.0.1:61782] for POST '/session/ba886431b45bbd10451824374b5d5aeb/execute/sync'
15:14:01.455 [AsyncHttpClient-1-3] DEBUG o.a.netty.handler.HttpHandler - 

Request DefaultHttpRequest(decodeResult: success, version: HTTP/1.1)
POST /session/ba886431b45bbd10451824374b5d5aeb/execute/sync HTTP/1.1
User-Agent: selenium/4.4.0 (java windows)
Content-Length: 48780
Content-Type: application/json; charset=utf-8
host: localhost:61782
accept: */*

Response DefaultHttpResponse(decodeResult: success, version: HTTP/1.1)
HTTP/1.1 200 OK
Content-Type: application/json; charset=utf-8
cache-control: no-cache
content-length: 14

15:14:01.455 [AsyncHttpClient-1-3] DEBUG o.a.netty.channel.ChannelManager - Adding key: http://localhost:61782 for channel [id: 0xd4fdb3a1, L:/127.0.0.1:52750 - R:localhost/127.0.0.1:61782]
15:14:01.458 [Forwarding findElement on session ba886431b45bbd10451824374b5d5aeb to remote] DEBUG o.a.netty.request.NettyRequestSender - Using pooled Channel '[id: 0xd4fdb3a1, L:/127.0.0.1:52750 - R:localhost/127.0.0.1:61782]' for 'POST' to 'http://localhost:61782/session/ba886431b45bbd10451824374b5d5aeb/element'
15:14:01.459 [Forwarding findElement on session ba886431b45bbd10451824374b5d5aeb to remote] DEBUG o.a.netty.request.NettyRequestSender - Using open Channel [id: 0xd4fdb3a1, L:/127.0.0.1:52750 - R:localhost/127.0.0.1:61782] for POST '/session/ba886431b45bbd10451824374b5d5aeb/element'
15:14:01.484 [AsyncHttpClient-1-3] DEBUG o.a.netty.handler.HttpHandler - 

Request DefaultHttpRequest(decodeResult: success, version: HTTP/1.1)
POST /session/ba886431b45bbd10451824374b5d5aeb/element HTTP/1.1
User-Agent: selenium/4.4.0 (java windows)
Content-Length: 76
Content-Type: application/json; charset=utf-8
host: localhost:61782
accept: */*

Response DefaultHttpResponse(decodeResult: success, version: HTTP/1.1)
HTTP/1.1 200 OK
Content-Type: application/json; charset=utf-8
cache-control: no-cache
content-length: 88

15:14:01.485 [AsyncHttpClient-1-3] DEBUG o.a.netty.channel.ChannelManager - Adding key: http://localhost:61782 for channel [id: 0xd4fdb3a1, L:/127.0.0.1:52750 - R:localhost/127.0.0.1:61782]
15:14:01.490 [Forwarding isElementEnabled on session ba886431b45bbd10451824374b5d5aeb to remote] DEBUG o.a.netty.request.NettyRequestSender - Using pooled Channel '[id: 0xd4fdb3a1, L:/127.0.0.1:52750 - R:localhost/127.0.0.1:61782]' for 'GET' to 'http://localhost:61782/session/ba886431b45bbd10451824374b5d5aeb/element/26d5ef83-60e4-4a91-93c7-08a52d4a1041/enabled'
15:14:01.491 [Forwarding isElementEnabled on session ba886431b45bbd10451824374b5d5aeb to remote] DEBUG o.a.netty.request.NettyRequestSender - Using open Channel [id: 0xd4fdb3a1, L:/127.0.0.1:52750 - R:localhost/127.0.0.1:61782] for GET '/session/ba886431b45bbd10451824374b5d5aeb/element/26d5ef83-60e4-4a91-93c7-08a52d4a1041/enabled'
15:14:01.509 [AsyncHttpClient-1-3] DEBUG o.a.netty.handler.HttpHandler - 

Request DefaultFullHttpRequest(decodeResult: success, version: HTTP/1.1, content: EmptyByteBufBE)
GET /session/ba886431b45bbd10451824374b5d5aeb/element/26d5ef83-60e4-4a91-93c7-08a52d4a1041/enabled HTTP/1.1
User-Agent: selenium/4.4.0 (java windows)
Cache-Control: no-cache
Content-Type: application/json; charset=utf-8
host: localhost:61782
accept: */*

Response DefaultHttpResponse(decodeResult: success, version: HTTP/1.1)
HTTP/1.1 200 OK
Content-Type: application/json; charset=utf-8
cache-control: no-cache
content-length: 14

15:14:01.510 [AsyncHttpClient-1-3] DEBUG o.a.netty.channel.ChannelManager - Adding key: http://localhost:61782 for channel [id: 0xd4fdb3a1, L:/127.0.0.1:52750 - R:localhost/127.0.0.1:61782]
15:14:01.513 [Forwarding findElement on session ba886431b45bbd10451824374b5d5aeb to remote] DEBUG o.a.netty.request.NettyRequestSender - Using pooled Channel '[id: 0xd4fdb3a1, L:/127.0.0.1:52750 - R:localhost/127.0.0.1:61782]' for 'POST' to 'http://localhost:61782/session/ba886431b45bbd10451824374b5d5aeb/element'
15:14:01.514 [Forwarding findElement on session ba886431b45bbd10451824374b5d5aeb to remote] DEBUG o.a.netty.request.NettyRequestSender - Using open Channel [id: 0xd4fdb3a1, L:/127.0.0.1:52750 - R:localhost/127.0.0.1:61782] for POST '/session/ba886431b45bbd10451824374b5d5aeb/element'
15:14:01.536 [AsyncHttpClient-1-3] DEBUG o.a.netty.handler.HttpHandler - 

Request DefaultHttpRequest(decodeResult: success, version: HTTP/1.1)
POST /session/ba886431b45bbd10451824374b5d5aeb/element HTTP/1.1
User-Agent: selenium/4.4.0 (java windows)
Content-Length: 76
Content-Type: application/json; charset=utf-8
host: localhost:61782
accept: */*

Response DefaultHttpResponse(decodeResult: success, version: HTTP/1.1)
HTTP/1.1 200 OK
Content-Type: application/json; charset=utf-8
cache-control: no-cache
content-length: 88

15:14:01.537 [AsyncHttpClient-1-3] DEBUG o.a.netty.channel.ChannelManager - Adding key: http://localhost:61782 for channel [id: 0xd4fdb3a1, L:/127.0.0.1:52750 - R:localhost/127.0.0.1:61782]
15:14:01.540 [Forwarding clickElement on session ba886431b45bbd10451824374b5d5aeb to remote] DEBUG o.a.netty.request.NettyRequestSender - Using pooled Channel '[id: 0xd4fdb3a1, L:/127.0.0.1:52750 - R:localhost/127.0.0.1:61782]' for 'POST' to 'http://localhost:61782/session/ba886431b45bbd10451824374b5d5aeb/element/26d5ef83-60e4-4a91-93c7-08a52d4a1041/click'
15:14:01.541 [Forwarding clickElement on session ba886431b45bbd10451824374b5d5aeb to remote] DEBUG o.a.netty.request.NettyRequestSender - Using open Channel [id: 0xd4fdb3a1, L:/127.0.0.1:52750 - R:localhost/127.0.0.1:61782] for POST '/session/ba886431b45bbd10451824374b5d5aeb/element/26d5ef83-60e4-4a91-93c7-08a52d4a1041/click'
15:14:01.552 [AsyncHttpClient-1-1] DEBUG o.a.netty.channel.DefaultChannelPool - Entry count for : http://localhost:52751 : 1
15:14:01.621 [AsyncHttpClient-1-3] DEBUG o.a.netty.handler.HttpHandler - 

Request DefaultHttpRequest(decodeResult: success, version: HTTP/1.1)
POST /session/ba886431b45bbd10451824374b5d5aeb/element/26d5ef83-60e4-4a91-93c7-08a52d4a1041/click HTTP/1.1
User-Agent: selenium/4.4.0 (java windows)
Content-Length: 50
Content-Type: application/json; charset=utf-8
host: localhost:61782
accept: */*

Response DefaultHttpResponse(decodeResult: success, version: HTTP/1.1)
HTTP/1.1 200 OK
Content-Type: application/json; charset=utf-8
cache-control: no-cache
content-length: 14

15:14:01.622 [AsyncHttpClient-1-3] DEBUG o.a.netty.channel.ChannelManager - Adding key: http://localhost:61782 for channel [id: 0xd4fdb3a1, L:/127.0.0.1:52750 - R:localhost/127.0.0.1:61782]
15:14:01.626 [Forwarding findElement on session ba886431b45bbd10451824374b5d5aeb to remote] DEBUG o.a.netty.request.NettyRequestSender - Using pooled Channel '[id: 0xd4fdb3a1, L:/127.0.0.1:52750 - R:localhost/127.0.0.1:61782]' for 'POST' to 'http://localhost:61782/session/ba886431b45bbd10451824374b5d5aeb/element'
15:14:01.627 [Forwarding findElement on session ba886431b45bbd10451824374b5d5aeb to remote] DEBUG o.a.netty.request.NettyRequestSender - Using open Channel [id: 0xd4fdb3a1, L:/127.0.0.1:52750 - R:localhost/127.0.0.1:61782] for POST '/session/ba886431b45bbd10451824374b5d5aeb/element'
15:14:01.639 [AsyncHttpClient-1-3] DEBUG o.a.netty.handler.HttpHandler - 

Request DefaultHttpRequest(decodeResult: success, version: HTTP/1.1)
POST /session/ba886431b45bbd10451824374b5d5aeb/element HTTP/1.1
User-Agent: selenium/4.4.0 (java windows)
Content-Length: 76
Content-Type: application/json; charset=utf-8
host: localhost:61782
accept: */*

Response DefaultHttpResponse(decodeResult: success, version: HTTP/1.1)
HTTP/1.1 200 OK
Content-Type: application/json; charset=utf-8
cache-control: no-cache
content-length: 88

15:14:01.639 [AsyncHttpClient-1-3] DEBUG o.a.netty.channel.ChannelManager - Adding key: http://localhost:61782 for channel [id: 0xd4fdb3a1, L:/127.0.0.1:52750 - R:localhost/127.0.0.1:61782]
15:14:01.640 [Forwarding clearElement on session ba886431b45bbd10451824374b5d5aeb to remote] DEBUG o.a.netty.request.NettyRequestSender - Using pooled Channel '[id: 0xd4fdb3a1, L:/127.0.0.1:52750 - R:localhost/127.0.0.1:61782]' for 'POST' to 'http://localhost:61782/session/ba886431b45bbd10451824374b5d5aeb/element/26d5ef83-60e4-4a91-93c7-08a52d4a1041/clear'
15:14:01.641 [Forwarding clearElement on session ba886431b45bbd10451824374b5d5aeb to remote] DEBUG o.a.netty.request.NettyRequestSender - Using open Channel [id: 0xd4fdb3a1, L:/127.0.0.1:52750 - R:localhost/127.0.0.1:61782] for POST '/session/ba886431b45bbd10451824374b5d5aeb/element/26d5ef83-60e4-4a91-93c7-08a52d4a1041/clear'
15:14:01.672 [AsyncHttpClient-1-3] DEBUG o.a.netty.handler.HttpHandler - 

Request DefaultHttpRequest(decodeResult: success, version: HTTP/1.1)
POST /session/ba886431b45bbd10451824374b5d5aeb/element/26d5ef83-60e4-4a91-93c7-08a52d4a1041/clear HTTP/1.1
User-Agent: selenium/4.4.0 (java windows)
Content-Length: 50
Content-Type: application/json; charset=utf-8
host: localhost:61782
accept: */*

Response DefaultHttpResponse(decodeResult: success, version: HTTP/1.1)
HTTP/1.1 200 OK
Content-Type: application/json; charset=utf-8
cache-control: no-cache
content-length: 14

15:14:01.673 [AsyncHttpClient-1-3] DEBUG o.a.netty.channel.ChannelManager - Adding key: http://localhost:61782 for channel [id: 0xd4fdb3a1, L:/127.0.0.1:52750 - R:localhost/127.0.0.1:61782]
15:14:01.674 [Forwarding findElement on session ba886431b45bbd10451824374b5d5aeb to remote] DEBUG o.a.netty.request.NettyRequestSender - Using pooled Channel '[id: 0xd4fdb3a1, L:/127.0.0.1:52750 - R:localhost/127.0.0.1:61782]' for 'POST' to 'http://localhost:61782/session/ba886431b45bbd10451824374b5d5aeb/element'
15:14:01.674 [Forwarding findElement on session ba886431b45bbd10451824374b5d5aeb to remote] DEBUG o.a.netty.request.NettyRequestSender - Using open Channel [id: 0xd4fdb3a1, L:/127.0.0.1:52750 - R:localhost/127.0.0.1:61782] for POST '/session/ba886431b45bbd10451824374b5d5aeb/element'
15:14:01.683 [AsyncHttpClient-1-3] DEBUG o.a.netty.handler.HttpHandler - 

Request DefaultHttpRequest(decodeResult: success, version: HTTP/1.1)
POST /session/ba886431b45bbd10451824374b5d5aeb/element HTTP/1.1
User-Agent: selenium/4.4.0 (java windows)
Content-Length: 76
Content-Type: application/json; charset=utf-8
host: localhost:61782
accept: */*

Response DefaultHttpResponse(decodeResult: success, version: HTTP/1.1)
HTTP/1.1 200 OK
Content-Type: application/json; charset=utf-8
cache-control: no-cache
content-length: 88

15:14:01.684 [AsyncHttpClient-1-3] DEBUG o.a.netty.channel.ChannelManager - Adding key: http://localhost:61782 for channel [id: 0xd4fdb3a1, L:/127.0.0.1:52750 - R:localhost/127.0.0.1:61782]
15:14:01.686 [Forwarding sendKeysToElement on session ba886431b45bbd10451824374b5d5aeb to remote] DEBUG o.a.netty.request.NettyRequestSender - Using pooled Channel '[id: 0xd4fdb3a1, L:/127.0.0.1:52750 - R:localhost/127.0.0.1:61782]' for 'POST' to 'http://localhost:61782/session/ba886431b45bbd10451824374b5d5aeb/element/26d5ef83-60e4-4a91-93c7-08a52d4a1041/value'
15:14:01.686 [Forwarding sendKeysToElement on session ba886431b45bbd10451824374b5d5aeb to remote] DEBUG o.a.netty.request.NettyRequestSender - Using open Channel [id: 0xd4fdb3a1, L:/127.0.0.1:52750 - R:localhost/127.0.0.1:61782] for POST '/session/ba886431b45bbd10451824374b5d5aeb/element/26d5ef83-60e4-4a91-93c7-08a52d4a1041/value'
15:14:01.797 [AsyncHttpClient-1-3] DEBUG o.a.netty.handler.HttpHandler - 

Request DefaultHttpRequest(decodeResult: success, version: HTTP/1.1)
POST /session/ba886431b45bbd10451824374b5d5aeb/element/26d5ef83-60e4-4a91-93c7-08a52d4a1041/value HTTP/1.1
User-Agent: selenium/4.4.0 (java windows)
Content-Length: 121
Content-Type: application/json; charset=utf-8
host: localhost:61782
accept: */*

Response DefaultHttpResponse(decodeResult: success, version: HTTP/1.1)
HTTP/1.1 200 OK
Content-Type: application/json; charset=utf-8
cache-control: no-cache
content-length: 14

15:14:01.802 [AsyncHttpClient-1-3] DEBUG o.a.netty.channel.ChannelManager - Adding key: http://localhost:61782 for channel [id: 0xd4fdb3a1, L:/127.0.0.1:52750 - R:localhost/127.0.0.1:61782]
15:14:01.807 [Forwarding findElement on session ba886431b45bbd10451824374b5d5aeb to remote] DEBUG o.a.netty.request.NettyRequestSender - Using pooled Channel '[id: 0xd4fdb3a1, L:/127.0.0.1:52750 - R:localhost/127.0.0.1:61782]' for 'POST' to 'http://localhost:61782/session/ba886431b45bbd10451824374b5d5aeb/element'
15:14:01.807 [Forwarding findElement on session ba886431b45bbd10451824374b5d5aeb to remote] DEBUG o.a.netty.request.NettyRequestSender - Using open Channel [id: 0xd4fdb3a1, L:/127.0.0.1:52750 - R:localhost/127.0.0.1:61782] for POST '/session/ba886431b45bbd10451824374b5d5aeb/element'
15:14:01.827 [AsyncHttpClient-1-3] DEBUG o.a.netty.handler.HttpHandler - 

Request DefaultHttpRequest(decodeResult: success, version: HTTP/1.1)
POST /session/ba886431b45bbd10451824374b5d5aeb/element HTTP/1.1
User-Agent: selenium/4.4.0 (java windows)
Content-Length: 86
Content-Type: application/json; charset=utf-8
host: localhost:61782
accept: */*

Response DefaultHttpResponse(decodeResult: success, version: HTTP/1.1)
HTTP/1.1 200 OK
Content-Type: application/json; charset=utf-8
cache-control: no-cache
content-length: 88

15:14:01.828 [AsyncHttpClient-1-3] DEBUG o.a.netty.channel.ChannelManager - Adding key: http://localhost:61782 for channel [id: 0xd4fdb3a1, L:/127.0.0.1:52750 - R:localhost/127.0.0.1:61782]
15:14:01.833 [Forwarding isElementDisplayed on session ba886431b45bbd10451824374b5d5aeb to remote] DEBUG o.a.netty.request.NettyRequestSender - Using pooled Channel '[id: 0xd4fdb3a1, L:/127.0.0.1:52750 - R:localhost/127.0.0.1:61782]' for 'POST' to 'http://localhost:61782/session/ba886431b45bbd10451824374b5d5aeb/execute/sync'
15:14:01.833 [Forwarding isElementDisplayed on session ba886431b45bbd10451824374b5d5aeb to remote] DEBUG o.a.netty.request.NettyRequestSender - Using open Channel [id: 0xd4fdb3a1, L:/127.0.0.1:52750 - R:localhost/127.0.0.1:61782] for POST '/session/ba886431b45bbd10451824374b5d5aeb/execute/sync'
15:14:01.850 [AsyncHttpClient-1-3] DEBUG o.a.netty.handler.HttpHandler - 

Request DefaultHttpRequest(decodeResult: success, version: HTTP/1.1)
POST /session/ba886431b45bbd10451824374b5d5aeb/execute/sync HTTP/1.1
User-Agent: selenium/4.4.0 (java windows)
Content-Length: 48780
Content-Type: application/json; charset=utf-8
host: localhost:61782
accept: */*

Response DefaultHttpResponse(decodeResult: success, version: HTTP/1.1)
HTTP/1.1 200 OK
Content-Type: application/json; charset=utf-8
cache-control: no-cache
content-length: 14

15:14:01.851 [AsyncHttpClient-1-3] DEBUG o.a.netty.channel.ChannelManager - Adding key: http://localhost:61782 for channel [id: 0xd4fdb3a1, L:/127.0.0.1:52750 - R:localhost/127.0.0.1:61782]
15:14:01.852 [Forwarding findElement on session ba886431b45bbd10451824374b5d5aeb to remote] DEBUG o.a.netty.request.NettyRequestSender - Using pooled Channel '[id: 0xd4fdb3a1, L:/127.0.0.1:52750 - R:localhost/127.0.0.1:61782]' for 'POST' to 'http://localhost:61782/session/ba886431b45bbd10451824374b5d5aeb/element'
15:14:01.852 [Forwarding findElement on session ba886431b45bbd10451824374b5d5aeb to remote] DEBUG o.a.netty.request.NettyRequestSender - Using open Channel [id: 0xd4fdb3a1, L:/127.0.0.1:52750 - R:localhost/127.0.0.1:61782] for POST '/session/ba886431b45bbd10451824374b5d5aeb/element'
15:14:01.862 [AsyncHttpClient-1-3] DEBUG o.a.netty.handler.HttpHandler - 

Request DefaultHttpRequest(decodeResult: success, version: HTTP/1.1)
POST /session/ba886431b45bbd10451824374b5d5aeb/element HTTP/1.1
User-Agent: selenium/4.4.0 (java windows)
Content-Length: 86
Content-Type: application/json; charset=utf-8
host: localhost:61782
accept: */*

Response DefaultHttpResponse(decodeResult: success, version: HTTP/1.1)
HTTP/1.1 200 OK
Content-Type: application/json; charset=utf-8
cache-control: no-cache
content-length: 88

15:14:01.862 [AsyncHttpClient-1-3] DEBUG o.a.netty.channel.ChannelManager - Adding key: http://localhost:61782 for channel [id: 0xd4fdb3a1, L:/127.0.0.1:52750 - R:localhost/127.0.0.1:61782]
15:14:01.864 [Forwarding isElementEnabled on session ba886431b45bbd10451824374b5d5aeb to remote] DEBUG o.a.netty.request.NettyRequestSender - Using pooled Channel '[id: 0xd4fdb3a1, L:/127.0.0.1:52750 - R:localhost/127.0.0.1:61782]' for 'GET' to 'http://localhost:61782/session/ba886431b45bbd10451824374b5d5aeb/element/409ed73a-b1b9-4b92-b22e-adf7e165df9d/enabled'
15:14:01.864 [Forwarding isElementEnabled on session ba886431b45bbd10451824374b5d5aeb to remote] DEBUG o.a.netty.request.NettyRequestSender - Using open Channel [id: 0xd4fdb3a1, L:/127.0.0.1:52750 - R:localhost/127.0.0.1:61782] for GET '/session/ba886431b45bbd10451824374b5d5aeb/element/409ed73a-b1b9-4b92-b22e-adf7e165df9d/enabled'
15:14:01.876 [AsyncHttpClient-1-3] DEBUG o.a.netty.handler.HttpHandler - 

Request DefaultFullHttpRequest(decodeResult: success, version: HTTP/1.1, content: EmptyByteBufBE)
GET /session/ba886431b45bbd10451824374b5d5aeb/element/409ed73a-b1b9-4b92-b22e-adf7e165df9d/enabled HTTP/1.1
User-Agent: selenium/4.4.0 (java windows)
Cache-Control: no-cache
Content-Type: application/json; charset=utf-8
host: localhost:61782
accept: */*

Response DefaultHttpResponse(decodeResult: success, version: HTTP/1.1)
HTTP/1.1 200 OK
Content-Type: application/json; charset=utf-8
cache-control: no-cache
content-length: 14

15:14:01.876 [AsyncHttpClient-1-3] DEBUG o.a.netty.channel.ChannelManager - Adding key: http://localhost:61782 for channel [id: 0xd4fdb3a1, L:/127.0.0.1:52750 - R:localhost/127.0.0.1:61782]
15:14:01.878 [Forwarding findElement on session ba886431b45bbd10451824374b5d5aeb to remote] DEBUG o.a.netty.request.NettyRequestSender - Using pooled Channel '[id: 0xd4fdb3a1, L:/127.0.0.1:52750 - R:localhost/127.0.0.1:61782]' for 'POST' to 'http://localhost:61782/session/ba886431b45bbd10451824374b5d5aeb/element'
15:14:01.879 [Forwarding findElement on session ba886431b45bbd10451824374b5d5aeb to remote] DEBUG o.a.netty.request.NettyRequestSender - Using open Channel [id: 0xd4fdb3a1, L:/127.0.0.1:52750 - R:localhost/127.0.0.1:61782] for POST '/session/ba886431b45bbd10451824374b5d5aeb/element'
15:14:01.888 [AsyncHttpClient-1-3] DEBUG o.a.netty.handler.HttpHandler - 

Request DefaultHttpRequest(decodeResult: success, version: HTTP/1.1)
POST /session/ba886431b45bbd10451824374b5d5aeb/element HTTP/1.1
User-Agent: selenium/4.4.0 (java windows)
Content-Length: 86
Content-Type: application/json; charset=utf-8
host: localhost:61782
accept: */*

Response DefaultHttpResponse(decodeResult: success, version: HTTP/1.1)
HTTP/1.1 200 OK
Content-Type: application/json; charset=utf-8
cache-control: no-cache
content-length: 88

15:14:01.888 [AsyncHttpClient-1-3] DEBUG o.a.netty.channel.ChannelManager - Adding key: http://localhost:61782 for channel [id: 0xd4fdb3a1, L:/127.0.0.1:52750 - R:localhost/127.0.0.1:61782]
15:14:01.891 [Forwarding clickElement on session ba886431b45bbd10451824374b5d5aeb to remote] DEBUG o.a.netty.request.NettyRequestSender - Using pooled Channel '[id: 0xd4fdb3a1, L:/127.0.0.1:52750 - R:localhost/127.0.0.1:61782]' for 'POST' to 'http://localhost:61782/session/ba886431b45bbd10451824374b5d5aeb/element/409ed73a-b1b9-4b92-b22e-adf7e165df9d/click'
15:14:01.892 [Forwarding clickElement on session ba886431b45bbd10451824374b5d5aeb to remote] DEBUG o.a.netty.request.NettyRequestSender - Using open Channel [id: 0xd4fdb3a1, L:/127.0.0.1:52750 - R:localhost/127.0.0.1:61782] for POST '/session/ba886431b45bbd10451824374b5d5aeb/element/409ed73a-b1b9-4b92-b22e-adf7e165df9d/click'
15:14:01.959 [AsyncHttpClient-1-3] DEBUG o.a.netty.handler.HttpHandler - 

Request DefaultHttpRequest(decodeResult: success, version: HTTP/1.1)
POST /session/ba886431b45bbd10451824374b5d5aeb/element/409ed73a-b1b9-4b92-b22e-adf7e165df9d/click HTTP/1.1
User-Agent: selenium/4.4.0 (java windows)
Content-Length: 50
Content-Type: application/json; charset=utf-8
host: localhost:61782
accept: */*

Response DefaultHttpResponse(decodeResult: success, version: HTTP/1.1)
HTTP/1.1 200 OK
Content-Type: application/json; charset=utf-8
cache-control: no-cache
content-length: 14

15:14:01.960 [AsyncHttpClient-1-3] DEBUG o.a.netty.channel.ChannelManager - Adding key: http://localhost:61782 for channel [id: 0xd4fdb3a1, L:/127.0.0.1:52750 - R:localhost/127.0.0.1:61782]
15:14:01.993 [Forwarding findElement on session ba886431b45bbd10451824374b5d5aeb to remote] DEBUG o.a.netty.request.NettyRequestSender - Using pooled Channel '[id: 0xd4fdb3a1, L:/127.0.0.1:52750 - R:localhost/127.0.0.1:61782]' for 'POST' to 'http://localhost:61782/session/ba886431b45bbd10451824374b5d5aeb/element'
15:14:01.993 [Forwarding findElement on session ba886431b45bbd10451824374b5d5aeb to remote] DEBUG o.a.netty.request.NettyRequestSender - Using open Channel [id: 0xd4fdb3a1, L:/127.0.0.1:52750 - R:localhost/127.0.0.1:61782] for POST '/session/ba886431b45bbd10451824374b5d5aeb/element'
15:14:02.035 [AsyncHttpClient-1-3] DEBUG o.a.netty.handler.HttpHandler - 

Request DefaultHttpRequest(decodeResult: success, version: HTTP/1.1)
POST /session/ba886431b45bbd10451824374b5d5aeb/element HTTP/1.1
User-Agent: selenium/4.4.0 (java windows)
Content-Length: 86
Content-Type: application/json; charset=utf-8
host: localhost:61782
accept: */*

Response DefaultHttpResponse(decodeResult: success, version: HTTP/1.1)
HTTP/1.1 200 OK
Content-Type: application/json; charset=utf-8
cache-control: no-cache
content-length: 88

15:14:02.035 [AsyncHttpClient-1-3] DEBUG o.a.netty.channel.ChannelManager - Adding key: http://localhost:61782 for channel [id: 0xd4fdb3a1, L:/127.0.0.1:52750 - R:localhost/127.0.0.1:61782]
15:14:02.038 [Forwarding clearElement on session ba886431b45bbd10451824374b5d5aeb to remote] DEBUG o.a.netty.request.NettyRequestSender - Using pooled Channel '[id: 0xd4fdb3a1, L:/127.0.0.1:52750 - R:localhost/127.0.0.1:61782]' for 'POST' to 'http://localhost:61782/session/ba886431b45bbd10451824374b5d5aeb/element/409ed73a-b1b9-4b92-b22e-adf7e165df9d/clear'
15:14:02.038 [Forwarding clearElement on session ba886431b45bbd10451824374b5d5aeb to remote] DEBUG o.a.netty.request.NettyRequestSender - Using open Channel [id: 0xd4fdb3a1, L:/127.0.0.1:52750 - R:localhost/127.0.0.1:61782] for POST '/session/ba886431b45bbd10451824374b5d5aeb/element/409ed73a-b1b9-4b92-b22e-adf7e165df9d/clear'
15:14:02.174 [AsyncHttpClient-1-3] DEBUG o.a.netty.handler.HttpHandler - 

Request DefaultHttpRequest(decodeResult: success, version: HTTP/1.1)
POST /session/ba886431b45bbd10451824374b5d5aeb/element/409ed73a-b1b9-4b92-b22e-adf7e165df9d/clear HTTP/1.1
User-Agent: selenium/4.4.0 (java windows)
Content-Length: 50
Content-Type: application/json; charset=utf-8
host: localhost:61782
accept: */*

Response DefaultHttpResponse(decodeResult: success, version: HTTP/1.1)
HTTP/1.1 200 OK
Content-Type: application/json; charset=utf-8
cache-control: no-cache
content-length: 14

15:14:02.174 [AsyncHttpClient-1-3] DEBUG o.a.netty.channel.ChannelManager - Adding key: http://localhost:61782 for channel [id: 0xd4fdb3a1, L:/127.0.0.1:52750 - R:localhost/127.0.0.1:61782]
15:14:02.177 [Forwarding findElement on session ba886431b45bbd10451824374b5d5aeb to remote] DEBUG o.a.netty.request.NettyRequestSender - Using pooled Channel '[id: 0xd4fdb3a1, L:/127.0.0.1:52750 - R:localhost/127.0.0.1:61782]' for 'POST' to 'http://localhost:61782/session/ba886431b45bbd10451824374b5d5aeb/element'
15:14:02.177 [Forwarding findElement on session ba886431b45bbd10451824374b5d5aeb to remote] DEBUG o.a.netty.request.NettyRequestSender - Using open Channel [id: 0xd4fdb3a1, L:/127.0.0.1:52750 - R:localhost/127.0.0.1:61782] for POST '/session/ba886431b45bbd10451824374b5d5aeb/element'
15:14:02.188 [AsyncHttpClient-1-3] DEBUG o.a.netty.handler.HttpHandler - 

Request DefaultHttpRequest(decodeResult: success, version: HTTP/1.1)
POST /session/ba886431b45bbd10451824374b5d5aeb/element HTTP/1.1
User-Agent: selenium/4.4.0 (java windows)
Content-Length: 86
Content-Type: application/json; charset=utf-8
host: localhost:61782
accept: */*

Response DefaultHttpResponse(decodeResult: success, version: HTTP/1.1)
HTTP/1.1 200 OK
Content-Type: application/json; charset=utf-8
cache-control: no-cache
content-length: 88

15:14:02.188 [AsyncHttpClient-1-3] DEBUG o.a.netty.channel.ChannelManager - Adding key: http://localhost:61782 for channel [id: 0xd4fdb3a1, L:/127.0.0.1:52750 - R:localhost/127.0.0.1:61782]
15:14:02.191 [Forwarding sendKeysToElement on session ba886431b45bbd10451824374b5d5aeb to remote] DEBUG o.a.netty.request.NettyRequestSender - Using pooled Channel '[id: 0xd4fdb3a1, L:/127.0.0.1:52750 - R:localhost/127.0.0.1:61782]' for 'POST' to 'http://localhost:61782/session/ba886431b45bbd10451824374b5d5aeb/element/409ed73a-b1b9-4b92-b22e-adf7e165df9d/value'
15:14:02.191 [Forwarding sendKeysToElement on session ba886431b45bbd10451824374b5d5aeb to remote] DEBUG o.a.netty.request.NettyRequestSender - Using open Channel [id: 0xd4fdb3a1, L:/127.0.0.1:52750 - R:localhost/127.0.0.1:61782] for POST '/session/ba886431b45bbd10451824374b5d5aeb/element/409ed73a-b1b9-4b92-b22e-adf7e165df9d/value'
15:14:02.368 [AsyncHttpClient-1-3] DEBUG o.a.netty.handler.HttpHandler - 

Request DefaultHttpRequest(decodeResult: success, version: HTTP/1.1)
POST /session/ba886431b45bbd10451824374b5d5aeb/element/409ed73a-b1b9-4b92-b22e-adf7e165df9d/value HTTP/1.1
User-Agent: selenium/4.4.0 (java windows)
Content-Length: 211
Content-Type: application/json; charset=utf-8
host: localhost:61782
accept: */*

Response DefaultHttpResponse(decodeResult: success, version: HTTP/1.1)
HTTP/1.1 200 OK
Content-Type: application/json; charset=utf-8
cache-control: no-cache
content-length: 14

15:14:02.369 [AsyncHttpClient-1-3] DEBUG o.a.netty.channel.ChannelManager - Adding key: http://localhost:61782 for channel [id: 0xd4fdb3a1, L:/127.0.0.1:52750 - R:localhost/127.0.0.1:61782]
15:14:02.372 [Forwarding findElement on session ba886431b45bbd10451824374b5d5aeb to remote] DEBUG o.a.netty.request.NettyRequestSender - Using pooled Channel '[id: 0xd4fdb3a1, L:/127.0.0.1:52750 - R:localhost/127.0.0.1:61782]' for 'POST' to 'http://localhost:61782/session/ba886431b45bbd10451824374b5d5aeb/element'
15:14:02.373 [Forwarding findElement on session ba886431b45bbd10451824374b5d5aeb to remote] DEBUG o.a.netty.request.NettyRequestSender - Using open Channel [id: 0xd4fdb3a1, L:/127.0.0.1:52750 - R:localhost/127.0.0.1:61782] for POST '/session/ba886431b45bbd10451824374b5d5aeb/element'
15:14:02.397 [AsyncHttpClient-1-3] DEBUG o.a.netty.handler.HttpHandler - 

Request DefaultHttpRequest(decodeResult: success, version: HTTP/1.1)
POST /session/ba886431b45bbd10451824374b5d5aeb/element HTTP/1.1
User-Agent: selenium/4.4.0 (java windows)
Content-Length: 101
Content-Type: application/json; charset=utf-8
host: localhost:61782
accept: */*

Response DefaultHttpResponse(decodeResult: success, version: HTTP/1.1)
HTTP/1.1 200 OK
Content-Type: application/json; charset=utf-8
cache-control: no-cache
content-length: 88

15:14:02.398 [AsyncHttpClient-1-3] DEBUG o.a.netty.channel.ChannelManager - Adding key: http://localhost:61782 for channel [id: 0xd4fdb3a1, L:/127.0.0.1:52750 - R:localhost/127.0.0.1:61782]
15:14:02.407 [Forwarding isElementDisplayed on session ba886431b45bbd10451824374b5d5aeb to remote] DEBUG o.a.netty.request.NettyRequestSender - Using pooled Channel '[id: 0xd4fdb3a1, L:/127.0.0.1:52750 - R:localhost/127.0.0.1:61782]' for 'POST' to 'http://localhost:61782/session/ba886431b45bbd10451824374b5d5aeb/execute/sync'
15:14:02.407 [Forwarding isElementDisplayed on session ba886431b45bbd10451824374b5d5aeb to remote] DEBUG o.a.netty.request.NettyRequestSender - Using open Channel [id: 0xd4fdb3a1, L:/127.0.0.1:52750 - R:localhost/127.0.0.1:61782] for POST '/session/ba886431b45bbd10451824374b5d5aeb/execute/sync'
15:14:02.423 [AsyncHttpClient-1-3] DEBUG o.a.netty.handler.HttpHandler - 

Request DefaultHttpRequest(decodeResult: success, version: HTTP/1.1)
POST /session/ba886431b45bbd10451824374b5d5aeb/execute/sync HTTP/1.1
User-Agent: selenium/4.4.0 (java windows)
Content-Length: 48780
Content-Type: application/json; charset=utf-8
host: localhost:61782
accept: */*

Response DefaultHttpResponse(decodeResult: success, version: HTTP/1.1)
HTTP/1.1 200 OK
Content-Type: application/json; charset=utf-8
cache-control: no-cache
content-length: 14

15:14:02.423 [AsyncHttpClient-1-3] DEBUG o.a.netty.channel.ChannelManager - Adding key: http://localhost:61782 for channel [id: 0xd4fdb3a1, L:/127.0.0.1:52750 - R:localhost/127.0.0.1:61782]
15:14:02.425 [Forwarding findElement on session ba886431b45bbd10451824374b5d5aeb to remote] DEBUG o.a.netty.request.NettyRequestSender - Using pooled Channel '[id: 0xd4fdb3a1, L:/127.0.0.1:52750 - R:localhost/127.0.0.1:61782]' for 'POST' to 'http://localhost:61782/session/ba886431b45bbd10451824374b5d5aeb/element'
15:14:02.425 [Forwarding findElement on session ba886431b45bbd10451824374b5d5aeb to remote] DEBUG o.a.netty.request.NettyRequestSender - Using open Channel [id: 0xd4fdb3a1, L:/127.0.0.1:52750 - R:localhost/127.0.0.1:61782] for POST '/session/ba886431b45bbd10451824374b5d5aeb/element'
15:14:02.436 [AsyncHttpClient-1-3] DEBUG o.a.netty.handler.HttpHandler - 

Request DefaultHttpRequest(decodeResult: success, version: HTTP/1.1)
POST /session/ba886431b45bbd10451824374b5d5aeb/element HTTP/1.1
User-Agent: selenium/4.4.0 (java windows)
Content-Length: 101
Content-Type: application/json; charset=utf-8
host: localhost:61782
accept: */*

Response DefaultHttpResponse(decodeResult: success, version: HTTP/1.1)
HTTP/1.1 200 OK
Content-Type: application/json; charset=utf-8
cache-control: no-cache
content-length: 88

15:14:02.436 [AsyncHttpClient-1-3] DEBUG o.a.netty.channel.ChannelManager - Adding key: http://localhost:61782 for channel [id: 0xd4fdb3a1, L:/127.0.0.1:52750 - R:localhost/127.0.0.1:61782]
15:14:02.438 [Forwarding isElementEnabled on session ba886431b45bbd10451824374b5d5aeb to remote] DEBUG o.a.netty.request.NettyRequestSender - Using pooled Channel '[id: 0xd4fdb3a1, L:/127.0.0.1:52750 - R:localhost/127.0.0.1:61782]' for 'GET' to 'http://localhost:61782/session/ba886431b45bbd10451824374b5d5aeb/element/ca783406-67b2-4223-862e-80255720e80b/enabled'
15:14:02.438 [Forwarding isElementEnabled on session ba886431b45bbd10451824374b5d5aeb to remote] DEBUG o.a.netty.request.NettyRequestSender - Using open Channel [id: 0xd4fdb3a1, L:/127.0.0.1:52750 - R:localhost/127.0.0.1:61782] for GET '/session/ba886431b45bbd10451824374b5d5aeb/element/ca783406-67b2-4223-862e-80255720e80b/enabled'
15:14:02.453 [AsyncHttpClient-1-3] DEBUG o.a.netty.handler.HttpHandler - 

Request DefaultFullHttpRequest(decodeResult: success, version: HTTP/1.1, content: EmptyByteBufBE)
GET /session/ba886431b45bbd10451824374b5d5aeb/element/ca783406-67b2-4223-862e-80255720e80b/enabled HTTP/1.1
User-Agent: selenium/4.4.0 (java windows)
Cache-Control: no-cache
Content-Type: application/json; charset=utf-8
host: localhost:61782
accept: */*

Response DefaultHttpResponse(decodeResult: success, version: HTTP/1.1)
HTTP/1.1 200 OK
Content-Type: application/json; charset=utf-8
cache-control: no-cache
content-length: 14

15:14:02.453 [AsyncHttpClient-1-3] DEBUG o.a.netty.channel.ChannelManager - Adding key: http://localhost:61782 for channel [id: 0xd4fdb3a1, L:/127.0.0.1:52750 - R:localhost/127.0.0.1:61782]
15:14:02.455 [Forwarding findElement on session ba886431b45bbd10451824374b5d5aeb to remote] DEBUG o.a.netty.request.NettyRequestSender - Using pooled Channel '[id: 0xd4fdb3a1, L:/127.0.0.1:52750 - R:localhost/127.0.0.1:61782]' for 'POST' to 'http://localhost:61782/session/ba886431b45bbd10451824374b5d5aeb/element'
15:14:02.455 [Forwarding findElement on session ba886431b45bbd10451824374b5d5aeb to remote] DEBUG o.a.netty.request.NettyRequestSender - Using open Channel [id: 0xd4fdb3a1, L:/127.0.0.1:52750 - R:localhost/127.0.0.1:61782] for POST '/session/ba886431b45bbd10451824374b5d5aeb/element'
15:14:02.467 [AsyncHttpClient-1-3] DEBUG o.a.netty.handler.HttpHandler - 

Request DefaultHttpRequest(decodeResult: success, version: HTTP/1.1)
POST /session/ba886431b45bbd10451824374b5d5aeb/element HTTP/1.1
User-Agent: selenium/4.4.0 (java windows)
Content-Length: 101
Content-Type: application/json; charset=utf-8
host: localhost:61782
accept: */*

Response DefaultHttpResponse(decodeResult: success, version: HTTP/1.1)
HTTP/1.1 200 OK
Content-Type: application/json; charset=utf-8
cache-control: no-cache
content-length: 88

15:14:02.467 [AsyncHttpClient-1-3] DEBUG o.a.netty.channel.ChannelManager - Adding key: http://localhost:61782 for channel [id: 0xd4fdb3a1, L:/127.0.0.1:52750 - R:localhost/127.0.0.1:61782]
15:14:02.470 [Forwarding clickElement on session ba886431b45bbd10451824374b5d5aeb to remote] DEBUG o.a.netty.request.NettyRequestSender - Using pooled Channel '[id: 0xd4fdb3a1, L:/127.0.0.1:52750 - R:localhost/127.0.0.1:61782]' for 'POST' to 'http://localhost:61782/session/ba886431b45bbd10451824374b5d5aeb/element/ca783406-67b2-4223-862e-80255720e80b/click'
15:14:02.471 [Forwarding clickElement on session ba886431b45bbd10451824374b5d5aeb to remote] DEBUG o.a.netty.request.NettyRequestSender - Using open Channel [id: 0xd4fdb3a1, L:/127.0.0.1:52750 - R:localhost/127.0.0.1:61782] for POST '/session/ba886431b45bbd10451824374b5d5aeb/element/ca783406-67b2-4223-862e-80255720e80b/click'
15:14:02.534 [AsyncHttpClient-1-3] DEBUG o.a.netty.handler.HttpHandler - 

Request DefaultHttpRequest(decodeResult: success, version: HTTP/1.1)
POST /session/ba886431b45bbd10451824374b5d5aeb/element/ca783406-67b2-4223-862e-80255720e80b/click HTTP/1.1
User-Agent: selenium/4.4.0 (java windows)
Content-Length: 50
Content-Type: application/json; charset=utf-8
host: localhost:61782
accept: */*

Response DefaultHttpResponse(decodeResult: success, version: HTTP/1.1)
HTTP/1.1 200 OK
Content-Type: application/json; charset=utf-8
cache-control: no-cache
content-length: 14

15:14:02.535 [AsyncHttpClient-1-3] DEBUG o.a.netty.channel.ChannelManager - Adding key: http://localhost:61782 for channel [id: 0xd4fdb3a1, L:/127.0.0.1:52750 - R:localhost/127.0.0.1:61782]
15:14:02.539 [Forwarding findElement on session ba886431b45bbd10451824374b5d5aeb to remote] DEBUG o.a.netty.request.NettyRequestSender - Using pooled Channel '[id: 0xd4fdb3a1, L:/127.0.0.1:52750 - R:localhost/127.0.0.1:61782]' for 'POST' to 'http://localhost:61782/session/ba886431b45bbd10451824374b5d5aeb/element'
15:14:02.540 [Forwarding findElement on session ba886431b45bbd10451824374b5d5aeb to remote] DEBUG o.a.netty.request.NettyRequestSender - Using open Channel [id: 0xd4fdb3a1, L:/127.0.0.1:52750 - R:localhost/127.0.0.1:61782] for POST '/session/ba886431b45bbd10451824374b5d5aeb/element'
15:14:02.554 [AsyncHttpClient-1-3] DEBUG o.a.netty.handler.HttpHandler - 

Request DefaultHttpRequest(decodeResult: success, version: HTTP/1.1)
POST /session/ba886431b45bbd10451824374b5d5aeb/element HTTP/1.1
User-Agent: selenium/4.4.0 (java windows)
Content-Length: 101
Content-Type: application/json; charset=utf-8
host: localhost:61782
accept: */*

Response DefaultHttpResponse(decodeResult: success, version: HTTP/1.1)
HTTP/1.1 200 OK
Content-Type: application/json; charset=utf-8
cache-control: no-cache
content-length: 88

15:14:02.555 [AsyncHttpClient-1-3] DEBUG o.a.netty.channel.ChannelManager - Adding key: http://localhost:61782 for channel [id: 0xd4fdb3a1, L:/127.0.0.1:52750 - R:localhost/127.0.0.1:61782]
15:14:02.556 [Forwarding clearElement on session ba886431b45bbd10451824374b5d5aeb to remote] DEBUG o.a.netty.request.NettyRequestSender - Using pooled Channel '[id: 0xd4fdb3a1, L:/127.0.0.1:52750 - R:localhost/127.0.0.1:61782]' for 'POST' to 'http://localhost:61782/session/ba886431b45bbd10451824374b5d5aeb/element/ca783406-67b2-4223-862e-80255720e80b/clear'
15:14:02.556 [Forwarding clearElement on session ba886431b45bbd10451824374b5d5aeb to remote] DEBUG o.a.netty.request.NettyRequestSender - Using open Channel [id: 0xd4fdb3a1, L:/127.0.0.1:52750 - R:localhost/127.0.0.1:61782] for POST '/session/ba886431b45bbd10451824374b5d5aeb/element/ca783406-67b2-4223-862e-80255720e80b/clear'
15:14:02.590 [AsyncHttpClient-1-3] DEBUG o.a.netty.handler.HttpHandler - 

Request DefaultHttpRequest(decodeResult: success, version: HTTP/1.1)
POST /session/ba886431b45bbd10451824374b5d5aeb/element/ca783406-67b2-4223-862e-80255720e80b/clear HTTP/1.1
User-Agent: selenium/4.4.0 (java windows)
Content-Length: 50
Content-Type: application/json; charset=utf-8
host: localhost:61782
accept: */*

Response DefaultHttpResponse(decodeResult: success, version: HTTP/1.1)
HTTP/1.1 200 OK
Content-Type: application/json; charset=utf-8
cache-control: no-cache
content-length: 14

15:14:02.590 [AsyncHttpClient-1-3] DEBUG o.a.netty.channel.ChannelManager - Adding key: http://localhost:61782 for channel [id: 0xd4fdb3a1, L:/127.0.0.1:52750 - R:localhost/127.0.0.1:61782]
15:14:02.592 [Forwarding findElement on session ba886431b45bbd10451824374b5d5aeb to remote] DEBUG o.a.netty.request.NettyRequestSender - Using pooled Channel '[id: 0xd4fdb3a1, L:/127.0.0.1:52750 - R:localhost/127.0.0.1:61782]' for 'POST' to 'http://localhost:61782/session/ba886431b45bbd10451824374b5d5aeb/element'
15:14:02.592 [Forwarding findElement on session ba886431b45bbd10451824374b5d5aeb to remote] DEBUG o.a.netty.request.NettyRequestSender - Using open Channel [id: 0xd4fdb3a1, L:/127.0.0.1:52750 - R:localhost/127.0.0.1:61782] for POST '/session/ba886431b45bbd10451824374b5d5aeb/element'
15:14:02.602 [AsyncHttpClient-1-3] DEBUG o.a.netty.handler.HttpHandler - 

Request DefaultHttpRequest(decodeResult: success, version: HTTP/1.1)
POST /session/ba886431b45bbd10451824374b5d5aeb/element HTTP/1.1
User-Agent: selenium/4.4.0 (java windows)
Content-Length: 101
Content-Type: application/json; charset=utf-8
host: localhost:61782
accept: */*

Response DefaultHttpResponse(decodeResult: success, version: HTTP/1.1)
HTTP/1.1 200 OK
Content-Type: application/json; charset=utf-8
cache-control: no-cache
content-length: 88

15:14:02.602 [AsyncHttpClient-1-3] DEBUG o.a.netty.channel.ChannelManager - Adding key: http://localhost:61782 for channel [id: 0xd4fdb3a1, L:/127.0.0.1:52750 - R:localhost/127.0.0.1:61782]
15:14:02.604 [Forwarding sendKeysToElement on session ba886431b45bbd10451824374b5d5aeb to remote] DEBUG o.a.netty.request.NettyRequestSender - Using pooled Channel '[id: 0xd4fdb3a1, L:/127.0.0.1:52750 - R:localhost/127.0.0.1:61782]' for 'POST' to 'http://localhost:61782/session/ba886431b45bbd10451824374b5d5aeb/element/ca783406-67b2-4223-862e-80255720e80b/value'
15:14:02.604 [Forwarding sendKeysToElement on session ba886431b45bbd10451824374b5d5aeb to remote] DEBUG o.a.netty.request.NettyRequestSender - Using open Channel [id: 0xd4fdb3a1, L:/127.0.0.1:52750 - R:localhost/127.0.0.1:61782] for POST '/session/ba886431b45bbd10451824374b5d5aeb/element/ca783406-67b2-4223-862e-80255720e80b/value'
15:14:02.635 [AsyncHttpClient-1-1] DEBUG o.a.netty.channel.DefaultChannelPool - Entry count for : http://localhost:52751 : 1
15:14:02.710 [AsyncHttpClient-1-3] DEBUG o.a.netty.handler.HttpHandler - 

Request DefaultHttpRequest(decodeResult: success, version: HTTP/1.1)
POST /session/ba886431b45bbd10451824374b5d5aeb/element/ca783406-67b2-4223-862e-80255720e80b/value HTTP/1.1
User-Agent: selenium/4.4.0 (java windows)
Content-Length: 171
Content-Type: application/json; charset=utf-8
host: localhost:61782
accept: */*

Response DefaultHttpResponse(decodeResult: success, version: HTTP/1.1)
HTTP/1.1 200 OK
Content-Type: application/json; charset=utf-8
cache-control: no-cache
content-length: 14

15:14:02.710 [AsyncHttpClient-1-3] DEBUG o.a.netty.channel.ChannelManager - Adding key: http://localhost:61782 for channel [id: 0xd4fdb3a1, L:/127.0.0.1:52750 - R:localhost/127.0.0.1:61782]
15:14:02.712 [Forwarding findElement on session ba886431b45bbd10451824374b5d5aeb to remote] DEBUG o.a.netty.request.NettyRequestSender - Using pooled Channel '[id: 0xd4fdb3a1, L:/127.0.0.1:52750 - R:localhost/127.0.0.1:61782]' for 'POST' to 'http://localhost:61782/session/ba886431b45bbd10451824374b5d5aeb/element'
15:14:02.713 [Forwarding findElement on session ba886431b45bbd10451824374b5d5aeb to remote] DEBUG o.a.netty.request.NettyRequestSender - Using open Channel [id: 0xd4fdb3a1, L:/127.0.0.1:52750 - R:localhost/127.0.0.1:61782] for POST '/session/ba886431b45bbd10451824374b5d5aeb/element'
15:14:02.732 [AsyncHttpClient-1-3] DEBUG o.a.netty.handler.HttpHandler - 

Request DefaultHttpRequest(decodeResult: success, version: HTTP/1.1)
POST /session/ba886431b45bbd10451824374b5d5aeb/element HTTP/1.1
User-Agent: selenium/4.4.0 (java windows)
Content-Length: 101
Content-Type: application/json; charset=utf-8
host: localhost:61782
accept: */*

Response DefaultHttpResponse(decodeResult: success, version: HTTP/1.1)
HTTP/1.1 200 OK
Content-Type: application/json; charset=utf-8
cache-control: no-cache
content-length: 88

15:14:02.732 [AsyncHttpClient-1-3] DEBUG o.a.netty.channel.ChannelManager - Adding key: http://localhost:61782 for channel [id: 0xd4fdb3a1, L:/127.0.0.1:52750 - R:localhost/127.0.0.1:61782]
15:14:02.740 [Forwarding isElementDisplayed on session ba886431b45bbd10451824374b5d5aeb to remote] DEBUG o.a.netty.request.NettyRequestSender - Using pooled Channel '[id: 0xd4fdb3a1, L:/127.0.0.1:52750 - R:localhost/127.0.0.1:61782]' for 'POST' to 'http://localhost:61782/session/ba886431b45bbd10451824374b5d5aeb/execute/sync'
15:14:02.740 [Forwarding isElementDisplayed on session ba886431b45bbd10451824374b5d5aeb to remote] DEBUG o.a.netty.request.NettyRequestSender - Using open Channel [id: 0xd4fdb3a1, L:/127.0.0.1:52750 - R:localhost/127.0.0.1:61782] for POST '/session/ba886431b45bbd10451824374b5d5aeb/execute/sync'
15:14:02.754 [AsyncHttpClient-1-3] DEBUG o.a.netty.handler.HttpHandler - 

Request DefaultHttpRequest(decodeResult: success, version: HTTP/1.1)
POST /session/ba886431b45bbd10451824374b5d5aeb/execute/sync HTTP/1.1
User-Agent: selenium/4.4.0 (java windows)
Content-Length: 48780
Content-Type: application/json; charset=utf-8
host: localhost:61782
accept: */*

Response DefaultHttpResponse(decodeResult: success, version: HTTP/1.1)
HTTP/1.1 200 OK
Content-Type: application/json; charset=utf-8
cache-control: no-cache
content-length: 14

15:14:02.754 [AsyncHttpClient-1-3] DEBUG o.a.netty.channel.ChannelManager - Adding key: http://localhost:61782 for channel [id: 0xd4fdb3a1, L:/127.0.0.1:52750 - R:localhost/127.0.0.1:61782]
15:14:02.756 [Forwarding findElement on session ba886431b45bbd10451824374b5d5aeb to remote] DEBUG o.a.netty.request.NettyRequestSender - Using pooled Channel '[id: 0xd4fdb3a1, L:/127.0.0.1:52750 - R:localhost/127.0.0.1:61782]' for 'POST' to 'http://localhost:61782/session/ba886431b45bbd10451824374b5d5aeb/element'
15:14:02.756 [Forwarding findElement on session ba886431b45bbd10451824374b5d5aeb to remote] DEBUG o.a.netty.request.NettyRequestSender - Using open Channel [id: 0xd4fdb3a1, L:/127.0.0.1:52750 - R:localhost/127.0.0.1:61782] for POST '/session/ba886431b45bbd10451824374b5d5aeb/element'
15:14:02.765 [AsyncHttpClient-1-3] DEBUG o.a.netty.handler.HttpHandler - 

Request DefaultHttpRequest(decodeResult: success, version: HTTP/1.1)
POST /session/ba886431b45bbd10451824374b5d5aeb/element HTTP/1.1
User-Agent: selenium/4.4.0 (java windows)
Content-Length: 101
Content-Type: application/json; charset=utf-8
host: localhost:61782
accept: */*

Response DefaultHttpResponse(decodeResult: success, version: HTTP/1.1)
HTTP/1.1 200 OK
Content-Type: application/json; charset=utf-8
cache-control: no-cache
content-length: 88

15:14:02.766 [AsyncHttpClient-1-3] DEBUG o.a.netty.channel.ChannelManager - Adding key: http://localhost:61782 for channel [id: 0xd4fdb3a1, L:/127.0.0.1:52750 - R:localhost/127.0.0.1:61782]
15:14:02.767 [Forwarding isElementEnabled on session ba886431b45bbd10451824374b5d5aeb to remote] DEBUG o.a.netty.request.NettyRequestSender - Using pooled Channel '[id: 0xd4fdb3a1, L:/127.0.0.1:52750 - R:localhost/127.0.0.1:61782]' for 'GET' to 'http://localhost:61782/session/ba886431b45bbd10451824374b5d5aeb/element/80608a93-e31a-459d-819a-ebbde797f70f/enabled'
15:14:02.767 [Forwarding isElementEnabled on session ba886431b45bbd10451824374b5d5aeb to remote] DEBUG o.a.netty.request.NettyRequestSender - Using open Channel [id: 0xd4fdb3a1, L:/127.0.0.1:52750 - R:localhost/127.0.0.1:61782] for GET '/session/ba886431b45bbd10451824374b5d5aeb/element/80608a93-e31a-459d-819a-ebbde797f70f/enabled'
15:14:02.779 [AsyncHttpClient-1-3] DEBUG o.a.netty.handler.HttpHandler - 

Request DefaultFullHttpRequest(decodeResult: success, version: HTTP/1.1, content: EmptyByteBufBE)
GET /session/ba886431b45bbd10451824374b5d5aeb/element/80608a93-e31a-459d-819a-ebbde797f70f/enabled HTTP/1.1
User-Agent: selenium/4.4.0 (java windows)
Cache-Control: no-cache
Content-Type: application/json; charset=utf-8
host: localhost:61782
accept: */*

Response DefaultHttpResponse(decodeResult: success, version: HTTP/1.1)
HTTP/1.1 200 OK
Content-Type: application/json; charset=utf-8
cache-control: no-cache
content-length: 14

15:14:02.779 [AsyncHttpClient-1-3] DEBUG o.a.netty.channel.ChannelManager - Adding key: http://localhost:61782 for channel [id: 0xd4fdb3a1, L:/127.0.0.1:52750 - R:localhost/127.0.0.1:61782]
15:14:02.781 [Forwarding findElement on session ba886431b45bbd10451824374b5d5aeb to remote] DEBUG o.a.netty.request.NettyRequestSender - Using pooled Channel '[id: 0xd4fdb3a1, L:/127.0.0.1:52750 - R:localhost/127.0.0.1:61782]' for 'POST' to 'http://localhost:61782/session/ba886431b45bbd10451824374b5d5aeb/element'
15:14:02.781 [Forwarding findElement on session ba886431b45bbd10451824374b5d5aeb to remote] DEBUG o.a.netty.request.NettyRequestSender - Using open Channel [id: 0xd4fdb3a1, L:/127.0.0.1:52750 - R:localhost/127.0.0.1:61782] for POST '/session/ba886431b45bbd10451824374b5d5aeb/element'
15:14:02.791 [AsyncHttpClient-1-3] DEBUG o.a.netty.handler.HttpHandler - 

Request DefaultHttpRequest(decodeResult: success, version: HTTP/1.1)
POST /session/ba886431b45bbd10451824374b5d5aeb/element HTTP/1.1
User-Agent: selenium/4.4.0 (java windows)
Content-Length: 101
Content-Type: application/json; charset=utf-8
host: localhost:61782
accept: */*

Response DefaultHttpResponse(decodeResult: success, version: HTTP/1.1)
HTTP/1.1 200 OK
Content-Type: application/json; charset=utf-8
cache-control: no-cache
content-length: 88

15:14:02.792 [AsyncHttpClient-1-3] DEBUG o.a.netty.channel.ChannelManager - Adding key: http://localhost:61782 for channel [id: 0xd4fdb3a1, L:/127.0.0.1:52750 - R:localhost/127.0.0.1:61782]
15:14:02.793 [Forwarding clickElement on session ba886431b45bbd10451824374b5d5aeb to remote] DEBUG o.a.netty.request.NettyRequestSender - Using pooled Channel '[id: 0xd4fdb3a1, L:/127.0.0.1:52750 - R:localhost/127.0.0.1:61782]' for 'POST' to 'http://localhost:61782/session/ba886431b45bbd10451824374b5d5aeb/element/80608a93-e31a-459d-819a-ebbde797f70f/click'
15:14:02.794 [Forwarding clickElement on session ba886431b45bbd10451824374b5d5aeb to remote] DEBUG o.a.netty.request.NettyRequestSender - Using open Channel [id: 0xd4fdb3a1, L:/127.0.0.1:52750 - R:localhost/127.0.0.1:61782] for POST '/session/ba886431b45bbd10451824374b5d5aeb/element/80608a93-e31a-459d-819a-ebbde797f70f/click'
15:14:02.849 [AsyncHttpClient-1-3] DEBUG o.a.netty.handler.HttpHandler - 

Request DefaultHttpRequest(decodeResult: success, version: HTTP/1.1)
POST /session/ba886431b45bbd10451824374b5d5aeb/element/80608a93-e31a-459d-819a-ebbde797f70f/click HTTP/1.1
User-Agent: selenium/4.4.0 (java windows)
Content-Length: 50
Content-Type: application/json; charset=utf-8
host: localhost:61782
accept: */*

Response DefaultHttpResponse(decodeResult: success, version: HTTP/1.1)
HTTP/1.1 200 OK
Content-Type: application/json; charset=utf-8
cache-control: no-cache
content-length: 14

15:14:02.850 [AsyncHttpClient-1-3] DEBUG o.a.netty.channel.ChannelManager - Adding key: http://localhost:61782 for channel [id: 0xd4fdb3a1, L:/127.0.0.1:52750 - R:localhost/127.0.0.1:61782]
15:14:02.853 [Forwarding findElement on session ba886431b45bbd10451824374b5d5aeb to remote] DEBUG o.a.netty.request.NettyRequestSender - Using pooled Channel '[id: 0xd4fdb3a1, L:/127.0.0.1:52750 - R:localhost/127.0.0.1:61782]' for 'POST' to 'http://localhost:61782/session/ba886431b45bbd10451824374b5d5aeb/element'
15:14:02.853 [Forwarding findElement on session ba886431b45bbd10451824374b5d5aeb to remote] DEBUG o.a.netty.request.NettyRequestSender - Using open Channel [id: 0xd4fdb3a1, L:/127.0.0.1:52750 - R:localhost/127.0.0.1:61782] for POST '/session/ba886431b45bbd10451824374b5d5aeb/element'
15:14:02.870 [AsyncHttpClient-1-3] DEBUG o.a.netty.handler.HttpHandler - 

Request DefaultHttpRequest(decodeResult: success, version: HTTP/1.1)
POST /session/ba886431b45bbd10451824374b5d5aeb/element HTTP/1.1
User-Agent: selenium/4.4.0 (java windows)
Content-Length: 101
Content-Type: application/json; charset=utf-8
host: localhost:61782
accept: */*

Response DefaultHttpResponse(decodeResult: success, version: HTTP/1.1)
HTTP/1.1 200 OK
Content-Type: application/json; charset=utf-8
cache-control: no-cache
content-length: 88

15:14:02.870 [AsyncHttpClient-1-3] DEBUG o.a.netty.channel.ChannelManager - Adding key: http://localhost:61782 for channel [id: 0xd4fdb3a1, L:/127.0.0.1:52750 - R:localhost/127.0.0.1:61782]
15:14:02.873 [Forwarding clearElement on session ba886431b45bbd10451824374b5d5aeb to remote] DEBUG o.a.netty.request.NettyRequestSender - Using pooled Channel '[id: 0xd4fdb3a1, L:/127.0.0.1:52750 - R:localhost/127.0.0.1:61782]' for 'POST' to 'http://localhost:61782/session/ba886431b45bbd10451824374b5d5aeb/element/80608a93-e31a-459d-819a-ebbde797f70f/clear'
15:14:02.874 [Forwarding clearElement on session ba886431b45bbd10451824374b5d5aeb to remote] DEBUG o.a.netty.request.NettyRequestSender - Using open Channel [id: 0xd4fdb3a1, L:/127.0.0.1:52750 - R:localhost/127.0.0.1:61782] for POST '/session/ba886431b45bbd10451824374b5d5aeb/element/80608a93-e31a-459d-819a-ebbde797f70f/clear'
15:14:02.906 [AsyncHttpClient-1-3] DEBUG o.a.netty.handler.HttpHandler - 

Request DefaultHttpRequest(decodeResult: success, version: HTTP/1.1)
POST /session/ba886431b45bbd10451824374b5d5aeb/element/80608a93-e31a-459d-819a-ebbde797f70f/clear HTTP/1.1
User-Agent: selenium/4.4.0 (java windows)
Content-Length: 50
Content-Type: application/json; charset=utf-8
host: localhost:61782
accept: */*

Response DefaultHttpResponse(decodeResult: success, version: HTTP/1.1)
HTTP/1.1 200 OK
Content-Type: application/json; charset=utf-8
cache-control: no-cache
content-length: 14

15:14:02.907 [AsyncHttpClient-1-3] DEBUG o.a.netty.channel.ChannelManager - Adding key: http://localhost:61782 for channel [id: 0xd4fdb3a1, L:/127.0.0.1:52750 - R:localhost/127.0.0.1:61782]
15:14:02.908 [Forwarding findElement on session ba886431b45bbd10451824374b5d5aeb to remote] DEBUG o.a.netty.request.NettyRequestSender - Using pooled Channel '[id: 0xd4fdb3a1, L:/127.0.0.1:52750 - R:localhost/127.0.0.1:61782]' for 'POST' to 'http://localhost:61782/session/ba886431b45bbd10451824374b5d5aeb/element'
15:14:02.908 [Forwarding findElement on session ba886431b45bbd10451824374b5d5aeb to remote] DEBUG o.a.netty.request.NettyRequestSender - Using open Channel [id: 0xd4fdb3a1, L:/127.0.0.1:52750 - R:localhost/127.0.0.1:61782] for POST '/session/ba886431b45bbd10451824374b5d5aeb/element'
15:14:02.916 [AsyncHttpClient-1-3] DEBUG o.a.netty.handler.HttpHandler - 

Request DefaultHttpRequest(decodeResult: success, version: HTTP/1.1)
POST /session/ba886431b45bbd10451824374b5d5aeb/element HTTP/1.1
User-Agent: selenium/4.4.0 (java windows)
Content-Length: 101
Content-Type: application/json; charset=utf-8
host: localhost:61782
accept: */*

Response DefaultHttpResponse(decodeResult: success, version: HTTP/1.1)
HTTP/1.1 200 OK
Content-Type: application/json; charset=utf-8
cache-control: no-cache
content-length: 88

15:14:02.917 [AsyncHttpClient-1-3] DEBUG o.a.netty.channel.ChannelManager - Adding key: http://localhost:61782 for channel [id: 0xd4fdb3a1, L:/127.0.0.1:52750 - R:localhost/127.0.0.1:61782]
15:14:02.919 [Forwarding sendKeysToElement on session ba886431b45bbd10451824374b5d5aeb to remote] DEBUG o.a.netty.request.NettyRequestSender - Using pooled Channel '[id: 0xd4fdb3a1, L:/127.0.0.1:52750 - R:localhost/127.0.0.1:61782]' for 'POST' to 'http://localhost:61782/session/ba886431b45bbd10451824374b5d5aeb/element/80608a93-e31a-459d-819a-ebbde797f70f/value'
15:14:02.919 [Forwarding sendKeysToElement on session ba886431b45bbd10451824374b5d5aeb to remote] DEBUG o.a.netty.request.NettyRequestSender - Using open Channel [id: 0xd4fdb3a1, L:/127.0.0.1:52750 - R:localhost/127.0.0.1:61782] for POST '/session/ba886431b45bbd10451824374b5d5aeb/element/80608a93-e31a-459d-819a-ebbde797f70f/value'
15:14:03.023 [AsyncHttpClient-1-3] DEBUG o.a.netty.handler.HttpHandler - 

Request DefaultHttpRequest(decodeResult: success, version: HTTP/1.1)
POST /session/ba886431b45bbd10451824374b5d5aeb/element/80608a93-e31a-459d-819a-ebbde797f70f/value HTTP/1.1
User-Agent: selenium/4.4.0 (java windows)
Content-Length: 171
Content-Type: application/json; charset=utf-8
host: localhost:61782
accept: */*

Response DefaultHttpResponse(decodeResult: success, version: HTTP/1.1)
HTTP/1.1 200 OK
Content-Type: application/json; charset=utf-8
cache-control: no-cache
content-length: 14

15:14:03.024 [AsyncHttpClient-1-3] DEBUG o.a.netty.channel.ChannelManager - Adding key: http://localhost:61782 for channel [id: 0xd4fdb3a1, L:/127.0.0.1:52750 - R:localhost/127.0.0.1:61782]
15:14:03.027 [Forwarding findElement on session ba886431b45bbd10451824374b5d5aeb to remote] DEBUG o.a.netty.request.NettyRequestSender - Using pooled Channel '[id: 0xd4fdb3a1, L:/127.0.0.1:52750 - R:localhost/127.0.0.1:61782]' for 'POST' to 'http://localhost:61782/session/ba886431b45bbd10451824374b5d5aeb/element'
15:14:03.028 [Forwarding findElement on session ba886431b45bbd10451824374b5d5aeb to remote] DEBUG o.a.netty.request.NettyRequestSender - Using open Channel [id: 0xd4fdb3a1, L:/127.0.0.1:52750 - R:localhost/127.0.0.1:61782] for POST '/session/ba886431b45bbd10451824374b5d5aeb/element'
15:14:03.049 [AsyncHttpClient-1-3] DEBUG o.a.netty.handler.HttpHandler - 

Request DefaultHttpRequest(decodeResult: success, version: HTTP/1.1)
POST /session/ba886431b45bbd10451824374b5d5aeb/element HTTP/1.1
User-Agent: selenium/4.4.0 (java windows)
Content-Length: 69
Content-Type: application/json; charset=utf-8
host: localhost:61782
accept: */*

Response DefaultHttpResponse(decodeResult: success, version: HTTP/1.1)
HTTP/1.1 200 OK
Content-Type: application/json; charset=utf-8
cache-control: no-cache
content-length: 88

15:14:03.049 [AsyncHttpClient-1-3] DEBUG o.a.netty.channel.ChannelManager - Adding key: http://localhost:61782 for channel [id: 0xd4fdb3a1, L:/127.0.0.1:52750 - R:localhost/127.0.0.1:61782]
15:14:03.057 [Forwarding isElementDisplayed on session ba886431b45bbd10451824374b5d5aeb to remote] DEBUG o.a.netty.request.NettyRequestSender - Using pooled Channel '[id: 0xd4fdb3a1, L:/127.0.0.1:52750 - R:localhost/127.0.0.1:61782]' for 'POST' to 'http://localhost:61782/session/ba886431b45bbd10451824374b5d5aeb/execute/sync'
15:14:03.057 [Forwarding isElementDisplayed on session ba886431b45bbd10451824374b5d5aeb to remote] DEBUG o.a.netty.request.NettyRequestSender - Using open Channel [id: 0xd4fdb3a1, L:/127.0.0.1:52750 - R:localhost/127.0.0.1:61782] for POST '/session/ba886431b45bbd10451824374b5d5aeb/execute/sync'
15:14:03.072 [AsyncHttpClient-1-3] DEBUG o.a.netty.handler.HttpHandler - 

Request DefaultHttpRequest(decodeResult: success, version: HTTP/1.1)
POST /session/ba886431b45bbd10451824374b5d5aeb/execute/sync HTTP/1.1
User-Agent: selenium/4.4.0 (java windows)
Content-Length: 48780
Content-Type: application/json; charset=utf-8
host: localhost:61782
accept: */*

Response DefaultHttpResponse(decodeResult: success, version: HTTP/1.1)
HTTP/1.1 200 OK
Content-Type: application/json; charset=utf-8
cache-control: no-cache
content-length: 14

15:14:03.072 [AsyncHttpClient-1-3] DEBUG o.a.netty.channel.ChannelManager - Adding key: http://localhost:61782 for channel [id: 0xd4fdb3a1, L:/127.0.0.1:52750 - R:localhost/127.0.0.1:61782]
15:14:03.074 [Forwarding findElement on session ba886431b45bbd10451824374b5d5aeb to remote] DEBUG o.a.netty.request.NettyRequestSender - Using pooled Channel '[id: 0xd4fdb3a1, L:/127.0.0.1:52750 - R:localhost/127.0.0.1:61782]' for 'POST' to 'http://localhost:61782/session/ba886431b45bbd10451824374b5d5aeb/element'
15:14:03.075 [Forwarding findElement on session ba886431b45bbd10451824374b5d5aeb to remote] DEBUG o.a.netty.request.NettyRequestSender - Using open Channel [id: 0xd4fdb3a1, L:/127.0.0.1:52750 - R:localhost/127.0.0.1:61782] for POST '/session/ba886431b45bbd10451824374b5d5aeb/element'
15:14:03.085 [AsyncHttpClient-1-3] DEBUG o.a.netty.handler.HttpHandler - 

Request DefaultHttpRequest(decodeResult: success, version: HTTP/1.1)
POST /session/ba886431b45bbd10451824374b5d5aeb/element HTTP/1.1
User-Agent: selenium/4.4.0 (java windows)
Content-Length: 69
Content-Type: application/json; charset=utf-8
host: localhost:61782
accept: */*

Response DefaultHttpResponse(decodeResult: success, version: HTTP/1.1)
HTTP/1.1 200 OK
Content-Type: application/json; charset=utf-8
cache-control: no-cache
content-length: 88

15:14:03.085 [AsyncHttpClient-1-3] DEBUG o.a.netty.channel.ChannelManager - Adding key: http://localhost:61782 for channel [id: 0xd4fdb3a1, L:/127.0.0.1:52750 - R:localhost/127.0.0.1:61782]
15:14:03.087 [Forwarding isElementEnabled on session ba886431b45bbd10451824374b5d5aeb to remote] DEBUG o.a.netty.request.NettyRequestSender - Using pooled Channel '[id: 0xd4fdb3a1, L:/127.0.0.1:52750 - R:localhost/127.0.0.1:61782]' for 'GET' to 'http://localhost:61782/session/ba886431b45bbd10451824374b5d5aeb/element/c77c60e8-9894-49c8-bc0a-3a22ffb779a4/enabled'
15:14:03.087 [Forwarding isElementEnabled on session ba886431b45bbd10451824374b5d5aeb to remote] DEBUG o.a.netty.request.NettyRequestSender - Using open Channel [id: 0xd4fdb3a1, L:/127.0.0.1:52750 - R:localhost/127.0.0.1:61782] for GET '/session/ba886431b45bbd10451824374b5d5aeb/element/c77c60e8-9894-49c8-bc0a-3a22ffb779a4/enabled'
15:14:03.102 [AsyncHttpClient-1-3] DEBUG o.a.netty.handler.HttpHandler - 

Request DefaultFullHttpRequest(decodeResult: success, version: HTTP/1.1, content: EmptyByteBufBE)
GET /session/ba886431b45bbd10451824374b5d5aeb/element/c77c60e8-9894-49c8-bc0a-3a22ffb779a4/enabled HTTP/1.1
User-Agent: selenium/4.4.0 (java windows)
Cache-Control: no-cache
Content-Type: application/json; charset=utf-8
host: localhost:61782
accept: */*

Response DefaultHttpResponse(decodeResult: success, version: HTTP/1.1)
HTTP/1.1 200 OK
Content-Type: application/json; charset=utf-8
cache-control: no-cache
content-length: 14

15:14:03.103 [AsyncHttpClient-1-3] DEBUG o.a.netty.channel.ChannelManager - Adding key: http://localhost:61782 for channel [id: 0xd4fdb3a1, L:/127.0.0.1:52750 - R:localhost/127.0.0.1:61782]
15:14:03.105 [Forwarding findElement on session ba886431b45bbd10451824374b5d5aeb to remote] DEBUG o.a.netty.request.NettyRequestSender - Using pooled Channel '[id: 0xd4fdb3a1, L:/127.0.0.1:52750 - R:localhost/127.0.0.1:61782]' for 'POST' to 'http://localhost:61782/session/ba886431b45bbd10451824374b5d5aeb/element'
15:14:03.105 [Forwarding findElement on session ba886431b45bbd10451824374b5d5aeb to remote] DEBUG o.a.netty.request.NettyRequestSender - Using open Channel [id: 0xd4fdb3a1, L:/127.0.0.1:52750 - R:localhost/127.0.0.1:61782] for POST '/session/ba886431b45bbd10451824374b5d5aeb/element'
15:14:03.117 [AsyncHttpClient-1-3] DEBUG o.a.netty.handler.HttpHandler - 

Request DefaultHttpRequest(decodeResult: success, version: HTTP/1.1)
POST /session/ba886431b45bbd10451824374b5d5aeb/element HTTP/1.1
User-Agent: selenium/4.4.0 (java windows)
Content-Length: 69
Content-Type: application/json; charset=utf-8
host: localhost:61782
accept: */*

Response DefaultHttpResponse(decodeResult: success, version: HTTP/1.1)
HTTP/1.1 200 OK
Content-Type: application/json; charset=utf-8
cache-control: no-cache
content-length: 88

15:14:03.118 [AsyncHttpClient-1-3] DEBUG o.a.netty.channel.ChannelManager - Adding key: http://localhost:61782 for channel [id: 0xd4fdb3a1, L:/127.0.0.1:52750 - R:localhost/127.0.0.1:61782]
15:14:03.121 [Forwarding clickElement on session ba886431b45bbd10451824374b5d5aeb to remote] DEBUG o.a.netty.request.NettyRequestSender - Using pooled Channel '[id: 0xd4fdb3a1, L:/127.0.0.1:52750 - R:localhost/127.0.0.1:61782]' for 'POST' to 'http://localhost:61782/session/ba886431b45bbd10451824374b5d5aeb/element/c77c60e8-9894-49c8-bc0a-3a22ffb779a4/click'
15:14:03.121 [Forwarding clickElement on session ba886431b45bbd10451824374b5d5aeb to remote] DEBUG o.a.netty.request.NettyRequestSender - Using open Channel [id: 0xd4fdb3a1, L:/127.0.0.1:52750 - R:localhost/127.0.0.1:61782] for POST '/session/ba886431b45bbd10451824374b5d5aeb/element/c77c60e8-9894-49c8-bc0a-3a22ffb779a4/click'
15:14:03.176 [AsyncHttpClient-1-3] DEBUG o.a.netty.handler.HttpHandler - 

Request DefaultHttpRequest(decodeResult: success, version: HTTP/1.1)
POST /session/ba886431b45bbd10451824374b5d5aeb/element/c77c60e8-9894-49c8-bc0a-3a22ffb779a4/click HTTP/1.1
User-Agent: selenium/4.4.0 (java windows)
Content-Length: 50
Content-Type: application/json; charset=utf-8
host: localhost:61782
accept: */*

Response DefaultHttpResponse(decodeResult: success, version: HTTP/1.1)
HTTP/1.1 200 OK
Content-Type: application/json; charset=utf-8
cache-control: no-cache
content-length: 14

15:14:03.177 [AsyncHttpClient-1-3] DEBUG o.a.netty.channel.ChannelManager - Adding key: http://localhost:61782 for channel [id: 0xd4fdb3a1, L:/127.0.0.1:52750 - R:localhost/127.0.0.1:61782]
15:14:03.180 [Forwarding findElement on session ba886431b45bbd10451824374b5d5aeb to remote] DEBUG o.a.netty.request.NettyRequestSender - Using pooled Channel '[id: 0xd4fdb3a1, L:/127.0.0.1:52750 - R:localhost/127.0.0.1:61782]' for 'POST' to 'http://localhost:61782/session/ba886431b45bbd10451824374b5d5aeb/element'
15:14:03.181 [Forwarding findElement on session ba886431b45bbd10451824374b5d5aeb to remote] DEBUG o.a.netty.request.NettyRequestSender - Using open Channel [id: 0xd4fdb3a1, L:/127.0.0.1:52750 - R:localhost/127.0.0.1:61782] for POST '/session/ba886431b45bbd10451824374b5d5aeb/element'
15:14:03.206 [AsyncHttpClient-1-3] DEBUG o.a.netty.handler.HttpHandler - 

Request DefaultHttpRequest(decodeResult: success, version: HTTP/1.1)
POST /session/ba886431b45bbd10451824374b5d5aeb/element HTTP/1.1
User-Agent: selenium/4.4.0 (java windows)
Content-Length: 79
Content-Type: application/json; charset=utf-8
host: localhost:61782
accept: */*

Response DefaultHttpResponse(decodeResult: success, version: HTTP/1.1)
HTTP/1.1 404 Not Found
Content-Type: application/json; charset=utf-8
cache-control: no-cache
content-length: 967

15:14:03.206 [AsyncHttpClient-1-3] DEBUG o.a.netty.channel.ChannelManager - Adding key: http://localhost:61782 for channel [id: 0xd4fdb3a1, L:/127.0.0.1:52750 - R:localhost/127.0.0.1:61782]
15:14:03.716 [Forwarding findElement on session ba886431b45bbd10451824374b5d5aeb to remote] DEBUG o.a.netty.request.NettyRequestSender - Using pooled Channel '[id: 0xd4fdb3a1, L:/127.0.0.1:52750 - R:localhost/127.0.0.1:61782]' for 'POST' to 'http://localhost:61782/session/ba886431b45bbd10451824374b5d5aeb/element'
15:14:03.718 [Forwarding findElement on session ba886431b45bbd10451824374b5d5aeb to remote] DEBUG o.a.netty.request.NettyRequestSender - Using open Channel [id: 0xd4fdb3a1, L:/127.0.0.1:52750 - R:localhost/127.0.0.1:61782] for POST '/session/ba886431b45bbd10451824374b5d5aeb/element'
15:14:03.730 [AsyncHttpClient-1-1] DEBUG o.a.netty.channel.DefaultChannelPool - Entry count for : http://localhost:52751 : 1
15:14:03.740 [AsyncHttpClient-1-3] DEBUG o.a.netty.handler.HttpHandler - 

Request DefaultHttpRequest(decodeResult: success, version: HTTP/1.1)
POST /session/ba886431b45bbd10451824374b5d5aeb/element HTTP/1.1
User-Agent: selenium/4.4.0 (java windows)
Content-Length: 79
Content-Type: application/json; charset=utf-8
host: localhost:61782
accept: */*

Response DefaultHttpResponse(decodeResult: success, version: HTTP/1.1)
HTTP/1.1 404 Not Found
Content-Type: application/json; charset=utf-8
cache-control: no-cache
content-length: 967

15:14:03.741 [AsyncHttpClient-1-3] DEBUG o.a.netty.channel.ChannelManager - Adding key: http://localhost:61782 for channel [id: 0xd4fdb3a1, L:/127.0.0.1:52750 - R:localhost/127.0.0.1:61782]
15:14:04.259 [Forwarding findElement on session ba886431b45bbd10451824374b5d5aeb to remote] DEBUG o.a.netty.request.NettyRequestSender - Using pooled Channel '[id: 0xd4fdb3a1, L:/127.0.0.1:52750 - R:localhost/127.0.0.1:61782]' for 'POST' to 'http://localhost:61782/session/ba886431b45bbd10451824374b5d5aeb/element'
15:14:04.259 [Forwarding findElement on session ba886431b45bbd10451824374b5d5aeb to remote] DEBUG o.a.netty.request.NettyRequestSender - Using open Channel [id: 0xd4fdb3a1, L:/127.0.0.1:52750 - R:localhost/127.0.0.1:61782] for POST '/session/ba886431b45bbd10451824374b5d5aeb/element'
15:14:04.278 [AsyncHttpClient-1-3] DEBUG o.a.netty.handler.HttpHandler - 

Request DefaultHttpRequest(decodeResult: success, version: HTTP/1.1)
POST /session/ba886431b45bbd10451824374b5d5aeb/element HTTP/1.1
User-Agent: selenium/4.4.0 (java windows)
Content-Length: 79
Content-Type: application/json; charset=utf-8
host: localhost:61782
accept: */*

Response DefaultHttpResponse(decodeResult: success, version: HTTP/1.1)
HTTP/1.1 404 Not Found
Content-Type: application/json; charset=utf-8
cache-control: no-cache
content-length: 967

15:14:04.278 [AsyncHttpClient-1-3] DEBUG o.a.netty.channel.ChannelManager - Adding key: http://localhost:61782 for channel [id: 0xd4fdb3a1, L:/127.0.0.1:52750 - R:localhost/127.0.0.1:61782]
15:14:04.788 [Forwarding findElement on session ba886431b45bbd10451824374b5d5aeb to remote] DEBUG o.a.netty.request.NettyRequestSender - Using pooled Channel '[id: 0xd4fdb3a1, L:/127.0.0.1:52750 - R:localhost/127.0.0.1:61782]' for 'POST' to 'http://localhost:61782/session/ba886431b45bbd10451824374b5d5aeb/element'
15:14:04.788 [Forwarding findElement on session ba886431b45bbd10451824374b5d5aeb to remote] DEBUG o.a.netty.request.NettyRequestSender - Using open Channel [id: 0xd4fdb3a1, L:/127.0.0.1:52750 - R:localhost/127.0.0.1:61782] for POST '/session/ba886431b45bbd10451824374b5d5aeb/element'
15:14:04.797 [AsyncHttpClient-1-3] DEBUG o.a.netty.handler.HttpHandler - 

Request DefaultHttpRequest(decodeResult: success, version: HTTP/1.1)
POST /session/ba886431b45bbd10451824374b5d5aeb/element HTTP/1.1
User-Agent: selenium/4.4.0 (java windows)
Content-Length: 79
Content-Type: application/json; charset=utf-8
host: localhost:61782
accept: */*

Response DefaultHttpResponse(decodeResult: success, version: HTTP/1.1)
HTTP/1.1 404 Not Found
Content-Type: application/json; charset=utf-8
cache-control: no-cache
content-length: 967

15:14:04.798 [AsyncHttpClient-1-3] DEBUG o.a.netty.channel.ChannelManager - Adding key: http://localhost:61782 for channel [id: 0xd4fdb3a1, L:/127.0.0.1:52750 - R:localhost/127.0.0.1:61782]
15:14:04.833 [AsyncHttpClient-1-1] DEBUG o.a.netty.channel.DefaultChannelPool - Entry count for : http://localhost:61782 : 1
15:14:04.833 [AsyncHttpClient-1-1] DEBUG o.a.netty.channel.DefaultChannelPool - Entry count for : http://localhost:52751 : 1
15:14:05.313 [Forwarding findElement on session ba886431b45bbd10451824374b5d5aeb to remote] DEBUG o.a.netty.request.NettyRequestSender - Using pooled Channel '[id: 0xd4fdb3a1, L:/127.0.0.1:52750 - R:localhost/127.0.0.1:61782]' for 'POST' to 'http://localhost:61782/session/ba886431b45bbd10451824374b5d5aeb/element'
15:14:05.314 [Forwarding findElement on session ba886431b45bbd10451824374b5d5aeb to remote] DEBUG o.a.netty.request.NettyRequestSender - Using open Channel [id: 0xd4fdb3a1, L:/127.0.0.1:52750 - R:localhost/127.0.0.1:61782] for POST '/session/ba886431b45bbd10451824374b5d5aeb/element'
15:14:05.342 [AsyncHttpClient-1-3] DEBUG o.a.netty.handler.HttpHandler - 

Request DefaultHttpRequest(decodeResult: success, version: HTTP/1.1)
POST /session/ba886431b45bbd10451824374b5d5aeb/element HTTP/1.1
User-Agent: selenium/4.4.0 (java windows)
Content-Length: 79
Content-Type: application/json; charset=utf-8
host: localhost:61782
accept: */*

Response DefaultHttpResponse(decodeResult: success, version: HTTP/1.1)
HTTP/1.1 404 Not Found
Content-Type: application/json; charset=utf-8
cache-control: no-cache
content-length: 967

15:14:05.342 [AsyncHttpClient-1-3] DEBUG o.a.netty.channel.ChannelManager - Adding key: http://localhost:61782 for channel [id: 0xd4fdb3a1, L:/127.0.0.1:52750 - R:localhost/127.0.0.1:61782]
15:14:05.856 [Forwarding findElement on session ba886431b45bbd10451824374b5d5aeb to remote] DEBUG o.a.netty.request.NettyRequestSender - Using pooled Channel '[id: 0xd4fdb3a1, L:/127.0.0.1:52750 - R:localhost/127.0.0.1:61782]' for 'POST' to 'http://localhost:61782/session/ba886431b45bbd10451824374b5d5aeb/element'
15:14:05.857 [Forwarding findElement on session ba886431b45bbd10451824374b5d5aeb to remote] DEBUG o.a.netty.request.NettyRequestSender - Using open Channel [id: 0xd4fdb3a1, L:/127.0.0.1:52750 - R:localhost/127.0.0.1:61782] for POST '/session/ba886431b45bbd10451824374b5d5aeb/element'
15:14:05.874 [AsyncHttpClient-1-3] DEBUG o.a.netty.handler.HttpHandler - 

Request DefaultHttpRequest(decodeResult: success, version: HTTP/1.1)
POST /session/ba886431b45bbd10451824374b5d5aeb/element HTTP/1.1
User-Agent: selenium/4.4.0 (java windows)
Content-Length: 79
Content-Type: application/json; charset=utf-8
host: localhost:61782
accept: */*

Response DefaultHttpResponse(decodeResult: success, version: HTTP/1.1)
HTTP/1.1 404 Not Found
Content-Type: application/json; charset=utf-8
cache-control: no-cache
content-length: 967

15:14:05.874 [AsyncHttpClient-1-3] DEBUG o.a.netty.channel.ChannelManager - Adding key: http://localhost:61782 for channel [id: 0xd4fdb3a1, L:/127.0.0.1:52750 - R:localhost/127.0.0.1:61782]
15:14:05.934 [AsyncHttpClient-1-1] DEBUG o.a.netty.channel.DefaultChannelPool - Entry count for : http://localhost:61782 : 1
15:14:05.934 [AsyncHttpClient-1-1] DEBUG o.a.netty.channel.DefaultChannelPool - Entry count for : http://localhost:52751 : 1
15:14:06.378 [Forwarding findElement on session ba886431b45bbd10451824374b5d5aeb to remote] DEBUG o.a.netty.request.NettyRequestSender - Using pooled Channel '[id: 0xd4fdb3a1, L:/127.0.0.1:52750 - R:localhost/127.0.0.1:61782]' for 'POST' to 'http://localhost:61782/session/ba886431b45bbd10451824374b5d5aeb/element'
15:14:06.378 [Forwarding findElement on session ba886431b45bbd10451824374b5d5aeb to remote] DEBUG o.a.netty.request.NettyRequestSender - Using open Channel [id: 0xd4fdb3a1, L:/127.0.0.1:52750 - R:localhost/127.0.0.1:61782] for POST '/session/ba886431b45bbd10451824374b5d5aeb/element'
15:14:06.389 [AsyncHttpClient-1-3] DEBUG o.a.netty.handler.HttpHandler - 

Request DefaultHttpRequest(decodeResult: success, version: HTTP/1.1)
POST /session/ba886431b45bbd10451824374b5d5aeb/element HTTP/1.1
User-Agent: selenium/4.4.0 (java windows)
Content-Length: 79
Content-Type: application/json; charset=utf-8
host: localhost:61782
accept: */*

Response DefaultHttpResponse(decodeResult: success, version: HTTP/1.1)
HTTP/1.1 404 Not Found
Content-Type: application/json; charset=utf-8
cache-control: no-cache
content-length: 967

15:14:06.389 [AsyncHttpClient-1-3] DEBUG o.a.netty.channel.ChannelManager - Adding key: http://localhost:61782 for channel [id: 0xd4fdb3a1, L:/127.0.0.1:52750 - R:localhost/127.0.0.1:61782]
15:14:06.391 [Forwarding findElement on session ba886431b45bbd10451824374b5d5aeb to remote] DEBUG o.a.netty.request.NettyRequestSender - Using pooled Channel '[id: 0xd4fdb3a1, L:/127.0.0.1:52750 - R:localhost/127.0.0.1:61782]' for 'POST' to 'http://localhost:61782/session/ba886431b45bbd10451824374b5d5aeb/element'
15:14:06.392 [Forwarding findElement on session ba886431b45bbd10451824374b5d5aeb to remote] DEBUG o.a.netty.request.NettyRequestSender - Using open Channel [id: 0xd4fdb3a1, L:/127.0.0.1:52750 - R:localhost/127.0.0.1:61782] for POST '/session/ba886431b45bbd10451824374b5d5aeb/element'
15:14:06.402 [AsyncHttpClient-1-3] DEBUG o.a.netty.handler.HttpHandler - 

Request DefaultHttpRequest(decodeResult: success, version: HTTP/1.1)
POST /session/ba886431b45bbd10451824374b5d5aeb/element HTTP/1.1
User-Agent: selenium/4.4.0 (java windows)
Content-Length: 79
Content-Type: application/json; charset=utf-8
host: localhost:61782
accept: */*

Response DefaultHttpResponse(decodeResult: success, version: HTTP/1.1)
HTTP/1.1 404 Not Found
Content-Type: application/json; charset=utf-8
cache-control: no-cache
content-length: 967

15:14:06.403 [AsyncHttpClient-1-3] DEBUG o.a.netty.channel.ChannelManager - Adding key: http://localhost:61782 for channel [id: 0xd4fdb3a1, L:/127.0.0.1:52750 - R:localhost/127.0.0.1:61782]
15:14:06.407 [Forwarding findElement on session ba886431b45bbd10451824374b5d5aeb to remote] DEBUG o.a.netty.request.NettyRequestSender - Using pooled Channel '[id: 0xd4fdb3a1, L:/127.0.0.1:52750 - R:localhost/127.0.0.1:61782]' for 'POST' to 'http://localhost:61782/session/ba886431b45bbd10451824374b5d5aeb/element'
15:14:06.407 [Forwarding findElement on session ba886431b45bbd10451824374b5d5aeb to remote] DEBUG o.a.netty.request.NettyRequestSender - Using open Channel [id: 0xd4fdb3a1, L:/127.0.0.1:52750 - R:localhost/127.0.0.1:61782] for POST '/session/ba886431b45bbd10451824374b5d5aeb/element'
15:14:06.419 [AsyncHttpClient-1-3] DEBUG o.a.netty.handler.HttpHandler - 

Request DefaultHttpRequest(decodeResult: success, version: HTTP/1.1)
POST /session/ba886431b45bbd10451824374b5d5aeb/element HTTP/1.1
User-Agent: selenium/4.4.0 (java windows)
Content-Length: 79
Content-Type: application/json; charset=utf-8
host: localhost:61782
accept: */*

Response DefaultHttpResponse(decodeResult: success, version: HTTP/1.1)
HTTP/1.1 404 Not Found
Content-Type: application/json; charset=utf-8
cache-control: no-cache
content-length: 967

15:14:06.420 [AsyncHttpClient-1-3] DEBUG o.a.netty.channel.ChannelManager - Adding key: http://localhost:61782 for channel [id: 0xd4fdb3a1, L:/127.0.0.1:52750 - R:localhost/127.0.0.1:61782]
15:14:06.930 [Forwarding findElement on session ba886431b45bbd10451824374b5d5aeb to remote] DEBUG o.a.netty.request.NettyRequestSender - Using pooled Channel '[id: 0xd4fdb3a1, L:/127.0.0.1:52750 - R:localhost/127.0.0.1:61782]' for 'POST' to 'http://localhost:61782/session/ba886431b45bbd10451824374b5d5aeb/element'
15:14:06.931 [Forwarding findElement on session ba886431b45bbd10451824374b5d5aeb to remote] DEBUG o.a.netty.request.NettyRequestSender - Using open Channel [id: 0xd4fdb3a1, L:/127.0.0.1:52750 - R:localhost/127.0.0.1:61782] for POST '/session/ba886431b45bbd10451824374b5d5aeb/element'
15:14:06.942 [AsyncHttpClient-1-3] DEBUG o.a.netty.handler.HttpHandler - 

Request DefaultHttpRequest(decodeResult: success, version: HTTP/1.1)
POST /session/ba886431b45bbd10451824374b5d5aeb/element HTTP/1.1
User-Agent: selenium/4.4.0 (java windows)
Content-Length: 79
Content-Type: application/json; charset=utf-8
host: localhost:61782
accept: */*

Response DefaultHttpResponse(decodeResult: success, version: HTTP/1.1)
HTTP/1.1 404 Not Found
Content-Type: application/json; charset=utf-8
cache-control: no-cache
content-length: 967

15:14:06.942 [AsyncHttpClient-1-3] DEBUG o.a.netty.channel.ChannelManager - Adding key: http://localhost:61782 for channel [id: 0xd4fdb3a1, L:/127.0.0.1:52750 - R:localhost/127.0.0.1:61782]
15:14:07.029 [AsyncHttpClient-1-1] DEBUG o.a.netty.channel.DefaultChannelPool - Entry count for : http://localhost:61782 : 1
15:14:07.029 [AsyncHttpClient-1-1] DEBUG o.a.netty.channel.DefaultChannelPool - Entry count for : http://localhost:52751 : 1
15:14:07.452 [Forwarding findElement on session ba886431b45bbd10451824374b5d5aeb to remote] DEBUG o.a.netty.request.NettyRequestSender - Using pooled Channel '[id: 0xd4fdb3a1, L:/127.0.0.1:52750 - R:localhost/127.0.0.1:61782]' for 'POST' to 'http://localhost:61782/session/ba886431b45bbd10451824374b5d5aeb/element'
15:14:07.452 [Forwarding findElement on session ba886431b45bbd10451824374b5d5aeb to remote] DEBUG o.a.netty.request.NettyRequestSender - Using open Channel [id: 0xd4fdb3a1, L:/127.0.0.1:52750 - R:localhost/127.0.0.1:61782] for POST '/session/ba886431b45bbd10451824374b5d5aeb/element'
15:14:07.462 [AsyncHttpClient-1-3] DEBUG o.a.netty.handler.HttpHandler - 

Request DefaultHttpRequest(decodeResult: success, version: HTTP/1.1)
POST /session/ba886431b45bbd10451824374b5d5aeb/element HTTP/1.1
User-Agent: selenium/4.4.0 (java windows)
Content-Length: 79
Content-Type: application/json; charset=utf-8
host: localhost:61782
accept: */*

Response DefaultHttpResponse(decodeResult: success, version: HTTP/1.1)
HTTP/1.1 404 Not Found
Content-Type: application/json; charset=utf-8
cache-control: no-cache
content-length: 967

15:14:07.463 [AsyncHttpClient-1-3] DEBUG o.a.netty.channel.ChannelManager - Adding key: http://localhost:61782 for channel [id: 0xd4fdb3a1, L:/127.0.0.1:52750 - R:localhost/127.0.0.1:61782]
15:14:07.972 [Forwarding findElement on session ba886431b45bbd10451824374b5d5aeb to remote] DEBUG o.a.netty.request.NettyRequestSender - Using pooled Channel '[id: 0xd4fdb3a1, L:/127.0.0.1:52750 - R:localhost/127.0.0.1:61782]' for 'POST' to 'http://localhost:61782/session/ba886431b45bbd10451824374b5d5aeb/element'
15:14:07.973 [Forwarding findElement on session ba886431b45bbd10451824374b5d5aeb to remote] DEBUG o.a.netty.request.NettyRequestSender - Using open Channel [id: 0xd4fdb3a1, L:/127.0.0.1:52750 - R:localhost/127.0.0.1:61782] for POST '/session/ba886431b45bbd10451824374b5d5aeb/element'
15:14:07.984 [AsyncHttpClient-1-3] DEBUG o.a.netty.handler.HttpHandler - 

Request DefaultHttpRequest(decodeResult: success, version: HTTP/1.1)
POST /session/ba886431b45bbd10451824374b5d5aeb/element HTTP/1.1
User-Agent: selenium/4.4.0 (java windows)
Content-Length: 79
Content-Type: application/json; charset=utf-8
host: localhost:61782
accept: */*

Response DefaultHttpResponse(decodeResult: success, version: HTTP/1.1)
HTTP/1.1 404 Not Found
Content-Type: application/json; charset=utf-8
cache-control: no-cache
content-length: 967

15:14:07.984 [AsyncHttpClient-1-3] DEBUG o.a.netty.channel.ChannelManager - Adding key: http://localhost:61782 for channel [id: 0xd4fdb3a1, L:/127.0.0.1:52750 - R:localhost/127.0.0.1:61782]
15:14:08.130 [AsyncHttpClient-1-1] DEBUG o.a.netty.channel.DefaultChannelPool - Entry count for : http://localhost:61782 : 1
15:14:08.131 [AsyncHttpClient-1-1] DEBUG o.a.netty.channel.DefaultChannelPool - Entry count for : http://localhost:52751 : 1
15:14:08.498 [Forwarding findElement on session ba886431b45bbd10451824374b5d5aeb to remote] DEBUG o.a.netty.request.NettyRequestSender - Using pooled Channel '[id: 0xd4fdb3a1, L:/127.0.0.1:52750 - R:localhost/127.0.0.1:61782]' for 'POST' to 'http://localhost:61782/session/ba886431b45bbd10451824374b5d5aeb/element'
15:14:08.498 [Forwarding findElement on session ba886431b45bbd10451824374b5d5aeb to remote] DEBUG o.a.netty.request.NettyRequestSender - Using open Channel [id: 0xd4fdb3a1, L:/127.0.0.1:52750 - R:localhost/127.0.0.1:61782] for POST '/session/ba886431b45bbd10451824374b5d5aeb/element'
15:14:08.509 [AsyncHttpClient-1-3] DEBUG o.a.netty.handler.HttpHandler - 

Request DefaultHttpRequest(decodeResult: success, version: HTTP/1.1)
POST /session/ba886431b45bbd10451824374b5d5aeb/element HTTP/1.1
User-Agent: selenium/4.4.0 (java windows)
Content-Length: 79
Content-Type: application/json; charset=utf-8
host: localhost:61782
accept: */*

Response DefaultHttpResponse(decodeResult: success, version: HTTP/1.1)
HTTP/1.1 404 Not Found
Content-Type: application/json; charset=utf-8
cache-control: no-cache
content-length: 967

15:14:08.509 [AsyncHttpClient-1-3] DEBUG o.a.netty.channel.ChannelManager - Adding key: http://localhost:61782 for channel [id: 0xd4fdb3a1, L:/127.0.0.1:52750 - R:localhost/127.0.0.1:61782]
15:14:09.017 [Forwarding findElement on session ba886431b45bbd10451824374b5d5aeb to remote] DEBUG o.a.netty.request.NettyRequestSender - Using pooled Channel '[id: 0xd4fdb3a1, L:/127.0.0.1:52750 - R:localhost/127.0.0.1:61782]' for 'POST' to 'http://localhost:61782/session/ba886431b45bbd10451824374b5d5aeb/element'
15:14:09.017 [Forwarding findElement on session ba886431b45bbd10451824374b5d5aeb to remote] DEBUG o.a.netty.request.NettyRequestSender - Using open Channel [id: 0xd4fdb3a1, L:/127.0.0.1:52750 - R:localhost/127.0.0.1:61782] for POST '/session/ba886431b45bbd10451824374b5d5aeb/element'
15:14:09.027 [AsyncHttpClient-1-3] DEBUG o.a.netty.handler.HttpHandler - 

Request DefaultHttpRequest(decodeResult: success, version: HTTP/1.1)
POST /session/ba886431b45bbd10451824374b5d5aeb/element HTTP/1.1
User-Agent: selenium/4.4.0 (java windows)
Content-Length: 79
Content-Type: application/json; charset=utf-8
host: localhost:61782
accept: */*

Response DefaultHttpResponse(decodeResult: success, version: HTTP/1.1)
HTTP/1.1 404 Not Found
Content-Type: application/json; charset=utf-8
cache-control: no-cache
content-length: 967

15:14:09.027 [AsyncHttpClient-1-3] DEBUG o.a.netty.channel.ChannelManager - Adding key: http://localhost:61782 for channel [id: 0xd4fdb3a1, L:/127.0.0.1:52750 - R:localhost/127.0.0.1:61782]
15:14:09.238 [AsyncHttpClient-1-1] DEBUG o.a.netty.channel.DefaultChannelPool - Entry count for : http://localhost:61782 : 1
15:14:09.238 [AsyncHttpClient-1-1] DEBUG o.a.netty.channel.DefaultChannelPool - Entry count for : http://localhost:52751 : 1
15:14:09.536 [Forwarding findElement on session ba886431b45bbd10451824374b5d5aeb to remote] DEBUG o.a.netty.request.NettyRequestSender - Using pooled Channel '[id: 0xd4fdb3a1, L:/127.0.0.1:52750 - R:localhost/127.0.0.1:61782]' for 'POST' to 'http://localhost:61782/session/ba886431b45bbd10451824374b5d5aeb/element'
15:14:09.537 [Forwarding findElement on session ba886431b45bbd10451824374b5d5aeb to remote] DEBUG o.a.netty.request.NettyRequestSender - Using open Channel [id: 0xd4fdb3a1, L:/127.0.0.1:52750 - R:localhost/127.0.0.1:61782] for POST '/session/ba886431b45bbd10451824374b5d5aeb/element'
15:14:09.547 [AsyncHttpClient-1-3] DEBUG o.a.netty.handler.HttpHandler - 

Request DefaultHttpRequest(decodeResult: success, version: HTTP/1.1)
POST /session/ba886431b45bbd10451824374b5d5aeb/element HTTP/1.1
User-Agent: selenium/4.4.0 (java windows)
Content-Length: 79
Content-Type: application/json; charset=utf-8
host: localhost:61782
accept: */*

Response DefaultHttpResponse(decodeResult: success, version: HTTP/1.1)
HTTP/1.1 404 Not Found
Content-Type: application/json; charset=utf-8
cache-control: no-cache
content-length: 967

15:14:09.547 [AsyncHttpClient-1-3] DEBUG o.a.netty.channel.ChannelManager - Adding key: http://localhost:61782 for channel [id: 0xd4fdb3a1, L:/127.0.0.1:52750 - R:localhost/127.0.0.1:61782]
15:14:09.549 [Forwarding findElement on session ba886431b45bbd10451824374b5d5aeb to remote] DEBUG o.a.netty.request.NettyRequestSender - Using pooled Channel '[id: 0xd4fdb3a1, L:/127.0.0.1:52750 - R:localhost/127.0.0.1:61782]' for 'POST' to 'http://localhost:61782/session/ba886431b45bbd10451824374b5d5aeb/element'
15:14:09.549 [Forwarding findElement on session ba886431b45bbd10451824374b5d5aeb to remote] DEBUG o.a.netty.request.NettyRequestSender - Using open Channel [id: 0xd4fdb3a1, L:/127.0.0.1:52750 - R:localhost/127.0.0.1:61782] for POST '/session/ba886431b45bbd10451824374b5d5aeb/element'
15:14:09.558 [AsyncHttpClient-1-3] DEBUG o.a.netty.handler.HttpHandler - 

Request DefaultHttpRequest(decodeResult: success, version: HTTP/1.1)
POST /session/ba886431b45bbd10451824374b5d5aeb/element HTTP/1.1
User-Agent: selenium/4.4.0 (java windows)
Content-Length: 79
Content-Type: application/json; charset=utf-8
host: localhost:61782
accept: */*

Response DefaultHttpResponse(decodeResult: success, version: HTTP/1.1)
HTTP/1.1 404 Not Found
Content-Type: application/json; charset=utf-8
cache-control: no-cache
content-length: 967

15:14:09.559 [AsyncHttpClient-1-3] DEBUG o.a.netty.channel.ChannelManager - Adding key: http://localhost:61782 for channel [id: 0xd4fdb3a1, L:/127.0.0.1:52750 - R:localhost/127.0.0.1:61782]
15:14:09.562 [Forwarding findElement on session ba886431b45bbd10451824374b5d5aeb to remote] DEBUG o.a.netty.request.NettyRequestSender - Using pooled Channel '[id: 0xd4fdb3a1, L:/127.0.0.1:52750 - R:localhost/127.0.0.1:61782]' for 'POST' to 'http://localhost:61782/session/ba886431b45bbd10451824374b5d5aeb/element'
15:14:09.562 [Forwarding findElement on session ba886431b45bbd10451824374b5d5aeb to remote] DEBUG o.a.netty.request.NettyRequestSender - Using open Channel [id: 0xd4fdb3a1, L:/127.0.0.1:52750 - R:localhost/127.0.0.1:61782] for POST '/session/ba886431b45bbd10451824374b5d5aeb/element'
15:14:09.577 [AsyncHttpClient-1-3] DEBUG o.a.netty.handler.HttpHandler - 

Request DefaultHttpRequest(decodeResult: success, version: HTTP/1.1)
POST /session/ba886431b45bbd10451824374b5d5aeb/element HTTP/1.1
User-Agent: selenium/4.4.0 (java windows)
Content-Length: 69
Content-Type: application/json; charset=utf-8
host: localhost:61782
accept: */*

Response DefaultHttpResponse(decodeResult: success, version: HTTP/1.1)
HTTP/1.1 200 OK
Content-Type: application/json; charset=utf-8
cache-control: no-cache
content-length: 88

15:14:09.577 [AsyncHttpClient-1-3] DEBUG o.a.netty.channel.ChannelManager - Adding key: http://localhost:61782 for channel [id: 0xd4fdb3a1, L:/127.0.0.1:52750 - R:localhost/127.0.0.1:61782]
15:14:09.579 [Forwarding clickElement on session ba886431b45bbd10451824374b5d5aeb to remote] DEBUG o.a.netty.request.NettyRequestSender - Using pooled Channel '[id: 0xd4fdb3a1, L:/127.0.0.1:52750 - R:localhost/127.0.0.1:61782]' for 'POST' to 'http://localhost:61782/session/ba886431b45bbd10451824374b5d5aeb/element/9de53038-b553-4434-8ea5-9c98dcafa61d/click'
15:14:09.579 [Forwarding clickElement on session ba886431b45bbd10451824374b5d5aeb to remote] DEBUG o.a.netty.request.NettyRequestSender - Using open Channel [id: 0xd4fdb3a1, L:/127.0.0.1:52750 - R:localhost/127.0.0.1:61782] for POST '/session/ba886431b45bbd10451824374b5d5aeb/element/9de53038-b553-4434-8ea5-9c98dcafa61d/click'
15:14:09.634 [AsyncHttpClient-1-3] DEBUG o.a.netty.handler.HttpHandler - 

Request DefaultHttpRequest(decodeResult: success, version: HTTP/1.1)
POST /session/ba886431b45bbd10451824374b5d5aeb/element/9de53038-b553-4434-8ea5-9c98dcafa61d/click HTTP/1.1
User-Agent: selenium/4.4.0 (java windows)
Content-Length: 50
Content-Type: application/json; charset=utf-8
host: localhost:61782
accept: */*

Response DefaultHttpResponse(decodeResult: success, version: HTTP/1.1)
HTTP/1.1 200 OK
Content-Type: application/json; charset=utf-8
cache-control: no-cache
content-length: 14

15:14:09.634 [AsyncHttpClient-1-3] DEBUG o.a.netty.channel.ChannelManager - Adding key: http://localhost:61782 for channel [id: 0xd4fdb3a1, L:/127.0.0.1:52750 - R:localhost/127.0.0.1:61782]
15:14:09.641 [Test worker] ERROR ui_tests.TestBase - Test result: FAILED
15:14:09.645 [AsyncHttpClient-1-5] DEBUG o.a.netty.handler.WebSocketHandler - Channel Closed: [id: 0x0dc163c3, L:/127.0.0.1:52758 ! R:localhost/127.0.0.1:52751] with attribute NettyResponseFuture{currentRetry=0,
	isDone=1,
	isCancelled=0,
	asyncHandler=org.asynchttpclient.ws.WebSocketUpgradeHandler@75edc64d,
	nettyRequest=org.asynchttpclient.netty.request.NettyRequest@2ec0f131,
	future=java.util.concurrent.CompletableFuture@7712a5af[Completed normally],
	uri=ws://localhost:52751/devtools/browser/0c5523de-2e53-4c0a-b2b1-808d5a80d26a,
	keepAlive=true,
	redirectCount=0,
	timeoutsHolder=null,
	inAuth=0,
	touch=1679404437115}
15:14:09.645 [AsyncHttpClient-1-5] DEBUG o.a.netty.channel.ChannelManager - Closing Channel [id: 0x0dc163c3, L:/127.0.0.1:52758 ! R:localhost/127.0.0.1:52751] 
15:14:09.650 [Driver Command Executor] DEBUG o.a.netty.request.NettyRequestSender - Using pooled Channel '[id: 0xd4fdb3a1, L:/127.0.0.1:52750 - R:localhost/127.0.0.1:61782]' for 'DELETE' to 'http://localhost:61782/session/ba886431b45bbd10451824374b5d5aeb'
15:14:09.650 [Driver Command Executor] DEBUG o.a.netty.request.NettyRequestSender - Using open Channel [id: 0xd4fdb3a1, L:/127.0.0.1:52750 - R:localhost/127.0.0.1:61782] for DELETE '/session/ba886431b45bbd10451824374b5d5aeb'
15:14:09.892 [AsyncHttpClient-1-4] DEBUG o.a.netty.handler.HttpHandler - Unexpected I/O exception on channel [id: 0x4e7d8d5c, L:/127.0.0.1:52757 - R:localhost/127.0.0.1:52751]
java.io.IOException: ????????? ???? ????????????? ???????? ???????????? ???????????
	at sun.nio.ch.SocketDispatcher.read0(Native Method)
	at sun.nio.ch.SocketDispatcher.read(SocketDispatcher.java:43)
	at sun.nio.ch.IOUtil.readIntoNativeBuffer(IOUtil.java:223)
	at sun.nio.ch.IOUtil.read(IOUtil.java:192)
	at sun.nio.ch.SocketChannelImpl.read(SocketChannelImpl.java:378)
	at io.netty.buffer.PooledByteBuf.setBytes(PooledByteBuf.java:258)
	at io.netty.buffer.AbstractByteBuf.writeBytes(AbstractByteBuf.java:1132)
	at io.netty.channel.socket.nio.NioSocketChannel.doReadBytes(NioSocketChannel.java:357)
	at io.netty.channel.nio.AbstractNioByteChannel$NioByteUnsafe.read(AbstractNioByteChannel.java:151)
	at io.netty.channel.nio.NioEventLoop.processSelectedKey(NioEventLoop.java:722)
	at io.netty.channel.nio.NioEventLoop.processSelectedKeysOptimized(NioEventLoop.java:658)
	at io.netty.channel.nio.NioEventLoop.processSelectedKeys(NioEventLoop.java:584)
	at io.netty.channel.nio.NioEventLoop.run(NioEventLoop.java:496)
	at io.netty.util.concurrent.SingleThreadEventExecutor$4.run(SingleThreadEventExecutor.java:997)
	at io.netty.util.internal.ThreadExecutorMap$2.run(ThreadExecutorMap.java:74)
	at io.netty.util.concurrent.FastThreadLocalRunnable.run(FastThreadLocalRunnable.java:30)
	at java.lang.Thread.run(Thread.java:750)
15:14:09.892 [AsyncHttpClient-1-4] DEBUG o.a.netty.channel.ChannelManager - Closing Channel [id: 0x4e7d8d5c, L:/127.0.0.1:52757 - R:localhost/127.0.0.1:52751] 
15:14:09.893 [AsyncHttpClient-1-4] DEBUG o.a.netty.handler.HttpHandler - Channel Closed: [id: 0x4e7d8d5c, L:/127.0.0.1:52757 ! R:localhost/127.0.0.1:52751] with attribute DISCARD
15:14:09.924 [AsyncHttpClient-1-3] DEBUG o.a.netty.handler.HttpHandler - 

Request DefaultFullHttpRequest(decodeResult: success, version: HTTP/1.1, content: EmptyByteBufBE)
DELETE /session/ba886431b45bbd10451824374b5d5aeb HTTP/1.1
User-Agent: selenium/4.4.0 (java windows)
Content-Type: application/json; charset=utf-8
host: localhost:61782
accept: */*

Response DefaultHttpResponse(decodeResult: success, version: HTTP/1.1)
HTTP/1.1 200 OK
Content-Type: application/json; charset=utf-8
cache-control: no-cache
content-length: 14

15:14:09.925 [AsyncHttpClient-1-3] DEBUG o.a.netty.channel.ChannelManager - Adding key: http://localhost:61782 for channel [id: 0xd4fdb3a1, L:/127.0.0.1:52750 - R:localhost/127.0.0.1:61782]
15:14:10.116 [AsyncHttpClient-1-3] DEBUG o.a.netty.handler.HttpHandler - Channel Closed: [id: 0xd4fdb3a1, L:/127.0.0.1:52750 ! R:localhost/127.0.0.1:61782] with attribute DISCARD
15:14:10.328 [AsyncHttpClient-1-1] DEBUG o.a.netty.channel.DefaultChannelPool - Entry count for : http://localhost:61782 : 1
15:14:10.328 [AsyncHttpClient-1-1] DEBUG o.a.netty.channel.DefaultChannelPool - Entry count for : http://localhost:52751 : 1
15:14:10.329 [AsyncHttpClient-1-1] DEBUG o.a.netty.channel.DefaultChannelPool - Adding Candidate expired Channel [id: 0xd4fdb3a1, L:/127.0.0.1:52750 ! R:localhost/127.0.0.1:61782] isIdleTimeoutExpired=false isRemotelyClosed=true isTtlExpired=false
15:14:10.329 [AsyncHttpClient-1-1] DEBUG o.a.netty.channel.DefaultChannelPool - Closing Idle Channel [id: 0xd4fdb3a1, L:/127.0.0.1:52750 ! R:localhost/127.0.0.1:61782]
15:14:10.329 [AsyncHttpClient-1-1] DEBUG o.a.netty.channel.DefaultChannelPool - Adding Candidate expired Channel [id: 0x4e7d8d5c, L:/127.0.0.1:52757 ! R:localhost/127.0.0.1:52751] isIdleTimeoutExpired=false isRemotelyClosed=true isTtlExpired=false
15:14:10.329 [AsyncHttpClient-1-1] DEBUG o.a.netty.channel.DefaultChannelPool - Closing Idle Channel [id: 0x4e7d8d5c, L:/127.0.0.1:52757 ! R:localhost/127.0.0.1:52751]
15:14:10.329 [AsyncHttpClient-1-1] DEBUG o.a.netty.channel.DefaultChannelPool - Closed 2 connections out of 2 in 0 ms
15:14:10.633 [Test worker] INFO  ui_tests.TestBase - Stop test: registrationPositiveTest
15:14:10.633 [Test worker] INFO  ui_tests.TestBase - ======================================================
]]></system-out>
  <system-err><![CDATA[Starting ChromeDriver 111.0.5563.64 (c710e93d5b63b7095afe8c2c17df34408078439d-refs/branch-heads/5563@{#995}) on port 60207
Only local connections are allowed.
Please see https://chromedriver.chromium.org/security-considerations for suggestions on keeping ChromeDriver safe.
ChromeDriver was started successfully.
??? 21, 2023 3:13:10 PM org.openqa.selenium.remote.ProtocolHandshake createSession
INFO: Detected upstream dialect: W3C
??? 21, 2023 3:13:10 PM org.openqa.selenium.devtools.CdpVersionFinder findNearestMatch
WARNING: Unable to find an exact match for CDP version 111, so returning the closest version found: a no-op implementation
??? 21, 2023 3:13:10 PM org.openqa.selenium.devtools.CdpVersionFinder findNearestMatch
INFO: Unable to find CDP implementation matching 111.
??? 21, 2023 3:13:10 PM org.openqa.selenium.chromium.ChromiumDriver lambda$new$3
WARNING: Unable to find version of CDP to use for . You may need to include a dependency on a specific version of the CDP using something similar to `org.seleniumhq.selenium:selenium-devtools-v86:4.4.0` where the version ("v86") matches the version of the chromium-based browser you're using and the version number of the artifact is the same as Selenium's.
Starting ChromeDriver 111.0.5563.64 (c710e93d5b63b7095afe8c2c17df34408078439d-refs/branch-heads/5563@{#995}) on port 50062
Only local connections are allowed.
Please see https://chromedriver.chromium.org/security-considerations for suggestions on keeping ChromeDriver safe.
ChromeDriver was started successfully.
??? 21, 2023 3:13:26 PM org.openqa.selenium.remote.ProtocolHandshake createSession
INFO: Detected upstream dialect: W3C
??? 21, 2023 3:13:26 PM org.openqa.selenium.devtools.CdpVersionFinder findNearestMatch
WARNING: Unable to find an exact match for CDP version 111, so returning the closest version found: a no-op implementation
??? 21, 2023 3:13:26 PM org.openqa.selenium.devtools.CdpVersionFinder findNearestMatch
INFO: Unable to find CDP implementation matching 111.
??? 21, 2023 3:13:26 PM org.openqa.selenium.chromium.ChromiumDriver lambda$new$3
WARNING: Unable to find version of CDP to use for . You may need to include a dependency on a specific version of the CDP using something similar to `org.seleniumhq.selenium:selenium-devtools-v86:4.4.0` where the version ("v86") matches the version of the chromium-based browser you're using and the version number of the artifact is the same as Selenium's.
Starting ChromeDriver 111.0.5563.64 (c710e93d5b63b7095afe8c2c17df34408078439d-refs/branch-heads/5563@{#995}) on port 55440
Only local connections are allowed.
Please see https://chromedriver.chromium.org/security-considerations for suggestions on keeping ChromeDriver safe.
ChromeDriver was started successfully.
??? 21, 2023 3:13:42 PM org.openqa.selenium.remote.ProtocolHandshake createSession
INFO: Detected upstream dialect: W3C
??? 21, 2023 3:13:42 PM org.openqa.selenium.devtools.CdpVersionFinder findNearestMatch
WARNING: Unable to find an exact match for CDP version 111, so returning the closest version found: a no-op implementation
??? 21, 2023 3:13:42 PM org.openqa.selenium.devtools.CdpVersionFinder findNearestMatch
INFO: Unable to find CDP implementation matching 111.
??? 21, 2023 3:13:42 PM org.openqa.selenium.chromium.ChromiumDriver lambda$new$3
WARNING: Unable to find version of CDP to use for . You may need to include a dependency on a specific version of the CDP using something similar to `org.seleniumhq.selenium:selenium-devtools-v86:4.4.0` where the version ("v86") matches the version of the chromium-based browser you're using and the version number of the artifact is the same as Selenium's.
Starting ChromeDriver 111.0.5563.64 (c710e93d5b63b7095afe8c2c17df34408078439d-refs/branch-heads/5563@{#995}) on port 61782
Only local connections are allowed.
Please see https://chromedriver.chromium.org/security-considerations for suggestions on keeping ChromeDriver safe.
ChromeDriver was started successfully.
??? 21, 2023 3:13:57 PM org.openqa.selenium.remote.ProtocolHandshake createSession
INFO: Detected upstream dialect: W3C
??? 21, 2023 3:13:57 PM org.openqa.selenium.devtools.CdpVersionFinder findNearestMatch
WARNING: Unable to find an exact match for CDP version 111, so returning the closest version found: a no-op implementation
??? 21, 2023 3:13:57 PM org.openqa.selenium.devtools.CdpVersionFinder findNearestMatch
INFO: Unable to find CDP implementation matching 111.
??? 21, 2023 3:13:57 PM org.openqa.selenium.chromium.ChromiumDriver lambda$new$3
WARNING: Unable to find version of CDP to use for . You may need to include a dependency on a specific version of the CDP using something similar to `org.seleniumhq.selenium:selenium-devtools-v86:4.4.0` where the version ("v86") matches the version of the chromium-based browser you're using and the version number of the artifact is the same as Selenium's.
]]></system-err>
</testsuite>
